ARM GAS  C:\Users\Administrator\AppData\Local\Temp\cceH74kN.s 			page 1


   1              		.cpu cortex-m0plus
   2              		.fpu softvfp
   3              		.eabi_attribute 20, 1
   4              		.eabi_attribute 21, 1
   5              		.eabi_attribute 23, 3
   6              		.eabi_attribute 24, 1
   7              		.eabi_attribute 25, 1
   8              		.eabi_attribute 26, 1
   9              		.eabi_attribute 30, 1
  10              		.eabi_attribute 34, 0
  11              		.eabi_attribute 18, 4
  12              		.code	16
  13              		.file	"cyfitter_cfg.c"
  14              		.text
  15              	.Ltext0:
  16              		.cfi_sections	.debug_frame
  17              		.section	.psocinit,"ax",%progbits
  18              		.align	2
  19              		.code	16
  20              		.thumb_func
  21              		.type	ClockSetup, %function
  22              	ClockSetup:
  23              	.LFB4:
  24              		.file 1 "Generated_Source\\PSoC4\\cyfitter_cfg.c"
   1:Generated_Source\PSoC4/cyfitter_cfg.c **** /*******************************************************************************
   2:Generated_Source\PSoC4/cyfitter_cfg.c **** * File Name: cyfitter_cfg.c
   3:Generated_Source\PSoC4/cyfitter_cfg.c **** * 
   4:Generated_Source\PSoC4/cyfitter_cfg.c **** * PSoC Creator  4.0
   5:Generated_Source\PSoC4/cyfitter_cfg.c **** *
   6:Generated_Source\PSoC4/cyfitter_cfg.c **** * Description:
   7:Generated_Source\PSoC4/cyfitter_cfg.c **** * This file contains device initialization code.
   8:Generated_Source\PSoC4/cyfitter_cfg.c **** * Except for the user defined sections in CyClockStartupError(), this file should not be modified.
   9:Generated_Source\PSoC4/cyfitter_cfg.c **** * This file is automatically generated by PSoC Creator.
  10:Generated_Source\PSoC4/cyfitter_cfg.c **** *
  11:Generated_Source\PSoC4/cyfitter_cfg.c **** ********************************************************************************
  12:Generated_Source\PSoC4/cyfitter_cfg.c **** * Copyright (c) 2007-2016 Cypress Semiconductor.  All rights reserved.
  13:Generated_Source\PSoC4/cyfitter_cfg.c **** * You may use this file only in accordance with the license, terms, conditions, 
  14:Generated_Source\PSoC4/cyfitter_cfg.c **** * disclaimers, and limitations in the end user license agreement accompanying 
  15:Generated_Source\PSoC4/cyfitter_cfg.c **** * the software package with which this file was provided.
  16:Generated_Source\PSoC4/cyfitter_cfg.c **** ********************************************************************************/
  17:Generated_Source\PSoC4/cyfitter_cfg.c **** 
  18:Generated_Source\PSoC4/cyfitter_cfg.c **** #include <string.h>
  19:Generated_Source\PSoC4/cyfitter_cfg.c **** #include "cytypes.h"
  20:Generated_Source\PSoC4/cyfitter_cfg.c **** #include "cydevice_trm.h"
  21:Generated_Source\PSoC4/cyfitter_cfg.c **** #include "cyfitter.h"
  22:Generated_Source\PSoC4/cyfitter_cfg.c **** #include "CyLib.h"
  23:Generated_Source\PSoC4/cyfitter_cfg.c **** #include "cyfitter_cfg.h"
  24:Generated_Source\PSoC4/cyfitter_cfg.c **** #include "cyapicallbacks.h"
  25:Generated_Source\PSoC4/cyfitter_cfg.c **** 
  26:Generated_Source\PSoC4/cyfitter_cfg.c **** 
  27:Generated_Source\PSoC4/cyfitter_cfg.c **** #if defined(__GNUC__) || defined(__ARMCC_VERSION)
  28:Generated_Source\PSoC4/cyfitter_cfg.c ****     #define CYPACKED 
  29:Generated_Source\PSoC4/cyfitter_cfg.c ****     #define CYPACKED_ATTR __attribute__ ((packed))
  30:Generated_Source\PSoC4/cyfitter_cfg.c ****     #define CYALIGNED __attribute__ ((aligned))
  31:Generated_Source\PSoC4/cyfitter_cfg.c ****     #define CY_CFG_UNUSED __attribute__ ((unused))
  32:Generated_Source\PSoC4/cyfitter_cfg.c ****     #ifndef CY_CFG_SECTION
  33:Generated_Source\PSoC4/cyfitter_cfg.c ****         #define CY_CFG_SECTION __attribute__ ((section(".psocinit")))
ARM GAS  C:\Users\Administrator\AppData\Local\Temp\cceH74kN.s 			page 2


  34:Generated_Source\PSoC4/cyfitter_cfg.c ****     #endif
  35:Generated_Source\PSoC4/cyfitter_cfg.c ****     
  36:Generated_Source\PSoC4/cyfitter_cfg.c ****     #if defined(__ARMCC_VERSION)
  37:Generated_Source\PSoC4/cyfitter_cfg.c ****         #define CY_CFG_MEMORY_BARRIER() __memory_changed()
  38:Generated_Source\PSoC4/cyfitter_cfg.c ****     #else
  39:Generated_Source\PSoC4/cyfitter_cfg.c ****         #define CY_CFG_MEMORY_BARRIER() __sync_synchronize()
  40:Generated_Source\PSoC4/cyfitter_cfg.c ****     #endif
  41:Generated_Source\PSoC4/cyfitter_cfg.c ****     
  42:Generated_Source\PSoC4/cyfitter_cfg.c **** #elif defined(__ICCARM__)
  43:Generated_Source\PSoC4/cyfitter_cfg.c ****     #include <intrinsics.h>
  44:Generated_Source\PSoC4/cyfitter_cfg.c **** 
  45:Generated_Source\PSoC4/cyfitter_cfg.c ****     #define CYPACKED __packed
  46:Generated_Source\PSoC4/cyfitter_cfg.c ****     #define CYPACKED_ATTR 
  47:Generated_Source\PSoC4/cyfitter_cfg.c ****     #define CYALIGNED _Pragma("data_alignment=4")
  48:Generated_Source\PSoC4/cyfitter_cfg.c ****     #define CY_CFG_UNUSED _Pragma("diag_suppress=Pe177")
  49:Generated_Source\PSoC4/cyfitter_cfg.c ****     #define CY_CFG_SECTION _Pragma("location=\".psocinit\"")
  50:Generated_Source\PSoC4/cyfitter_cfg.c ****     
  51:Generated_Source\PSoC4/cyfitter_cfg.c ****     #define CY_CFG_MEMORY_BARRIER() __DMB()
  52:Generated_Source\PSoC4/cyfitter_cfg.c ****     
  53:Generated_Source\PSoC4/cyfitter_cfg.c **** #else
  54:Generated_Source\PSoC4/cyfitter_cfg.c ****     #error Unsupported toolchain
  55:Generated_Source\PSoC4/cyfitter_cfg.c **** #endif
  56:Generated_Source\PSoC4/cyfitter_cfg.c **** 
  57:Generated_Source\PSoC4/cyfitter_cfg.c **** 
  58:Generated_Source\PSoC4/cyfitter_cfg.c **** CY_CFG_UNUSED
  59:Generated_Source\PSoC4/cyfitter_cfg.c **** static void CYMEMZERO(void *s, size_t n);
  60:Generated_Source\PSoC4/cyfitter_cfg.c **** CY_CFG_UNUSED
  61:Generated_Source\PSoC4/cyfitter_cfg.c **** static void CYMEMZERO(void *s, size_t n)
  62:Generated_Source\PSoC4/cyfitter_cfg.c **** {
  63:Generated_Source\PSoC4/cyfitter_cfg.c **** 	(void)memset(s, 0, n);
  64:Generated_Source\PSoC4/cyfitter_cfg.c **** }
  65:Generated_Source\PSoC4/cyfitter_cfg.c **** CY_CFG_UNUSED
  66:Generated_Source\PSoC4/cyfitter_cfg.c **** static void CYCONFIGCPY(void *dest, const void *src, size_t n);
  67:Generated_Source\PSoC4/cyfitter_cfg.c **** CY_CFG_UNUSED
  68:Generated_Source\PSoC4/cyfitter_cfg.c **** static void CYCONFIGCPY(void *dest, const void *src, size_t n)
  69:Generated_Source\PSoC4/cyfitter_cfg.c **** {
  70:Generated_Source\PSoC4/cyfitter_cfg.c **** 	(void)memcpy(dest, src, n);
  71:Generated_Source\PSoC4/cyfitter_cfg.c **** }
  72:Generated_Source\PSoC4/cyfitter_cfg.c **** CY_CFG_UNUSED
  73:Generated_Source\PSoC4/cyfitter_cfg.c **** static void CYCONFIGCPYCODE(void *dest, const void *src, size_t n);
  74:Generated_Source\PSoC4/cyfitter_cfg.c **** CY_CFG_UNUSED
  75:Generated_Source\PSoC4/cyfitter_cfg.c **** static void CYCONFIGCPYCODE(void *dest, const void *src, size_t n)
  76:Generated_Source\PSoC4/cyfitter_cfg.c **** {
  77:Generated_Source\PSoC4/cyfitter_cfg.c **** 	(void)memcpy(dest, src, n);
  78:Generated_Source\PSoC4/cyfitter_cfg.c **** }
  79:Generated_Source\PSoC4/cyfitter_cfg.c **** 
  80:Generated_Source\PSoC4/cyfitter_cfg.c **** 
  81:Generated_Source\PSoC4/cyfitter_cfg.c **** 
  82:Generated_Source\PSoC4/cyfitter_cfg.c **** 
  83:Generated_Source\PSoC4/cyfitter_cfg.c **** /* Clock startup error codes                                                   */
  84:Generated_Source\PSoC4/cyfitter_cfg.c **** #define CYCLOCKSTART_NO_ERROR    0u
  85:Generated_Source\PSoC4/cyfitter_cfg.c **** #define CYCLOCKSTART_XTAL_ERROR  1u
  86:Generated_Source\PSoC4/cyfitter_cfg.c **** #define CYCLOCKSTART_32KHZ_ERROR 2u
  87:Generated_Source\PSoC4/cyfitter_cfg.c **** #define CYCLOCKSTART_PLL_ERROR   3u
  88:Generated_Source\PSoC4/cyfitter_cfg.c **** 
  89:Generated_Source\PSoC4/cyfitter_cfg.c **** 
  90:Generated_Source\PSoC4/cyfitter_cfg.c **** #ifdef CY_NEED_CYCLOCKSTARTUPERROR
ARM GAS  C:\Users\Administrator\AppData\Local\Temp\cceH74kN.s 			page 3


  91:Generated_Source\PSoC4/cyfitter_cfg.c **** /*******************************************************************************
  92:Generated_Source\PSoC4/cyfitter_cfg.c **** * Function Name: CyClockStartupError
  93:Generated_Source\PSoC4/cyfitter_cfg.c **** ********************************************************************************
  94:Generated_Source\PSoC4/cyfitter_cfg.c **** * Summary:
  95:Generated_Source\PSoC4/cyfitter_cfg.c **** *  If an error is encountered during clock configuration (crystal startup error,
  96:Generated_Source\PSoC4/cyfitter_cfg.c **** *  PLL lock error, etc.), the system will end up here.  Unless reimplemented by
  97:Generated_Source\PSoC4/cyfitter_cfg.c **** *  the customer, this function will stop in an infinite loop.
  98:Generated_Source\PSoC4/cyfitter_cfg.c **** *
  99:Generated_Source\PSoC4/cyfitter_cfg.c **** * Parameters:
 100:Generated_Source\PSoC4/cyfitter_cfg.c **** *   void
 101:Generated_Source\PSoC4/cyfitter_cfg.c **** *
 102:Generated_Source\PSoC4/cyfitter_cfg.c **** * Return:
 103:Generated_Source\PSoC4/cyfitter_cfg.c **** *   void
 104:Generated_Source\PSoC4/cyfitter_cfg.c **** *
 105:Generated_Source\PSoC4/cyfitter_cfg.c **** *******************************************************************************/
 106:Generated_Source\PSoC4/cyfitter_cfg.c **** CY_CFG_UNUSED
 107:Generated_Source\PSoC4/cyfitter_cfg.c **** static void CyClockStartupError(uint8 errorCode);
 108:Generated_Source\PSoC4/cyfitter_cfg.c **** CY_CFG_UNUSED
 109:Generated_Source\PSoC4/cyfitter_cfg.c **** static void CyClockStartupError(uint8 errorCode)
 110:Generated_Source\PSoC4/cyfitter_cfg.c **** {
 111:Generated_Source\PSoC4/cyfitter_cfg.c ****     /* To remove the compiler warning if errorCode not used.                */
 112:Generated_Source\PSoC4/cyfitter_cfg.c ****     errorCode = errorCode;
 113:Generated_Source\PSoC4/cyfitter_cfg.c **** 
 114:Generated_Source\PSoC4/cyfitter_cfg.c ****     /* If we have a clock startup error (bad MHz crystal, PLL lock, etc.),  */
 115:Generated_Source\PSoC4/cyfitter_cfg.c ****     /* we will end up here to allow the customer to implement something to  */
 116:Generated_Source\PSoC4/cyfitter_cfg.c ****     /* deal with the clock condition.                                       */
 117:Generated_Source\PSoC4/cyfitter_cfg.c **** 
 118:Generated_Source\PSoC4/cyfitter_cfg.c **** #ifdef CY_CFG_CLOCK_STARTUP_ERROR_CALLBACK
 119:Generated_Source\PSoC4/cyfitter_cfg.c **** 	CY_CFG_Clock_Startup_ErrorCallback();
 120:Generated_Source\PSoC4/cyfitter_cfg.c **** #else
 121:Generated_Source\PSoC4/cyfitter_cfg.c **** 	/*  If not using CY_CFG_CLOCK_STARTUP_ERROR_CALLBACK, place your clock startup code here. */
 122:Generated_Source\PSoC4/cyfitter_cfg.c ****     /* `#START CyClockStartupError` */
 123:Generated_Source\PSoC4/cyfitter_cfg.c **** 
 124:Generated_Source\PSoC4/cyfitter_cfg.c **** 
 125:Generated_Source\PSoC4/cyfitter_cfg.c **** 
 126:Generated_Source\PSoC4/cyfitter_cfg.c ****     /* `#END` */
 127:Generated_Source\PSoC4/cyfitter_cfg.c **** 
 128:Generated_Source\PSoC4/cyfitter_cfg.c ****     /* If nothing else, stop here since the clocks have not started         */
 129:Generated_Source\PSoC4/cyfitter_cfg.c ****     /* correctly.                                                           */
 130:Generated_Source\PSoC4/cyfitter_cfg.c ****     while(1) {}
 131:Generated_Source\PSoC4/cyfitter_cfg.c **** #endif /* CY_CFG_CLOCK_STARTUP_ERROR_CALLBACK */ 
 132:Generated_Source\PSoC4/cyfitter_cfg.c **** }
 133:Generated_Source\PSoC4/cyfitter_cfg.c **** #endif
 134:Generated_Source\PSoC4/cyfitter_cfg.c **** 
 135:Generated_Source\PSoC4/cyfitter_cfg.c **** 
 136:Generated_Source\PSoC4/cyfitter_cfg.c **** 
 137:Generated_Source\PSoC4/cyfitter_cfg.c **** /*******************************************************************************
 138:Generated_Source\PSoC4/cyfitter_cfg.c **** * Function Name: ClockSetup
 139:Generated_Source\PSoC4/cyfitter_cfg.c **** ********************************************************************************
 140:Generated_Source\PSoC4/cyfitter_cfg.c **** *
 141:Generated_Source\PSoC4/cyfitter_cfg.c **** * Summary:
 142:Generated_Source\PSoC4/cyfitter_cfg.c **** *   Performs the initialization of all of the clocks in the device based on the
 143:Generated_Source\PSoC4/cyfitter_cfg.c **** *   settings in the Clock tab of the DWR.  This includes enabling the requested
 144:Generated_Source\PSoC4/cyfitter_cfg.c **** *   clocks and setting the necessary dividers to produce the desired frequency. 
 145:Generated_Source\PSoC4/cyfitter_cfg.c **** *
 146:Generated_Source\PSoC4/cyfitter_cfg.c **** * Parameters:
 147:Generated_Source\PSoC4/cyfitter_cfg.c **** *   void
ARM GAS  C:\Users\Administrator\AppData\Local\Temp\cceH74kN.s 			page 4


 148:Generated_Source\PSoC4/cyfitter_cfg.c **** *
 149:Generated_Source\PSoC4/cyfitter_cfg.c **** * Return:
 150:Generated_Source\PSoC4/cyfitter_cfg.c **** *   void
 151:Generated_Source\PSoC4/cyfitter_cfg.c **** *
 152:Generated_Source\PSoC4/cyfitter_cfg.c **** *******************************************************************************/
 153:Generated_Source\PSoC4/cyfitter_cfg.c **** static void ClockSetup(void);
 154:Generated_Source\PSoC4/cyfitter_cfg.c **** CY_CFG_SECTION
 155:Generated_Source\PSoC4/cyfitter_cfg.c **** static void ClockSetup(void)
 156:Generated_Source\PSoC4/cyfitter_cfg.c **** {
  25              		.loc 1 156 0
  26              		.cfi_startproc
  27 0000 10B5     		push	{r4, lr}
  28              		.cfi_def_cfa_offset 8
  29              		.cfi_offset 4, -8
  30              		.cfi_offset 14, -4
 157:Generated_Source\PSoC4/cyfitter_cfg.c **** 
 158:Generated_Source\PSoC4/cyfitter_cfg.c **** 	/* Set Flash Cycles based on max possible frequency in case a glitch occurs during ClockSetup(). *
 159:Generated_Source\PSoC4/cyfitter_cfg.c **** 	CY_SET_REG32((void CYXDATA *)(CYREG_CPUSS_FLASH_CTL), (0x0012u));
  31              		.loc 1 159 0
  32 0002 0F4C     		ldr	r4, .L2
  33 0004 1223     		mov	r3, #18
  34 0006 2360     		str	r3, [r4]
 160:Generated_Source\PSoC4/cyfitter_cfg.c **** 	/* Update IMO to new clock speed. */
 161:Generated_Source\PSoC4/cyfitter_cfg.c **** 	CySysClkWriteImoFreq(24u);
  35              		.loc 1 161 0
  36 0008 1820     		mov	r0, #24
  37 000a FFF7FEFF 		bl	CySysClkWriteImoFreq
  38              	.LVL0:
 162:Generated_Source\PSoC4/cyfitter_cfg.c **** 
 163:Generated_Source\PSoC4/cyfitter_cfg.c **** 	/* Setup phase aligned clocks */
 164:Generated_Source\PSoC4/cyfitter_cfg.c **** 	CY_SET_REG32((void *)CYREG_PERI_DIV_16_CTL1, 0x00000200u);
  39              		.loc 1 164 0
  40 000e 8022     		mov	r2, #128
  41 0010 9200     		lsl	r2, r2, #2
  42 0012 0C4B     		ldr	r3, .L2+4
  43 0014 1A60     		str	r2, [r3]
 165:Generated_Source\PSoC4/cyfitter_cfg.c **** 	CY_SET_REG32((void *)CYREG_PERI_DIV_CMD, 0x8000FF41u);
  44              		.loc 1 165 0
  45 0016 0C4B     		ldr	r3, .L2+8
  46 0018 0C4A     		ldr	r2, .L2+12
  47 001a 1A60     		str	r2, [r3]
 166:Generated_Source\PSoC4/cyfitter_cfg.c **** 	CY_SET_REG32((void *)CYREG_PERI_DIV_16_CTL0, 0x0000FE00u);
  48              		.loc 1 166 0
  49 001c FE21     		mov	r1, #254
  50 001e 0902     		lsl	r1, r1, #8
  51 0020 0B4A     		ldr	r2, .L2+16
  52 0022 1160     		str	r1, [r2]
 167:Generated_Source\PSoC4/cyfitter_cfg.c **** 	CY_SET_REG32((void *)CYREG_PERI_DIV_CMD, 0x8000FF40u);
  53              		.loc 1 167 0
  54 0024 0B4A     		ldr	r2, .L2+20
  55 0026 1A60     		str	r2, [r3]
 168:Generated_Source\PSoC4/cyfitter_cfg.c **** 
 169:Generated_Source\PSoC4/cyfitter_cfg.c **** 	/* CYDEV_CLK_SELECT Starting address: CYDEV_CLK_SELECT */
 170:Generated_Source\PSoC4/cyfitter_cfg.c **** 	CY_SET_XTND_REG32((void CYFAR *)(CYREG_CLK_SELECT), 0x00000004u);
  56              		.loc 1 170 0
  57 0028 0422     		mov	r2, #4
  58 002a 0B4B     		ldr	r3, .L2+24
ARM GAS  C:\Users\Administrator\AppData\Local\Temp\cceH74kN.s 			page 5


  59 002c 1A60     		str	r2, [r3]
 171:Generated_Source\PSoC4/cyfitter_cfg.c **** 
 172:Generated_Source\PSoC4/cyfitter_cfg.c **** 	/* CYDEV_PERI_PCLK_CTL3 Starting address: CYDEV_PERI_PCLK_CTL3 */
 173:Generated_Source\PSoC4/cyfitter_cfg.c **** 	CY_SET_XTND_REG32((void CYFAR *)(CYREG_PERI_PCLK_CTL3), 0x00000041u);
  60              		.loc 1 173 0
  61 002e 3D32     		add	r2, r2, #61
  62 0030 0A4B     		ldr	r3, .L2+28
  63 0032 1A60     		str	r2, [r3]
 174:Generated_Source\PSoC4/cyfitter_cfg.c **** 
 175:Generated_Source\PSoC4/cyfitter_cfg.c **** 	/* CYDEV_PERI_PCLK_CTL2 Starting address: CYDEV_PERI_PCLK_CTL2 */
 176:Generated_Source\PSoC4/cyfitter_cfg.c **** 	CY_SET_XTND_REG32((void CYFAR *)(CYREG_PERI_PCLK_CTL2), 0x00000040u);
  64              		.loc 1 176 0
  65 0034 013A     		sub	r2, r2, #1
  66 0036 0A4B     		ldr	r3, .L2+32
  67 0038 1A60     		str	r2, [r3]
 177:Generated_Source\PSoC4/cyfitter_cfg.c **** 
 178:Generated_Source\PSoC4/cyfitter_cfg.c **** 	/* Set Flash Cycles based on newly configured 12.00MHz HFCLK. */
 179:Generated_Source\PSoC4/cyfitter_cfg.c **** 	CY_SET_REG32((void CYXDATA *)(CYREG_CPUSS_FLASH_CTL), (0x0000u));
  68              		.loc 1 179 0
  69 003a 0023     		mov	r3, #0
  70 003c 2360     		str	r3, [r4]
 180:Generated_Source\PSoC4/cyfitter_cfg.c **** }
  71              		.loc 1 180 0
  72              		@ sp needed
  73 003e 10BD     		pop	{r4, pc}
  74              	.L3:
  75              		.align	2
  76              	.L2:
  77 0040 30001040 		.word	1074790448
  78 0044 04030140 		.word	1073808132
  79 0048 00000140 		.word	1073807360
  80 004c 41FF0080 		.word	-2147418303
  81 0050 00030140 		.word	1073808128
  82 0054 40FF0080 		.word	-2147418304
  83 0058 28000340 		.word	1073938472
  84 005c 0C010140 		.word	1073807628
  85 0060 08010140 		.word	1073807624
  86              		.cfi_endproc
  87              	.LFE4:
  88              		.size	ClockSetup, .-ClockSetup
  89              		.section	.text.SetAnalogRoutingPumps,"ax",%progbits
  90              		.align	2
  91              		.global	SetAnalogRoutingPumps
  92              		.code	16
  93              		.thumb_func
  94              		.type	SetAnalogRoutingPumps, %function
  95              	SetAnalogRoutingPumps:
  96              	.LFB6:
 181:Generated_Source\PSoC4/cyfitter_cfg.c **** 
 182:Generated_Source\PSoC4/cyfitter_cfg.c **** 
 183:Generated_Source\PSoC4/cyfitter_cfg.c **** /* Analog API Functions */
 184:Generated_Source\PSoC4/cyfitter_cfg.c **** 
 185:Generated_Source\PSoC4/cyfitter_cfg.c **** 
 186:Generated_Source\PSoC4/cyfitter_cfg.c **** /*******************************************************************************
 187:Generated_Source\PSoC4/cyfitter_cfg.c **** * Function Name: AnalogSetDefault
 188:Generated_Source\PSoC4/cyfitter_cfg.c **** ********************************************************************************
 189:Generated_Source\PSoC4/cyfitter_cfg.c **** *
ARM GAS  C:\Users\Administrator\AppData\Local\Temp\cceH74kN.s 			page 6


 190:Generated_Source\PSoC4/cyfitter_cfg.c **** * Summary:
 191:Generated_Source\PSoC4/cyfitter_cfg.c **** *  Sets up the analog portions of the chip to default values based on chip
 192:Generated_Source\PSoC4/cyfitter_cfg.c **** *  configuration options from the project.
 193:Generated_Source\PSoC4/cyfitter_cfg.c **** *
 194:Generated_Source\PSoC4/cyfitter_cfg.c **** * Parameters:
 195:Generated_Source\PSoC4/cyfitter_cfg.c **** *  void
 196:Generated_Source\PSoC4/cyfitter_cfg.c **** *
 197:Generated_Source\PSoC4/cyfitter_cfg.c **** * Return:
 198:Generated_Source\PSoC4/cyfitter_cfg.c **** *  void
 199:Generated_Source\PSoC4/cyfitter_cfg.c **** *
 200:Generated_Source\PSoC4/cyfitter_cfg.c **** *******************************************************************************/
 201:Generated_Source\PSoC4/cyfitter_cfg.c **** static void AnalogSetDefault(void);
 202:Generated_Source\PSoC4/cyfitter_cfg.c **** static void AnalogSetDefault(void)
 203:Generated_Source\PSoC4/cyfitter_cfg.c **** {
 204:Generated_Source\PSoC4/cyfitter_cfg.c **** 	CY_SET_XTND_REG32((void CYFAR *)CYREG_CSD_SW_DSI_SEL, 0x00000010u);
 205:Generated_Source\PSoC4/cyfitter_cfg.c **** 	SetAnalogRoutingPumps(1);
 206:Generated_Source\PSoC4/cyfitter_cfg.c **** }
 207:Generated_Source\PSoC4/cyfitter_cfg.c **** 
 208:Generated_Source\PSoC4/cyfitter_cfg.c **** 
 209:Generated_Source\PSoC4/cyfitter_cfg.c **** /*******************************************************************************
 210:Generated_Source\PSoC4/cyfitter_cfg.c **** * Function Name: SetAnalogRoutingPumps
 211:Generated_Source\PSoC4/cyfitter_cfg.c **** ********************************************************************************
 212:Generated_Source\PSoC4/cyfitter_cfg.c **** *
 213:Generated_Source\PSoC4/cyfitter_cfg.c **** * Summary:
 214:Generated_Source\PSoC4/cyfitter_cfg.c **** * Enables or disables the analog pumps feeding analog routing switches.
 215:Generated_Source\PSoC4/cyfitter_cfg.c **** * Intended to be called at startup, based on the Vdda system configuration;
 216:Generated_Source\PSoC4/cyfitter_cfg.c **** * may be called during operation when the user informs us that the Vdda voltage crossed the pump th
 217:Generated_Source\PSoC4/cyfitter_cfg.c **** *
 218:Generated_Source\PSoC4/cyfitter_cfg.c **** * Parameters:
 219:Generated_Source\PSoC4/cyfitter_cfg.c **** *  enabled - 1 to enable the pumps, 0 to disable the pumps
 220:Generated_Source\PSoC4/cyfitter_cfg.c **** *
 221:Generated_Source\PSoC4/cyfitter_cfg.c **** * Return:
 222:Generated_Source\PSoC4/cyfitter_cfg.c **** *  void
 223:Generated_Source\PSoC4/cyfitter_cfg.c **** *
 224:Generated_Source\PSoC4/cyfitter_cfg.c **** *******************************************************************************/
 225:Generated_Source\PSoC4/cyfitter_cfg.c **** void SetAnalogRoutingPumps(uint8 enabled)
 226:Generated_Source\PSoC4/cyfitter_cfg.c **** {
  97              		.loc 1 226 0
  98              		.cfi_startproc
  99              	.LVL1:
 227:Generated_Source\PSoC4/cyfitter_cfg.c **** 	uint32 regValue = CY_GET_XTND_REG32((void *)(CYREG_HSIOM_PUMP_CTL));
 100              		.loc 1 227 0
 101 0000 0B4B     		ldr	r3, .L9
 102 0002 1B68     		ldr	r3, [r3]
 103              	.LVL2:
 228:Generated_Source\PSoC4/cyfitter_cfg.c **** 	if (enabled != 0u)
 104              		.loc 1 228 0
 105 0004 0028     		cmp	r0, #0
 106 0006 03D0     		beq	.L5
 229:Generated_Source\PSoC4/cyfitter_cfg.c **** 	{
 230:Generated_Source\PSoC4/cyfitter_cfg.c **** 		regValue |= 0x80000000u;
 107              		.loc 1 230 0
 108 0008 8022     		mov	r2, #128
 109 000a 1206     		lsl	r2, r2, #24
 110 000c 1343     		orr	r3, r2
 111              	.LVL3:
 112 000e 01E0     		b	.L6
ARM GAS  C:\Users\Administrator\AppData\Local\Temp\cceH74kN.s 			page 7


 113              	.L5:
 231:Generated_Source\PSoC4/cyfitter_cfg.c **** 	}
 232:Generated_Source\PSoC4/cyfitter_cfg.c **** 	else
 233:Generated_Source\PSoC4/cyfitter_cfg.c **** 	{
 234:Generated_Source\PSoC4/cyfitter_cfg.c **** 		regValue &= ~0x80000000u;
 114              		.loc 1 234 0
 115 0010 5B00     		lsl	r3, r3, #1
 116              	.LVL4:
 117 0012 5B08     		lsr	r3, r3, #1
 118              	.LVL5:
 119              	.L6:
 235:Generated_Source\PSoC4/cyfitter_cfg.c **** 	}
 236:Generated_Source\PSoC4/cyfitter_cfg.c **** 	CY_SET_XTND_REG32((void *)(CYREG_HSIOM_PUMP_CTL), regValue);
 120              		.loc 1 236 0
 121 0014 064A     		ldr	r2, .L9
 122 0016 1360     		str	r3, [r2]
 237:Generated_Source\PSoC4/cyfitter_cfg.c **** 	regValue = CY_GET_XTND_REG32((void *)(CYREG_CLK_SELECT));
 123              		.loc 1 237 0
 124 0018 064B     		ldr	r3, .L9+4
 125              	.LVL6:
 126 001a 1B68     		ldr	r3, [r3]
 127              	.LVL7:
 238:Generated_Source\PSoC4/cyfitter_cfg.c **** 	if (enabled != 0u)
 128              		.loc 1 238 0
 129 001c 0028     		cmp	r0, #0
 130 001e 02D0     		beq	.L7
 239:Generated_Source\PSoC4/cyfitter_cfg.c **** 	{
 240:Generated_Source\PSoC4/cyfitter_cfg.c **** 		regValue |= 0x00000020u;
 131              		.loc 1 240 0
 132 0020 2022     		mov	r2, #32
 133 0022 1343     		orr	r3, r2
 134              	.LVL8:
 135 0024 01E0     		b	.L8
 136              	.L7:
 241:Generated_Source\PSoC4/cyfitter_cfg.c **** 	}
 242:Generated_Source\PSoC4/cyfitter_cfg.c **** 	else
 243:Generated_Source\PSoC4/cyfitter_cfg.c **** 	{
 244:Generated_Source\PSoC4/cyfitter_cfg.c **** 		regValue &= ~0x00000020u;
 137              		.loc 1 244 0
 138 0026 2022     		mov	r2, #32
 139 0028 9343     		bic	r3, r2
 140              	.LVL9:
 141              	.L8:
 245:Generated_Source\PSoC4/cyfitter_cfg.c **** 	}
 246:Generated_Source\PSoC4/cyfitter_cfg.c **** 	CY_SET_XTND_REG32((void *)(CYREG_CLK_SELECT), regValue);
 142              		.loc 1 246 0
 143 002a 024A     		ldr	r2, .L9+4
 144 002c 1360     		str	r3, [r2]
 247:Generated_Source\PSoC4/cyfitter_cfg.c **** }
 145              		.loc 1 247 0
 146              		@ sp needed
 147 002e 7047     		bx	lr
 148              	.L10:
 149              		.align	2
 150              	.L9:
 151 0030 00200240 		.word	1073881088
 152 0034 28000340 		.word	1073938472
ARM GAS  C:\Users\Administrator\AppData\Local\Temp\cceH74kN.s 			page 8


 153              		.cfi_endproc
 154              	.LFE6:
 155              		.size	SetAnalogRoutingPumps, .-SetAnalogRoutingPumps
 156              		.section	.text.AnalogSetDefault,"ax",%progbits
 157              		.align	2
 158              		.code	16
 159              		.thumb_func
 160              		.type	AnalogSetDefault, %function
 161              	AnalogSetDefault:
 162              	.LFB5:
 203:Generated_Source\PSoC4/cyfitter_cfg.c **** 	CY_SET_XTND_REG32((void CYFAR *)CYREG_CSD_SW_DSI_SEL, 0x00000010u);
 163              		.loc 1 203 0
 164              		.cfi_startproc
 165 0000 08B5     		push	{r3, lr}
 166              		.cfi_def_cfa_offset 8
 167              		.cfi_offset 3, -8
 168              		.cfi_offset 14, -4
 204:Generated_Source\PSoC4/cyfitter_cfg.c **** 	SetAnalogRoutingPumps(1);
 169              		.loc 1 204 0
 170 0002 1022     		mov	r2, #16
 171 0004 024B     		ldr	r3, .L12
 172 0006 1A60     		str	r2, [r3]
 205:Generated_Source\PSoC4/cyfitter_cfg.c **** }
 173              		.loc 1 205 0
 174 0008 0120     		mov	r0, #1
 175 000a FFF7FEFF 		bl	SetAnalogRoutingPumps
 176              	.LVL10:
 206:Generated_Source\PSoC4/cyfitter_cfg.c **** 
 177              		.loc 1 206 0
 178              		@ sp needed
 179 000e 08BD     		pop	{r3, pc}
 180              	.L13:
 181              		.align	2
 182              	.L12:
 183 0010 C0020B40 		.word	1074463424
 184              		.cfi_endproc
 185              	.LFE5:
 186              		.size	AnalogSetDefault, .-AnalogSetDefault
 187              		.section	.psocinit
 188              		.align	2
 189              		.global	cyfitter_cfg
 190              		.code	16
 191              		.thumb_func
 192              		.type	cyfitter_cfg, %function
 193              	cyfitter_cfg:
 194              	.LFB7:
 248:Generated_Source\PSoC4/cyfitter_cfg.c **** 
 249:Generated_Source\PSoC4/cyfitter_cfg.c **** #define CY_AMUX_UNUSED CYREG_CM0P_ROM_DWT
 250:Generated_Source\PSoC4/cyfitter_cfg.c **** 
 251:Generated_Source\PSoC4/cyfitter_cfg.c **** 
 252:Generated_Source\PSoC4/cyfitter_cfg.c **** /*******************************************************************************
 253:Generated_Source\PSoC4/cyfitter_cfg.c **** * Function Name: cyfitter_cfg
 254:Generated_Source\PSoC4/cyfitter_cfg.c **** ********************************************************************************
 255:Generated_Source\PSoC4/cyfitter_cfg.c **** * Summary:
 256:Generated_Source\PSoC4/cyfitter_cfg.c **** *  This function is called by the start-up code for the selected device. It
 257:Generated_Source\PSoC4/cyfitter_cfg.c **** *  performs all of the necessary device configuration based on the design
 258:Generated_Source\PSoC4/cyfitter_cfg.c **** *  settings.  This includes settings from the Design Wide Resources (DWR) such
ARM GAS  C:\Users\Administrator\AppData\Local\Temp\cceH74kN.s 			page 9


 259:Generated_Source\PSoC4/cyfitter_cfg.c **** *  as Clocks and Pins as well as any component configuration that is necessary.
 260:Generated_Source\PSoC4/cyfitter_cfg.c **** *
 261:Generated_Source\PSoC4/cyfitter_cfg.c **** * Parameters:  
 262:Generated_Source\PSoC4/cyfitter_cfg.c **** *   void
 263:Generated_Source\PSoC4/cyfitter_cfg.c **** *
 264:Generated_Source\PSoC4/cyfitter_cfg.c **** * Return:
 265:Generated_Source\PSoC4/cyfitter_cfg.c **** *   void
 266:Generated_Source\PSoC4/cyfitter_cfg.c **** *
 267:Generated_Source\PSoC4/cyfitter_cfg.c **** *******************************************************************************/
 268:Generated_Source\PSoC4/cyfitter_cfg.c **** CY_CFG_SECTION
 269:Generated_Source\PSoC4/cyfitter_cfg.c **** void cyfitter_cfg(void)
 270:Generated_Source\PSoC4/cyfitter_cfg.c **** {
 195              		.loc 1 270 0
 196              		.cfi_startproc
 197 0064 08B5     		push	{r3, lr}
 198              		.cfi_def_cfa_offset 8
 199              		.cfi_offset 3, -8
 200              		.cfi_offset 14, -4
 271:Generated_Source\PSoC4/cyfitter_cfg.c **** 	/* Disable interrupts by default. Let user enable if/when they want. */
 272:Generated_Source\PSoC4/cyfitter_cfg.c **** 	CyGlobalIntDisable;
 201              		.loc 1 272 0
 202              	@ 272 "Generated_Source\PSoC4\cyfitter_cfg.c" 1
 203 0066 72B6     		CPSID   i
 204              	@ 0 "" 2
 273:Generated_Source\PSoC4/cyfitter_cfg.c **** 
 274:Generated_Source\PSoC4/cyfitter_cfg.c **** 	{
 275:Generated_Source\PSoC4/cyfitter_cfg.c **** 		/* HSIOM Starting address: CYDEV_HSIOM_BASE */
 276:Generated_Source\PSoC4/cyfitter_cfg.c **** 		CY_SET_XTND_REG32((void CYFAR *)(CYREG_HSIOM_PORT_SEL3), 0x0000EE00u);
 205              		.loc 1 276 0
 206              		.code	16
 207 0068 EE22     		mov	r2, #238
 208 006a 1202     		lsl	r2, r2, #8
 209 006c 134B     		ldr	r3, .L15
 210 006e 1A60     		str	r2, [r3]
 277:Generated_Source\PSoC4/cyfitter_cfg.c **** 
 278:Generated_Source\PSoC4/cyfitter_cfg.c **** 	}
 279:Generated_Source\PSoC4/cyfitter_cfg.c **** 
 280:Generated_Source\PSoC4/cyfitter_cfg.c **** 	/* Perform second pass device configuration. These items must be configured in specific order afte
 281:Generated_Source\PSoC4/cyfitter_cfg.c **** 	/* IOPINS0_0 Starting address: CYDEV_GPIO_PRT0_BASE */
 282:Generated_Source\PSoC4/cyfitter_cfg.c **** 	CY_SET_XTND_REG32((void CYFAR *)(CYDEV_GPIO_PRT0_BASE), 0x0000000Eu);
 211              		.loc 1 282 0
 212 0070 0E22     		mov	r2, #14
 213 0072 134B     		ldr	r3, .L15+4
 214 0074 1A60     		str	r2, [r3]
 283:Generated_Source\PSoC4/cyfitter_cfg.c **** 	CY_SET_XTND_REG32((void CYFAR *)(CYREG_GPIO_PRT0_PC2), 0x0000000Fu);
 215              		.loc 1 283 0
 216 0076 0132     		add	r2, r2, #1
 217 0078 124B     		ldr	r3, .L15+8
 218 007a 1A60     		str	r2, [r3]
 284:Generated_Source\PSoC4/cyfitter_cfg.c **** 
 285:Generated_Source\PSoC4/cyfitter_cfg.c **** 	/* IOPINS0_1 Starting address: CYDEV_GPIO_PRT1_BASE */
 286:Generated_Source\PSoC4/cyfitter_cfg.c **** 	CY_SET_XTND_REG32((void CYFAR *)(CYREG_GPIO_PRT1_PC), 0x00000036u);
 219              		.loc 1 286 0
 220 007c 2732     		add	r2, r2, #39
 221 007e 124B     		ldr	r3, .L15+12
 222 0080 1A60     		str	r2, [r3]
 287:Generated_Source\PSoC4/cyfitter_cfg.c **** 
ARM GAS  C:\Users\Administrator\AppData\Local\Temp\cceH74kN.s 			page 10


 288:Generated_Source\PSoC4/cyfitter_cfg.c **** 	/* IOPINS0_2 Starting address: CYDEV_GPIO_PRT2_BASE */
 289:Generated_Source\PSoC4/cyfitter_cfg.c **** 	CY_SET_XTND_REG32((void CYFAR *)(CYDEV_GPIO_PRT2_BASE), 0x000000ECu);
 223              		.loc 1 289 0
 224 0082 EC23     		mov	r3, #236
 225 0084 114A     		ldr	r2, .L15+16
 226 0086 1360     		str	r3, [r2]
 290:Generated_Source\PSoC4/cyfitter_cfg.c **** 	CY_SET_XTND_REG32((void CYFAR *)(CYREG_GPIO_PRT2_PC), 0x00000030u);
 227              		.loc 1 290 0
 228 0088 3021     		mov	r1, #48
 229 008a 114A     		ldr	r2, .L15+20
 230 008c 1160     		str	r1, [r2]
 291:Generated_Source\PSoC4/cyfitter_cfg.c **** 	CY_SET_XTND_REG32((void CYFAR *)(CYREG_GPIO_PRT2_PC2), 0x000000ECu);
 231              		.loc 1 291 0
 232 008e 114A     		ldr	r2, .L15+24
 233 0090 1360     		str	r3, [r2]
 292:Generated_Source\PSoC4/cyfitter_cfg.c **** 
 293:Generated_Source\PSoC4/cyfitter_cfg.c **** 	/* IOPINS0_3 Starting address: CYDEV_GPIO_PRT3_BASE */
 294:Generated_Source\PSoC4/cyfitter_cfg.c **** 	CY_SET_XTND_REG32((void CYFAR *)(CYDEV_GPIO_PRT3_BASE), 0x00000003u);
 234              		.loc 1 294 0
 235 0092 E93B     		sub	r3, r3, #233
 236 0094 104A     		ldr	r2, .L15+28
 237 0096 1360     		str	r3, [r2]
 295:Generated_Source\PSoC4/cyfitter_cfg.c **** 	CY_SET_XTND_REG32((void CYFAR *)(CYREG_GPIO_PRT3_PC), 0x00000D80u);
 238              		.loc 1 295 0
 239 0098 D821     		mov	r1, #216
 240 009a 0901     		lsl	r1, r1, #4
 241 009c 0F4A     		ldr	r2, .L15+32
 242 009e 1160     		str	r1, [r2]
 296:Generated_Source\PSoC4/cyfitter_cfg.c **** 	CY_SET_XTND_REG32((void CYFAR *)(CYREG_GPIO_PRT3_PC2), 0x00000003u);
 243              		.loc 1 296 0
 244 00a0 0F4A     		ldr	r2, .L15+36
 245 00a2 1360     		str	r3, [r2]
 297:Generated_Source\PSoC4/cyfitter_cfg.c **** 
 298:Generated_Source\PSoC4/cyfitter_cfg.c **** 	/* IOPINS0_4 Starting address: CYDEV_GPIO_PRT4_BASE */
 299:Generated_Source\PSoC4/cyfitter_cfg.c **** 	CY_SET_XTND_REG32((void CYFAR *)(CYDEV_GPIO_PRT4_BASE), 0x00000001u);
 246              		.loc 1 299 0
 247 00a4 0122     		mov	r2, #1
 248 00a6 0F4B     		ldr	r3, .L15+40
 249 00a8 1A60     		str	r2, [r3]
 300:Generated_Source\PSoC4/cyfitter_cfg.c **** 	CY_SET_XTND_REG32((void CYFAR *)(CYREG_GPIO_PRT4_PC2), 0x00000005u);
 250              		.loc 1 300 0
 251 00aa 0432     		add	r2, r2, #4
 252 00ac 0E4B     		ldr	r3, .L15+44
 253 00ae 1A60     		str	r2, [r3]
 301:Generated_Source\PSoC4/cyfitter_cfg.c **** 
 302:Generated_Source\PSoC4/cyfitter_cfg.c **** 
 303:Generated_Source\PSoC4/cyfitter_cfg.c **** 	/* Setup clocks based on selections from Clock DWR */
 304:Generated_Source\PSoC4/cyfitter_cfg.c **** 	ClockSetup();
 254              		.loc 1 304 0
 255 00b0 FFF7A6FF 		bl	ClockSetup
 256              	.LVL11:
 305:Generated_Source\PSoC4/cyfitter_cfg.c **** 
 306:Generated_Source\PSoC4/cyfitter_cfg.c **** 	/* Perform basic analog initialization to defaults */
 307:Generated_Source\PSoC4/cyfitter_cfg.c **** 	AnalogSetDefault();
 257              		.loc 1 307 0
 258 00b4 FFF7FEFF 		bl	AnalogSetDefault
 259              	.LVL12:
ARM GAS  C:\Users\Administrator\AppData\Local\Temp\cceH74kN.s 			page 11


 308:Generated_Source\PSoC4/cyfitter_cfg.c **** 
 309:Generated_Source\PSoC4/cyfitter_cfg.c **** }
 260              		.loc 1 309 0
 261              		@ sp needed
 262 00b8 08BD     		pop	{r3, pc}
 263              	.L16:
 264 00ba C046     		.align	2
 265              	.L15:
 266 00bc 00030240 		.word	1073873664
 267 00c0 00000440 		.word	1074003968
 268 00c4 18000440 		.word	1074003992
 269 00c8 08010440 		.word	1074004232
 270 00cc 00020440 		.word	1074004480
 271 00d0 08020440 		.word	1074004488
 272 00d4 18020440 		.word	1074004504
 273 00d8 00030440 		.word	1074004736
 274 00dc 08030440 		.word	1074004744
 275 00e0 18030440 		.word	1074004760
 276 00e4 00040440 		.word	1074004992
 277 00e8 18040440 		.word	1074005016
 278              		.cfi_endproc
 279              	.LFE7:
 280              		.size	cyfitter_cfg, .-cyfitter_cfg
 281              		.text
 282              	.Letext0:
 283              		.file 2 "Generated_Source\\PSoC4\\cytypes.h"
 284              		.file 3 "Generated_Source\\PSoC4\\CyLib.h"
 285              		.section	.debug_info,"",%progbits
 286              	.Ldebug_info0:
 287 0000 5F010000 		.4byte	0x15f
 288 0004 0400     		.2byte	0x4
 289 0006 00000000 		.4byte	.Ldebug_abbrev0
 290 000a 04       		.byte	0x4
 291 000b 01       		.uleb128 0x1
 292 000c 55010000 		.4byte	.LASF20
 293 0010 01       		.byte	0x1
 294 0011 15000000 		.4byte	.LASF21
 295 0015 6D000000 		.4byte	.LASF22
 296 0019 00000000 		.4byte	.Ldebug_ranges0+0
 297 001d 00000000 		.4byte	0
 298 0021 00000000 		.4byte	.Ldebug_line0
 299 0025 02       		.uleb128 0x2
 300 0026 04       		.byte	0x4
 301 0027 05       		.byte	0x5
 302 0028 696E7400 		.ascii	"int\000"
 303 002c 03       		.uleb128 0x3
 304 002d 04       		.byte	0x4
 305 002e 07       		.byte	0x7
 306 002f 3B000000 		.4byte	.LASF0
 307 0033 03       		.uleb128 0x3
 308 0034 01       		.byte	0x1
 309 0035 06       		.byte	0x6
 310 0036 49010000 		.4byte	.LASF1
 311 003a 03       		.uleb128 0x3
 312 003b 01       		.byte	0x1
 313 003c 08       		.byte	0x8
 314 003d F1000000 		.4byte	.LASF2
ARM GAS  C:\Users\Administrator\AppData\Local\Temp\cceH74kN.s 			page 12


 315 0041 03       		.uleb128 0x3
 316 0042 02       		.byte	0x2
 317 0043 05       		.byte	0x5
 318 0044 F8010000 		.4byte	.LASF3
 319 0048 03       		.uleb128 0x3
 320 0049 02       		.byte	0x2
 321 004a 07       		.byte	0x7
 322 004b 36010000 		.4byte	.LASF4
 323 004f 03       		.uleb128 0x3
 324 0050 04       		.byte	0x4
 325 0051 05       		.byte	0x5
 326 0052 04010000 		.4byte	.LASF5
 327 0056 03       		.uleb128 0x3
 328 0057 04       		.byte	0x4
 329 0058 07       		.byte	0x7
 330 0059 4E000000 		.4byte	.LASF6
 331 005d 03       		.uleb128 0x3
 332 005e 08       		.byte	0x8
 333 005f 05       		.byte	0x5
 334 0060 00000000 		.4byte	.LASF7
 335 0064 03       		.uleb128 0x3
 336 0065 08       		.byte	0x8
 337 0066 07       		.byte	0x7
 338 0067 C5000000 		.4byte	.LASF8
 339 006b 03       		.uleb128 0x3
 340 006c 04       		.byte	0x4
 341 006d 07       		.byte	0x7
 342 006e 02020000 		.4byte	.LASF9
 343 0072 03       		.uleb128 0x3
 344 0073 01       		.byte	0x1
 345 0074 08       		.byte	0x8
 346 0075 FF000000 		.4byte	.LASF10
 347 0079 04       		.uleb128 0x4
 348 007a 48000000 		.4byte	.LASF11
 349 007e 02       		.byte	0x2
 350 007f B901     		.2byte	0x1b9
 351 0081 3A000000 		.4byte	0x3a
 352 0085 04       		.uleb128 0x4
 353 0086 0E000000 		.4byte	.LASF12
 354 008a 02       		.byte	0x2
 355 008b BB01     		.2byte	0x1bb
 356 008d 56000000 		.4byte	0x56
 357 0091 03       		.uleb128 0x3
 358 0092 04       		.byte	0x4
 359 0093 04       		.byte	0x4
 360 0094 A9000000 		.4byte	.LASF13
 361 0098 03       		.uleb128 0x3
 362 0099 08       		.byte	0x8
 363 009a 04       		.byte	0x4
 364 009b 29010000 		.4byte	.LASF14
 365 009f 04       		.uleb128 0x4
 366 00a0 30010000 		.4byte	.LASF15
 367 00a4 02       		.byte	0x2
 368 00a5 6502     		.2byte	0x265
 369 00a7 AB000000 		.4byte	0xab
 370 00ab 05       		.uleb128 0x5
 371 00ac 85000000 		.4byte	0x85
ARM GAS  C:\Users\Administrator\AppData\Local\Temp\cceH74kN.s 			page 13


 372 00b0 06       		.uleb128 0x6
 373 00b1 1E010000 		.4byte	.LASF16
 374 00b5 01       		.byte	0x1
 375 00b6 9B       		.byte	0x9b
 376 00b7 00000000 		.4byte	.LFB4
 377 00bb 64000000 		.4byte	.LFE4-.LFB4
 378 00bf 01       		.uleb128 0x1
 379 00c0 9C       		.byte	0x9c
 380 00c1 D5000000 		.4byte	0xd5
 381 00c5 07       		.uleb128 0x7
 382 00c6 0E000000 		.4byte	.LVL0
 383 00ca 55010000 		.4byte	0x155
 384 00ce 08       		.uleb128 0x8
 385 00cf 01       		.uleb128 0x1
 386 00d0 50       		.byte	0x50
 387 00d1 01       		.uleb128 0x1
 388 00d2 48       		.byte	0x48
 389 00d3 00       		.byte	0
 390 00d4 00       		.byte	0
 391 00d5 09       		.uleb128 0x9
 392 00d6 AF000000 		.4byte	.LASF18
 393 00da 01       		.byte	0x1
 394 00db E1       		.byte	0xe1
 395 00dc 00000000 		.4byte	.LFB6
 396 00e0 38000000 		.4byte	.LFE6-.LFB6
 397 00e4 01       		.uleb128 0x1
 398 00e5 9C       		.byte	0x9c
 399 00e6 07010000 		.4byte	0x107
 400 00ea 0A       		.uleb128 0xa
 401 00eb E7010000 		.4byte	.LASF23
 402 00ef 01       		.byte	0x1
 403 00f0 E1       		.byte	0xe1
 404 00f1 79000000 		.4byte	0x79
 405 00f5 01       		.uleb128 0x1
 406 00f6 50       		.byte	0x50
 407 00f7 0B       		.uleb128 0xb
 408 00f8 EF010000 		.4byte	.LASF24
 409 00fc 01       		.byte	0x1
 410 00fd E3       		.byte	0xe3
 411 00fe 85000000 		.4byte	0x85
 412 0102 00000000 		.4byte	.LLST0
 413 0106 00       		.byte	0
 414 0107 06       		.uleb128 0x6
 415 0108 0D010000 		.4byte	.LASF17
 416 010c 01       		.byte	0x1
 417 010d CA       		.byte	0xca
 418 010e 00000000 		.4byte	.LFB5
 419 0112 14000000 		.4byte	.LFE5-.LFB5
 420 0116 01       		.uleb128 0x1
 421 0117 9C       		.byte	0x9c
 422 0118 2C010000 		.4byte	0x12c
 423 011c 07       		.uleb128 0x7
 424 011d 0E000000 		.4byte	.LVL10
 425 0121 D5000000 		.4byte	0xd5
 426 0125 08       		.uleb128 0x8
 427 0126 01       		.uleb128 0x1
 428 0127 50       		.byte	0x50
ARM GAS  C:\Users\Administrator\AppData\Local\Temp\cceH74kN.s 			page 14


 429 0128 01       		.uleb128 0x1
 430 0129 31       		.byte	0x31
 431 012a 00       		.byte	0
 432 012b 00       		.byte	0
 433 012c 0C       		.uleb128 0xc
 434 012d 60000000 		.4byte	.LASF19
 435 0131 01       		.byte	0x1
 436 0132 0D01     		.2byte	0x10d
 437 0134 64000000 		.4byte	.LFB7
 438 0138 88000000 		.4byte	.LFE7-.LFB7
 439 013c 01       		.uleb128 0x1
 440 013d 9C       		.byte	0x9c
 441 013e 55010000 		.4byte	0x155
 442 0142 0D       		.uleb128 0xd
 443 0143 B4000000 		.4byte	.LVL11
 444 0147 B0000000 		.4byte	0xb0
 445 014b 0D       		.uleb128 0xd
 446 014c B8000000 		.4byte	.LVL12
 447 0150 07010000 		.4byte	0x107
 448 0154 00       		.byte	0
 449 0155 0E       		.uleb128 0xe
 450 0156 DC000000 		.4byte	.LASF25
 451 015a 03       		.byte	0x3
 452 015b 6C       		.byte	0x6c
 453 015c 0F       		.uleb128 0xf
 454 015d 85000000 		.4byte	0x85
 455 0161 00       		.byte	0
 456 0162 00       		.byte	0
 457              		.section	.debug_abbrev,"",%progbits
 458              	.Ldebug_abbrev0:
 459 0000 01       		.uleb128 0x1
 460 0001 11       		.uleb128 0x11
 461 0002 01       		.byte	0x1
 462 0003 25       		.uleb128 0x25
 463 0004 0E       		.uleb128 0xe
 464 0005 13       		.uleb128 0x13
 465 0006 0B       		.uleb128 0xb
 466 0007 03       		.uleb128 0x3
 467 0008 0E       		.uleb128 0xe
 468 0009 1B       		.uleb128 0x1b
 469 000a 0E       		.uleb128 0xe
 470 000b 55       		.uleb128 0x55
 471 000c 17       		.uleb128 0x17
 472 000d 11       		.uleb128 0x11
 473 000e 01       		.uleb128 0x1
 474 000f 10       		.uleb128 0x10
 475 0010 17       		.uleb128 0x17
 476 0011 00       		.byte	0
 477 0012 00       		.byte	0
 478 0013 02       		.uleb128 0x2
 479 0014 24       		.uleb128 0x24
 480 0015 00       		.byte	0
 481 0016 0B       		.uleb128 0xb
 482 0017 0B       		.uleb128 0xb
 483 0018 3E       		.uleb128 0x3e
 484 0019 0B       		.uleb128 0xb
 485 001a 03       		.uleb128 0x3
ARM GAS  C:\Users\Administrator\AppData\Local\Temp\cceH74kN.s 			page 15


 486 001b 08       		.uleb128 0x8
 487 001c 00       		.byte	0
 488 001d 00       		.byte	0
 489 001e 03       		.uleb128 0x3
 490 001f 24       		.uleb128 0x24
 491 0020 00       		.byte	0
 492 0021 0B       		.uleb128 0xb
 493 0022 0B       		.uleb128 0xb
 494 0023 3E       		.uleb128 0x3e
 495 0024 0B       		.uleb128 0xb
 496 0025 03       		.uleb128 0x3
 497 0026 0E       		.uleb128 0xe
 498 0027 00       		.byte	0
 499 0028 00       		.byte	0
 500 0029 04       		.uleb128 0x4
 501 002a 16       		.uleb128 0x16
 502 002b 00       		.byte	0
 503 002c 03       		.uleb128 0x3
 504 002d 0E       		.uleb128 0xe
 505 002e 3A       		.uleb128 0x3a
 506 002f 0B       		.uleb128 0xb
 507 0030 3B       		.uleb128 0x3b
 508 0031 05       		.uleb128 0x5
 509 0032 49       		.uleb128 0x49
 510 0033 13       		.uleb128 0x13
 511 0034 00       		.byte	0
 512 0035 00       		.byte	0
 513 0036 05       		.uleb128 0x5
 514 0037 35       		.uleb128 0x35
 515 0038 00       		.byte	0
 516 0039 49       		.uleb128 0x49
 517 003a 13       		.uleb128 0x13
 518 003b 00       		.byte	0
 519 003c 00       		.byte	0
 520 003d 06       		.uleb128 0x6
 521 003e 2E       		.uleb128 0x2e
 522 003f 01       		.byte	0x1
 523 0040 03       		.uleb128 0x3
 524 0041 0E       		.uleb128 0xe
 525 0042 3A       		.uleb128 0x3a
 526 0043 0B       		.uleb128 0xb
 527 0044 3B       		.uleb128 0x3b
 528 0045 0B       		.uleb128 0xb
 529 0046 27       		.uleb128 0x27
 530 0047 19       		.uleb128 0x19
 531 0048 11       		.uleb128 0x11
 532 0049 01       		.uleb128 0x1
 533 004a 12       		.uleb128 0x12
 534 004b 06       		.uleb128 0x6
 535 004c 40       		.uleb128 0x40
 536 004d 18       		.uleb128 0x18
 537 004e 9742     		.uleb128 0x2117
 538 0050 19       		.uleb128 0x19
 539 0051 01       		.uleb128 0x1
 540 0052 13       		.uleb128 0x13
 541 0053 00       		.byte	0
 542 0054 00       		.byte	0
ARM GAS  C:\Users\Administrator\AppData\Local\Temp\cceH74kN.s 			page 16


 543 0055 07       		.uleb128 0x7
 544 0056 898201   		.uleb128 0x4109
 545 0059 01       		.byte	0x1
 546 005a 11       		.uleb128 0x11
 547 005b 01       		.uleb128 0x1
 548 005c 31       		.uleb128 0x31
 549 005d 13       		.uleb128 0x13
 550 005e 00       		.byte	0
 551 005f 00       		.byte	0
 552 0060 08       		.uleb128 0x8
 553 0061 8A8201   		.uleb128 0x410a
 554 0064 00       		.byte	0
 555 0065 02       		.uleb128 0x2
 556 0066 18       		.uleb128 0x18
 557 0067 9142     		.uleb128 0x2111
 558 0069 18       		.uleb128 0x18
 559 006a 00       		.byte	0
 560 006b 00       		.byte	0
 561 006c 09       		.uleb128 0x9
 562 006d 2E       		.uleb128 0x2e
 563 006e 01       		.byte	0x1
 564 006f 3F       		.uleb128 0x3f
 565 0070 19       		.uleb128 0x19
 566 0071 03       		.uleb128 0x3
 567 0072 0E       		.uleb128 0xe
 568 0073 3A       		.uleb128 0x3a
 569 0074 0B       		.uleb128 0xb
 570 0075 3B       		.uleb128 0x3b
 571 0076 0B       		.uleb128 0xb
 572 0077 27       		.uleb128 0x27
 573 0078 19       		.uleb128 0x19
 574 0079 11       		.uleb128 0x11
 575 007a 01       		.uleb128 0x1
 576 007b 12       		.uleb128 0x12
 577 007c 06       		.uleb128 0x6
 578 007d 40       		.uleb128 0x40
 579 007e 18       		.uleb128 0x18
 580 007f 9742     		.uleb128 0x2117
 581 0081 19       		.uleb128 0x19
 582 0082 01       		.uleb128 0x1
 583 0083 13       		.uleb128 0x13
 584 0084 00       		.byte	0
 585 0085 00       		.byte	0
 586 0086 0A       		.uleb128 0xa
 587 0087 05       		.uleb128 0x5
 588 0088 00       		.byte	0
 589 0089 03       		.uleb128 0x3
 590 008a 0E       		.uleb128 0xe
 591 008b 3A       		.uleb128 0x3a
 592 008c 0B       		.uleb128 0xb
 593 008d 3B       		.uleb128 0x3b
 594 008e 0B       		.uleb128 0xb
 595 008f 49       		.uleb128 0x49
 596 0090 13       		.uleb128 0x13
 597 0091 02       		.uleb128 0x2
 598 0092 18       		.uleb128 0x18
 599 0093 00       		.byte	0
ARM GAS  C:\Users\Administrator\AppData\Local\Temp\cceH74kN.s 			page 17


 600 0094 00       		.byte	0
 601 0095 0B       		.uleb128 0xb
 602 0096 34       		.uleb128 0x34
 603 0097 00       		.byte	0
 604 0098 03       		.uleb128 0x3
 605 0099 0E       		.uleb128 0xe
 606 009a 3A       		.uleb128 0x3a
 607 009b 0B       		.uleb128 0xb
 608 009c 3B       		.uleb128 0x3b
 609 009d 0B       		.uleb128 0xb
 610 009e 49       		.uleb128 0x49
 611 009f 13       		.uleb128 0x13
 612 00a0 02       		.uleb128 0x2
 613 00a1 17       		.uleb128 0x17
 614 00a2 00       		.byte	0
 615 00a3 00       		.byte	0
 616 00a4 0C       		.uleb128 0xc
 617 00a5 2E       		.uleb128 0x2e
 618 00a6 01       		.byte	0x1
 619 00a7 3F       		.uleb128 0x3f
 620 00a8 19       		.uleb128 0x19
 621 00a9 03       		.uleb128 0x3
 622 00aa 0E       		.uleb128 0xe
 623 00ab 3A       		.uleb128 0x3a
 624 00ac 0B       		.uleb128 0xb
 625 00ad 3B       		.uleb128 0x3b
 626 00ae 05       		.uleb128 0x5
 627 00af 27       		.uleb128 0x27
 628 00b0 19       		.uleb128 0x19
 629 00b1 11       		.uleb128 0x11
 630 00b2 01       		.uleb128 0x1
 631 00b3 12       		.uleb128 0x12
 632 00b4 06       		.uleb128 0x6
 633 00b5 40       		.uleb128 0x40
 634 00b6 18       		.uleb128 0x18
 635 00b7 9742     		.uleb128 0x2117
 636 00b9 19       		.uleb128 0x19
 637 00ba 01       		.uleb128 0x1
 638 00bb 13       		.uleb128 0x13
 639 00bc 00       		.byte	0
 640 00bd 00       		.byte	0
 641 00be 0D       		.uleb128 0xd
 642 00bf 898201   		.uleb128 0x4109
 643 00c2 00       		.byte	0
 644 00c3 11       		.uleb128 0x11
 645 00c4 01       		.uleb128 0x1
 646 00c5 31       		.uleb128 0x31
 647 00c6 13       		.uleb128 0x13
 648 00c7 00       		.byte	0
 649 00c8 00       		.byte	0
 650 00c9 0E       		.uleb128 0xe
 651 00ca 2E       		.uleb128 0x2e
 652 00cb 01       		.byte	0x1
 653 00cc 3F       		.uleb128 0x3f
 654 00cd 19       		.uleb128 0x19
 655 00ce 03       		.uleb128 0x3
 656 00cf 0E       		.uleb128 0xe
ARM GAS  C:\Users\Administrator\AppData\Local\Temp\cceH74kN.s 			page 18


 657 00d0 3A       		.uleb128 0x3a
 658 00d1 0B       		.uleb128 0xb
 659 00d2 3B       		.uleb128 0x3b
 660 00d3 0B       		.uleb128 0xb
 661 00d4 27       		.uleb128 0x27
 662 00d5 19       		.uleb128 0x19
 663 00d6 3C       		.uleb128 0x3c
 664 00d7 19       		.uleb128 0x19
 665 00d8 00       		.byte	0
 666 00d9 00       		.byte	0
 667 00da 0F       		.uleb128 0xf
 668 00db 05       		.uleb128 0x5
 669 00dc 00       		.byte	0
 670 00dd 49       		.uleb128 0x49
 671 00de 13       		.uleb128 0x13
 672 00df 00       		.byte	0
 673 00e0 00       		.byte	0
 674 00e1 00       		.byte	0
 675              		.section	.debug_loc,"",%progbits
 676              	.Ldebug_loc0:
 677              	.LLST0:
 678 0000 04000000 		.4byte	.LVL2
 679 0004 12000000 		.4byte	.LVL4
 680 0008 0100     		.2byte	0x1
 681 000a 53       		.byte	0x53
 682 000b 14000000 		.4byte	.LVL5
 683 000f 1A000000 		.4byte	.LVL6
 684 0013 0100     		.2byte	0x1
 685 0015 53       		.byte	0x53
 686 0016 1A000000 		.4byte	.LVL6
 687 001a 1C000000 		.4byte	.LVL7
 688 001e 0200     		.2byte	0x2
 689 0020 72       		.byte	0x72
 690 0021 00       		.sleb128 0
 691 0022 1C000000 		.4byte	.LVL7
 692 0026 38000000 		.4byte	.LFE6
 693 002a 0100     		.2byte	0x1
 694 002c 53       		.byte	0x53
 695 002d 00000000 		.4byte	0
 696 0031 00000000 		.4byte	0
 697              		.section	.debug_aranges,"",%progbits
 698 0000 34000000 		.4byte	0x34
 699 0004 0200     		.2byte	0x2
 700 0006 00000000 		.4byte	.Ldebug_info0
 701 000a 04       		.byte	0x4
 702 000b 00       		.byte	0
 703 000c 0000     		.2byte	0
 704 000e 0000     		.2byte	0
 705 0010 00000000 		.4byte	.LFB4
 706 0014 64000000 		.4byte	.LFE4-.LFB4
 707 0018 00000000 		.4byte	.LFB6
 708 001c 38000000 		.4byte	.LFE6-.LFB6
 709 0020 00000000 		.4byte	.LFB5
 710 0024 14000000 		.4byte	.LFE5-.LFB5
 711 0028 64000000 		.4byte	.LFB7
 712 002c 88000000 		.4byte	.LFE7-.LFB7
 713 0030 00000000 		.4byte	0
ARM GAS  C:\Users\Administrator\AppData\Local\Temp\cceH74kN.s 			page 19


 714 0034 00000000 		.4byte	0
 715              		.section	.debug_ranges,"",%progbits
 716              	.Ldebug_ranges0:
 717 0000 00000000 		.4byte	.LFB4
 718 0004 64000000 		.4byte	.LFE4
 719 0008 00000000 		.4byte	.LFB6
 720 000c 38000000 		.4byte	.LFE6
 721 0010 00000000 		.4byte	.LFB5
 722 0014 14000000 		.4byte	.LFE5
 723 0018 64000000 		.4byte	.LFB7
 724 001c EC000000 		.4byte	.LFE7
 725 0020 00000000 		.4byte	0
 726 0024 00000000 		.4byte	0
 727              		.section	.debug_line,"",%progbits
 728              	.Ldebug_line0:
 729 0000 B8000000 		.section	.debug_str,"MS",%progbits,1
 729      02005400 
 729      00000201 
 729      FB0E0D00 
 729      01010101 
 730              	.LASF7:
 731 0000 6C6F6E67 		.ascii	"long long int\000"
 731      206C6F6E 
 731      6720696E 
 731      7400
 732              	.LASF12:
 733 000e 75696E74 		.ascii	"uint32\000"
 733      333200
 734              	.LASF21:
 735 0015 47656E65 		.ascii	"Generated_Source\\PSoC4\\cyfitter_cfg.c\000"
 735      72617465 
 735      645F536F 
 735      75726365 
 735      5C50536F 
 736              	.LASF0:
 737 003b 756E7369 		.ascii	"unsigned int\000"
 737      676E6564 
 737      20696E74 
 737      00
 738              	.LASF11:
 739 0048 75696E74 		.ascii	"uint8\000"
 739      3800
 740              	.LASF6:
 741 004e 6C6F6E67 		.ascii	"long unsigned int\000"
 741      20756E73 
 741      69676E65 
 741      6420696E 
 741      7400
 742              	.LASF19:
 743 0060 63796669 		.ascii	"cyfitter_cfg\000"
 743      74746572 
 743      5F636667 
 743      00
 744              	.LASF22:
 745 006d 443A5C6C 		.ascii	"D:\\local_svn\\AYBR3000\\AYBR3000_V2.0\\AYBR3000\\A"
 745      6F63616C 
 745      5F73766E 
ARM GAS  C:\Users\Administrator\AppData\Local\Temp\cceH74kN.s 			page 20


 745      5C415942 
 745      52333030 
 746 009b 59425233 		.ascii	"YBR3000.cydsn\000"
 746      3030302E 
 746      63796473 
 746      6E00
 747              	.LASF13:
 748 00a9 666C6F61 		.ascii	"float\000"
 748      7400
 749              	.LASF18:
 750 00af 53657441 		.ascii	"SetAnalogRoutingPumps\000"
 750      6E616C6F 
 750      67526F75 
 750      74696E67 
 750      50756D70 
 751              	.LASF8:
 752 00c5 6C6F6E67 		.ascii	"long long unsigned int\000"
 752      206C6F6E 
 752      6720756E 
 752      7369676E 
 752      65642069 
 753              	.LASF25:
 754 00dc 43795379 		.ascii	"CySysClkWriteImoFreq\000"
 754      73436C6B 
 754      57726974 
 754      65496D6F 
 754      46726571 
 755              	.LASF2:
 756 00f1 756E7369 		.ascii	"unsigned char\000"
 756      676E6564 
 756      20636861 
 756      7200
 757              	.LASF10:
 758 00ff 63686172 		.ascii	"char\000"
 758      00
 759              	.LASF5:
 760 0104 6C6F6E67 		.ascii	"long int\000"
 760      20696E74 
 760      00
 761              	.LASF17:
 762 010d 416E616C 		.ascii	"AnalogSetDefault\000"
 762      6F675365 
 762      74446566 
 762      61756C74 
 762      00
 763              	.LASF16:
 764 011e 436C6F63 		.ascii	"ClockSetup\000"
 764      6B536574 
 764      757000
 765              	.LASF14:
 766 0129 646F7562 		.ascii	"double\000"
 766      6C6500
 767              	.LASF15:
 768 0130 72656733 		.ascii	"reg32\000"
 768      3200
 769              	.LASF4:
 770 0136 73686F72 		.ascii	"short unsigned int\000"
ARM GAS  C:\Users\Administrator\AppData\Local\Temp\cceH74kN.s 			page 21


 770      7420756E 
 770      7369676E 
 770      65642069 
 770      6E7400
 771              	.LASF1:
 772 0149 7369676E 		.ascii	"signed char\000"
 772      65642063 
 772      68617200 
 773              	.LASF20:
 774 0155 474E5520 		.ascii	"GNU C 4.9.3 20150303 (release) [ARM/embedded-4_9-br"
 774      4320342E 
 774      392E3320 
 774      32303135 
 774      30333033 
 775 0188 616E6368 		.ascii	"anch revision 221220] -mcpu=cortex-m0plus -mthumb -"
 775      20726576 
 775      6973696F 
 775      6E203232 
 775      31323230 
 776 01bb 67202D4F 		.ascii	"g -Og -ffunction-sections -ffat-lto-objects\000"
 776      67202D66 
 776      66756E63 
 776      74696F6E 
 776      2D736563 
 777              	.LASF23:
 778 01e7 656E6162 		.ascii	"enabled\000"
 778      6C656400 
 779              	.LASF24:
 780 01ef 72656756 		.ascii	"regValue\000"
 780      616C7565 
 780      00
 781              	.LASF3:
 782 01f8 73686F72 		.ascii	"short int\000"
 782      7420696E 
 782      7400
 783              	.LASF9:
 784 0202 73697A65 		.ascii	"sizetype\000"
 784      74797065 
 784      00
 785              		.ident	"GCC: (GNU Tools for ARM Embedded Processors) 4.9.3 20150303 (release) [ARM/embedded-4_9-br
