ARM GAS  C:\Users\Administrator\AppData\Local\Temp\cc7icXFV.s 			page 1


   1              		.cpu cortex-m0plus
   2              		.fpu softvfp
   3              		.eabi_attribute 20, 1
   4              		.eabi_attribute 21, 1
   5              		.eabi_attribute 23, 3
   6              		.eabi_attribute 24, 1
   7              		.eabi_attribute 25, 1
   8              		.eabi_attribute 26, 1
   9              		.eabi_attribute 30, 1
  10              		.eabi_attribute 34, 0
  11              		.eabi_attribute 18, 4
  12              		.code	16
  13              		.file	"EZI2C_EZI2C.c"
  14              		.text
  15              	.Ltext0:
  16              		.cfi_sections	.debug_frame
  17              		.section	.text.EZI2C_EzI2CInit,"ax",%progbits
  18              		.align	2
  19              		.global	EZI2C_EzI2CInit
  20              		.code	16
  21              		.thumb_func
  22              		.type	EZI2C_EzI2CInit, %function
  23              	EZI2C_EzI2CInit:
  24              	.LFB1:
  25              		.file 1 "Generated_Source\\PSoC4\\EZI2C_EZI2C.c"
   1:Generated_Source\PSoC4/EZI2C_EZI2C.c **** /***************************************************************************//**
   2:Generated_Source\PSoC4/EZI2C_EZI2C.c **** * \file EZI2C_EZI2C.c
   3:Generated_Source\PSoC4/EZI2C_EZI2C.c **** * \version 3.20
   4:Generated_Source\PSoC4/EZI2C_EZI2C.c **** *
   5:Generated_Source\PSoC4/EZI2C_EZI2C.c **** * \brief
   6:Generated_Source\PSoC4/EZI2C_EZI2C.c **** *  This file provides the source code to the API for the SCB Component in
   7:Generated_Source\PSoC4/EZI2C_EZI2C.c **** *  EZI2C mode.
   8:Generated_Source\PSoC4/EZI2C_EZI2C.c **** *
   9:Generated_Source\PSoC4/EZI2C_EZI2C.c **** * Note:
  10:Generated_Source\PSoC4/EZI2C_EZI2C.c **** *
  11:Generated_Source\PSoC4/EZI2C_EZI2C.c **** *******************************************************************************
  12:Generated_Source\PSoC4/EZI2C_EZI2C.c **** * \copyright
  13:Generated_Source\PSoC4/EZI2C_EZI2C.c **** * Copyright 2013-2016, Cypress Semiconductor Corporation.  All rights reserved.
  14:Generated_Source\PSoC4/EZI2C_EZI2C.c **** * You may use this file only in accordance with the license, terms, conditions,
  15:Generated_Source\PSoC4/EZI2C_EZI2C.c **** * disclaimers, and limitations in the end user license agreement accompanying
  16:Generated_Source\PSoC4/EZI2C_EZI2C.c **** * the software package with which this file was provided.
  17:Generated_Source\PSoC4/EZI2C_EZI2C.c **** *******************************************************************************/
  18:Generated_Source\PSoC4/EZI2C_EZI2C.c **** 
  19:Generated_Source\PSoC4/EZI2C_EZI2C.c **** #include "EZI2C_PVT.h"
  20:Generated_Source\PSoC4/EZI2C_EZI2C.c **** #include "EZI2C_EZI2C_PVT.h"
  21:Generated_Source\PSoC4/EZI2C_EZI2C.c **** 
  22:Generated_Source\PSoC4/EZI2C_EZI2C.c **** 
  23:Generated_Source\PSoC4/EZI2C_EZI2C.c **** /***************************************
  24:Generated_Source\PSoC4/EZI2C_EZI2C.c **** *      EZI2C Private Vars
  25:Generated_Source\PSoC4/EZI2C_EZI2C.c **** ***************************************/
  26:Generated_Source\PSoC4/EZI2C_EZI2C.c **** 
  27:Generated_Source\PSoC4/EZI2C_EZI2C.c **** volatile uint8 EZI2C_curStatus; /* Status byte */
  28:Generated_Source\PSoC4/EZI2C_EZI2C.c **** uint8 EZI2C_fsmState;           /* FSM state   */
  29:Generated_Source\PSoC4/EZI2C_EZI2C.c **** 
  30:Generated_Source\PSoC4/EZI2C_EZI2C.c **** /* Variables intended to be used with Buffer 1: Primary slave address */
  31:Generated_Source\PSoC4/EZI2C_EZI2C.c **** volatile uint8 * EZI2C_dataBuffer1; /* Pointer to data buffer 1 */
  32:Generated_Source\PSoC4/EZI2C_EZI2C.c **** uint16 EZI2C_bufSizeBuf1;           /* Size of buffer 1 in bytes      */
ARM GAS  C:\Users\Administrator\AppData\Local\Temp\cc7icXFV.s 			page 2


  33:Generated_Source\PSoC4/EZI2C_EZI2C.c **** uint16 EZI2C_protectBuf1;           /* Start index of write protected area buffer 1 */
  34:Generated_Source\PSoC4/EZI2C_EZI2C.c **** uint16 EZI2C_offsetBuf1; /* Current offset within buffer 1 */
  35:Generated_Source\PSoC4/EZI2C_EZI2C.c **** uint16 EZI2C_indexBuf1;             /* Current index within buffer 1  */
  36:Generated_Source\PSoC4/EZI2C_EZI2C.c **** 
  37:Generated_Source\PSoC4/EZI2C_EZI2C.c **** #if(EZI2C_SECONDARY_ADDRESS_ENABLE_CONST)
  38:Generated_Source\PSoC4/EZI2C_EZI2C.c ****     uint8 EZI2C_addrBuf1; /* Primary slave address. Used for software comparison   */
  39:Generated_Source\PSoC4/EZI2C_EZI2C.c ****     uint8 EZI2C_addrBuf2; /* Secondary slave address. Used for software comparison */
  40:Generated_Source\PSoC4/EZI2C_EZI2C.c **** 
  41:Generated_Source\PSoC4/EZI2C_EZI2C.c ****     /* Variables intended to be used with Buffer 2: Primary slave address */
  42:Generated_Source\PSoC4/EZI2C_EZI2C.c ****     volatile uint8 * EZI2C_dataBuffer2; /* Pointer to data buffer 2 */
  43:Generated_Source\PSoC4/EZI2C_EZI2C.c ****     uint16 EZI2C_bufSizeBuf2;           /* Size of buffer 2 in bytes */
  44:Generated_Source\PSoC4/EZI2C_EZI2C.c ****     uint16 EZI2C_protectBuf2;           /* Start index of write protected area buffer 2 */
  45:Generated_Source\PSoC4/EZI2C_EZI2C.c ****     uint16 EZI2C_offsetBuf2; /* Current offset within buffer 2 */
  46:Generated_Source\PSoC4/EZI2C_EZI2C.c ****     uint16 EZI2C_indexBuf2;             /* Current index within buffer 2 */
  47:Generated_Source\PSoC4/EZI2C_EZI2C.c **** #endif /* (EZI2C_SECONDARY_ADDRESS_ENABLE_CONST) */
  48:Generated_Source\PSoC4/EZI2C_EZI2C.c **** 
  49:Generated_Source\PSoC4/EZI2C_EZI2C.c **** 
  50:Generated_Source\PSoC4/EZI2C_EZI2C.c **** /***************************************
  51:Generated_Source\PSoC4/EZI2C_EZI2C.c **** *      EZI2C Private Functions
  52:Generated_Source\PSoC4/EZI2C_EZI2C.c **** ***************************************/
  53:Generated_Source\PSoC4/EZI2C_EZI2C.c **** 
  54:Generated_Source\PSoC4/EZI2C_EZI2C.c **** #if(EZI2C_SECONDARY_ADDRESS_ENABLE_CONST)
  55:Generated_Source\PSoC4/EZI2C_EZI2C.c ****     static uint32 EZI2C_EzI2CUpdateRxMatchReg(uint32 addr1, uint32 addr2);
  56:Generated_Source\PSoC4/EZI2C_EZI2C.c **** #endif /* (EZI2C_SECONDARY_ADDRESS_ENABLE_CONST) */
  57:Generated_Source\PSoC4/EZI2C_EZI2C.c **** 
  58:Generated_Source\PSoC4/EZI2C_EZI2C.c **** #if(EZI2C_SCB_MODE_UNCONFIG_CONST_CFG)
  59:Generated_Source\PSoC4/EZI2C_EZI2C.c **** 
  60:Generated_Source\PSoC4/EZI2C_EZI2C.c ****     /***************************************
  61:Generated_Source\PSoC4/EZI2C_EZI2C.c ****     *  Configuration Structure Initialization
  62:Generated_Source\PSoC4/EZI2C_EZI2C.c ****     ***************************************/
  63:Generated_Source\PSoC4/EZI2C_EZI2C.c **** 
  64:Generated_Source\PSoC4/EZI2C_EZI2C.c ****     /* Constant configuration of EZI2C */
  65:Generated_Source\PSoC4/EZI2C_EZI2C.c ****     const EZI2C_EZI2C_INIT_STRUCT EZI2C_configEzI2C =
  66:Generated_Source\PSoC4/EZI2C_EZI2C.c ****     {
  67:Generated_Source\PSoC4/EZI2C_EZI2C.c ****         EZI2C_EZI2C_CLOCK_STRETCHING,
  68:Generated_Source\PSoC4/EZI2C_EZI2C.c ****         EZI2C_EZI2C_MEDIAN_FILTER_ENABLE,
  69:Generated_Source\PSoC4/EZI2C_EZI2C.c ****         EZI2C_EZI2C_NUMBER_OF_ADDRESSES,
  70:Generated_Source\PSoC4/EZI2C_EZI2C.c ****         EZI2C_EZI2C_PRIMARY_SLAVE_ADDRESS,
  71:Generated_Source\PSoC4/EZI2C_EZI2C.c ****         EZI2C_EZI2C_SECONDARY_SLAVE_ADDRESS,
  72:Generated_Source\PSoC4/EZI2C_EZI2C.c ****         EZI2C_EZI2C_SUB_ADDRESS_SIZE,
  73:Generated_Source\PSoC4/EZI2C_EZI2C.c ****         EZI2C_EZI2C_WAKE_ENABLE,
  74:Generated_Source\PSoC4/EZI2C_EZI2C.c ****         EZI2C_EZI2C_BYTE_MODE_ENABLE
  75:Generated_Source\PSoC4/EZI2C_EZI2C.c ****     };
  76:Generated_Source\PSoC4/EZI2C_EZI2C.c **** 
  77:Generated_Source\PSoC4/EZI2C_EZI2C.c ****     /*******************************************************************************
  78:Generated_Source\PSoC4/EZI2C_EZI2C.c ****     * Function Name: EZI2C_EzI2CInit
  79:Generated_Source\PSoC4/EZI2C_EZI2C.c ****     ****************************************************************************//**
  80:Generated_Source\PSoC4/EZI2C_EZI2C.c ****     *
  81:Generated_Source\PSoC4/EZI2C_EZI2C.c ****     *  Configures the EZI2C for EZI2C operation.
  82:Generated_Source\PSoC4/EZI2C_EZI2C.c ****     *
  83:Generated_Source\PSoC4/EZI2C_EZI2C.c ****     *  This function is intended specifically to be used when the EZI2C 
  84:Generated_Source\PSoC4/EZI2C_EZI2C.c ****     *  configuration is set to ¡°Unconfigured EZI2C¡± in the customizer. 
  85:Generated_Source\PSoC4/EZI2C_EZI2C.c ****     *  After initializing the EZI2C in EZI2C mode using this function, 
  86:Generated_Source\PSoC4/EZI2C_EZI2C.c ****     *  the component can be enabled using the EZI2C_Start() or 
  87:Generated_Source\PSoC4/EZI2C_EZI2C.c ****     * EZI2C_Enable() function.
  88:Generated_Source\PSoC4/EZI2C_EZI2C.c ****     *  This function uses a pointer to a structure that provides the configuration 
  89:Generated_Source\PSoC4/EZI2C_EZI2C.c ****     *  settings. This structure contains the same information that would otherwise 
ARM GAS  C:\Users\Administrator\AppData\Local\Temp\cc7icXFV.s 			page 3


  90:Generated_Source\PSoC4/EZI2C_EZI2C.c ****     *  be provided by the customizer settings.
  91:Generated_Source\PSoC4/EZI2C_EZI2C.c ****     *
  92:Generated_Source\PSoC4/EZI2C_EZI2C.c ****     * \param config: pointer to a structure that contains the following list of 
  93:Generated_Source\PSoC4/EZI2C_EZI2C.c ****     *  fields. These fields match the selections available in the customizer. 
  94:Generated_Source\PSoC4/EZI2C_EZI2C.c ****     *  Refer to the customizer for further description of the settings.
  95:Generated_Source\PSoC4/EZI2C_EZI2C.c ****     *
  96:Generated_Source\PSoC4/EZI2C_EZI2C.c ****     *******************************************************************************/
  97:Generated_Source\PSoC4/EZI2C_EZI2C.c ****     void EZI2C_EzI2CInit(const EZI2C_EZI2C_INIT_STRUCT *config)
  98:Generated_Source\PSoC4/EZI2C_EZI2C.c ****     {
  99:Generated_Source\PSoC4/EZI2C_EZI2C.c ****         if(NULL == config)
 100:Generated_Source\PSoC4/EZI2C_EZI2C.c ****         {
 101:Generated_Source\PSoC4/EZI2C_EZI2C.c ****             CYASSERT(0u != 0u); /* Halt execution due to bad function parameter */
 102:Generated_Source\PSoC4/EZI2C_EZI2C.c ****         }
 103:Generated_Source\PSoC4/EZI2C_EZI2C.c ****         else
 104:Generated_Source\PSoC4/EZI2C_EZI2C.c ****         {
 105:Generated_Source\PSoC4/EZI2C_EZI2C.c ****             /* Configure pins */
 106:Generated_Source\PSoC4/EZI2C_EZI2C.c ****             EZI2C_SetPins(EZI2C_SCB_MODE_EZI2C, EZI2C_DUMMY_PARAM,
 107:Generated_Source\PSoC4/EZI2C_EZI2C.c ****                                                                       EZI2C_DUMMY_PARAM);
 108:Generated_Source\PSoC4/EZI2C_EZI2C.c **** 
 109:Generated_Source\PSoC4/EZI2C_EZI2C.c ****             /* Store internal configuration */
 110:Generated_Source\PSoC4/EZI2C_EZI2C.c ****             EZI2C_scbMode       = (uint8) EZI2C_SCB_MODE_EZI2C;
 111:Generated_Source\PSoC4/EZI2C_EZI2C.c ****             EZI2C_scbEnableWake = (uint8) config->enableWake;
 112:Generated_Source\PSoC4/EZI2C_EZI2C.c ****             EZI2C_scbEnableIntr = (uint8) EZI2C_SCB_IRQ_INTERNAL;
 113:Generated_Source\PSoC4/EZI2C_EZI2C.c **** 
 114:Generated_Source\PSoC4/EZI2C_EZI2C.c ****             EZI2C_numberOfAddr  = (uint8) config->numberOfAddresses;
 115:Generated_Source\PSoC4/EZI2C_EZI2C.c ****             EZI2C_subAddrSize   = (uint8) config->subAddrSize;
 116:Generated_Source\PSoC4/EZI2C_EZI2C.c **** 
 117:Generated_Source\PSoC4/EZI2C_EZI2C.c ****         #if (EZI2C_CY_SCBIP_V0)
 118:Generated_Source\PSoC4/EZI2C_EZI2C.c ****             /* Adjust SDA filter settings. Ticket ID#150521 */
 119:Generated_Source\PSoC4/EZI2C_EZI2C.c ****             EZI2C_SET_I2C_CFG_SDA_FILT_TRIM(EZI2C_EC_AM_I2C_CFG_SDA_FILT_TRIM);
 120:Generated_Source\PSoC4/EZI2C_EZI2C.c ****         #endif /* (EZI2C_CY_SCBIP_V0) */
 121:Generated_Source\PSoC4/EZI2C_EZI2C.c **** 
 122:Generated_Source\PSoC4/EZI2C_EZI2C.c ****             /* Adjust AF and DF filter settings, AF = 1, DF = 0. Ticket ID#176179 */
 123:Generated_Source\PSoC4/EZI2C_EZI2C.c ****             EZI2C_I2C_CFG_ANALOG_FITER_ENABLE;
 124:Generated_Source\PSoC4/EZI2C_EZI2C.c **** 
 125:Generated_Source\PSoC4/EZI2C_EZI2C.c ****             /* Configure I2C interface */
 126:Generated_Source\PSoC4/EZI2C_EZI2C.c ****             EZI2C_CTRL_REG     = EZI2C_GET_CTRL_BYTE_MODE  (config->enableByteMode)    |
 127:Generated_Source\PSoC4/EZI2C_EZI2C.c ****                                             EZI2C_GET_CTRL_ADDR_ACCEPT(config->numberOfAddresses) |
 128:Generated_Source\PSoC4/EZI2C_EZI2C.c ****                                             EZI2C_GET_CTRL_EC_AM_MODE (config->enableWake);
 129:Generated_Source\PSoC4/EZI2C_EZI2C.c **** 
 130:Generated_Source\PSoC4/EZI2C_EZI2C.c ****             EZI2C_I2C_CTRL_REG = EZI2C_EZI2C_CTRL;
 131:Generated_Source\PSoC4/EZI2C_EZI2C.c **** 
 132:Generated_Source\PSoC4/EZI2C_EZI2C.c ****             /* Configure RX direction */
 133:Generated_Source\PSoC4/EZI2C_EZI2C.c ****             EZI2C_RX_CTRL_REG = EZI2C_EZI2C_RX_CTRL |
 134:Generated_Source\PSoC4/EZI2C_EZI2C.c ****                                         EZI2C_GET_RX_CTRL_MEDIAN(EZI2C_DIGITAL_FILTER_DISABLE);
 135:Generated_Source\PSoC4/EZI2C_EZI2C.c ****                                                 ;
 136:Generated_Source\PSoC4/EZI2C_EZI2C.c ****             EZI2C_RX_FIFO_CTRL_REG = EZI2C_CLEAR_REG;
 137:Generated_Source\PSoC4/EZI2C_EZI2C.c **** 
 138:Generated_Source\PSoC4/EZI2C_EZI2C.c ****             /* Set default address and mask */
 139:Generated_Source\PSoC4/EZI2C_EZI2C.c ****             if(EZI2C_EZI2C_PRIMARY_ADDRESS == config->numberOfAddresses)
 140:Generated_Source\PSoC4/EZI2C_EZI2C.c ****             {
 141:Generated_Source\PSoC4/EZI2C_EZI2C.c ****                 EZI2C_RX_MATCH_REG = EZI2C_EzI2CUpdateRxMatchReg(config->primarySlaveAddr,
 142:Generated_Source\PSoC4/EZI2C_EZI2C.c ****                                                                                        config->prim
 143:Generated_Source\PSoC4/EZI2C_EZI2C.c ****             }
 144:Generated_Source\PSoC4/EZI2C_EZI2C.c ****             else
 145:Generated_Source\PSoC4/EZI2C_EZI2C.c ****             {
 146:Generated_Source\PSoC4/EZI2C_EZI2C.c ****                 EZI2C_RX_MATCH_REG = EZI2C_EzI2CUpdateRxMatchReg(config->primarySlaveAddr,
ARM GAS  C:\Users\Administrator\AppData\Local\Temp\cc7icXFV.s 			page 4


 147:Generated_Source\PSoC4/EZI2C_EZI2C.c ****                                                                                        config->seco
 148:Generated_Source\PSoC4/EZI2C_EZI2C.c ****             }
 149:Generated_Source\PSoC4/EZI2C_EZI2C.c **** 
 150:Generated_Source\PSoC4/EZI2C_EZI2C.c ****             /* Configure TX direction */
 151:Generated_Source\PSoC4/EZI2C_EZI2C.c ****             EZI2C_TX_CTRL_REG      = EZI2C_EZI2C_TX_CTRL;
 152:Generated_Source\PSoC4/EZI2C_EZI2C.c ****             EZI2C_TX_FIFO_CTRL_REG = ((0u != (config->enableClockStretch)) ?
 153:Generated_Source\PSoC4/EZI2C_EZI2C.c ****                                                  EZI2C_CLEAR_REG : EZI2C_EZI2C_TX_FIFO_CTRL);
 154:Generated_Source\PSoC4/EZI2C_EZI2C.c **** 
 155:Generated_Source\PSoC4/EZI2C_EZI2C.c ****             /* Configure interrupt sources */
 156:Generated_Source\PSoC4/EZI2C_EZI2C.c ****         #if (!EZI2C_CY_SCBIP_V1)
 157:Generated_Source\PSoC4/EZI2C_EZI2C.c ****            EZI2C_INTR_SPI_EC_MASK_REG = EZI2C_NO_INTR_SOURCES;
 158:Generated_Source\PSoC4/EZI2C_EZI2C.c ****         #endif /* (!EZI2C_CY_SCBIP_V1) */
 159:Generated_Source\PSoC4/EZI2C_EZI2C.c **** 
 160:Generated_Source\PSoC4/EZI2C_EZI2C.c ****             EZI2C_INTR_I2C_EC_MASK_REG = EZI2C_NO_INTR_SOURCES;
 161:Generated_Source\PSoC4/EZI2C_EZI2C.c ****             EZI2C_INTR_MASTER_MASK_REG = EZI2C_NO_INTR_SOURCES;
 162:Generated_Source\PSoC4/EZI2C_EZI2C.c ****             EZI2C_INTR_SLAVE_MASK_REG  = EZI2C_EZI2C_INTR_SLAVE_MASK;
 163:Generated_Source\PSoC4/EZI2C_EZI2C.c ****             EZI2C_INTR_TX_MASK_REG     = EZI2C_NO_INTR_SOURCES;
 164:Generated_Source\PSoC4/EZI2C_EZI2C.c **** 
 165:Generated_Source\PSoC4/EZI2C_EZI2C.c ****             /* Configure interrupt with EZI2C handler but do not enable it */
 166:Generated_Source\PSoC4/EZI2C_EZI2C.c ****             CyIntDisable    (EZI2C_ISR_NUMBER);
 167:Generated_Source\PSoC4/EZI2C_EZI2C.c ****             CyIntSetPriority(EZI2C_ISR_NUMBER, EZI2C_ISR_PRIORITY);
 168:Generated_Source\PSoC4/EZI2C_EZI2C.c ****             (void) CyIntSetVector(EZI2C_ISR_NUMBER, (0u != (config->enableClockStretch)) ?
 169:Generated_Source\PSoC4/EZI2C_EZI2C.c ****                                                                       (&EZI2C_EZI2C_STRETCH_ISR) :
 170:Generated_Source\PSoC4/EZI2C_EZI2C.c ****                                                                       (&EZI2C_EZI2C_NO_STRETCH_ISR)
 171:Generated_Source\PSoC4/EZI2C_EZI2C.c **** 
 172:Generated_Source\PSoC4/EZI2C_EZI2C.c ****             if(0u != (config->enableClockStretch))
 173:Generated_Source\PSoC4/EZI2C_EZI2C.c ****             {
 174:Generated_Source\PSoC4/EZI2C_EZI2C.c ****                 /* Configure interrupt sources */
 175:Generated_Source\PSoC4/EZI2C_EZI2C.c ****                 EZI2C_INTR_SLAVE_MASK_REG |= EZI2C_INTR_SLAVE_I2C_ADDR_MATCH;
 176:Generated_Source\PSoC4/EZI2C_EZI2C.c ****                 EZI2C_INTR_RX_MASK_REG     = EZI2C_NO_INTR_SOURCES;
 177:Generated_Source\PSoC4/EZI2C_EZI2C.c ****             }
 178:Generated_Source\PSoC4/EZI2C_EZI2C.c ****             else
 179:Generated_Source\PSoC4/EZI2C_EZI2C.c ****             {
 180:Generated_Source\PSoC4/EZI2C_EZI2C.c ****                 /* Enable Auto ACK/NACK features */
 181:Generated_Source\PSoC4/EZI2C_EZI2C.c ****                 EZI2C_I2C_CTRL_REG |= EZI2C_EZI2C_CTRL_AUTO;
 182:Generated_Source\PSoC4/EZI2C_EZI2C.c **** 
 183:Generated_Source\PSoC4/EZI2C_EZI2C.c ****                 /* Configure RX interrupt source */
 184:Generated_Source\PSoC4/EZI2C_EZI2C.c ****                 EZI2C_INTR_SLAVE_MASK_REG |= EZI2C_INTR_SLAVE_I2C_START;
 185:Generated_Source\PSoC4/EZI2C_EZI2C.c ****                 EZI2C_INTR_RX_MASK_REG     = EZI2C_INTR_RX_NOT_EMPTY;
 186:Generated_Source\PSoC4/EZI2C_EZI2C.c ****             }
 187:Generated_Source\PSoC4/EZI2C_EZI2C.c **** 
 188:Generated_Source\PSoC4/EZI2C_EZI2C.c ****             /* Configure global variables */
 189:Generated_Source\PSoC4/EZI2C_EZI2C.c ****             EZI2C_fsmState = EZI2C_EZI2C_FSM_IDLE;
 190:Generated_Source\PSoC4/EZI2C_EZI2C.c **** 
 191:Generated_Source\PSoC4/EZI2C_EZI2C.c ****             EZI2C_curStatus  = 0u;
 192:Generated_Source\PSoC4/EZI2C_EZI2C.c ****             EZI2C_indexBuf1  = 0u;
 193:Generated_Source\PSoC4/EZI2C_EZI2C.c ****             EZI2C_offsetBuf1 = 0u;
 194:Generated_Source\PSoC4/EZI2C_EZI2C.c ****             EZI2C_indexBuf2  = 0u;
 195:Generated_Source\PSoC4/EZI2C_EZI2C.c ****             EZI2C_offsetBuf2 = 0u;
 196:Generated_Source\PSoC4/EZI2C_EZI2C.c **** 
 197:Generated_Source\PSoC4/EZI2C_EZI2C.c ****             EZI2C_addrBuf1 = (uint8) config->primarySlaveAddr;
 198:Generated_Source\PSoC4/EZI2C_EZI2C.c ****             EZI2C_addrBuf2 = (uint8) config->secondarySlaveAddr;
 199:Generated_Source\PSoC4/EZI2C_EZI2C.c ****         }
 200:Generated_Source\PSoC4/EZI2C_EZI2C.c ****     }
 201:Generated_Source\PSoC4/EZI2C_EZI2C.c **** 
 202:Generated_Source\PSoC4/EZI2C_EZI2C.c **** #else
 203:Generated_Source\PSoC4/EZI2C_EZI2C.c **** 
ARM GAS  C:\Users\Administrator\AppData\Local\Temp\cc7icXFV.s 			page 5


 204:Generated_Source\PSoC4/EZI2C_EZI2C.c ****     /*******************************************************************************
 205:Generated_Source\PSoC4/EZI2C_EZI2C.c ****     * Function Name: EZI2C_EzI2CInit
 206:Generated_Source\PSoC4/EZI2C_EZI2C.c ****     ****************************************************************************//**
 207:Generated_Source\PSoC4/EZI2C_EZI2C.c ****     *
 208:Generated_Source\PSoC4/EZI2C_EZI2C.c ****     *  Configures the SCB for the EZI2C operation.
 209:Generated_Source\PSoC4/EZI2C_EZI2C.c ****     *
 210:Generated_Source\PSoC4/EZI2C_EZI2C.c ****     *******************************************************************************/
 211:Generated_Source\PSoC4/EZI2C_EZI2C.c ****     void EZI2C_EzI2CInit(void)
 212:Generated_Source\PSoC4/EZI2C_EZI2C.c ****     {
  26              		.loc 1 212 0
  27              		.cfi_startproc
  28 0000 10B5     		push	{r4, lr}
  29              		.cfi_def_cfa_offset 8
  30              		.cfi_offset 4, -8
  31              		.cfi_offset 14, -4
 213:Generated_Source\PSoC4/EZI2C_EZI2C.c ****         /* Configure I2C interface */
 214:Generated_Source\PSoC4/EZI2C_EZI2C.c ****         EZI2C_CTRL_REG     = EZI2C_EZI2C_DEFAULT_CTRL;
  32              		.loc 1 214 0
  33 0002 0024     		mov	r4, #0
  34 0004 1A4B     		ldr	r3, .L2
  35 0006 1C60     		str	r4, [r3]
 215:Generated_Source\PSoC4/EZI2C_EZI2C.c ****         EZI2C_I2C_CTRL_REG = EZI2C_EZI2C_DEFAULT_I2C_CTRL;
  36              		.loc 1 215 0
  37 0008 1A4A     		ldr	r2, .L2+4
  38 000a 1B4B     		ldr	r3, .L2+8
  39 000c 1A60     		str	r2, [r3]
 216:Generated_Source\PSoC4/EZI2C_EZI2C.c **** 
 217:Generated_Source\PSoC4/EZI2C_EZI2C.c ****     #if (EZI2C_CY_SCBIP_V0)
 218:Generated_Source\PSoC4/EZI2C_EZI2C.c ****         /* Adjust SDA filter settings. Ticket ID#150521 */
 219:Generated_Source\PSoC4/EZI2C_EZI2C.c ****         EZI2C_SET_I2C_CFG_SDA_FILT_TRIM(EZI2C_EC_AM_I2C_CFG_SDA_FILT_TRIM);
 220:Generated_Source\PSoC4/EZI2C_EZI2C.c ****     #endif /* (EZI2C_CY_SCBIP_V0) */
 221:Generated_Source\PSoC4/EZI2C_EZI2C.c **** 
 222:Generated_Source\PSoC4/EZI2C_EZI2C.c ****         /* Configure RX direction */
 223:Generated_Source\PSoC4/EZI2C_EZI2C.c ****         EZI2C_RX_CTRL_REG      = EZI2C_EZI2C_DEFAULT_RX_CTRL;
  40              		.loc 1 223 0
  41 000e 1B4B     		ldr	r3, .L2+12
  42 0010 1B4A     		ldr	r2, .L2+16
  43 0012 1360     		str	r3, [r2]
 224:Generated_Source\PSoC4/EZI2C_EZI2C.c ****         EZI2C_RX_FIFO_CTRL_REG = EZI2C_EZI2C_DEFAULT_RX_FIFO_CTRL;
  44              		.loc 1 224 0
  45 0014 1B4A     		ldr	r2, .L2+20
  46 0016 1460     		str	r4, [r2]
 225:Generated_Source\PSoC4/EZI2C_EZI2C.c **** 
 226:Generated_Source\PSoC4/EZI2C_EZI2C.c ****         /* Set default address and mask */
 227:Generated_Source\PSoC4/EZI2C_EZI2C.c ****         EZI2C_RX_MATCH_REG     = EZI2C_EZI2C_DEFAULT_RX_MATCH;
  47              		.loc 1 227 0
  48 0018 1B49     		ldr	r1, .L2+24
  49 001a 1C4A     		ldr	r2, .L2+28
  50 001c 1160     		str	r1, [r2]
 228:Generated_Source\PSoC4/EZI2C_EZI2C.c **** 
 229:Generated_Source\PSoC4/EZI2C_EZI2C.c ****         /* Configure TX direction */
 230:Generated_Source\PSoC4/EZI2C_EZI2C.c ****         EZI2C_TX_CTRL_REG      = EZI2C_EZI2C_DEFAULT_TX_CTRL;
  51              		.loc 1 230 0
  52 001e 1C4A     		ldr	r2, .L2+32
  53 0020 1360     		str	r3, [r2]
 231:Generated_Source\PSoC4/EZI2C_EZI2C.c ****         EZI2C_TX_FIFO_CTRL_REG = EZI2C_EZI2C_DEFAULT_TX_FIFO_CTRL;
  54              		.loc 1 231 0
ARM GAS  C:\Users\Administrator\AppData\Local\Temp\cc7icXFV.s 			page 6


  55 0022 1C4B     		ldr	r3, .L2+36
  56 0024 1C60     		str	r4, [r3]
 232:Generated_Source\PSoC4/EZI2C_EZI2C.c **** 
 233:Generated_Source\PSoC4/EZI2C_EZI2C.c ****         /* Configure interrupt with EZI2C handler but do not enable it */
 234:Generated_Source\PSoC4/EZI2C_EZI2C.c ****     #if !defined (CY_EXTERNAL_INTERRUPT_CONFIG)
 235:Generated_Source\PSoC4/EZI2C_EZI2C.c ****         CyIntDisable    (EZI2C_ISR_NUMBER);
  57              		.loc 1 235 0
  58 0026 0720     		mov	r0, #7
  59 0028 FFF7FEFF 		bl	CyIntDisable
  60              	.LVL0:
 236:Generated_Source\PSoC4/EZI2C_EZI2C.c ****         CyIntSetPriority(EZI2C_ISR_NUMBER, EZI2C_ISR_PRIORITY);
  61              		.loc 1 236 0
  62 002c 0720     		mov	r0, #7
  63 002e 0321     		mov	r1, #3
  64 0030 FFF7FEFF 		bl	CyIntSetPriority
  65              	.LVL1:
 237:Generated_Source\PSoC4/EZI2C_EZI2C.c **** 
 238:Generated_Source\PSoC4/EZI2C_EZI2C.c ****     #if (EZI2C_EZI2C_SCL_STRETCH_ENABLE_CONST)
 239:Generated_Source\PSoC4/EZI2C_EZI2C.c ****         (void) CyIntSetVector(EZI2C_ISR_NUMBER, &EZI2C_EZI2C_STRETCH_ISR);
  66              		.loc 1 239 0
  67 0034 0720     		mov	r0, #7
  68 0036 1849     		ldr	r1, .L2+40
  69 0038 FFF7FEFF 		bl	CyIntSetVector
  70              	.LVL2:
 240:Generated_Source\PSoC4/EZI2C_EZI2C.c ****     #else
 241:Generated_Source\PSoC4/EZI2C_EZI2C.c ****         (void) CyIntSetVector(EZI2C_ISR_NUMBER, &EZI2C_EZI2C_NO_STRETCH_ISR);
 242:Generated_Source\PSoC4/EZI2C_EZI2C.c ****     #endif /* (EZI2C_EZI2C_SCL_STRETCH_ENABLE_CONST) */
 243:Generated_Source\PSoC4/EZI2C_EZI2C.c **** 
 244:Generated_Source\PSoC4/EZI2C_EZI2C.c ****     #endif /* !defined (CY_EXTERNAL_INTERRUPT_CONFIG) */
 245:Generated_Source\PSoC4/EZI2C_EZI2C.c **** 
 246:Generated_Source\PSoC4/EZI2C_EZI2C.c ****         /* Configure interrupt sources */
 247:Generated_Source\PSoC4/EZI2C_EZI2C.c ****     #if (!EZI2C_CY_SCBIP_V1)
 248:Generated_Source\PSoC4/EZI2C_EZI2C.c ****         EZI2C_INTR_SPI_EC_MASK_REG = EZI2C_EZI2C_DEFAULT_INTR_SPI_EC_MASK;
  71              		.loc 1 248 0
  72 003c 174B     		ldr	r3, .L2+44
  73 003e 1C60     		str	r4, [r3]
 249:Generated_Source\PSoC4/EZI2C_EZI2C.c ****     #endif /* (!EZI2C_CY_SCBIP_V1) */
 250:Generated_Source\PSoC4/EZI2C_EZI2C.c **** 
 251:Generated_Source\PSoC4/EZI2C_EZI2C.c ****         EZI2C_INTR_I2C_EC_MASK_REG = EZI2C_EZI2C_DEFAULT_INTR_I2C_EC_MASK;
  74              		.loc 1 251 0
  75 0040 174B     		ldr	r3, .L2+48
  76 0042 1C60     		str	r4, [r3]
 252:Generated_Source\PSoC4/EZI2C_EZI2C.c ****         EZI2C_INTR_SLAVE_MASK_REG  = EZI2C_EZI2C_DEFAULT_INTR_SLAVE_MASK;
  77              		.loc 1 252 0
  78 0044 5222     		mov	r2, #82
  79 0046 FF32     		add	r2, r2, #255
  80 0048 164B     		ldr	r3, .L2+52
  81 004a 1A60     		str	r2, [r3]
 253:Generated_Source\PSoC4/EZI2C_EZI2C.c ****         EZI2C_INTR_MASTER_MASK_REG = EZI2C_EZI2C_DEFAULT_INTR_MASTER_MASK;
  82              		.loc 1 253 0
  83 004c 164B     		ldr	r3, .L2+56
  84 004e 1C60     		str	r4, [r3]
 254:Generated_Source\PSoC4/EZI2C_EZI2C.c ****         EZI2C_INTR_RX_MASK_REG     = EZI2C_EZI2C_DEFAULT_INTR_RX_MASK;
  85              		.loc 1 254 0
  86 0050 164B     		ldr	r3, .L2+60
  87 0052 1C60     		str	r4, [r3]
 255:Generated_Source\PSoC4/EZI2C_EZI2C.c ****         EZI2C_INTR_TX_MASK_REG     = EZI2C_EZI2C_DEFAULT_INTR_TX_MASK;
ARM GAS  C:\Users\Administrator\AppData\Local\Temp\cc7icXFV.s 			page 7


  88              		.loc 1 255 0
  89 0054 164B     		ldr	r3, .L2+64
  90 0056 1C60     		str	r4, [r3]
 256:Generated_Source\PSoC4/EZI2C_EZI2C.c **** 
 257:Generated_Source\PSoC4/EZI2C_EZI2C.c ****         /* Configure global variables */
 258:Generated_Source\PSoC4/EZI2C_EZI2C.c ****         EZI2C_fsmState = EZI2C_EZI2C_FSM_IDLE;
  91              		.loc 1 258 0
  92 0058 503A     		sub	r2, r2, #80
  93 005a FF3A     		sub	r2, r2, #255
  94 005c 154B     		ldr	r3, .L2+68
  95 005e 1A70     		strb	r2, [r3]
 259:Generated_Source\PSoC4/EZI2C_EZI2C.c **** 
 260:Generated_Source\PSoC4/EZI2C_EZI2C.c ****         EZI2C_curStatus  = 0u;
  96              		.loc 1 260 0
  97 0060 154B     		ldr	r3, .L2+72
  98 0062 1C70     		strb	r4, [r3]
 261:Generated_Source\PSoC4/EZI2C_EZI2C.c ****         EZI2C_indexBuf1  = 0u;
  99              		.loc 1 261 0
 100 0064 154B     		ldr	r3, .L2+76
 101 0066 1C80     		strh	r4, [r3]
 262:Generated_Source\PSoC4/EZI2C_EZI2C.c ****         EZI2C_offsetBuf1 = 0u;
 102              		.loc 1 262 0
 103 0068 154B     		ldr	r3, .L2+80
 104 006a 1C80     		strh	r4, [r3]
 263:Generated_Source\PSoC4/EZI2C_EZI2C.c **** 
 264:Generated_Source\PSoC4/EZI2C_EZI2C.c ****     #if(EZI2C_SECONDARY_ADDRESS_ENABLE_CONST)
 265:Generated_Source\PSoC4/EZI2C_EZI2C.c ****         EZI2C_indexBuf2  = 0u;
 266:Generated_Source\PSoC4/EZI2C_EZI2C.c ****         EZI2C_offsetBuf2 = 0u;
 267:Generated_Source\PSoC4/EZI2C_EZI2C.c **** 
 268:Generated_Source\PSoC4/EZI2C_EZI2C.c ****         EZI2C_addrBuf1 = EZI2C_EZI2C_PRIMARY_SLAVE_ADDRESS;
 269:Generated_Source\PSoC4/EZI2C_EZI2C.c ****         EZI2C_addrBuf2 = EZI2C_EZI2C_SECONDARY_SLAVE_ADDRESS;
 270:Generated_Source\PSoC4/EZI2C_EZI2C.c ****     #endif /* (EZI2C_SECONDARY_ADDRESS_ENABLE_CONST) */
 271:Generated_Source\PSoC4/EZI2C_EZI2C.c ****     }
 105              		.loc 1 271 0
 106              		@ sp needed
 107 006c 10BD     		pop	{r4, pc}
 108              	.L3:
 109 006e C046     		.align	2
 110              	.L2:
 111 0070 00000840 		.word	1074266112
 112 0074 00080040 		.word	1073743872
 113 0078 60000840 		.word	1074266208
 114 007c 07010080 		.word	-2147483385
 115 0080 00030840 		.word	1074266880
 116 0084 04030840 		.word	1074266884
 117 0088 1000FE00 		.word	16646160
 118 008c 10030840 		.word	1074266896
 119 0090 00020840 		.word	1074266624
 120 0094 04020840 		.word	1074266628
 121 0098 00000000 		.word	EZI2C_EZI2C_STRETCH_ISR
 122 009c C80E0840 		.word	1074269896
 123 00a0 880E0840 		.word	1074269832
 124 00a4 480F0840 		.word	1074270024
 125 00a8 080F0840 		.word	1074269960
 126 00ac C80F0840 		.word	1074270152
 127 00b0 880F0840 		.word	1074270088
 128 00b4 00000000 		.word	EZI2C_fsmState
ARM GAS  C:\Users\Administrator\AppData\Local\Temp\cc7icXFV.s 			page 8


 129 00b8 00000000 		.word	EZI2C_curStatus
 130 00bc 00000000 		.word	EZI2C_indexBuf1
 131 00c0 00000000 		.word	EZI2C_offsetBuf1
 132              		.cfi_endproc
 133              	.LFE1:
 134              		.size	EZI2C_EzI2CInit, .-EZI2C_EzI2CInit
 135              		.section	.text.EZI2C_EzI2CStop,"ax",%progbits
 136              		.align	2
 137              		.global	EZI2C_EzI2CStop
 138              		.code	16
 139              		.thumb_func
 140              		.type	EZI2C_EzI2CStop, %function
 141              	EZI2C_EzI2CStop:
 142              	.LFB2:
 272:Generated_Source\PSoC4/EZI2C_EZI2C.c **** #endif /* (EZI2C_SCB_MODE_UNCONFIG_CONST_CFG) */
 273:Generated_Source\PSoC4/EZI2C_EZI2C.c **** 
 274:Generated_Source\PSoC4/EZI2C_EZI2C.c **** 
 275:Generated_Source\PSoC4/EZI2C_EZI2C.c **** /*******************************************************************************
 276:Generated_Source\PSoC4/EZI2C_EZI2C.c **** * Function Name: EZI2C_EzI2CStop
 277:Generated_Source\PSoC4/EZI2C_EZI2C.c **** ****************************************************************************//**
 278:Generated_Source\PSoC4/EZI2C_EZI2C.c **** *
 279:Generated_Source\PSoC4/EZI2C_EZI2C.c **** *  Resets the EZI2C FSM into the default state.
 280:Generated_Source\PSoC4/EZI2C_EZI2C.c **** *
 281:Generated_Source\PSoC4/EZI2C_EZI2C.c **** *******************************************************************************/
 282:Generated_Source\PSoC4/EZI2C_EZI2C.c **** void EZI2C_EzI2CStop(void)
 283:Generated_Source\PSoC4/EZI2C_EZI2C.c **** {
 143              		.loc 1 283 0
 144              		.cfi_startproc
 284:Generated_Source\PSoC4/EZI2C_EZI2C.c ****     EZI2C_fsmState = EZI2C_EZI2C_FSM_IDLE;
 145              		.loc 1 284 0
 146 0000 0222     		mov	r2, #2
 147 0002 014B     		ldr	r3, .L5
 148 0004 1A70     		strb	r2, [r3]
 285:Generated_Source\PSoC4/EZI2C_EZI2C.c **** }
 149              		.loc 1 285 0
 150              		@ sp needed
 151 0006 7047     		bx	lr
 152              	.L6:
 153              		.align	2
 154              	.L5:
 155 0008 00000000 		.word	EZI2C_fsmState
 156              		.cfi_endproc
 157              	.LFE2:
 158              		.size	EZI2C_EzI2CStop, .-EZI2C_EzI2CStop
 159              		.section	.text.EZI2C_EzI2CGetActivity,"ax",%progbits
 160              		.align	2
 161              		.global	EZI2C_EzI2CGetActivity
 162              		.code	16
 163              		.thumb_func
 164              		.type	EZI2C_EzI2CGetActivity, %function
 165              	EZI2C_EzI2CGetActivity:
 166              	.LFB3:
 286:Generated_Source\PSoC4/EZI2C_EZI2C.c **** 
 287:Generated_Source\PSoC4/EZI2C_EZI2C.c **** 
 288:Generated_Source\PSoC4/EZI2C_EZI2C.c **** /*******************************************************************************
 289:Generated_Source\PSoC4/EZI2C_EZI2C.c **** * Function Name: EZI2C_EzI2CGetActivity
 290:Generated_Source\PSoC4/EZI2C_EZI2C.c **** ****************************************************************************//**
ARM GAS  C:\Users\Administrator\AppData\Local\Temp\cc7icXFV.s 			page 9


 291:Generated_Source\PSoC4/EZI2C_EZI2C.c **** *
 292:Generated_Source\PSoC4/EZI2C_EZI2C.c **** *  Returns the EZI2C slave status.
 293:Generated_Source\PSoC4/EZI2C_EZI2C.c **** *  The read, write and error status flags reset to zero after this function
 294:Generated_Source\PSoC4/EZI2C_EZI2C.c **** *  call. The busy status flag is cleared when the transaction intended for
 295:Generated_Source\PSoC4/EZI2C_EZI2C.c **** *  the EZI2C slave completes.
 296:Generated_Source\PSoC4/EZI2C_EZI2C.c **** *
 297:Generated_Source\PSoC4/EZI2C_EZI2C.c **** * \return
 298:Generated_Source\PSoC4/EZI2C_EZI2C.c **** *  Returns the status of the EZI2C Slave activity.
 299:Generated_Source\PSoC4/EZI2C_EZI2C.c **** *  - EZI2C_EZI2C_STATUS_READ1 - Read transfer complete. The transfer 
 300:Generated_Source\PSoC4/EZI2C_EZI2C.c **** *    used the primary slave address. The error condition status bit must be 
 301:Generated_Source\PSoC4/EZI2C_EZI2C.c **** *    checked to ensure that read transfer was completed successfully.
 302:Generated_Source\PSoC4/EZI2C_EZI2C.c **** *  - EZI2C_EZI2C_STATUS_WRITE1 - Write transfer complete. The buffer 
 303:Generated_Source\PSoC4/EZI2C_EZI2C.c **** *    content was modified. The transfer used the primary slave address. 
 304:Generated_Source\PSoC4/EZI2C_EZI2C.c **** *    The error condition status bit must be checked to ensure that write 
 305:Generated_Source\PSoC4/EZI2C_EZI2C.c **** *    transfer was completed successfully.
 306:Generated_Source\PSoC4/EZI2C_EZI2C.c **** *  - EZI2C_EZI2C_STATUS_READ2 - Read transfer complete. The transfer
 307:Generated_Source\PSoC4/EZI2C_EZI2C.c **** *    used the secondary slave address. The error condition status bit must be 
 308:Generated_Source\PSoC4/EZI2C_EZI2C.c **** *    checked to ensure that read transfer was completed successfully.
 309:Generated_Source\PSoC4/EZI2C_EZI2C.c **** *  - EZI2C_EZI2C_STATUS_WRITE2 - Write transfer complete. The buffer
 310:Generated_Source\PSoC4/EZI2C_EZI2C.c **** *    content was modified. The transfer used the secondary slave address. 
 311:Generated_Source\PSoC4/EZI2C_EZI2C.c **** *    The error condition status bit must be checked to ensure that write 
 312:Generated_Source\PSoC4/EZI2C_EZI2C.c **** *    transfer was completed successfully.
 313:Generated_Source\PSoC4/EZI2C_EZI2C.c **** *  - EZI2C_EZI2C_STATUS_BUSY - A transfer intended for the primary 
 314:Generated_Source\PSoC4/EZI2C_EZI2C.c **** *    or secondary address is in progress. The status bit is set after an 
 315:Generated_Source\PSoC4/EZI2C_EZI2C.c **** *    address match and cleared on a Stop or ReStart condition.
 316:Generated_Source\PSoC4/EZI2C_EZI2C.c **** *  - EZI2C_EZI2C_STATUS_ERR - An error occurred during a transfer 
 317:Generated_Source\PSoC4/EZI2C_EZI2C.c **** *    intended for the primary or secondary slave address. The sources of error
 318:Generated_Source\PSoC4/EZI2C_EZI2C.c **** *    are: misplaced Start or Stop condition or lost arbitration while slave 
 319:Generated_Source\PSoC4/EZI2C_EZI2C.c **** *    drives SDA.
 320:Generated_Source\PSoC4/EZI2C_EZI2C.c **** *    The write buffer may contain invalid byte or part of the transaction when 
 321:Generated_Source\PSoC4/EZI2C_EZI2C.c **** *    EZI2C_EZI2C_STATUS_ERR and EZI2C_EZI2C_STATUS_WRITE1/2 
 322:Generated_Source\PSoC4/EZI2C_EZI2C.c **** *    is set. It is recommended to discard buffer content in this case.
 323:Generated_Source\PSoC4/EZI2C_EZI2C.c **** *
 324:Generated_Source\PSoC4/EZI2C_EZI2C.c **** * \globalvars
 325:Generated_Source\PSoC4/EZI2C_EZI2C.c **** *  EZI2C_curStatus - used to store the current status of the EZI2C 
 326:Generated_Source\PSoC4/EZI2C_EZI2C.c **** *  slave.
 327:Generated_Source\PSoC4/EZI2C_EZI2C.c **** *
 328:Generated_Source\PSoC4/EZI2C_EZI2C.c **** *******************************************************************************/
 329:Generated_Source\PSoC4/EZI2C_EZI2C.c **** uint32 EZI2C_EzI2CGetActivity(void)
 330:Generated_Source\PSoC4/EZI2C_EZI2C.c **** {
 167              		.loc 1 330 0
 168              		.cfi_startproc
 169 0000 10B5     		push	{r4, lr}
 170              		.cfi_def_cfa_offset 8
 171              		.cfi_offset 4, -8
 172              		.cfi_offset 14, -4
 331:Generated_Source\PSoC4/EZI2C_EZI2C.c ****     uint32 status;
 332:Generated_Source\PSoC4/EZI2C_EZI2C.c **** 
 333:Generated_Source\PSoC4/EZI2C_EZI2C.c ****     EZI2C_DisableInt();  /* Lock from interruption */
 173              		.loc 1 333 0
 174 0002 0720     		mov	r0, #7
 175 0004 FFF7FEFF 		bl	CyIntDisable
 176              	.LVL3:
 334:Generated_Source\PSoC4/EZI2C_EZI2C.c **** 
 335:Generated_Source\PSoC4/EZI2C_EZI2C.c ****     status = EZI2C_curStatus;
 177              		.loc 1 335 0
 178 0008 054B     		ldr	r3, .L8
ARM GAS  C:\Users\Administrator\AppData\Local\Temp\cc7icXFV.s 			page 10


 179 000a 1C78     		ldrb	r4, [r3]
 180 000c E4B2     		uxtb	r4, r4
 181              	.LVL4:
 336:Generated_Source\PSoC4/EZI2C_EZI2C.c **** 
 337:Generated_Source\PSoC4/EZI2C_EZI2C.c ****     /* Relay on address match event from HW as bus busy status */
 338:Generated_Source\PSoC4/EZI2C_EZI2C.c ****     #if(EZI2C_EZI2C_SCL_STRETCH_DISABLE)
 339:Generated_Source\PSoC4/EZI2C_EZI2C.c ****     {
 340:Generated_Source\PSoC4/EZI2C_EZI2C.c ****         /* For EZI2C_CY_SCBIP_V0 the wake is prohibited by customizer */
 341:Generated_Source\PSoC4/EZI2C_EZI2C.c ****         #if(EZI2C_EZI2C_EC_AM_ENABLE)
 342:Generated_Source\PSoC4/EZI2C_EZI2C.c ****         {
 343:Generated_Source\PSoC4/EZI2C_EZI2C.c ****             status |= EZI2C_CHECK_INTR_I2C_EC(EZI2C_INTR_I2C_EC_WAKE_UP) ?
 344:Generated_Source\PSoC4/EZI2C_EZI2C.c ****                         EZI2C_EZI2C_STATUS_BUSY : 0u;
 345:Generated_Source\PSoC4/EZI2C_EZI2C.c ****         }
 346:Generated_Source\PSoC4/EZI2C_EZI2C.c ****         #else
 347:Generated_Source\PSoC4/EZI2C_EZI2C.c ****         {
 348:Generated_Source\PSoC4/EZI2C_EZI2C.c ****             status |= EZI2C_CHECK_INTR_SLAVE(EZI2C_INTR_SLAVE_I2C_ADDR_MATCH) ?
 349:Generated_Source\PSoC4/EZI2C_EZI2C.c ****                         EZI2C_EZI2C_STATUS_BUSY : 0u;
 350:Generated_Source\PSoC4/EZI2C_EZI2C.c ****         }
 351:Generated_Source\PSoC4/EZI2C_EZI2C.c ****         #endif
 352:Generated_Source\PSoC4/EZI2C_EZI2C.c ****     }
 353:Generated_Source\PSoC4/EZI2C_EZI2C.c ****     #endif
 354:Generated_Source\PSoC4/EZI2C_EZI2C.c **** 
 355:Generated_Source\PSoC4/EZI2C_EZI2C.c ****     EZI2C_curStatus &= ((uint8) ~EZI2C_EZI2C_CLEAR_STATUS);
 182              		.loc 1 355 0
 183 000e 1A78     		ldrb	r2, [r3]
 184 0010 1F21     		mov	r1, #31
 185 0012 8A43     		bic	r2, r1
 186 0014 1A70     		strb	r2, [r3]
 356:Generated_Source\PSoC4/EZI2C_EZI2C.c **** 
 357:Generated_Source\PSoC4/EZI2C_EZI2C.c ****     EZI2C_EnableInt();   /* Release lock */
 187              		.loc 1 357 0
 188 0016 0720     		mov	r0, #7
 189 0018 FFF7FEFF 		bl	CyIntEnable
 190              	.LVL5:
 358:Generated_Source\PSoC4/EZI2C_EZI2C.c **** 
 359:Generated_Source\PSoC4/EZI2C_EZI2C.c ****     return(status);
 360:Generated_Source\PSoC4/EZI2C_EZI2C.c **** }
 191              		.loc 1 360 0
 192 001c 201C     		mov	r0, r4
 193              		@ sp needed
 194              	.LVL6:
 195 001e 10BD     		pop	{r4, pc}
 196              	.L9:
 197              		.align	2
 198              	.L8:
 199 0020 00000000 		.word	EZI2C_curStatus
 200              		.cfi_endproc
 201              	.LFE3:
 202              		.size	EZI2C_EzI2CGetActivity, .-EZI2C_EzI2CGetActivity
 203              		.section	.text.EZI2C_EzI2CSetAddress1,"ax",%progbits
 204              		.align	2
 205              		.global	EZI2C_EzI2CSetAddress1
 206              		.code	16
 207              		.thumb_func
 208              		.type	EZI2C_EzI2CSetAddress1, %function
 209              	EZI2C_EzI2CSetAddress1:
 210              	.LFB4:
ARM GAS  C:\Users\Administrator\AppData\Local\Temp\cc7icXFV.s 			page 11


 361:Generated_Source\PSoC4/EZI2C_EZI2C.c **** 
 362:Generated_Source\PSoC4/EZI2C_EZI2C.c **** 
 363:Generated_Source\PSoC4/EZI2C_EZI2C.c **** /*******************************************************************************
 364:Generated_Source\PSoC4/EZI2C_EZI2C.c **** * Function Name: EZI2C_EzI2CSetAddress1
 365:Generated_Source\PSoC4/EZI2C_EZI2C.c **** ****************************************************************************//**
 366:Generated_Source\PSoC4/EZI2C_EZI2C.c **** *
 367:Generated_Source\PSoC4/EZI2C_EZI2C.c **** *  Sets the primary EZI2C slave address.
 368:Generated_Source\PSoC4/EZI2C_EZI2C.c **** *
 369:Generated_Source\PSoC4/EZI2C_EZI2C.c **** * \param address: I2C slave address for the secondary device.
 370:Generated_Source\PSoC4/EZI2C_EZI2C.c **** *  This address is the 7-bit right-justified slave address and does not 
 371:Generated_Source\PSoC4/EZI2C_EZI2C.c **** *   include the R/W bit.
 372:Generated_Source\PSoC4/EZI2C_EZI2C.c **** *
 373:Generated_Source\PSoC4/EZI2C_EZI2C.c **** *  The address value is not checked to see if it violates the I2C spec. 
 374:Generated_Source\PSoC4/EZI2C_EZI2C.c **** *  The preferred addresses are in the range between 8 and 120 (0x08 to 0x78).
 375:Generated_Source\PSoC4/EZI2C_EZI2C.c **** *
 376:Generated_Source\PSoC4/EZI2C_EZI2C.c **** * \globalvars
 377:Generated_Source\PSoC4/EZI2C_EZI2C.c **** *  EZI2C_addrBuf1 - used to store the primary 7-bit slave address 
 378:Generated_Source\PSoC4/EZI2C_EZI2C.c **** *  value.
 379:Generated_Source\PSoC4/EZI2C_EZI2C.c **** *
 380:Generated_Source\PSoC4/EZI2C_EZI2C.c **** *******************************************************************************/
 381:Generated_Source\PSoC4/EZI2C_EZI2C.c **** void EZI2C_EzI2CSetAddress1(uint32 address)
 382:Generated_Source\PSoC4/EZI2C_EZI2C.c **** {
 211              		.loc 1 382 0
 212              		.cfi_startproc
 213              	.LVL7:
 214              	.LBB2:
 383:Generated_Source\PSoC4/EZI2C_EZI2C.c ****     #if(EZI2C_SECONDARY_ADDRESS_ENABLE)
 384:Generated_Source\PSoC4/EZI2C_EZI2C.c ****     {
 385:Generated_Source\PSoC4/EZI2C_EZI2C.c ****         EZI2C_addrBuf1 = (uint8) address;
 386:Generated_Source\PSoC4/EZI2C_EZI2C.c **** 
 387:Generated_Source\PSoC4/EZI2C_EZI2C.c ****         EZI2C_RX_MATCH_REG = 
 388:Generated_Source\PSoC4/EZI2C_EZI2C.c ****                         EZI2C_EzI2CUpdateRxMatchReg(address, (uint32) EZI2C_addrBuf2);
 389:Generated_Source\PSoC4/EZI2C_EZI2C.c ****     }
 390:Generated_Source\PSoC4/EZI2C_EZI2C.c ****     #else
 391:Generated_Source\PSoC4/EZI2C_EZI2C.c ****     {
 392:Generated_Source\PSoC4/EZI2C_EZI2C.c ****         uint32 matchReg;
 393:Generated_Source\PSoC4/EZI2C_EZI2C.c **** 
 394:Generated_Source\PSoC4/EZI2C_EZI2C.c ****         matchReg = EZI2C_RX_MATCH_REG;
 215              		.loc 1 394 0
 216 0000 044A     		ldr	r2, .L11
 217 0002 1368     		ldr	r3, [r2]
 218              	.LVL8:
 395:Generated_Source\PSoC4/EZI2C_EZI2C.c **** 
 396:Generated_Source\PSoC4/EZI2C_EZI2C.c ****         /* Set address. */
 397:Generated_Source\PSoC4/EZI2C_EZI2C.c ****         matchReg &= (uint32) ~EZI2C_RX_MATCH_ADDR_MASK;
 219              		.loc 1 397 0
 220 0004 FF21     		mov	r1, #255
 221 0006 8B43     		bic	r3, r1
 222              	.LVL9:
 398:Generated_Source\PSoC4/EZI2C_EZI2C.c ****         matchReg |= (uint32)  EZI2C_GET_I2C_8BIT_ADDRESS(address);
 223              		.loc 1 398 0
 224 0008 4000     		lsl	r0, r0, #1
 225              	.LVL10:
 226 000a 0840     		and	r0, r1
 227 000c 1843     		orr	r0, r3
 228              	.LVL11:
 399:Generated_Source\PSoC4/EZI2C_EZI2C.c **** 
ARM GAS  C:\Users\Administrator\AppData\Local\Temp\cc7icXFV.s 			page 12


 400:Generated_Source\PSoC4/EZI2C_EZI2C.c ****         EZI2C_RX_MATCH_REG = matchReg;
 229              		.loc 1 400 0
 230 000e 1060     		str	r0, [r2]
 231              	.LBE2:
 401:Generated_Source\PSoC4/EZI2C_EZI2C.c ****     }
 402:Generated_Source\PSoC4/EZI2C_EZI2C.c ****     #endif
 403:Generated_Source\PSoC4/EZI2C_EZI2C.c **** }
 232              		.loc 1 403 0
 233              		@ sp needed
 234 0010 7047     		bx	lr
 235              	.L12:
 236 0012 C046     		.align	2
 237              	.L11:
 238 0014 10030840 		.word	1074266896
 239              		.cfi_endproc
 240              	.LFE4:
 241              		.size	EZI2C_EzI2CSetAddress1, .-EZI2C_EzI2CSetAddress1
 242              		.section	.text.EZI2C_EzI2CGetAddress1,"ax",%progbits
 243              		.align	2
 244              		.global	EZI2C_EzI2CGetAddress1
 245              		.code	16
 246              		.thumb_func
 247              		.type	EZI2C_EzI2CGetAddress1, %function
 248              	EZI2C_EzI2CGetAddress1:
 249              	.LFB5:
 404:Generated_Source\PSoC4/EZI2C_EZI2C.c **** 
 405:Generated_Source\PSoC4/EZI2C_EZI2C.c **** 
 406:Generated_Source\PSoC4/EZI2C_EZI2C.c **** /*******************************************************************************
 407:Generated_Source\PSoC4/EZI2C_EZI2C.c **** * Function Name: EZI2C_EzI2CGetAddress1
 408:Generated_Source\PSoC4/EZI2C_EZI2C.c **** ****************************************************************************//**
 409:Generated_Source\PSoC4/EZI2C_EZI2C.c **** *
 410:Generated_Source\PSoC4/EZI2C_EZI2C.c **** *  Returns primary the EZ I2C slave address.
 411:Generated_Source\PSoC4/EZI2C_EZI2C.c **** *  This address is the 7-bit right-justified slave address and does not include 
 412:Generated_Source\PSoC4/EZI2C_EZI2C.c **** *  the R/W bit.
 413:Generated_Source\PSoC4/EZI2C_EZI2C.c **** *
 414:Generated_Source\PSoC4/EZI2C_EZI2C.c **** * \return
 415:Generated_Source\PSoC4/EZI2C_EZI2C.c **** *  Primary EZI2C slave address.
 416:Generated_Source\PSoC4/EZI2C_EZI2C.c **** *
 417:Generated_Source\PSoC4/EZI2C_EZI2C.c **** * \globalvars
 418:Generated_Source\PSoC4/EZI2C_EZI2C.c **** *  EZI2C_addrBuf1 - used to store the primary 7-bit slave address 
 419:Generated_Source\PSoC4/EZI2C_EZI2C.c **** *  value.
 420:Generated_Source\PSoC4/EZI2C_EZI2C.c **** *
 421:Generated_Source\PSoC4/EZI2C_EZI2C.c **** *******************************************************************************/
 422:Generated_Source\PSoC4/EZI2C_EZI2C.c **** uint32 EZI2C_EzI2CGetAddress1(void)
 423:Generated_Source\PSoC4/EZI2C_EZI2C.c **** {
 250              		.loc 1 423 0
 251              		.cfi_startproc
 424:Generated_Source\PSoC4/EZI2C_EZI2C.c ****     uint32 address;
 425:Generated_Source\PSoC4/EZI2C_EZI2C.c **** 
 426:Generated_Source\PSoC4/EZI2C_EZI2C.c ****     #if(EZI2C_SECONDARY_ADDRESS_ENABLE)
 427:Generated_Source\PSoC4/EZI2C_EZI2C.c ****     {
 428:Generated_Source\PSoC4/EZI2C_EZI2C.c ****         address = (uint32) EZI2C_addrBuf1;
 429:Generated_Source\PSoC4/EZI2C_EZI2C.c ****     }
 430:Generated_Source\PSoC4/EZI2C_EZI2C.c ****     #else
 431:Generated_Source\PSoC4/EZI2C_EZI2C.c ****     {
 432:Generated_Source\PSoC4/EZI2C_EZI2C.c ****         address = (EZI2C_GET_RX_MATCH_ADDR(EZI2C_RX_MATCH_REG) >>
 252              		.loc 1 432 0
ARM GAS  C:\Users\Administrator\AppData\Local\Temp\cc7icXFV.s 			page 13


 253 0000 024B     		ldr	r3, .L14
 254 0002 1868     		ldr	r0, [r3]
 255 0004 0006     		lsl	r0, r0, #24
 256 0006 400E     		lsr	r0, r0, #25
 257              	.LVL12:
 433:Generated_Source\PSoC4/EZI2C_EZI2C.c ****                    EZI2C_I2C_SLAVE_ADDR_POS);
 434:Generated_Source\PSoC4/EZI2C_EZI2C.c ****     }
 435:Generated_Source\PSoC4/EZI2C_EZI2C.c ****     #endif
 436:Generated_Source\PSoC4/EZI2C_EZI2C.c **** 
 437:Generated_Source\PSoC4/EZI2C_EZI2C.c ****     return(address);
 438:Generated_Source\PSoC4/EZI2C_EZI2C.c **** }
 258              		.loc 1 438 0
 259              		@ sp needed
 260 0008 7047     		bx	lr
 261              	.L15:
 262 000a C046     		.align	2
 263              	.L14:
 264 000c 10030840 		.word	1074266896
 265              		.cfi_endproc
 266              	.LFE5:
 267              		.size	EZI2C_EzI2CGetAddress1, .-EZI2C_EzI2CGetAddress1
 268              		.section	.text.EZI2C_EzI2CSetBuffer1,"ax",%progbits
 269              		.align	2
 270              		.global	EZI2C_EzI2CSetBuffer1
 271              		.code	16
 272              		.thumb_func
 273              		.type	EZI2C_EzI2CSetBuffer1, %function
 274              	EZI2C_EzI2CSetBuffer1:
 275              	.LFB6:
 439:Generated_Source\PSoC4/EZI2C_EZI2C.c **** 
 440:Generated_Source\PSoC4/EZI2C_EZI2C.c **** 
 441:Generated_Source\PSoC4/EZI2C_EZI2C.c **** /*******************************************************************************
 442:Generated_Source\PSoC4/EZI2C_EZI2C.c **** * Function Name: EZI2C_EzI2CSetBuffer1
 443:Generated_Source\PSoC4/EZI2C_EZI2C.c **** ****************************************************************************//**
 444:Generated_Source\PSoC4/EZI2C_EZI2C.c **** *
 445:Generated_Source\PSoC4/EZI2C_EZI2C.c **** *  Sets up the data buffer to be exposed to the I2C master on a primary slave
 446:Generated_Source\PSoC4/EZI2C_EZI2C.c **** *  address request.
 447:Generated_Source\PSoC4/EZI2C_EZI2C.c **** *
 448:Generated_Source\PSoC4/EZI2C_EZI2C.c **** * \param bufSize: Size of the buffer in bytes.
 449:Generated_Source\PSoC4/EZI2C_EZI2C.c **** * \param rwBoundary: Number of data bytes starting from the beginning of the 
 450:Generated_Source\PSoC4/EZI2C_EZI2C.c **** *  buffer with read and write access. Data bytes located at offset rwBoundary 
 451:Generated_Source\PSoC4/EZI2C_EZI2C.c **** *  or greater are read only.
 452:Generated_Source\PSoC4/EZI2C_EZI2C.c **** *  This value must be less than or equal to the buffer size.
 453:Generated_Source\PSoC4/EZI2C_EZI2C.c **** * \param buffer: Pointer to the data buffer.
 454:Generated_Source\PSoC4/EZI2C_EZI2C.c **** *
 455:Generated_Source\PSoC4/EZI2C_EZI2C.c **** * \sideeffect
 456:Generated_Source\PSoC4/EZI2C_EZI2C.c **** *  Calling this function in the middle of a transaction intended for the 
 457:Generated_Source\PSoC4/EZI2C_EZI2C.c **** *  primary slave address leads to unexpected behavior.
 458:Generated_Source\PSoC4/EZI2C_EZI2C.c **** *
 459:Generated_Source\PSoC4/EZI2C_EZI2C.c **** * \globalvars
 460:Generated_Source\PSoC4/EZI2C_EZI2C.c **** *  EZI2C_dataBuffer1 ¨C the pointer to the buffer to be exposed to the
 461:Generated_Source\PSoC4/EZI2C_EZI2C.c **** *  master on a primary address.
 462:Generated_Source\PSoC4/EZI2C_EZI2C.c **** *  EZI2C_bufSizeBuf1 - the size of the buffer to be exposed to the 
 463:Generated_Source\PSoC4/EZI2C_EZI2C.c **** *  master on a primary address.
 464:Generated_Source\PSoC4/EZI2C_EZI2C.c **** *  EZI2C_protectBuf1 - the start index of the read-only region in the
 465:Generated_Source\PSoC4/EZI2C_EZI2C.c **** *  buffer to be exposed to the master on a primary address. The read-only region
 466:Generated_Source\PSoC4/EZI2C_EZI2C.c **** *  continues up to the end the buffer.
ARM GAS  C:\Users\Administrator\AppData\Local\Temp\cc7icXFV.s 			page 14


 467:Generated_Source\PSoC4/EZI2C_EZI2C.c **** *
 468:Generated_Source\PSoC4/EZI2C_EZI2C.c **** *******************************************************************************/
 469:Generated_Source\PSoC4/EZI2C_EZI2C.c **** void EZI2C_EzI2CSetBuffer1(uint32 bufSize, uint32 rwBoundary, volatile uint8 * buffer)
 470:Generated_Source\PSoC4/EZI2C_EZI2C.c **** {
 276              		.loc 1 470 0
 277              		.cfi_startproc
 278              	.LVL13:
 279 0000 70B5     		push	{r4, r5, r6, lr}
 280              		.cfi_def_cfa_offset 16
 281              		.cfi_offset 4, -16
 282              		.cfi_offset 5, -12
 283              		.cfi_offset 6, -8
 284              		.cfi_offset 14, -4
 285 0002 061C     		mov	r6, r0
 286 0004 0D1C     		mov	r5, r1
 287 0006 141E     		sub	r4, r2, #0
 471:Generated_Source\PSoC4/EZI2C_EZI2C.c ****     if (NULL != buffer)
 288              		.loc 1 471 0
 289 0008 0BD0     		beq	.L16
 472:Generated_Source\PSoC4/EZI2C_EZI2C.c ****     {
 473:Generated_Source\PSoC4/EZI2C_EZI2C.c ****         EZI2C_DisableInt();  /* Lock from interruption */
 290              		.loc 1 473 0
 291 000a 0720     		mov	r0, #7
 292              	.LVL14:
 293 000c FFF7FEFF 		bl	CyIntDisable
 294              	.LVL15:
 474:Generated_Source\PSoC4/EZI2C_EZI2C.c **** 
 475:Generated_Source\PSoC4/EZI2C_EZI2C.c ****         EZI2C_dataBuffer1 =  buffer;
 295              		.loc 1 475 0
 296 0010 044B     		ldr	r3, .L18
 297 0012 1C60     		str	r4, [r3]
 476:Generated_Source\PSoC4/EZI2C_EZI2C.c ****         EZI2C_bufSizeBuf1 = (uint16) bufSize;
 298              		.loc 1 476 0
 299 0014 044B     		ldr	r3, .L18+4
 300 0016 1E80     		strh	r6, [r3]
 477:Generated_Source\PSoC4/EZI2C_EZI2C.c ****         EZI2C_protectBuf1 = (uint16) rwBoundary;
 301              		.loc 1 477 0
 302 0018 044B     		ldr	r3, .L18+8
 303 001a 1D80     		strh	r5, [r3]
 478:Generated_Source\PSoC4/EZI2C_EZI2C.c **** 
 479:Generated_Source\PSoC4/EZI2C_EZI2C.c ****         EZI2C_EnableInt();   /* Release lock */
 304              		.loc 1 479 0
 305 001c 0720     		mov	r0, #7
 306 001e FFF7FEFF 		bl	CyIntEnable
 307              	.LVL16:
 308              	.L16:
 480:Generated_Source\PSoC4/EZI2C_EZI2C.c ****     }
 481:Generated_Source\PSoC4/EZI2C_EZI2C.c **** }
 309              		.loc 1 481 0
 310              		@ sp needed
 311              	.LVL17:
 312              	.LVL18:
 313              	.LVL19:
 314 0022 70BD     		pop	{r4, r5, r6, pc}
 315              	.L19:
 316              		.align	2
 317              	.L18:
ARM GAS  C:\Users\Administrator\AppData\Local\Temp\cc7icXFV.s 			page 15


 318 0024 00000000 		.word	EZI2C_dataBuffer1
 319 0028 00000000 		.word	EZI2C_bufSizeBuf1
 320 002c 00000000 		.word	EZI2C_protectBuf1
 321              		.cfi_endproc
 322              	.LFE6:
 323              		.size	EZI2C_EzI2CSetBuffer1, .-EZI2C_EzI2CSetBuffer1
 324              		.section	.text.EZI2C_EzI2CSetReadBoundaryBuffer1,"ax",%progbits
 325              		.align	2
 326              		.global	EZI2C_EzI2CSetReadBoundaryBuffer1
 327              		.code	16
 328              		.thumb_func
 329              		.type	EZI2C_EzI2CSetReadBoundaryBuffer1, %function
 330              	EZI2C_EzI2CSetReadBoundaryBuffer1:
 331              	.LFB7:
 482:Generated_Source\PSoC4/EZI2C_EZI2C.c **** 
 483:Generated_Source\PSoC4/EZI2C_EZI2C.c **** 
 484:Generated_Source\PSoC4/EZI2C_EZI2C.c **** /*******************************************************************************
 485:Generated_Source\PSoC4/EZI2C_EZI2C.c **** * Function Name: EZI2C_EzI2CSetReadBoundaryBuffer1
 486:Generated_Source\PSoC4/EZI2C_EZI2C.c **** ****************************************************************************//**
 487:Generated_Source\PSoC4/EZI2C_EZI2C.c **** *
 488:Generated_Source\PSoC4/EZI2C_EZI2C.c **** *  Sets the read only boundary in the data buffer to be exposed to the I2C
 489:Generated_Source\PSoC4/EZI2C_EZI2C.c **** *  master on a primary slave address request.
 490:Generated_Source\PSoC4/EZI2C_EZI2C.c **** *
 491:Generated_Source\PSoC4/EZI2C_EZI2C.c **** * \param rwBoundry: Number of data bytes starting from the beginning of the 
 492:Generated_Source\PSoC4/EZI2C_EZI2C.c **** *  buffer with read and write access. Data bytes located at offset rwBoundary 
 493:Generated_Source\PSoC4/EZI2C_EZI2C.c **** *  or greater are read only.
 494:Generated_Source\PSoC4/EZI2C_EZI2C.c **** *  This value must be less than or equal to the buffer size.
 495:Generated_Source\PSoC4/EZI2C_EZI2C.c **** *
 496:Generated_Source\PSoC4/EZI2C_EZI2C.c **** * \sideeffect
 497:Generated_Source\PSoC4/EZI2C_EZI2C.c **** *  Calling this function in the middle of a transaction intended for the 
 498:Generated_Source\PSoC4/EZI2C_EZI2C.c **** *  primary slave address leads to unexpected behavior.
 499:Generated_Source\PSoC4/EZI2C_EZI2C.c **** *
 500:Generated_Source\PSoC4/EZI2C_EZI2C.c **** * \globalvars
 501:Generated_Source\PSoC4/EZI2C_EZI2C.c **** *  EZI2C_protectBuf1 - the start index of the read-only region in the
 502:Generated_Source\PSoC4/EZI2C_EZI2C.c **** *  buffer to be exposed to the master on a primary address. The read-only region
 503:Generated_Source\PSoC4/EZI2C_EZI2C.c **** *  continues up to the end the buffer.
 504:Generated_Source\PSoC4/EZI2C_EZI2C.c **** *
 505:Generated_Source\PSoC4/EZI2C_EZI2C.c **** *******************************************************************************/
 506:Generated_Source\PSoC4/EZI2C_EZI2C.c **** void EZI2C_EzI2CSetReadBoundaryBuffer1(uint32 rwBoundary)
 507:Generated_Source\PSoC4/EZI2C_EZI2C.c **** {
 332              		.loc 1 507 0
 333              		.cfi_startproc
 334              	.LVL20:
 508:Generated_Source\PSoC4/EZI2C_EZI2C.c ****     EZI2C_protectBuf1 = (uint16) rwBoundary;
 335              		.loc 1 508 0
 336 0000 014B     		ldr	r3, .L21
 337 0002 1880     		strh	r0, [r3]
 509:Generated_Source\PSoC4/EZI2C_EZI2C.c **** }
 338              		.loc 1 509 0
 339              		@ sp needed
 340 0004 7047     		bx	lr
 341              	.L22:
 342 0006 C046     		.align	2
 343              	.L21:
 344 0008 00000000 		.word	EZI2C_protectBuf1
 345              		.cfi_endproc
 346              	.LFE7:
ARM GAS  C:\Users\Administrator\AppData\Local\Temp\cc7icXFV.s 			page 16


 347              		.size	EZI2C_EzI2CSetReadBoundaryBuffer1, .-EZI2C_EzI2CSetReadBoundaryBuffer1
 348              		.comm	EZI2C_indexBuf1,2,2
 349              		.comm	EZI2C_offsetBuf1,2,2
 350              		.comm	EZI2C_protectBuf1,2,2
 351              		.comm	EZI2C_bufSizeBuf1,2,2
 352              		.comm	EZI2C_dataBuffer1,4,4
 353              		.comm	EZI2C_fsmState,1,1
 354              		.comm	EZI2C_curStatus,1,1
 355              		.text
 356              	.Letext0:
 357              		.file 2 "Generated_Source\\PSoC4/cytypes.h"
 358              		.file 3 "Generated_Source\\PSoC4/CyLib.h"
 359              		.section	.debug_info,"",%progbits
 360              	.Ldebug_info0:
 361 0000 43030000 		.4byte	0x343
 362 0004 0400     		.2byte	0x4
 363 0006 00000000 		.4byte	.Ldebug_abbrev0
 364 000a 04       		.byte	0x4
 365 000b 01       		.uleb128 0x1
 366 000c ED000000 		.4byte	.LASF39
 367 0010 01       		.byte	0x1
 368 0011 B4000000 		.4byte	.LASF40
 369 0015 D1010000 		.4byte	.LASF41
 370 0019 00000000 		.4byte	.Ldebug_ranges0+0
 371 001d 00000000 		.4byte	0
 372 0021 00000000 		.4byte	.Ldebug_line0
 373 0025 02       		.uleb128 0x2
 374 0026 01       		.byte	0x1
 375 0027 06       		.byte	0x6
 376 0028 24030000 		.4byte	.LASF0
 377 002c 02       		.uleb128 0x2
 378 002d 01       		.byte	0x1
 379 002e 08       		.byte	0x8
 380 002f DF000000 		.4byte	.LASF1
 381 0033 02       		.uleb128 0x2
 382 0034 02       		.byte	0x2
 383 0035 05       		.byte	0x5
 384 0036 C1020000 		.4byte	.LASF2
 385 003a 02       		.uleb128 0x2
 386 003b 02       		.byte	0x2
 387 003c 07       		.byte	0x7
 388 003d 56000000 		.4byte	.LASF3
 389 0041 02       		.uleb128 0x2
 390 0042 04       		.byte	0x4
 391 0043 05       		.byte	0x5
 392 0044 E4020000 		.4byte	.LASF4
 393 0048 02       		.uleb128 0x2
 394 0049 04       		.byte	0x4
 395 004a 07       		.byte	0x7
 396 004b 8F010000 		.4byte	.LASF5
 397 004f 02       		.uleb128 0x2
 398 0050 08       		.byte	0x8
 399 0051 05       		.byte	0x5
 400 0052 8F020000 		.4byte	.LASF6
 401 0056 02       		.uleb128 0x2
 402 0057 08       		.byte	0x8
 403 0058 07       		.byte	0x7
ARM GAS  C:\Users\Administrator\AppData\Local\Temp\cc7icXFV.s 			page 17


 404 0059 3B020000 		.4byte	.LASF7
 405 005d 03       		.uleb128 0x3
 406 005e 04       		.byte	0x4
 407 005f 05       		.byte	0x5
 408 0060 696E7400 		.ascii	"int\000"
 409 0064 02       		.uleb128 0x2
 410 0065 04       		.byte	0x4
 411 0066 07       		.byte	0x7
 412 0067 26020000 		.4byte	.LASF8
 413 006b 04       		.uleb128 0x4
 414 006c A1010000 		.4byte	.LASF9
 415 0070 02       		.byte	0x2
 416 0071 B901     		.2byte	0x1b9
 417 0073 2C000000 		.4byte	0x2c
 418 0077 04       		.uleb128 0x4
 419 0078 CA010000 		.4byte	.LASF10
 420 007c 02       		.byte	0x2
 421 007d BA01     		.2byte	0x1ba
 422 007f 3A000000 		.4byte	0x3a
 423 0083 04       		.uleb128 0x4
 424 0084 0D020000 		.4byte	.LASF11
 425 0088 02       		.byte	0x2
 426 0089 BB01     		.2byte	0x1bb
 427 008b 48000000 		.4byte	0x48
 428 008f 02       		.uleb128 0x2
 429 0090 04       		.byte	0x4
 430 0091 04       		.byte	0x4
 431 0092 D9000000 		.4byte	.LASF12
 432 0096 02       		.uleb128 0x2
 433 0097 08       		.byte	0x8
 434 0098 04       		.byte	0x4
 435 0099 B7010000 		.4byte	.LASF13
 436 009d 02       		.uleb128 0x2
 437 009e 01       		.byte	0x1
 438 009f 08       		.byte	0x8
 439 00a0 9D020000 		.4byte	.LASF14
 440 00a4 05       		.uleb128 0x5
 441 00a5 6B000000 		.4byte	0x6b
 442 00a9 04       		.uleb128 0x4
 443 00aa 00000000 		.4byte	.LASF15
 444 00ae 02       		.byte	0x2
 445 00af 6502     		.2byte	0x265
 446 00b1 B5000000 		.4byte	0xb5
 447 00b5 05       		.uleb128 0x5
 448 00b6 83000000 		.4byte	0x83
 449 00ba 04       		.uleb128 0x4
 450 00bb 63020000 		.4byte	.LASF16
 451 00bf 02       		.byte	0x2
 452 00c0 7502     		.2byte	0x275
 453 00c2 C6000000 		.4byte	0xc6
 454 00c6 06       		.uleb128 0x6
 455 00c7 04       		.byte	0x4
 456 00c8 CC000000 		.4byte	0xcc
 457 00cc 07       		.uleb128 0x7
 458 00cd 02       		.uleb128 0x2
 459 00ce 04       		.byte	0x4
 460 00cf 07       		.byte	0x7
ARM GAS  C:\Users\Administrator\AppData\Local\Temp\cc7icXFV.s 			page 18


 461 00d0 70020000 		.4byte	.LASF17
 462 00d4 08       		.uleb128 0x8
 463 00d5 37000000 		.4byte	.LASF18
 464 00d9 01       		.byte	0x1
 465 00da D3       		.byte	0xd3
 466 00db 00000000 		.4byte	.LFB1
 467 00df C4000000 		.4byte	.LFE1-.LFB1
 468 00e3 01       		.uleb128 0x1
 469 00e4 9C       		.byte	0x9c
 470 00e5 24010000 		.4byte	0x124
 471 00e9 09       		.uleb128 0x9
 472 00ea 2C000000 		.4byte	.LVL0
 473 00ee F8020000 		.4byte	0x2f8
 474 00f2 FC000000 		.4byte	0xfc
 475 00f6 0A       		.uleb128 0xa
 476 00f7 01       		.uleb128 0x1
 477 00f8 50       		.byte	0x50
 478 00f9 01       		.uleb128 0x1
 479 00fa 37       		.byte	0x37
 480 00fb 00       		.byte	0
 481 00fc 09       		.uleb128 0x9
 482 00fd 34000000 		.4byte	.LVL1
 483 0101 09030000 		.4byte	0x309
 484 0105 14010000 		.4byte	0x114
 485 0109 0A       		.uleb128 0xa
 486 010a 01       		.uleb128 0x1
 487 010b 51       		.byte	0x51
 488 010c 01       		.uleb128 0x1
 489 010d 33       		.byte	0x33
 490 010e 0A       		.uleb128 0xa
 491 010f 01       		.uleb128 0x1
 492 0110 50       		.byte	0x50
 493 0111 01       		.uleb128 0x1
 494 0112 37       		.byte	0x37
 495 0113 00       		.byte	0
 496 0114 0B       		.uleb128 0xb
 497 0115 3C000000 		.4byte	.LVL2
 498 0119 1F030000 		.4byte	0x31f
 499 011d 0A       		.uleb128 0xa
 500 011e 01       		.uleb128 0x1
 501 011f 50       		.byte	0x50
 502 0120 01       		.uleb128 0x1
 503 0121 37       		.byte	0x37
 504 0122 00       		.byte	0
 505 0123 00       		.byte	0
 506 0124 0C       		.uleb128 0xc
 507 0125 A7010000 		.4byte	.LASF42
 508 0129 01       		.byte	0x1
 509 012a 1A01     		.2byte	0x11a
 510 012c 00000000 		.4byte	.LFB2
 511 0130 0C000000 		.4byte	.LFE2-.LFB2
 512 0134 01       		.uleb128 0x1
 513 0135 9C       		.byte	0x9c
 514 0136 0D       		.uleb128 0xd
 515 0137 F6020000 		.4byte	.LASF22
 516 013b 01       		.byte	0x1
 517 013c 4901     		.2byte	0x149
ARM GAS  C:\Users\Administrator\AppData\Local\Temp\cc7icXFV.s 			page 19


 518 013e 83000000 		.4byte	0x83
 519 0142 00000000 		.4byte	.LFB3
 520 0146 24000000 		.4byte	.LFE3-.LFB3
 521 014a 01       		.uleb128 0x1
 522 014b 9C       		.byte	0x9c
 523 014c 83010000 		.4byte	0x183
 524 0150 0E       		.uleb128 0xe
 525 0151 AD000000 		.4byte	.LASF20
 526 0155 01       		.byte	0x1
 527 0156 4B01     		.2byte	0x14b
 528 0158 83000000 		.4byte	0x83
 529 015c 00000000 		.4byte	.LLST0
 530 0160 09       		.uleb128 0x9
 531 0161 08000000 		.4byte	.LVL3
 532 0165 F8020000 		.4byte	0x2f8
 533 0169 73010000 		.4byte	0x173
 534 016d 0A       		.uleb128 0xa
 535 016e 01       		.uleb128 0x1
 536 016f 50       		.byte	0x50
 537 0170 01       		.uleb128 0x1
 538 0171 37       		.byte	0x37
 539 0172 00       		.byte	0
 540 0173 0B       		.uleb128 0xb
 541 0174 1C000000 		.4byte	.LVL5
 542 0178 39030000 		.4byte	0x339
 543 017c 0A       		.uleb128 0xa
 544 017d 01       		.uleb128 0x1
 545 017e 50       		.byte	0x50
 546 017f 01       		.uleb128 0x1
 547 0180 37       		.byte	0x37
 548 0181 00       		.byte	0
 549 0182 00       		.byte	0
 550 0183 0F       		.uleb128 0xf
 551 0184 96000000 		.4byte	.LASF19
 552 0188 01       		.byte	0x1
 553 0189 7D01     		.2byte	0x17d
 554 018b 00000000 		.4byte	.LFB4
 555 018f 18000000 		.4byte	.LFE4-.LFB4
 556 0193 01       		.uleb128 0x1
 557 0194 9C       		.byte	0x9c
 558 0195 C4010000 		.4byte	0x1c4
 559 0199 10       		.uleb128 0x10
 560 019a 33020000 		.4byte	.LASF24
 561 019e 01       		.byte	0x1
 562 019f 7D01     		.2byte	0x17d
 563 01a1 83000000 		.4byte	0x83
 564 01a5 1E000000 		.4byte	.LLST1
 565 01a9 11       		.uleb128 0x11
 566 01aa 00000000 		.4byte	.LBB2
 567 01ae 10000000 		.4byte	.LBE2-.LBB2
 568 01b2 0E       		.uleb128 0xe
 569 01b3 ED020000 		.4byte	.LASF21
 570 01b7 01       		.byte	0x1
 571 01b8 8801     		.2byte	0x188
 572 01ba 83000000 		.4byte	0x83
 573 01be 3F000000 		.4byte	.LLST2
 574 01c2 00       		.byte	0
ARM GAS  C:\Users\Administrator\AppData\Local\Temp\cc7icXFV.s 			page 20


 575 01c3 00       		.byte	0
 576 01c4 0D       		.uleb128 0xd
 577 01c5 0D030000 		.4byte	.LASF23
 578 01c9 01       		.byte	0x1
 579 01ca A601     		.2byte	0x1a6
 580 01cc 83000000 		.4byte	0x83
 581 01d0 00000000 		.4byte	.LFB5
 582 01d4 10000000 		.4byte	.LFE5-.LFB5
 583 01d8 01       		.uleb128 0x1
 584 01d9 9C       		.byte	0x9c
 585 01da ED010000 		.4byte	0x1ed
 586 01de 12       		.uleb128 0x12
 587 01df 33020000 		.4byte	.LASF24
 588 01e3 01       		.byte	0x1
 589 01e4 A801     		.2byte	0x1a8
 590 01e6 83000000 		.4byte	0x83
 591 01ea 01       		.uleb128 0x1
 592 01eb 50       		.byte	0x50
 593 01ec 00       		.byte	0
 594 01ed 0F       		.uleb128 0xf
 595 01ee 79020000 		.4byte	.LASF25
 596 01f2 01       		.byte	0x1
 597 01f3 D501     		.2byte	0x1d5
 598 01f5 00000000 		.4byte	.LFB6
 599 01f9 30000000 		.4byte	.LFE6-.LFB6
 600 01fd 01       		.uleb128 0x1
 601 01fe 9C       		.byte	0x9c
 602 01ff 56020000 		.4byte	0x256
 603 0203 10       		.uleb128 0x10
 604 0204 DC020000 		.4byte	.LASF26
 605 0208 01       		.byte	0x1
 606 0209 D501     		.2byte	0x1d5
 607 020b 83000000 		.4byte	0x83
 608 020f 5D000000 		.4byte	.LLST3
 609 0213 10       		.uleb128 0x10
 610 0214 69000000 		.4byte	.LASF27
 611 0218 01       		.byte	0x1
 612 0219 D501     		.2byte	0x1d5
 613 021b 83000000 		.4byte	0x83
 614 021f 89000000 		.4byte	.LLST4
 615 0223 10       		.uleb128 0x10
 616 0224 30030000 		.4byte	.LASF28
 617 0228 01       		.byte	0x1
 618 0229 D501     		.2byte	0x1d5
 619 022b 56020000 		.4byte	0x256
 620 022f B5000000 		.4byte	.LLST5
 621 0233 09       		.uleb128 0x9
 622 0234 10000000 		.4byte	.LVL15
 623 0238 F8020000 		.4byte	0x2f8
 624 023c 46020000 		.4byte	0x246
 625 0240 0A       		.uleb128 0xa
 626 0241 01       		.uleb128 0x1
 627 0242 50       		.byte	0x50
 628 0243 01       		.uleb128 0x1
 629 0244 37       		.byte	0x37
 630 0245 00       		.byte	0
 631 0246 0B       		.uleb128 0xb
ARM GAS  C:\Users\Administrator\AppData\Local\Temp\cc7icXFV.s 			page 21


 632 0247 22000000 		.4byte	.LVL16
 633 024b 39030000 		.4byte	0x339
 634 024f 0A       		.uleb128 0xa
 635 0250 01       		.uleb128 0x1
 636 0251 50       		.byte	0x50
 637 0252 01       		.uleb128 0x1
 638 0253 37       		.byte	0x37
 639 0254 00       		.byte	0
 640 0255 00       		.byte	0
 641 0256 06       		.uleb128 0x6
 642 0257 04       		.byte	0x4
 643 0258 A4000000 		.4byte	0xa4
 644 025c 0F       		.uleb128 0xf
 645 025d 74000000 		.4byte	.LASF29
 646 0261 01       		.byte	0x1
 647 0262 FA01     		.2byte	0x1fa
 648 0264 00000000 		.4byte	.LFB7
 649 0268 0C000000 		.4byte	.LFE7-.LFB7
 650 026c 01       		.uleb128 0x1
 651 026d 9C       		.byte	0x9c
 652 026e 81020000 		.4byte	0x281
 653 0272 13       		.uleb128 0x13
 654 0273 69000000 		.4byte	.LASF27
 655 0277 01       		.byte	0x1
 656 0278 FA01     		.2byte	0x1fa
 657 027a 83000000 		.4byte	0x83
 658 027e 01       		.uleb128 0x1
 659 027f 50       		.byte	0x50
 660 0280 00       		.byte	0
 661 0281 14       		.uleb128 0x14
 662 0282 06000000 		.4byte	.LASF30
 663 0286 01       		.byte	0x1
 664 0287 1B       		.byte	0x1b
 665 0288 A4000000 		.4byte	0xa4
 666 028c 05       		.uleb128 0x5
 667 028d 03       		.byte	0x3
 668 028e 00000000 		.4byte	EZI2C_curStatus
 669 0292 14       		.uleb128 0x14
 670 0293 47000000 		.4byte	.LASF31
 671 0297 01       		.byte	0x1
 672 0298 1C       		.byte	0x1c
 673 0299 6B000000 		.4byte	0x6b
 674 029d 05       		.uleb128 0x5
 675 029e 03       		.byte	0x3
 676 029f 00000000 		.4byte	EZI2C_fsmState
 677 02a3 14       		.uleb128 0x14
 678 02a4 A2020000 		.4byte	.LASF32
 679 02a8 01       		.byte	0x1
 680 02a9 1F       		.byte	0x1f
 681 02aa 56020000 		.4byte	0x256
 682 02ae 05       		.uleb128 0x5
 683 02af 03       		.byte	0x3
 684 02b0 00000000 		.4byte	EZI2C_dataBuffer1
 685 02b4 14       		.uleb128 0x14
 686 02b5 25000000 		.4byte	.LASF33
 687 02b9 01       		.byte	0x1
 688 02ba 20       		.byte	0x20
ARM GAS  C:\Users\Administrator\AppData\Local\Temp\cc7icXFV.s 			page 22


 689 02bb 77000000 		.4byte	0x77
 690 02bf 05       		.uleb128 0x5
 691 02c0 03       		.byte	0x3
 692 02c1 00000000 		.4byte	EZI2C_bufSizeBuf1
 693 02c5 14       		.uleb128 0x14
 694 02c6 14020000 		.4byte	.LASF34
 695 02ca 01       		.byte	0x1
 696 02cb 21       		.byte	0x21
 697 02cc 77000000 		.4byte	0x77
 698 02d0 05       		.uleb128 0x5
 699 02d1 03       		.byte	0x3
 700 02d2 00000000 		.4byte	EZI2C_protectBuf1
 701 02d6 14       		.uleb128 0x14
 702 02d7 CB020000 		.4byte	.LASF35
 703 02db 01       		.byte	0x1
 704 02dc 22       		.byte	0x22
 705 02dd 77000000 		.4byte	0x77
 706 02e1 05       		.uleb128 0x5
 707 02e2 03       		.byte	0x3
 708 02e3 00000000 		.4byte	EZI2C_offsetBuf1
 709 02e7 14       		.uleb128 0x14
 710 02e8 7F010000 		.4byte	.LASF36
 711 02ec 01       		.byte	0x1
 712 02ed 23       		.byte	0x23
 713 02ee 77000000 		.4byte	0x77
 714 02f2 05       		.uleb128 0x5
 715 02f3 03       		.byte	0x3
 716 02f4 00000000 		.4byte	EZI2C_indexBuf1
 717 02f8 15       		.uleb128 0x15
 718 02f9 B4020000 		.4byte	.LASF37
 719 02fd 03       		.byte	0x3
 720 02fe C5       		.byte	0xc5
 721 02ff 09030000 		.4byte	0x309
 722 0303 16       		.uleb128 0x16
 723 0304 6B000000 		.4byte	0x6b
 724 0308 00       		.byte	0
 725 0309 15       		.uleb128 0x15
 726 030a 52020000 		.4byte	.LASF38
 727 030e 03       		.byte	0x3
 728 030f C0       		.byte	0xc0
 729 0310 1F030000 		.4byte	0x31f
 730 0314 16       		.uleb128 0x16
 731 0315 6B000000 		.4byte	0x6b
 732 0319 16       		.uleb128 0x16
 733 031a 6B000000 		.4byte	0x6b
 734 031e 00       		.byte	0
 735 031f 17       		.uleb128 0x17
 736 0320 16000000 		.4byte	.LASF43
 737 0324 03       		.byte	0x3
 738 0325 BD       		.byte	0xbd
 739 0326 BA000000 		.4byte	0xba
 740 032a 39030000 		.4byte	0x339
 741 032e 16       		.uleb128 0x16
 742 032f 6B000000 		.4byte	0x6b
 743 0333 16       		.uleb128 0x16
 744 0334 BA000000 		.4byte	0xba
 745 0338 00       		.byte	0
ARM GAS  C:\Users\Administrator\AppData\Local\Temp\cc7icXFV.s 			page 23


 746 0339 18       		.uleb128 0x18
 747 033a BE010000 		.4byte	.LASF44
 748 033e 03       		.byte	0x3
 749 033f C3       		.byte	0xc3
 750 0340 16       		.uleb128 0x16
 751 0341 6B000000 		.4byte	0x6b
 752 0345 00       		.byte	0
 753 0346 00       		.byte	0
 754              		.section	.debug_abbrev,"",%progbits
 755              	.Ldebug_abbrev0:
 756 0000 01       		.uleb128 0x1
 757 0001 11       		.uleb128 0x11
 758 0002 01       		.byte	0x1
 759 0003 25       		.uleb128 0x25
 760 0004 0E       		.uleb128 0xe
 761 0005 13       		.uleb128 0x13
 762 0006 0B       		.uleb128 0xb
 763 0007 03       		.uleb128 0x3
 764 0008 0E       		.uleb128 0xe
 765 0009 1B       		.uleb128 0x1b
 766 000a 0E       		.uleb128 0xe
 767 000b 55       		.uleb128 0x55
 768 000c 17       		.uleb128 0x17
 769 000d 11       		.uleb128 0x11
 770 000e 01       		.uleb128 0x1
 771 000f 10       		.uleb128 0x10
 772 0010 17       		.uleb128 0x17
 773 0011 00       		.byte	0
 774 0012 00       		.byte	0
 775 0013 02       		.uleb128 0x2
 776 0014 24       		.uleb128 0x24
 777 0015 00       		.byte	0
 778 0016 0B       		.uleb128 0xb
 779 0017 0B       		.uleb128 0xb
 780 0018 3E       		.uleb128 0x3e
 781 0019 0B       		.uleb128 0xb
 782 001a 03       		.uleb128 0x3
 783 001b 0E       		.uleb128 0xe
 784 001c 00       		.byte	0
 785 001d 00       		.byte	0
 786 001e 03       		.uleb128 0x3
 787 001f 24       		.uleb128 0x24
 788 0020 00       		.byte	0
 789 0021 0B       		.uleb128 0xb
 790 0022 0B       		.uleb128 0xb
 791 0023 3E       		.uleb128 0x3e
 792 0024 0B       		.uleb128 0xb
 793 0025 03       		.uleb128 0x3
 794 0026 08       		.uleb128 0x8
 795 0027 00       		.byte	0
 796 0028 00       		.byte	0
 797 0029 04       		.uleb128 0x4
 798 002a 16       		.uleb128 0x16
 799 002b 00       		.byte	0
 800 002c 03       		.uleb128 0x3
 801 002d 0E       		.uleb128 0xe
 802 002e 3A       		.uleb128 0x3a
ARM GAS  C:\Users\Administrator\AppData\Local\Temp\cc7icXFV.s 			page 24


 803 002f 0B       		.uleb128 0xb
 804 0030 3B       		.uleb128 0x3b
 805 0031 05       		.uleb128 0x5
 806 0032 49       		.uleb128 0x49
 807 0033 13       		.uleb128 0x13
 808 0034 00       		.byte	0
 809 0035 00       		.byte	0
 810 0036 05       		.uleb128 0x5
 811 0037 35       		.uleb128 0x35
 812 0038 00       		.byte	0
 813 0039 49       		.uleb128 0x49
 814 003a 13       		.uleb128 0x13
 815 003b 00       		.byte	0
 816 003c 00       		.byte	0
 817 003d 06       		.uleb128 0x6
 818 003e 0F       		.uleb128 0xf
 819 003f 00       		.byte	0
 820 0040 0B       		.uleb128 0xb
 821 0041 0B       		.uleb128 0xb
 822 0042 49       		.uleb128 0x49
 823 0043 13       		.uleb128 0x13
 824 0044 00       		.byte	0
 825 0045 00       		.byte	0
 826 0046 07       		.uleb128 0x7
 827 0047 15       		.uleb128 0x15
 828 0048 00       		.byte	0
 829 0049 27       		.uleb128 0x27
 830 004a 19       		.uleb128 0x19
 831 004b 00       		.byte	0
 832 004c 00       		.byte	0
 833 004d 08       		.uleb128 0x8
 834 004e 2E       		.uleb128 0x2e
 835 004f 01       		.byte	0x1
 836 0050 3F       		.uleb128 0x3f
 837 0051 19       		.uleb128 0x19
 838 0052 03       		.uleb128 0x3
 839 0053 0E       		.uleb128 0xe
 840 0054 3A       		.uleb128 0x3a
 841 0055 0B       		.uleb128 0xb
 842 0056 3B       		.uleb128 0x3b
 843 0057 0B       		.uleb128 0xb
 844 0058 27       		.uleb128 0x27
 845 0059 19       		.uleb128 0x19
 846 005a 11       		.uleb128 0x11
 847 005b 01       		.uleb128 0x1
 848 005c 12       		.uleb128 0x12
 849 005d 06       		.uleb128 0x6
 850 005e 40       		.uleb128 0x40
 851 005f 18       		.uleb128 0x18
 852 0060 9742     		.uleb128 0x2117
 853 0062 19       		.uleb128 0x19
 854 0063 01       		.uleb128 0x1
 855 0064 13       		.uleb128 0x13
 856 0065 00       		.byte	0
 857 0066 00       		.byte	0
 858 0067 09       		.uleb128 0x9
 859 0068 898201   		.uleb128 0x4109
ARM GAS  C:\Users\Administrator\AppData\Local\Temp\cc7icXFV.s 			page 25


 860 006b 01       		.byte	0x1
 861 006c 11       		.uleb128 0x11
 862 006d 01       		.uleb128 0x1
 863 006e 31       		.uleb128 0x31
 864 006f 13       		.uleb128 0x13
 865 0070 01       		.uleb128 0x1
 866 0071 13       		.uleb128 0x13
 867 0072 00       		.byte	0
 868 0073 00       		.byte	0
 869 0074 0A       		.uleb128 0xa
 870 0075 8A8201   		.uleb128 0x410a
 871 0078 00       		.byte	0
 872 0079 02       		.uleb128 0x2
 873 007a 18       		.uleb128 0x18
 874 007b 9142     		.uleb128 0x2111
 875 007d 18       		.uleb128 0x18
 876 007e 00       		.byte	0
 877 007f 00       		.byte	0
 878 0080 0B       		.uleb128 0xb
 879 0081 898201   		.uleb128 0x4109
 880 0084 01       		.byte	0x1
 881 0085 11       		.uleb128 0x11
 882 0086 01       		.uleb128 0x1
 883 0087 31       		.uleb128 0x31
 884 0088 13       		.uleb128 0x13
 885 0089 00       		.byte	0
 886 008a 00       		.byte	0
 887 008b 0C       		.uleb128 0xc
 888 008c 2E       		.uleb128 0x2e
 889 008d 00       		.byte	0
 890 008e 3F       		.uleb128 0x3f
 891 008f 19       		.uleb128 0x19
 892 0090 03       		.uleb128 0x3
 893 0091 0E       		.uleb128 0xe
 894 0092 3A       		.uleb128 0x3a
 895 0093 0B       		.uleb128 0xb
 896 0094 3B       		.uleb128 0x3b
 897 0095 05       		.uleb128 0x5
 898 0096 27       		.uleb128 0x27
 899 0097 19       		.uleb128 0x19
 900 0098 11       		.uleb128 0x11
 901 0099 01       		.uleb128 0x1
 902 009a 12       		.uleb128 0x12
 903 009b 06       		.uleb128 0x6
 904 009c 40       		.uleb128 0x40
 905 009d 18       		.uleb128 0x18
 906 009e 9742     		.uleb128 0x2117
 907 00a0 19       		.uleb128 0x19
 908 00a1 00       		.byte	0
 909 00a2 00       		.byte	0
 910 00a3 0D       		.uleb128 0xd
 911 00a4 2E       		.uleb128 0x2e
 912 00a5 01       		.byte	0x1
 913 00a6 3F       		.uleb128 0x3f
 914 00a7 19       		.uleb128 0x19
 915 00a8 03       		.uleb128 0x3
 916 00a9 0E       		.uleb128 0xe
ARM GAS  C:\Users\Administrator\AppData\Local\Temp\cc7icXFV.s 			page 26


 917 00aa 3A       		.uleb128 0x3a
 918 00ab 0B       		.uleb128 0xb
 919 00ac 3B       		.uleb128 0x3b
 920 00ad 05       		.uleb128 0x5
 921 00ae 27       		.uleb128 0x27
 922 00af 19       		.uleb128 0x19
 923 00b0 49       		.uleb128 0x49
 924 00b1 13       		.uleb128 0x13
 925 00b2 11       		.uleb128 0x11
 926 00b3 01       		.uleb128 0x1
 927 00b4 12       		.uleb128 0x12
 928 00b5 06       		.uleb128 0x6
 929 00b6 40       		.uleb128 0x40
 930 00b7 18       		.uleb128 0x18
 931 00b8 9742     		.uleb128 0x2117
 932 00ba 19       		.uleb128 0x19
 933 00bb 01       		.uleb128 0x1
 934 00bc 13       		.uleb128 0x13
 935 00bd 00       		.byte	0
 936 00be 00       		.byte	0
 937 00bf 0E       		.uleb128 0xe
 938 00c0 34       		.uleb128 0x34
 939 00c1 00       		.byte	0
 940 00c2 03       		.uleb128 0x3
 941 00c3 0E       		.uleb128 0xe
 942 00c4 3A       		.uleb128 0x3a
 943 00c5 0B       		.uleb128 0xb
 944 00c6 3B       		.uleb128 0x3b
 945 00c7 05       		.uleb128 0x5
 946 00c8 49       		.uleb128 0x49
 947 00c9 13       		.uleb128 0x13
 948 00ca 02       		.uleb128 0x2
 949 00cb 17       		.uleb128 0x17
 950 00cc 00       		.byte	0
 951 00cd 00       		.byte	0
 952 00ce 0F       		.uleb128 0xf
 953 00cf 2E       		.uleb128 0x2e
 954 00d0 01       		.byte	0x1
 955 00d1 3F       		.uleb128 0x3f
 956 00d2 19       		.uleb128 0x19
 957 00d3 03       		.uleb128 0x3
 958 00d4 0E       		.uleb128 0xe
 959 00d5 3A       		.uleb128 0x3a
 960 00d6 0B       		.uleb128 0xb
 961 00d7 3B       		.uleb128 0x3b
 962 00d8 05       		.uleb128 0x5
 963 00d9 27       		.uleb128 0x27
 964 00da 19       		.uleb128 0x19
 965 00db 11       		.uleb128 0x11
 966 00dc 01       		.uleb128 0x1
 967 00dd 12       		.uleb128 0x12
 968 00de 06       		.uleb128 0x6
 969 00df 40       		.uleb128 0x40
 970 00e0 18       		.uleb128 0x18
 971 00e1 9742     		.uleb128 0x2117
 972 00e3 19       		.uleb128 0x19
 973 00e4 01       		.uleb128 0x1
ARM GAS  C:\Users\Administrator\AppData\Local\Temp\cc7icXFV.s 			page 27


 974 00e5 13       		.uleb128 0x13
 975 00e6 00       		.byte	0
 976 00e7 00       		.byte	0
 977 00e8 10       		.uleb128 0x10
 978 00e9 05       		.uleb128 0x5
 979 00ea 00       		.byte	0
 980 00eb 03       		.uleb128 0x3
 981 00ec 0E       		.uleb128 0xe
 982 00ed 3A       		.uleb128 0x3a
 983 00ee 0B       		.uleb128 0xb
 984 00ef 3B       		.uleb128 0x3b
 985 00f0 05       		.uleb128 0x5
 986 00f1 49       		.uleb128 0x49
 987 00f2 13       		.uleb128 0x13
 988 00f3 02       		.uleb128 0x2
 989 00f4 17       		.uleb128 0x17
 990 00f5 00       		.byte	0
 991 00f6 00       		.byte	0
 992 00f7 11       		.uleb128 0x11
 993 00f8 0B       		.uleb128 0xb
 994 00f9 01       		.byte	0x1
 995 00fa 11       		.uleb128 0x11
 996 00fb 01       		.uleb128 0x1
 997 00fc 12       		.uleb128 0x12
 998 00fd 06       		.uleb128 0x6
 999 00fe 00       		.byte	0
 1000 00ff 00       		.byte	0
 1001 0100 12       		.uleb128 0x12
 1002 0101 34       		.uleb128 0x34
 1003 0102 00       		.byte	0
 1004 0103 03       		.uleb128 0x3
 1005 0104 0E       		.uleb128 0xe
 1006 0105 3A       		.uleb128 0x3a
 1007 0106 0B       		.uleb128 0xb
 1008 0107 3B       		.uleb128 0x3b
 1009 0108 05       		.uleb128 0x5
 1010 0109 49       		.uleb128 0x49
 1011 010a 13       		.uleb128 0x13
 1012 010b 02       		.uleb128 0x2
 1013 010c 18       		.uleb128 0x18
 1014 010d 00       		.byte	0
 1015 010e 00       		.byte	0
 1016 010f 13       		.uleb128 0x13
 1017 0110 05       		.uleb128 0x5
 1018 0111 00       		.byte	0
 1019 0112 03       		.uleb128 0x3
 1020 0113 0E       		.uleb128 0xe
 1021 0114 3A       		.uleb128 0x3a
 1022 0115 0B       		.uleb128 0xb
 1023 0116 3B       		.uleb128 0x3b
 1024 0117 05       		.uleb128 0x5
 1025 0118 49       		.uleb128 0x49
 1026 0119 13       		.uleb128 0x13
 1027 011a 02       		.uleb128 0x2
 1028 011b 18       		.uleb128 0x18
 1029 011c 00       		.byte	0
 1030 011d 00       		.byte	0
ARM GAS  C:\Users\Administrator\AppData\Local\Temp\cc7icXFV.s 			page 28


 1031 011e 14       		.uleb128 0x14
 1032 011f 34       		.uleb128 0x34
 1033 0120 00       		.byte	0
 1034 0121 03       		.uleb128 0x3
 1035 0122 0E       		.uleb128 0xe
 1036 0123 3A       		.uleb128 0x3a
 1037 0124 0B       		.uleb128 0xb
 1038 0125 3B       		.uleb128 0x3b
 1039 0126 0B       		.uleb128 0xb
 1040 0127 49       		.uleb128 0x49
 1041 0128 13       		.uleb128 0x13
 1042 0129 3F       		.uleb128 0x3f
 1043 012a 19       		.uleb128 0x19
 1044 012b 02       		.uleb128 0x2
 1045 012c 18       		.uleb128 0x18
 1046 012d 00       		.byte	0
 1047 012e 00       		.byte	0
 1048 012f 15       		.uleb128 0x15
 1049 0130 2E       		.uleb128 0x2e
 1050 0131 01       		.byte	0x1
 1051 0132 3F       		.uleb128 0x3f
 1052 0133 19       		.uleb128 0x19
 1053 0134 03       		.uleb128 0x3
 1054 0135 0E       		.uleb128 0xe
 1055 0136 3A       		.uleb128 0x3a
 1056 0137 0B       		.uleb128 0xb
 1057 0138 3B       		.uleb128 0x3b
 1058 0139 0B       		.uleb128 0xb
 1059 013a 27       		.uleb128 0x27
 1060 013b 19       		.uleb128 0x19
 1061 013c 3C       		.uleb128 0x3c
 1062 013d 19       		.uleb128 0x19
 1063 013e 01       		.uleb128 0x1
 1064 013f 13       		.uleb128 0x13
 1065 0140 00       		.byte	0
 1066 0141 00       		.byte	0
 1067 0142 16       		.uleb128 0x16
 1068 0143 05       		.uleb128 0x5
 1069 0144 00       		.byte	0
 1070 0145 49       		.uleb128 0x49
 1071 0146 13       		.uleb128 0x13
 1072 0147 00       		.byte	0
 1073 0148 00       		.byte	0
 1074 0149 17       		.uleb128 0x17
 1075 014a 2E       		.uleb128 0x2e
 1076 014b 01       		.byte	0x1
 1077 014c 3F       		.uleb128 0x3f
 1078 014d 19       		.uleb128 0x19
 1079 014e 03       		.uleb128 0x3
 1080 014f 0E       		.uleb128 0xe
 1081 0150 3A       		.uleb128 0x3a
 1082 0151 0B       		.uleb128 0xb
 1083 0152 3B       		.uleb128 0x3b
 1084 0153 0B       		.uleb128 0xb
 1085 0154 27       		.uleb128 0x27
 1086 0155 19       		.uleb128 0x19
 1087 0156 49       		.uleb128 0x49
ARM GAS  C:\Users\Administrator\AppData\Local\Temp\cc7icXFV.s 			page 29


 1088 0157 13       		.uleb128 0x13
 1089 0158 3C       		.uleb128 0x3c
 1090 0159 19       		.uleb128 0x19
 1091 015a 01       		.uleb128 0x1
 1092 015b 13       		.uleb128 0x13
 1093 015c 00       		.byte	0
 1094 015d 00       		.byte	0
 1095 015e 18       		.uleb128 0x18
 1096 015f 2E       		.uleb128 0x2e
 1097 0160 01       		.byte	0x1
 1098 0161 3F       		.uleb128 0x3f
 1099 0162 19       		.uleb128 0x19
 1100 0163 03       		.uleb128 0x3
 1101 0164 0E       		.uleb128 0xe
 1102 0165 3A       		.uleb128 0x3a
 1103 0166 0B       		.uleb128 0xb
 1104 0167 3B       		.uleb128 0x3b
 1105 0168 0B       		.uleb128 0xb
 1106 0169 27       		.uleb128 0x27
 1107 016a 19       		.uleb128 0x19
 1108 016b 3C       		.uleb128 0x3c
 1109 016c 19       		.uleb128 0x19
 1110 016d 00       		.byte	0
 1111 016e 00       		.byte	0
 1112 016f 00       		.byte	0
 1113              		.section	.debug_loc,"",%progbits
 1114              	.Ldebug_loc0:
 1115              	.LLST0:
 1116 0000 0E000000 		.4byte	.LVL4
 1117 0004 1E000000 		.4byte	.LVL6
 1118 0008 0100     		.2byte	0x1
 1119 000a 54       		.byte	0x54
 1120 000b 1E000000 		.4byte	.LVL6
 1121 000f 24000000 		.4byte	.LFE3
 1122 0013 0100     		.2byte	0x1
 1123 0015 50       		.byte	0x50
 1124 0016 00000000 		.4byte	0
 1125 001a 00000000 		.4byte	0
 1126              	.LLST1:
 1127 001e 00000000 		.4byte	.LVL7
 1128 0022 0A000000 		.4byte	.LVL10
 1129 0026 0100     		.2byte	0x1
 1130 0028 50       		.byte	0x50
 1131 0029 0A000000 		.4byte	.LVL10
 1132 002d 18000000 		.4byte	.LFE4
 1133 0031 0400     		.2byte	0x4
 1134 0033 F3       		.byte	0xf3
 1135 0034 01       		.uleb128 0x1
 1136 0035 50       		.byte	0x50
 1137 0036 9F       		.byte	0x9f
 1138 0037 00000000 		.4byte	0
 1139 003b 00000000 		.4byte	0
 1140              	.LLST2:
 1141 003f 04000000 		.4byte	.LVL8
 1142 0043 0E000000 		.4byte	.LVL11
 1143 0047 0100     		.2byte	0x1
 1144 0049 53       		.byte	0x53
ARM GAS  C:\Users\Administrator\AppData\Local\Temp\cc7icXFV.s 			page 30


 1145 004a 0E000000 		.4byte	.LVL11
 1146 004e 18000000 		.4byte	.LFE4
 1147 0052 0100     		.2byte	0x1
 1148 0054 50       		.byte	0x50
 1149 0055 00000000 		.4byte	0
 1150 0059 00000000 		.4byte	0
 1151              	.LLST3:
 1152 005d 00000000 		.4byte	.LVL13
 1153 0061 0C000000 		.4byte	.LVL14
 1154 0065 0100     		.2byte	0x1
 1155 0067 50       		.byte	0x50
 1156 0068 0C000000 		.4byte	.LVL14
 1157 006c 22000000 		.4byte	.LVL19
 1158 0070 0100     		.2byte	0x1
 1159 0072 56       		.byte	0x56
 1160 0073 22000000 		.4byte	.LVL19
 1161 0077 30000000 		.4byte	.LFE6
 1162 007b 0400     		.2byte	0x4
 1163 007d F3       		.byte	0xf3
 1164 007e 01       		.uleb128 0x1
 1165 007f 50       		.byte	0x50
 1166 0080 9F       		.byte	0x9f
 1167 0081 00000000 		.4byte	0
 1168 0085 00000000 		.4byte	0
 1169              	.LLST4:
 1170 0089 00000000 		.4byte	.LVL13
 1171 008d 0F000000 		.4byte	.LVL15-1
 1172 0091 0100     		.2byte	0x1
 1173 0093 51       		.byte	0x51
 1174 0094 0F000000 		.4byte	.LVL15-1
 1175 0098 22000000 		.4byte	.LVL18
 1176 009c 0100     		.2byte	0x1
 1177 009e 55       		.byte	0x55
 1178 009f 22000000 		.4byte	.LVL18
 1179 00a3 30000000 		.4byte	.LFE6
 1180 00a7 0400     		.2byte	0x4
 1181 00a9 F3       		.byte	0xf3
 1182 00aa 01       		.uleb128 0x1
 1183 00ab 51       		.byte	0x51
 1184 00ac 9F       		.byte	0x9f
 1185 00ad 00000000 		.4byte	0
 1186 00b1 00000000 		.4byte	0
 1187              	.LLST5:
 1188 00b5 00000000 		.4byte	.LVL13
 1189 00b9 0F000000 		.4byte	.LVL15-1
 1190 00bd 0100     		.2byte	0x1
 1191 00bf 52       		.byte	0x52
 1192 00c0 0F000000 		.4byte	.LVL15-1
 1193 00c4 22000000 		.4byte	.LVL17
 1194 00c8 0100     		.2byte	0x1
 1195 00ca 54       		.byte	0x54
 1196 00cb 22000000 		.4byte	.LVL17
 1197 00cf 30000000 		.4byte	.LFE6
 1198 00d3 0400     		.2byte	0x4
 1199 00d5 F3       		.byte	0xf3
 1200 00d6 01       		.uleb128 0x1
 1201 00d7 52       		.byte	0x52
ARM GAS  C:\Users\Administrator\AppData\Local\Temp\cc7icXFV.s 			page 31


 1202 00d8 9F       		.byte	0x9f
 1203 00d9 00000000 		.4byte	0
 1204 00dd 00000000 		.4byte	0
 1205              		.section	.debug_aranges,"",%progbits
 1206 0000 4C000000 		.4byte	0x4c
 1207 0004 0200     		.2byte	0x2
 1208 0006 00000000 		.4byte	.Ldebug_info0
 1209 000a 04       		.byte	0x4
 1210 000b 00       		.byte	0
 1211 000c 0000     		.2byte	0
 1212 000e 0000     		.2byte	0
 1213 0010 00000000 		.4byte	.LFB1
 1214 0014 C4000000 		.4byte	.LFE1-.LFB1
 1215 0018 00000000 		.4byte	.LFB2
 1216 001c 0C000000 		.4byte	.LFE2-.LFB2
 1217 0020 00000000 		.4byte	.LFB3
 1218 0024 24000000 		.4byte	.LFE3-.LFB3
 1219 0028 00000000 		.4byte	.LFB4
 1220 002c 18000000 		.4byte	.LFE4-.LFB4
 1221 0030 00000000 		.4byte	.LFB5
 1222 0034 10000000 		.4byte	.LFE5-.LFB5
 1223 0038 00000000 		.4byte	.LFB6
 1224 003c 30000000 		.4byte	.LFE6-.LFB6
 1225 0040 00000000 		.4byte	.LFB7
 1226 0044 0C000000 		.4byte	.LFE7-.LFB7
 1227 0048 00000000 		.4byte	0
 1228 004c 00000000 		.4byte	0
 1229              		.section	.debug_ranges,"",%progbits
 1230              	.Ldebug_ranges0:
 1231 0000 00000000 		.4byte	.LFB1
 1232 0004 C4000000 		.4byte	.LFE1
 1233 0008 00000000 		.4byte	.LFB2
 1234 000c 0C000000 		.4byte	.LFE2
 1235 0010 00000000 		.4byte	.LFB3
 1236 0014 24000000 		.4byte	.LFE3
 1237 0018 00000000 		.4byte	.LFB4
 1238 001c 18000000 		.4byte	.LFE4
 1239 0020 00000000 		.4byte	.LFB5
 1240 0024 10000000 		.4byte	.LFE5
 1241 0028 00000000 		.4byte	.LFB6
 1242 002c 30000000 		.4byte	.LFE6
 1243 0030 00000000 		.4byte	.LFB7
 1244 0034 0C000000 		.4byte	.LFE7
 1245 0038 00000000 		.4byte	0
 1246 003c 00000000 		.4byte	0
 1247              		.section	.debug_line,"",%progbits
 1248              	.Ldebug_line0:
 1249 0000 FF000000 		.section	.debug_str,"MS",%progbits,1
 1249      02005300 
 1249      00000201 
 1249      FB0E0D00 
 1249      01010101 
 1250              	.LASF15:
 1251 0000 72656733 		.ascii	"reg32\000"
 1251      3200
 1252              	.LASF30:
 1253 0006 455A4932 		.ascii	"EZI2C_curStatus\000"
ARM GAS  C:\Users\Administrator\AppData\Local\Temp\cc7icXFV.s 			page 32


 1253      435F6375 
 1253      72537461 
 1253      74757300 
 1254              	.LASF43:
 1255 0016 4379496E 		.ascii	"CyIntSetVector\000"
 1255      74536574 
 1255      56656374 
 1255      6F7200
 1256              	.LASF33:
 1257 0025 455A4932 		.ascii	"EZI2C_bufSizeBuf1\000"
 1257      435F6275 
 1257      6653697A 
 1257      65427566 
 1257      3100
 1258              	.LASF18:
 1259 0037 455A4932 		.ascii	"EZI2C_EzI2CInit\000"
 1259      435F457A 
 1259      49324349 
 1259      6E697400 
 1260              	.LASF31:
 1261 0047 455A4932 		.ascii	"EZI2C_fsmState\000"
 1261      435F6673 
 1261      6D537461 
 1261      746500
 1262              	.LASF3:
 1263 0056 73686F72 		.ascii	"short unsigned int\000"
 1263      7420756E 
 1263      7369676E 
 1263      65642069 
 1263      6E7400
 1264              	.LASF27:
 1265 0069 7277426F 		.ascii	"rwBoundary\000"
 1265      756E6461 
 1265      727900
 1266              	.LASF29:
 1267 0074 455A4932 		.ascii	"EZI2C_EzI2CSetReadBoundaryBuffer1\000"
 1267      435F457A 
 1267      49324353 
 1267      65745265 
 1267      6164426F 
 1268              	.LASF19:
 1269 0096 455A4932 		.ascii	"EZI2C_EzI2CSetAddress1\000"
 1269      435F457A 
 1269      49324353 
 1269      65744164 
 1269      64726573 
 1270              	.LASF20:
 1271 00ad 73746174 		.ascii	"status\000"
 1271      757300
 1272              	.LASF40:
 1273 00b4 47656E65 		.ascii	"Generated_Source\\PSoC4\\EZI2C_EZI2C.c\000"
 1273      72617465 
 1273      645F536F 
 1273      75726365 
 1273      5C50536F 
 1274              	.LASF12:
 1275 00d9 666C6F61 		.ascii	"float\000"
ARM GAS  C:\Users\Administrator\AppData\Local\Temp\cc7icXFV.s 			page 33


 1275      7400
 1276              	.LASF1:
 1277 00df 756E7369 		.ascii	"unsigned char\000"
 1277      676E6564 
 1277      20636861 
 1277      7200
 1278              	.LASF39:
 1279 00ed 474E5520 		.ascii	"GNU C 4.9.3 20150303 (release) [ARM/embedded-4_9-br"
 1279      4320342E 
 1279      392E3320 
 1279      32303135 
 1279      30333033 
 1280 0120 616E6368 		.ascii	"anch revision 221220] -mcpu=cortex-m0plus -mthumb -"
 1280      20726576 
 1280      6973696F 
 1280      6E203232 
 1280      31323230 
 1281 0153 67202D4F 		.ascii	"g -Og -ffunction-sections -ffat-lto-objects\000"
 1281      67202D66 
 1281      66756E63 
 1281      74696F6E 
 1281      2D736563 
 1282              	.LASF36:
 1283 017f 455A4932 		.ascii	"EZI2C_indexBuf1\000"
 1283      435F696E 
 1283      64657842 
 1283      75663100 
 1284              	.LASF5:
 1285 018f 6C6F6E67 		.ascii	"long unsigned int\000"
 1285      20756E73 
 1285      69676E65 
 1285      6420696E 
 1285      7400
 1286              	.LASF9:
 1287 01a1 75696E74 		.ascii	"uint8\000"
 1287      3800
 1288              	.LASF42:
 1289 01a7 455A4932 		.ascii	"EZI2C_EzI2CStop\000"
 1289      435F457A 
 1289      49324353 
 1289      746F7000 
 1290              	.LASF13:
 1291 01b7 646F7562 		.ascii	"double\000"
 1291      6C6500
 1292              	.LASF44:
 1293 01be 4379496E 		.ascii	"CyIntEnable\000"
 1293      74456E61 
 1293      626C6500 
 1294              	.LASF10:
 1295 01ca 75696E74 		.ascii	"uint16\000"
 1295      313600
 1296              	.LASF41:
 1297 01d1 443A5C6C 		.ascii	"D:\\local_svn\\AYBR3000\\AYBR3000_V1.0\\AYBR3000\\A"
 1297      6F63616C 
 1297      5F73766E 
 1297      5C415942 
 1297      52333030 
ARM GAS  C:\Users\Administrator\AppData\Local\Temp\cc7icXFV.s 			page 34


 1298 01ff 59425233 		.ascii	"YBR3000.cydsn\000"
 1298      3030302E 
 1298      63796473 
 1298      6E00
 1299              	.LASF11:
 1300 020d 75696E74 		.ascii	"uint32\000"
 1300      333200
 1301              	.LASF34:
 1302 0214 455A4932 		.ascii	"EZI2C_protectBuf1\000"
 1302      435F7072 
 1302      6F746563 
 1302      74427566 
 1302      3100
 1303              	.LASF8:
 1304 0226 756E7369 		.ascii	"unsigned int\000"
 1304      676E6564 
 1304      20696E74 
 1304      00
 1305              	.LASF24:
 1306 0233 61646472 		.ascii	"address\000"
 1306      65737300 
 1307              	.LASF7:
 1308 023b 6C6F6E67 		.ascii	"long long unsigned int\000"
 1308      206C6F6E 
 1308      6720756E 
 1308      7369676E 
 1308      65642069 
 1309              	.LASF38:
 1310 0252 4379496E 		.ascii	"CyIntSetPriority\000"
 1310      74536574 
 1310      5072696F 
 1310      72697479 
 1310      00
 1311              	.LASF16:
 1312 0263 63796973 		.ascii	"cyisraddress\000"
 1312      72616464 
 1312      72657373 
 1312      00
 1313              	.LASF17:
 1314 0270 73697A65 		.ascii	"sizetype\000"
 1314      74797065 
 1314      00
 1315              	.LASF25:
 1316 0279 455A4932 		.ascii	"EZI2C_EzI2CSetBuffer1\000"
 1316      435F457A 
 1316      49324353 
 1316      65744275 
 1316      66666572 
 1317              	.LASF6:
 1318 028f 6C6F6E67 		.ascii	"long long int\000"
 1318      206C6F6E 
 1318      6720696E 
 1318      7400
 1319              	.LASF14:
 1320 029d 63686172 		.ascii	"char\000"
 1320      00
 1321              	.LASF32:
ARM GAS  C:\Users\Administrator\AppData\Local\Temp\cc7icXFV.s 			page 35


 1322 02a2 455A4932 		.ascii	"EZI2C_dataBuffer1\000"
 1322      435F6461 
 1322      74614275 
 1322      66666572 
 1322      3100
 1323              	.LASF37:
 1324 02b4 4379496E 		.ascii	"CyIntDisable\000"
 1324      74446973 
 1324      61626C65 
 1324      00
 1325              	.LASF2:
 1326 02c1 73686F72 		.ascii	"short int\000"
 1326      7420696E 
 1326      7400
 1327              	.LASF35:
 1328 02cb 455A4932 		.ascii	"EZI2C_offsetBuf1\000"
 1328      435F6F66 
 1328      66736574 
 1328      42756631 
 1328      00
 1329              	.LASF26:
 1330 02dc 62756653 		.ascii	"bufSize\000"
 1330      697A6500 
 1331              	.LASF4:
 1332 02e4 6C6F6E67 		.ascii	"long int\000"
 1332      20696E74 
 1332      00
 1333              	.LASF21:
 1334 02ed 6D617463 		.ascii	"matchReg\000"
 1334      68526567 
 1334      00
 1335              	.LASF22:
 1336 02f6 455A4932 		.ascii	"EZI2C_EzI2CGetActivity\000"
 1336      435F457A 
 1336      49324347 
 1336      65744163 
 1336      74697669 
 1337              	.LASF23:
 1338 030d 455A4932 		.ascii	"EZI2C_EzI2CGetAddress1\000"
 1338      435F457A 
 1338      49324347 
 1338      65744164 
 1338      64726573 
 1339              	.LASF0:
 1340 0324 7369676E 		.ascii	"signed char\000"
 1340      65642063 
 1340      68617200 
 1341              	.LASF28:
 1342 0330 62756666 		.ascii	"buffer\000"
 1342      657200
 1343              		.ident	"GCC: (GNU Tools for ARM Embedded Processors) 4.9.3 20150303 (release) [ARM/embedded-4_9-br
