ARM GAS  C:\Users\Administrator\AppData\Local\Temp\ccaDHJrp.s 			page 1


   1              		.cpu cortex-m0plus
   2              		.fpu softvfp
   3              		.eabi_attribute 20, 1
   4              		.eabi_attribute 21, 1
   5              		.eabi_attribute 23, 3
   6              		.eabi_attribute 24, 1
   7              		.eabi_attribute 25, 1
   8              		.eabi_attribute 26, 1
   9              		.eabi_attribute 30, 1
  10              		.eabi_attribute 34, 0
  11              		.eabi_attribute 18, 4
  12              		.code	16
  13              		.file	"EZI2C_1_PM.c"
  14              		.text
  15              	.Ltext0:
  16              		.cfi_sections	.debug_frame
  17              		.section	.text.EZI2C_1_Sleep,"ax",%progbits
  18              		.align	2
  19              		.global	EZI2C_1_Sleep
  20              		.code	16
  21              		.thumb_func
  22              		.type	EZI2C_1_Sleep, %function
  23              	EZI2C_1_Sleep:
  24              	.LFB1:
  25              		.file 1 "Generated_Source\\PSoC4\\EZI2C_1_PM.c"
   1:Generated_Source\PSoC4/EZI2C_1_PM.c **** /***************************************************************************//**
   2:Generated_Source\PSoC4/EZI2C_1_PM.c **** * \file EZI2C_1_PM.c
   3:Generated_Source\PSoC4/EZI2C_1_PM.c **** * \version 3.20
   4:Generated_Source\PSoC4/EZI2C_1_PM.c **** *
   5:Generated_Source\PSoC4/EZI2C_1_PM.c **** * \brief
   6:Generated_Source\PSoC4/EZI2C_1_PM.c **** *  This file provides the source code to the Power Management support for
   7:Generated_Source\PSoC4/EZI2C_1_PM.c **** *  the SCB Component.
   8:Generated_Source\PSoC4/EZI2C_1_PM.c **** *
   9:Generated_Source\PSoC4/EZI2C_1_PM.c **** * Note:
  10:Generated_Source\PSoC4/EZI2C_1_PM.c **** *
  11:Generated_Source\PSoC4/EZI2C_1_PM.c **** ********************************************************************************
  12:Generated_Source\PSoC4/EZI2C_1_PM.c **** * \copyright
  13:Generated_Source\PSoC4/EZI2C_1_PM.c **** * Copyright 2013-2016, Cypress Semiconductor Corporation.  All rights reserved.
  14:Generated_Source\PSoC4/EZI2C_1_PM.c **** * You may use this file only in accordance with the license, terms, conditions,
  15:Generated_Source\PSoC4/EZI2C_1_PM.c **** * disclaimers, and limitations in the end user license agreement accompanying
  16:Generated_Source\PSoC4/EZI2C_1_PM.c **** * the software package with which this file was provided.
  17:Generated_Source\PSoC4/EZI2C_1_PM.c **** *******************************************************************************/
  18:Generated_Source\PSoC4/EZI2C_1_PM.c **** 
  19:Generated_Source\PSoC4/EZI2C_1_PM.c **** #include "EZI2C_1.h"
  20:Generated_Source\PSoC4/EZI2C_1_PM.c **** #include "EZI2C_1_PVT.h"
  21:Generated_Source\PSoC4/EZI2C_1_PM.c **** 
  22:Generated_Source\PSoC4/EZI2C_1_PM.c **** #if(EZI2C_1_SCB_MODE_I2C_INC)
  23:Generated_Source\PSoC4/EZI2C_1_PM.c ****     #include "EZI2C_1_I2C_PVT.h"
  24:Generated_Source\PSoC4/EZI2C_1_PM.c **** #endif /* (EZI2C_1_SCB_MODE_I2C_INC) */
  25:Generated_Source\PSoC4/EZI2C_1_PM.c **** 
  26:Generated_Source\PSoC4/EZI2C_1_PM.c **** #if(EZI2C_1_SCB_MODE_EZI2C_INC)
  27:Generated_Source\PSoC4/EZI2C_1_PM.c ****     #include "EZI2C_1_EZI2C_PVT.h"
  28:Generated_Source\PSoC4/EZI2C_1_PM.c **** #endif /* (EZI2C_1_SCB_MODE_EZI2C_INC) */
  29:Generated_Source\PSoC4/EZI2C_1_PM.c **** 
  30:Generated_Source\PSoC4/EZI2C_1_PM.c **** #if(EZI2C_1_SCB_MODE_SPI_INC || EZI2C_1_SCB_MODE_UART_INC)
  31:Generated_Source\PSoC4/EZI2C_1_PM.c ****     #include "EZI2C_1_SPI_UART_PVT.h"
  32:Generated_Source\PSoC4/EZI2C_1_PM.c **** #endif /* (EZI2C_1_SCB_MODE_SPI_INC || EZI2C_1_SCB_MODE_UART_INC) */
ARM GAS  C:\Users\Administrator\AppData\Local\Temp\ccaDHJrp.s 			page 2


  33:Generated_Source\PSoC4/EZI2C_1_PM.c **** 
  34:Generated_Source\PSoC4/EZI2C_1_PM.c **** 
  35:Generated_Source\PSoC4/EZI2C_1_PM.c **** /***************************************
  36:Generated_Source\PSoC4/EZI2C_1_PM.c **** *   Backup Structure declaration
  37:Generated_Source\PSoC4/EZI2C_1_PM.c **** ***************************************/
  38:Generated_Source\PSoC4/EZI2C_1_PM.c **** 
  39:Generated_Source\PSoC4/EZI2C_1_PM.c **** #if(EZI2C_1_SCB_MODE_UNCONFIG_CONST_CFG || \
  40:Generated_Source\PSoC4/EZI2C_1_PM.c ****    (EZI2C_1_SCB_MODE_I2C_CONST_CFG   && (!EZI2C_1_I2C_WAKE_ENABLE_CONST))   || \
  41:Generated_Source\PSoC4/EZI2C_1_PM.c ****    (EZI2C_1_SCB_MODE_EZI2C_CONST_CFG && (!EZI2C_1_EZI2C_WAKE_ENABLE_CONST)) || \
  42:Generated_Source\PSoC4/EZI2C_1_PM.c ****    (EZI2C_1_SCB_MODE_SPI_CONST_CFG   && (!EZI2C_1_SPI_WAKE_ENABLE_CONST))   || \
  43:Generated_Source\PSoC4/EZI2C_1_PM.c ****    (EZI2C_1_SCB_MODE_UART_CONST_CFG  && (!EZI2C_1_UART_WAKE_ENABLE_CONST)))
  44:Generated_Source\PSoC4/EZI2C_1_PM.c **** 
  45:Generated_Source\PSoC4/EZI2C_1_PM.c ****     EZI2C_1_BACKUP_STRUCT EZI2C_1_backup =
  46:Generated_Source\PSoC4/EZI2C_1_PM.c ****     {
  47:Generated_Source\PSoC4/EZI2C_1_PM.c ****         0u, /* enableState */
  48:Generated_Source\PSoC4/EZI2C_1_PM.c ****     };
  49:Generated_Source\PSoC4/EZI2C_1_PM.c **** #endif
  50:Generated_Source\PSoC4/EZI2C_1_PM.c **** 
  51:Generated_Source\PSoC4/EZI2C_1_PM.c **** 
  52:Generated_Source\PSoC4/EZI2C_1_PM.c **** /*******************************************************************************
  53:Generated_Source\PSoC4/EZI2C_1_PM.c **** * Function Name: EZI2C_1_Sleep
  54:Generated_Source\PSoC4/EZI2C_1_PM.c **** ****************************************************************************//**
  55:Generated_Source\PSoC4/EZI2C_1_PM.c **** *
  56:Generated_Source\PSoC4/EZI2C_1_PM.c **** *  Prepares the EZI2C_1 component to enter Deep Sleep.
  57:Generated_Source\PSoC4/EZI2C_1_PM.c **** *  The ¡°Enable wakeup from Deep Sleep Mode¡± selection has an influence on this 
  58:Generated_Source\PSoC4/EZI2C_1_PM.c **** *  function implementation:
  59:Generated_Source\PSoC4/EZI2C_1_PM.c **** *  - Checked: configures the component to be wakeup source from Deep Sleep.
  60:Generated_Source\PSoC4/EZI2C_1_PM.c **** *  - Unchecked: stores the current component state (enabled or disabled) and 
  61:Generated_Source\PSoC4/EZI2C_1_PM.c **** *    disables the component. See SCB_Stop() function for details about component 
  62:Generated_Source\PSoC4/EZI2C_1_PM.c **** *    disabling.
  63:Generated_Source\PSoC4/EZI2C_1_PM.c **** *
  64:Generated_Source\PSoC4/EZI2C_1_PM.c **** *  Call the EZI2C_1_Sleep() function before calling the 
  65:Generated_Source\PSoC4/EZI2C_1_PM.c **** *  CyPmSysDeepSleep() function. 
  66:Generated_Source\PSoC4/EZI2C_1_PM.c **** *  Refer to the PSoC Creator System Reference Guide for more information about 
  67:Generated_Source\PSoC4/EZI2C_1_PM.c **** *  power management functions and Low power section of this document for the 
  68:Generated_Source\PSoC4/EZI2C_1_PM.c **** *  selected mode.
  69:Generated_Source\PSoC4/EZI2C_1_PM.c **** *
  70:Generated_Source\PSoC4/EZI2C_1_PM.c **** *  This function should not be called before entering Sleep.
  71:Generated_Source\PSoC4/EZI2C_1_PM.c **** *
  72:Generated_Source\PSoC4/EZI2C_1_PM.c **** *******************************************************************************/
  73:Generated_Source\PSoC4/EZI2C_1_PM.c **** void EZI2C_1_Sleep(void)
  74:Generated_Source\PSoC4/EZI2C_1_PM.c **** {
  26              		.loc 1 74 0
  27              		.cfi_startproc
  28 0000 08B5     		push	{r3, lr}
  29              		.cfi_def_cfa_offset 8
  30              		.cfi_offset 3, -8
  31              		.cfi_offset 14, -4
  75:Generated_Source\PSoC4/EZI2C_1_PM.c **** #if(EZI2C_1_SCB_MODE_UNCONFIG_CONST_CFG)
  76:Generated_Source\PSoC4/EZI2C_1_PM.c **** 
  77:Generated_Source\PSoC4/EZI2C_1_PM.c ****     if(EZI2C_1_SCB_WAKE_ENABLE_CHECK)
  78:Generated_Source\PSoC4/EZI2C_1_PM.c ****     {
  79:Generated_Source\PSoC4/EZI2C_1_PM.c ****         if(EZI2C_1_SCB_MODE_I2C_RUNTM_CFG)
  80:Generated_Source\PSoC4/EZI2C_1_PM.c ****         {
  81:Generated_Source\PSoC4/EZI2C_1_PM.c ****             EZI2C_1_I2CSaveConfig();
  82:Generated_Source\PSoC4/EZI2C_1_PM.c ****         }
  83:Generated_Source\PSoC4/EZI2C_1_PM.c ****         else if(EZI2C_1_SCB_MODE_EZI2C_RUNTM_CFG)
ARM GAS  C:\Users\Administrator\AppData\Local\Temp\ccaDHJrp.s 			page 3


  84:Generated_Source\PSoC4/EZI2C_1_PM.c ****         {
  85:Generated_Source\PSoC4/EZI2C_1_PM.c ****             EZI2C_1_EzI2CSaveConfig();
  86:Generated_Source\PSoC4/EZI2C_1_PM.c ****         }
  87:Generated_Source\PSoC4/EZI2C_1_PM.c ****     #if(!EZI2C_1_CY_SCBIP_V1)
  88:Generated_Source\PSoC4/EZI2C_1_PM.c ****         else if(EZI2C_1_SCB_MODE_SPI_RUNTM_CFG)
  89:Generated_Source\PSoC4/EZI2C_1_PM.c ****         {
  90:Generated_Source\PSoC4/EZI2C_1_PM.c ****             EZI2C_1_SpiSaveConfig();
  91:Generated_Source\PSoC4/EZI2C_1_PM.c ****         }
  92:Generated_Source\PSoC4/EZI2C_1_PM.c ****         else if(EZI2C_1_SCB_MODE_UART_RUNTM_CFG)
  93:Generated_Source\PSoC4/EZI2C_1_PM.c ****         {
  94:Generated_Source\PSoC4/EZI2C_1_PM.c ****             EZI2C_1_UartSaveConfig();
  95:Generated_Source\PSoC4/EZI2C_1_PM.c ****         }
  96:Generated_Source\PSoC4/EZI2C_1_PM.c ****     #endif /* (!EZI2C_1_CY_SCBIP_V1) */
  97:Generated_Source\PSoC4/EZI2C_1_PM.c ****         else
  98:Generated_Source\PSoC4/EZI2C_1_PM.c ****         {
  99:Generated_Source\PSoC4/EZI2C_1_PM.c ****             /* Unknown mode */
 100:Generated_Source\PSoC4/EZI2C_1_PM.c ****         }
 101:Generated_Source\PSoC4/EZI2C_1_PM.c ****     }
 102:Generated_Source\PSoC4/EZI2C_1_PM.c ****     else
 103:Generated_Source\PSoC4/EZI2C_1_PM.c ****     {
 104:Generated_Source\PSoC4/EZI2C_1_PM.c ****         EZI2C_1_backup.enableState = (uint8) EZI2C_1_GET_CTRL_ENABLED;
 105:Generated_Source\PSoC4/EZI2C_1_PM.c **** 
 106:Generated_Source\PSoC4/EZI2C_1_PM.c ****         if(0u != EZI2C_1_backup.enableState)
 107:Generated_Source\PSoC4/EZI2C_1_PM.c ****         {
 108:Generated_Source\PSoC4/EZI2C_1_PM.c ****             EZI2C_1_Stop();
 109:Generated_Source\PSoC4/EZI2C_1_PM.c ****         }
 110:Generated_Source\PSoC4/EZI2C_1_PM.c ****     }
 111:Generated_Source\PSoC4/EZI2C_1_PM.c **** 
 112:Generated_Source\PSoC4/EZI2C_1_PM.c **** #else
 113:Generated_Source\PSoC4/EZI2C_1_PM.c **** 
 114:Generated_Source\PSoC4/EZI2C_1_PM.c ****     #if (EZI2C_1_SCB_MODE_I2C_CONST_CFG && EZI2C_1_I2C_WAKE_ENABLE_CONST)
 115:Generated_Source\PSoC4/EZI2C_1_PM.c ****         EZI2C_1_I2CSaveConfig();
 116:Generated_Source\PSoC4/EZI2C_1_PM.c **** 
 117:Generated_Source\PSoC4/EZI2C_1_PM.c ****     #elif (EZI2C_1_SCB_MODE_EZI2C_CONST_CFG && EZI2C_1_EZI2C_WAKE_ENABLE_CONST)
 118:Generated_Source\PSoC4/EZI2C_1_PM.c ****         EZI2C_1_EzI2CSaveConfig();
  32              		.loc 1 118 0
  33 0002 FFF7FEFF 		bl	EZI2C_1_EzI2CSaveConfig
  34              	.LVL0:
 119:Generated_Source\PSoC4/EZI2C_1_PM.c **** 
 120:Generated_Source\PSoC4/EZI2C_1_PM.c ****     #elif (EZI2C_1_SCB_MODE_SPI_CONST_CFG && EZI2C_1_SPI_WAKE_ENABLE_CONST)
 121:Generated_Source\PSoC4/EZI2C_1_PM.c ****         EZI2C_1_SpiSaveConfig();
 122:Generated_Source\PSoC4/EZI2C_1_PM.c **** 
 123:Generated_Source\PSoC4/EZI2C_1_PM.c ****     #elif (EZI2C_1_SCB_MODE_UART_CONST_CFG && EZI2C_1_UART_WAKE_ENABLE_CONST)
 124:Generated_Source\PSoC4/EZI2C_1_PM.c ****         EZI2C_1_UartSaveConfig();
 125:Generated_Source\PSoC4/EZI2C_1_PM.c **** 
 126:Generated_Source\PSoC4/EZI2C_1_PM.c ****     #else
 127:Generated_Source\PSoC4/EZI2C_1_PM.c **** 
 128:Generated_Source\PSoC4/EZI2C_1_PM.c ****         EZI2C_1_backup.enableState = (uint8) EZI2C_1_GET_CTRL_ENABLED;
 129:Generated_Source\PSoC4/EZI2C_1_PM.c **** 
 130:Generated_Source\PSoC4/EZI2C_1_PM.c ****         if(0u != EZI2C_1_backup.enableState)
 131:Generated_Source\PSoC4/EZI2C_1_PM.c ****         {
 132:Generated_Source\PSoC4/EZI2C_1_PM.c ****             EZI2C_1_Stop();
 133:Generated_Source\PSoC4/EZI2C_1_PM.c ****         }
 134:Generated_Source\PSoC4/EZI2C_1_PM.c **** 
 135:Generated_Source\PSoC4/EZI2C_1_PM.c ****     #endif /* defined (EZI2C_1_SCB_MODE_I2C_CONST_CFG) && (EZI2C_1_I2C_WAKE_ENABLE_CONST) */
 136:Generated_Source\PSoC4/EZI2C_1_PM.c **** 
 137:Generated_Source\PSoC4/EZI2C_1_PM.c **** #endif /* (EZI2C_1_SCB_MODE_UNCONFIG_CONST_CFG) */
ARM GAS  C:\Users\Administrator\AppData\Local\Temp\ccaDHJrp.s 			page 4


 138:Generated_Source\PSoC4/EZI2C_1_PM.c **** }
  35              		.loc 1 138 0
  36              		@ sp needed
  37 0006 08BD     		pop	{r3, pc}
  38              		.cfi_endproc
  39              	.LFE1:
  40              		.size	EZI2C_1_Sleep, .-EZI2C_1_Sleep
  41              		.section	.text.EZI2C_1_Wakeup,"ax",%progbits
  42              		.align	2
  43              		.global	EZI2C_1_Wakeup
  44              		.code	16
  45              		.thumb_func
  46              		.type	EZI2C_1_Wakeup, %function
  47              	EZI2C_1_Wakeup:
  48              	.LFB2:
 139:Generated_Source\PSoC4/EZI2C_1_PM.c **** 
 140:Generated_Source\PSoC4/EZI2C_1_PM.c **** 
 141:Generated_Source\PSoC4/EZI2C_1_PM.c **** /*******************************************************************************
 142:Generated_Source\PSoC4/EZI2C_1_PM.c **** * Function Name: EZI2C_1_Wakeup
 143:Generated_Source\PSoC4/EZI2C_1_PM.c **** ****************************************************************************//**
 144:Generated_Source\PSoC4/EZI2C_1_PM.c **** *
 145:Generated_Source\PSoC4/EZI2C_1_PM.c **** *  Prepares the EZI2C_1 component for Active mode operation after 
 146:Generated_Source\PSoC4/EZI2C_1_PM.c **** *  Deep Sleep.
 147:Generated_Source\PSoC4/EZI2C_1_PM.c **** *  The ¡°Enable wakeup from Deep Sleep Mode¡± selection has influence on this 
 148:Generated_Source\PSoC4/EZI2C_1_PM.c **** *  function implementation:
 149:Generated_Source\PSoC4/EZI2C_1_PM.c **** *  - Checked: restores the component Active mode configuration.
 150:Generated_Source\PSoC4/EZI2C_1_PM.c **** *  - Unchecked: enables the component if it was enabled before enter Deep Sleep.
 151:Generated_Source\PSoC4/EZI2C_1_PM.c **** *
 152:Generated_Source\PSoC4/EZI2C_1_PM.c **** *  This function should not be called after exiting Sleep.
 153:Generated_Source\PSoC4/EZI2C_1_PM.c **** *
 154:Generated_Source\PSoC4/EZI2C_1_PM.c **** *  \sideeffect
 155:Generated_Source\PSoC4/EZI2C_1_PM.c **** *   Calling the EZI2C_1_Wakeup() function without first calling the 
 156:Generated_Source\PSoC4/EZI2C_1_PM.c **** *   EZI2C_1_Sleep() function may produce unexpected behavior.
 157:Generated_Source\PSoC4/EZI2C_1_PM.c **** *
 158:Generated_Source\PSoC4/EZI2C_1_PM.c **** *******************************************************************************/
 159:Generated_Source\PSoC4/EZI2C_1_PM.c **** void EZI2C_1_Wakeup(void)
 160:Generated_Source\PSoC4/EZI2C_1_PM.c **** {
  49              		.loc 1 160 0
  50              		.cfi_startproc
  51 0000 08B5     		push	{r3, lr}
  52              		.cfi_def_cfa_offset 8
  53              		.cfi_offset 3, -8
  54              		.cfi_offset 14, -4
 161:Generated_Source\PSoC4/EZI2C_1_PM.c **** #if(EZI2C_1_SCB_MODE_UNCONFIG_CONST_CFG)
 162:Generated_Source\PSoC4/EZI2C_1_PM.c **** 
 163:Generated_Source\PSoC4/EZI2C_1_PM.c ****     if(EZI2C_1_SCB_WAKE_ENABLE_CHECK)
 164:Generated_Source\PSoC4/EZI2C_1_PM.c ****     {
 165:Generated_Source\PSoC4/EZI2C_1_PM.c ****         if(EZI2C_1_SCB_MODE_I2C_RUNTM_CFG)
 166:Generated_Source\PSoC4/EZI2C_1_PM.c ****         {
 167:Generated_Source\PSoC4/EZI2C_1_PM.c ****             EZI2C_1_I2CRestoreConfig();
 168:Generated_Source\PSoC4/EZI2C_1_PM.c ****         }
 169:Generated_Source\PSoC4/EZI2C_1_PM.c ****         else if(EZI2C_1_SCB_MODE_EZI2C_RUNTM_CFG)
 170:Generated_Source\PSoC4/EZI2C_1_PM.c ****         {
 171:Generated_Source\PSoC4/EZI2C_1_PM.c ****             EZI2C_1_EzI2CRestoreConfig();
 172:Generated_Source\PSoC4/EZI2C_1_PM.c ****         }
 173:Generated_Source\PSoC4/EZI2C_1_PM.c ****     #if(!EZI2C_1_CY_SCBIP_V1)
 174:Generated_Source\PSoC4/EZI2C_1_PM.c ****         else if(EZI2C_1_SCB_MODE_SPI_RUNTM_CFG)
ARM GAS  C:\Users\Administrator\AppData\Local\Temp\ccaDHJrp.s 			page 5


 175:Generated_Source\PSoC4/EZI2C_1_PM.c ****         {
 176:Generated_Source\PSoC4/EZI2C_1_PM.c ****             EZI2C_1_SpiRestoreConfig();
 177:Generated_Source\PSoC4/EZI2C_1_PM.c ****         }
 178:Generated_Source\PSoC4/EZI2C_1_PM.c ****         else if(EZI2C_1_SCB_MODE_UART_RUNTM_CFG)
 179:Generated_Source\PSoC4/EZI2C_1_PM.c ****         {
 180:Generated_Source\PSoC4/EZI2C_1_PM.c ****             EZI2C_1_UartRestoreConfig();
 181:Generated_Source\PSoC4/EZI2C_1_PM.c ****         }
 182:Generated_Source\PSoC4/EZI2C_1_PM.c ****     #endif /* (!EZI2C_1_CY_SCBIP_V1) */
 183:Generated_Source\PSoC4/EZI2C_1_PM.c ****         else
 184:Generated_Source\PSoC4/EZI2C_1_PM.c ****         {
 185:Generated_Source\PSoC4/EZI2C_1_PM.c ****             /* Unknown mode */
 186:Generated_Source\PSoC4/EZI2C_1_PM.c ****         }
 187:Generated_Source\PSoC4/EZI2C_1_PM.c ****     }
 188:Generated_Source\PSoC4/EZI2C_1_PM.c ****     else
 189:Generated_Source\PSoC4/EZI2C_1_PM.c ****     {
 190:Generated_Source\PSoC4/EZI2C_1_PM.c ****         if(0u != EZI2C_1_backup.enableState)
 191:Generated_Source\PSoC4/EZI2C_1_PM.c ****         {
 192:Generated_Source\PSoC4/EZI2C_1_PM.c ****             EZI2C_1_Enable();
 193:Generated_Source\PSoC4/EZI2C_1_PM.c ****         }
 194:Generated_Source\PSoC4/EZI2C_1_PM.c ****     }
 195:Generated_Source\PSoC4/EZI2C_1_PM.c **** 
 196:Generated_Source\PSoC4/EZI2C_1_PM.c **** #else
 197:Generated_Source\PSoC4/EZI2C_1_PM.c **** 
 198:Generated_Source\PSoC4/EZI2C_1_PM.c ****     #if (EZI2C_1_SCB_MODE_I2C_CONST_CFG  && EZI2C_1_I2C_WAKE_ENABLE_CONST)
 199:Generated_Source\PSoC4/EZI2C_1_PM.c ****         EZI2C_1_I2CRestoreConfig();
 200:Generated_Source\PSoC4/EZI2C_1_PM.c **** 
 201:Generated_Source\PSoC4/EZI2C_1_PM.c ****     #elif (EZI2C_1_SCB_MODE_EZI2C_CONST_CFG && EZI2C_1_EZI2C_WAKE_ENABLE_CONST)
 202:Generated_Source\PSoC4/EZI2C_1_PM.c ****         EZI2C_1_EzI2CRestoreConfig();
  55              		.loc 1 202 0
  56 0002 FFF7FEFF 		bl	EZI2C_1_EzI2CRestoreConfig
  57              	.LVL1:
 203:Generated_Source\PSoC4/EZI2C_1_PM.c **** 
 204:Generated_Source\PSoC4/EZI2C_1_PM.c ****     #elif (EZI2C_1_SCB_MODE_SPI_CONST_CFG && EZI2C_1_SPI_WAKE_ENABLE_CONST)
 205:Generated_Source\PSoC4/EZI2C_1_PM.c ****         EZI2C_1_SpiRestoreConfig();
 206:Generated_Source\PSoC4/EZI2C_1_PM.c **** 
 207:Generated_Source\PSoC4/EZI2C_1_PM.c ****     #elif (EZI2C_1_SCB_MODE_UART_CONST_CFG && EZI2C_1_UART_WAKE_ENABLE_CONST)
 208:Generated_Source\PSoC4/EZI2C_1_PM.c ****         EZI2C_1_UartRestoreConfig();
 209:Generated_Source\PSoC4/EZI2C_1_PM.c **** 
 210:Generated_Source\PSoC4/EZI2C_1_PM.c ****     #else
 211:Generated_Source\PSoC4/EZI2C_1_PM.c **** 
 212:Generated_Source\PSoC4/EZI2C_1_PM.c ****         if(0u != EZI2C_1_backup.enableState)
 213:Generated_Source\PSoC4/EZI2C_1_PM.c ****         {
 214:Generated_Source\PSoC4/EZI2C_1_PM.c ****             EZI2C_1_Enable();
 215:Generated_Source\PSoC4/EZI2C_1_PM.c ****         }
 216:Generated_Source\PSoC4/EZI2C_1_PM.c **** 
 217:Generated_Source\PSoC4/EZI2C_1_PM.c ****     #endif /* (EZI2C_1_I2C_WAKE_ENABLE_CONST) */
 218:Generated_Source\PSoC4/EZI2C_1_PM.c **** 
 219:Generated_Source\PSoC4/EZI2C_1_PM.c **** #endif /* (EZI2C_1_SCB_MODE_UNCONFIG_CONST_CFG) */
 220:Generated_Source\PSoC4/EZI2C_1_PM.c **** }
  58              		.loc 1 220 0
  59              		@ sp needed
  60 0006 08BD     		pop	{r3, pc}
  61              		.cfi_endproc
  62              	.LFE2:
  63              		.size	EZI2C_1_Wakeup, .-EZI2C_1_Wakeup
  64              		.text
  65              	.Letext0:
ARM GAS  C:\Users\Administrator\AppData\Local\Temp\ccaDHJrp.s 			page 6


  66              		.file 2 "Generated_Source\\PSoC4\\EZI2C_1_EZI2C_PVT.h"
  67              		.section	.debug_info,"",%progbits
  68              	.Ldebug_info0:
  69 0000 D0000000 		.4byte	0xd0
  70 0004 0400     		.2byte	0x4
  71 0006 00000000 		.4byte	.Ldebug_abbrev0
  72 000a 04       		.byte	0x4
  73 000b 01       		.uleb128 0x1
  74 000c 22010000 		.4byte	.LASF17
  75 0010 01       		.byte	0x1
  76 0011 FE000000 		.4byte	.LASF18
  77 0015 1B000000 		.4byte	.LASF19
  78 0019 00000000 		.4byte	.Ldebug_ranges0+0
  79 001d 00000000 		.4byte	0
  80 0021 00000000 		.4byte	.Ldebug_line0
  81 0025 02       		.uleb128 0x2
  82 0026 01       		.byte	0x1
  83 0027 06       		.byte	0x6
  84 0028 F2000000 		.4byte	.LASF0
  85 002c 02       		.uleb128 0x2
  86 002d 01       		.byte	0x1
  87 002e 08       		.byte	0x8
  88 002f 92000000 		.4byte	.LASF1
  89 0033 02       		.uleb128 0x2
  90 0034 02       		.byte	0x2
  91 0035 05       		.byte	0x5
  92 0036 D2010000 		.4byte	.LASF2
  93 003a 02       		.uleb128 0x2
  94 003b 02       		.byte	0x2
  95 003c 07       		.byte	0x7
  96 003d DF000000 		.4byte	.LASF3
  97 0041 02       		.uleb128 0x2
  98 0042 04       		.byte	0x4
  99 0043 05       		.byte	0x5
 100 0044 A5000000 		.4byte	.LASF4
 101 0048 02       		.uleb128 0x2
 102 0049 04       		.byte	0x4
 103 004a 07       		.byte	0x7
 104 004b 5B000000 		.4byte	.LASF5
 105 004f 02       		.uleb128 0x2
 106 0050 08       		.byte	0x8
 107 0051 05       		.byte	0x5
 108 0052 00000000 		.4byte	.LASF6
 109 0056 02       		.uleb128 0x2
 110 0057 08       		.byte	0x8
 111 0058 07       		.byte	0x7
 112 0059 6D000000 		.4byte	.LASF7
 113 005d 03       		.uleb128 0x3
 114 005e 04       		.byte	0x4
 115 005f 05       		.byte	0x5
 116 0060 696E7400 		.ascii	"int\000"
 117 0064 02       		.uleb128 0x2
 118 0065 04       		.byte	0x4
 119 0066 07       		.byte	0x7
 120 0067 0E000000 		.4byte	.LASF8
 121 006b 02       		.uleb128 0x2
 122 006c 04       		.byte	0x4
ARM GAS  C:\Users\Administrator\AppData\Local\Temp\ccaDHJrp.s 			page 7


 123 006d 04       		.byte	0x4
 124 006e B4010000 		.4byte	.LASF9
 125 0072 02       		.uleb128 0x2
 126 0073 08       		.byte	0x8
 127 0074 04       		.byte	0x4
 128 0075 BD000000 		.4byte	.LASF10
 129 0079 02       		.uleb128 0x2
 130 007a 01       		.byte	0x1
 131 007b 08       		.byte	0x8
 132 007c A0000000 		.4byte	.LASF11
 133 0080 02       		.uleb128 0x2
 134 0081 04       		.byte	0x4
 135 0082 07       		.byte	0x7
 136 0083 DC010000 		.4byte	.LASF12
 137 0087 04       		.uleb128 0x4
 138 0088 84000000 		.4byte	.LASF13
 139 008c 01       		.byte	0x1
 140 008d 49       		.byte	0x49
 141 008e 00000000 		.4byte	.LFB1
 142 0092 08000000 		.4byte	.LFE1-.LFB1
 143 0096 01       		.uleb128 0x1
 144 0097 9C       		.byte	0x9c
 145 0098 A6000000 		.4byte	0xa6
 146 009c 05       		.uleb128 0x5
 147 009d 06000000 		.4byte	.LVL0
 148 00a1 C5000000 		.4byte	0xc5
 149 00a5 00       		.byte	0
 150 00a6 04       		.uleb128 0x4
 151 00a7 AE000000 		.4byte	.LASF14
 152 00ab 01       		.byte	0x1
 153 00ac 9F       		.byte	0x9f
 154 00ad 00000000 		.4byte	.LFB2
 155 00b1 08000000 		.4byte	.LFE2-.LFB2
 156 00b5 01       		.uleb128 0x1
 157 00b6 9C       		.byte	0x9c
 158 00b7 C5000000 		.4byte	0xc5
 159 00bb 05       		.uleb128 0x5
 160 00bc 06000000 		.4byte	.LVL1
 161 00c0 CC000000 		.4byte	0xcc
 162 00c4 00       		.byte	0
 163 00c5 06       		.uleb128 0x6
 164 00c6 BA010000 		.4byte	.LASF15
 165 00ca 02       		.byte	0x2
 166 00cb 3F       		.byte	0x3f
 167 00cc 06       		.uleb128 0x6
 168 00cd C4000000 		.4byte	.LASF16
 169 00d1 02       		.byte	0x2
 170 00d2 40       		.byte	0x40
 171 00d3 00       		.byte	0
 172              		.section	.debug_abbrev,"",%progbits
 173              	.Ldebug_abbrev0:
 174 0000 01       		.uleb128 0x1
 175 0001 11       		.uleb128 0x11
 176 0002 01       		.byte	0x1
 177 0003 25       		.uleb128 0x25
 178 0004 0E       		.uleb128 0xe
 179 0005 13       		.uleb128 0x13
ARM GAS  C:\Users\Administrator\AppData\Local\Temp\ccaDHJrp.s 			page 8


 180 0006 0B       		.uleb128 0xb
 181 0007 03       		.uleb128 0x3
 182 0008 0E       		.uleb128 0xe
 183 0009 1B       		.uleb128 0x1b
 184 000a 0E       		.uleb128 0xe
 185 000b 55       		.uleb128 0x55
 186 000c 17       		.uleb128 0x17
 187 000d 11       		.uleb128 0x11
 188 000e 01       		.uleb128 0x1
 189 000f 10       		.uleb128 0x10
 190 0010 17       		.uleb128 0x17
 191 0011 00       		.byte	0
 192 0012 00       		.byte	0
 193 0013 02       		.uleb128 0x2
 194 0014 24       		.uleb128 0x24
 195 0015 00       		.byte	0
 196 0016 0B       		.uleb128 0xb
 197 0017 0B       		.uleb128 0xb
 198 0018 3E       		.uleb128 0x3e
 199 0019 0B       		.uleb128 0xb
 200 001a 03       		.uleb128 0x3
 201 001b 0E       		.uleb128 0xe
 202 001c 00       		.byte	0
 203 001d 00       		.byte	0
 204 001e 03       		.uleb128 0x3
 205 001f 24       		.uleb128 0x24
 206 0020 00       		.byte	0
 207 0021 0B       		.uleb128 0xb
 208 0022 0B       		.uleb128 0xb
 209 0023 3E       		.uleb128 0x3e
 210 0024 0B       		.uleb128 0xb
 211 0025 03       		.uleb128 0x3
 212 0026 08       		.uleb128 0x8
 213 0027 00       		.byte	0
 214 0028 00       		.byte	0
 215 0029 04       		.uleb128 0x4
 216 002a 2E       		.uleb128 0x2e
 217 002b 01       		.byte	0x1
 218 002c 3F       		.uleb128 0x3f
 219 002d 19       		.uleb128 0x19
 220 002e 03       		.uleb128 0x3
 221 002f 0E       		.uleb128 0xe
 222 0030 3A       		.uleb128 0x3a
 223 0031 0B       		.uleb128 0xb
 224 0032 3B       		.uleb128 0x3b
 225 0033 0B       		.uleb128 0xb
 226 0034 27       		.uleb128 0x27
 227 0035 19       		.uleb128 0x19
 228 0036 11       		.uleb128 0x11
 229 0037 01       		.uleb128 0x1
 230 0038 12       		.uleb128 0x12
 231 0039 06       		.uleb128 0x6
 232 003a 40       		.uleb128 0x40
 233 003b 18       		.uleb128 0x18
 234 003c 9742     		.uleb128 0x2117
 235 003e 19       		.uleb128 0x19
 236 003f 01       		.uleb128 0x1
ARM GAS  C:\Users\Administrator\AppData\Local\Temp\ccaDHJrp.s 			page 9


 237 0040 13       		.uleb128 0x13
 238 0041 00       		.byte	0
 239 0042 00       		.byte	0
 240 0043 05       		.uleb128 0x5
 241 0044 898201   		.uleb128 0x4109
 242 0047 00       		.byte	0
 243 0048 11       		.uleb128 0x11
 244 0049 01       		.uleb128 0x1
 245 004a 31       		.uleb128 0x31
 246 004b 13       		.uleb128 0x13
 247 004c 00       		.byte	0
 248 004d 00       		.byte	0
 249 004e 06       		.uleb128 0x6
 250 004f 2E       		.uleb128 0x2e
 251 0050 00       		.byte	0
 252 0051 3F       		.uleb128 0x3f
 253 0052 19       		.uleb128 0x19
 254 0053 03       		.uleb128 0x3
 255 0054 0E       		.uleb128 0xe
 256 0055 3A       		.uleb128 0x3a
 257 0056 0B       		.uleb128 0xb
 258 0057 3B       		.uleb128 0x3b
 259 0058 0B       		.uleb128 0xb
 260 0059 27       		.uleb128 0x27
 261 005a 19       		.uleb128 0x19
 262 005b 3C       		.uleb128 0x3c
 263 005c 19       		.uleb128 0x19
 264 005d 00       		.byte	0
 265 005e 00       		.byte	0
 266 005f 00       		.byte	0
 267              		.section	.debug_aranges,"",%progbits
 268 0000 24000000 		.4byte	0x24
 269 0004 0200     		.2byte	0x2
 270 0006 00000000 		.4byte	.Ldebug_info0
 271 000a 04       		.byte	0x4
 272 000b 00       		.byte	0
 273 000c 0000     		.2byte	0
 274 000e 0000     		.2byte	0
 275 0010 00000000 		.4byte	.LFB1
 276 0014 08000000 		.4byte	.LFE1-.LFB1
 277 0018 00000000 		.4byte	.LFB2
 278 001c 08000000 		.4byte	.LFE2-.LFB2
 279 0020 00000000 		.4byte	0
 280 0024 00000000 		.4byte	0
 281              		.section	.debug_ranges,"",%progbits
 282              	.Ldebug_ranges0:
 283 0000 00000000 		.4byte	.LFB1
 284 0004 08000000 		.4byte	.LFE1
 285 0008 00000000 		.4byte	.LFB2
 286 000c 08000000 		.4byte	.LFE2
 287 0010 00000000 		.4byte	0
 288 0014 00000000 		.4byte	0
 289              		.section	.debug_line,"",%progbits
 290              	.Ldebug_line0:
 291 0000 83000000 		.section	.debug_str,"MS",%progbits,1
 291      02005100 
 291      00000201 
ARM GAS  C:\Users\Administrator\AppData\Local\Temp\ccaDHJrp.s 			page 10


 291      FB0E0D00 
 291      01010101 
 292              	.LASF6:
 293 0000 6C6F6E67 		.ascii	"long long int\000"
 293      206C6F6E 
 293      6720696E 
 293      7400
 294              	.LASF8:
 295 000e 756E7369 		.ascii	"unsigned int\000"
 295      676E6564 
 295      20696E74 
 295      00
 296              	.LASF19:
 297 001b 433A5C55 		.ascii	"C:\\Users\\Administrator\\Desktop\\AYBR3000\\AYBR30"
 297      73657273 
 297      5C41646D 
 297      696E6973 
 297      74726174 
 298 0049 30305C41 		.ascii	"00\\AYBR3000.cydsn\000"
 298      59425233 
 298      3030302E 
 298      63796473 
 298      6E00
 299              	.LASF5:
 300 005b 6C6F6E67 		.ascii	"long unsigned int\000"
 300      20756E73 
 300      69676E65 
 300      6420696E 
 300      7400
 301              	.LASF7:
 302 006d 6C6F6E67 		.ascii	"long long unsigned int\000"
 302      206C6F6E 
 302      6720756E 
 302      7369676E 
 302      65642069 
 303              	.LASF13:
 304 0084 455A4932 		.ascii	"EZI2C_1_Sleep\000"
 304      435F315F 
 304      536C6565 
 304      7000
 305              	.LASF1:
 306 0092 756E7369 		.ascii	"unsigned char\000"
 306      676E6564 
 306      20636861 
 306      7200
 307              	.LASF11:
 308 00a0 63686172 		.ascii	"char\000"
 308      00
 309              	.LASF4:
 310 00a5 6C6F6E67 		.ascii	"long int\000"
 310      20696E74 
 310      00
 311              	.LASF14:
 312 00ae 455A4932 		.ascii	"EZI2C_1_Wakeup\000"
 312      435F315F 
 312      57616B65 
 312      757000
ARM GAS  C:\Users\Administrator\AppData\Local\Temp\ccaDHJrp.s 			page 11


 313              	.LASF10:
 314 00bd 646F7562 		.ascii	"double\000"
 314      6C6500
 315              	.LASF16:
 316 00c4 455A4932 		.ascii	"EZI2C_1_EzI2CRestoreConfig\000"
 316      435F315F 
 316      457A4932 
 316      43526573 
 316      746F7265 
 317              	.LASF3:
 318 00df 73686F72 		.ascii	"short unsigned int\000"
 318      7420756E 
 318      7369676E 
 318      65642069 
 318      6E7400
 319              	.LASF0:
 320 00f2 7369676E 		.ascii	"signed char\000"
 320      65642063 
 320      68617200 
 321              	.LASF18:
 322 00fe 47656E65 		.ascii	"Generated_Source\\PSoC4\\EZI2C_1_PM.c\000"
 322      72617465 
 322      645F536F 
 322      75726365 
 322      5C50536F 
 323              	.LASF17:
 324 0122 474E5520 		.ascii	"GNU C 4.9.3 20150303 (release) [ARM/embedded-4_9-br"
 324      4320342E 
 324      392E3320 
 324      32303135 
 324      30333033 
 325 0155 616E6368 		.ascii	"anch revision 221220] -mcpu=cortex-m0plus -mthumb -"
 325      20726576 
 325      6973696F 
 325      6E203232 
 325      31323230 
 326 0188 67202D4F 		.ascii	"g -Og -ffunction-sections -ffat-lto-objects\000"
 326      67202D66 
 326      66756E63 
 326      74696F6E 
 326      2D736563 
 327              	.LASF9:
 328 01b4 666C6F61 		.ascii	"float\000"
 328      7400
 329              	.LASF15:
 330 01ba 455A4932 		.ascii	"EZI2C_1_EzI2CSaveConfig\000"
 330      435F315F 
 330      457A4932 
 330      43536176 
 330      65436F6E 
 331              	.LASF2:
 332 01d2 73686F72 		.ascii	"short int\000"
 332      7420696E 
 332      7400
 333              	.LASF12:
 334 01dc 73697A65 		.ascii	"sizetype\000"
 334      74797065 
ARM GAS  C:\Users\Administrator\AppData\Local\Temp\ccaDHJrp.s 			page 12


 334      00
 335              		.ident	"GCC: (GNU Tools for ARM Embedded Processors) 4.9.3 20150303 (release) [ARM/embedded-4_9-br
