ARM GAS  C:\Users\Administrator\AppData\Local\Temp\ccgju7tf.s 			page 1


   1              		.cpu cortex-m0plus
   2              		.fpu softvfp
   3              		.eabi_attribute 20, 1
   4              		.eabi_attribute 21, 1
   5              		.eabi_attribute 23, 3
   6              		.eabi_attribute 24, 1
   7              		.eabi_attribute 25, 1
   8              		.eabi_attribute 26, 1
   9              		.eabi_attribute 30, 1
  10              		.eabi_attribute 34, 0
  11              		.eabi_attribute 18, 4
  12              		.code	16
  13              		.file	"key_touch_Tuner.c"
  14              		.text
  15              	.Ltext0:
  16              		.cfi_sections	.debug_frame
  17              		.section	.text.key_touch_TuInitialize,"ax",%progbits
  18              		.align	2
  19              		.global	key_touch_TuInitialize
  20              		.code	16
  21              		.thumb_func
  22              		.type	key_touch_TuInitialize, %function
  23              	key_touch_TuInitialize:
  24              	.LFB1:
  25              		.file 1 "Generated_Source\\PSoC4\\key_touch_Tuner.c"
   1:Generated_Source\PSoC4/key_touch_Tuner.c **** /***************************************************************************//**
   2:Generated_Source\PSoC4/key_touch_Tuner.c **** * \file key_touch_Tuner.c
   3:Generated_Source\PSoC4/key_touch_Tuner.c **** * \version 3.10
   4:Generated_Source\PSoC4/key_touch_Tuner.c **** *
   5:Generated_Source\PSoC4/key_touch_Tuner.c **** * \brief
   6:Generated_Source\PSoC4/key_touch_Tuner.c **** * This file provides the source code for the Tuner module API of the Component.
   7:Generated_Source\PSoC4/key_touch_Tuner.c **** *
   8:Generated_Source\PSoC4/key_touch_Tuner.c **** * \see CapSense P4 v3.10 Datasheet
   9:Generated_Source\PSoC4/key_touch_Tuner.c **** * 
  10:Generated_Source\PSoC4/key_touch_Tuner.c **** *//*****************************************************************************
  11:Generated_Source\PSoC4/key_touch_Tuner.c **** * Copyright (2016), Cypress Semiconductor Corporation.
  12:Generated_Source\PSoC4/key_touch_Tuner.c **** ********************************************************************************
  13:Generated_Source\PSoC4/key_touch_Tuner.c **** * This software is owned by Cypress Semiconductor Corporation (Cypress) and is
  14:Generated_Source\PSoC4/key_touch_Tuner.c **** * protected by and subject to worldwide patent protection (United States and
  15:Generated_Source\PSoC4/key_touch_Tuner.c **** * foreign), United States copyright laws and international treaty provisions.
  16:Generated_Source\PSoC4/key_touch_Tuner.c **** * Cypress hereby grants to licensee a personal, non-exclusive, non-transferable
  17:Generated_Source\PSoC4/key_touch_Tuner.c **** * license to copy, use, modify, create derivative works of, and compile the
  18:Generated_Source\PSoC4/key_touch_Tuner.c **** * Cypress Source Code and derivative works for the sole purpose of creating
  19:Generated_Source\PSoC4/key_touch_Tuner.c **** * custom software in support of licensee product to be used only in conjunction
  20:Generated_Source\PSoC4/key_touch_Tuner.c **** * with a Cypress integrated circuit as specified in the applicable agreement.
  21:Generated_Source\PSoC4/key_touch_Tuner.c **** * Any reproduction, modification, translation, compilation, or representation of
  22:Generated_Source\PSoC4/key_touch_Tuner.c **** * this software except as specified above is prohibited without the express
  23:Generated_Source\PSoC4/key_touch_Tuner.c **** * written permission of Cypress.
  24:Generated_Source\PSoC4/key_touch_Tuner.c **** *
  25:Generated_Source\PSoC4/key_touch_Tuner.c **** * Disclaimer: CYPRESS MAKES NO WARRANTY OF ANY KIND, EXPRESS OR IMPLIED, WITH
  26:Generated_Source\PSoC4/key_touch_Tuner.c **** * REGARD TO THIS MATERIAL, INCLUDING, BUT NOT LIMITED TO, THE IMPLIED
  27:Generated_Source\PSoC4/key_touch_Tuner.c **** * WARRANTIES OF MERCHANTABILITY AND FITNESS FOR A PARTICULAR PURPOSE.
  28:Generated_Source\PSoC4/key_touch_Tuner.c **** * Cypress reserves the right to make changes without further notice to the
  29:Generated_Source\PSoC4/key_touch_Tuner.c **** * materials described herein. Cypress does not assume any liability arising out
  30:Generated_Source\PSoC4/key_touch_Tuner.c **** * of the application or use of any product or circuit described herein. Cypress
  31:Generated_Source\PSoC4/key_touch_Tuner.c **** * does not authorize its products for use as critical components in life-support
  32:Generated_Source\PSoC4/key_touch_Tuner.c **** * systems where a malfunction or failure may reasonably be expected to result in
ARM GAS  C:\Users\Administrator\AppData\Local\Temp\ccgju7tf.s 			page 2


  33:Generated_Source\PSoC4/key_touch_Tuner.c **** * significant injury to the user. The inclusion of Cypress' product in a life-
  34:Generated_Source\PSoC4/key_touch_Tuner.c **** * support systems application implies that the manufacturer assumes all risk of
  35:Generated_Source\PSoC4/key_touch_Tuner.c **** * such use and in doing so indemnifies Cypress against all charges. Use may be
  36:Generated_Source\PSoC4/key_touch_Tuner.c **** * limited by and subject to the applicable Cypress software license agreement.
  37:Generated_Source\PSoC4/key_touch_Tuner.c **** *******************************************************************************/
  38:Generated_Source\PSoC4/key_touch_Tuner.c **** 
  39:Generated_Source\PSoC4/key_touch_Tuner.c **** #include "cytypes.h"
  40:Generated_Source\PSoC4/key_touch_Tuner.c **** #include "CyLib.h"
  41:Generated_Source\PSoC4/key_touch_Tuner.c **** #include "key_touch_Structure.h"
  42:Generated_Source\PSoC4/key_touch_Tuner.c **** #include "key_touch_Tuner.h"
  43:Generated_Source\PSoC4/key_touch_Tuner.c **** #include "key_touch_Control.h"
  44:Generated_Source\PSoC4/key_touch_Tuner.c **** 
  45:Generated_Source\PSoC4/key_touch_Tuner.c **** /* Tuner states definition */
  46:Generated_Source\PSoC4/key_touch_Tuner.c **** #define TU_FSM_RUNNING      (0u)
  47:Generated_Source\PSoC4/key_touch_Tuner.c **** #define TU_FSM_SUSPENDED    (1u)
  48:Generated_Source\PSoC4/key_touch_Tuner.c **** #define TU_FSM_SNR_TEST     (2u)
  49:Generated_Source\PSoC4/key_touch_Tuner.c **** 
  50:Generated_Source\PSoC4/key_touch_Tuner.c **** /* Tuner state variable */
  51:Generated_Source\PSoC4/key_touch_Tuner.c **** static uint32 tunerFsm = TU_FSM_RUNNING;
  52:Generated_Source\PSoC4/key_touch_Tuner.c **** 
  53:Generated_Source\PSoC4/key_touch_Tuner.c **** 
  54:Generated_Source\PSoC4/key_touch_Tuner.c **** /*******************************************************************************
  55:Generated_Source\PSoC4/key_touch_Tuner.c **** * Function Name: key_touch_TuInitialize
  56:Generated_Source\PSoC4/key_touch_Tuner.c **** ****************************************************************************//**
  57:Generated_Source\PSoC4/key_touch_Tuner.c **** *
  58:Generated_Source\PSoC4/key_touch_Tuner.c **** * \brief
  59:Generated_Source\PSoC4/key_touch_Tuner.c **** *   This function initializes the communication interface with the Tuner GUI.
  60:Generated_Source\PSoC4/key_touch_Tuner.c **** *
  61:Generated_Source\PSoC4/key_touch_Tuner.c **** * \details
  62:Generated_Source\PSoC4/key_touch_Tuner.c **** *   This API sets the tuner state machine to the default state. It is called by
  63:Generated_Source\PSoC4/key_touch_Tuner.c **** *   the key_touch_Start() API.
  64:Generated_Source\PSoC4/key_touch_Tuner.c **** *
  65:Generated_Source\PSoC4/key_touch_Tuner.c **** *******************************************************************************/
  66:Generated_Source\PSoC4/key_touch_Tuner.c **** void key_touch_TuInitialize(void)
  67:Generated_Source\PSoC4/key_touch_Tuner.c **** {
  26              		.loc 1 67 0
  27              		.cfi_startproc
  28              	.LVL0:
  68:Generated_Source\PSoC4/key_touch_Tuner.c ****     volatile key_touch_RAM_STRUCT *ptrDsRam = &key_touch_dsRam;
  69:Generated_Source\PSoC4/key_touch_Tuner.c ****     
  70:Generated_Source\PSoC4/key_touch_Tuner.c ****     ptrDsRam->tunerCmd = (uint16)key_touch_TU_CMD_NONE_E;
  29              		.loc 1 70 0
  30 0000 0023     		mov	r3, #0
  31 0002 024A     		ldr	r2, .L2
  32 0004 9380     		strh	r3, [r2, #4]
  71:Generated_Source\PSoC4/key_touch_Tuner.c ****     tunerFsm = TU_FSM_RUNNING;
  33              		.loc 1 71 0
  34 0006 024A     		ldr	r2, .L2+4
  35 0008 1360     		str	r3, [r2]
  72:Generated_Source\PSoC4/key_touch_Tuner.c **** }
  36              		.loc 1 72 0
  37              		@ sp needed
  38 000a 7047     		bx	lr
  39              	.L3:
  40              		.align	2
  41              	.L2:
  42 000c 00000000 		.word	key_touch_dsRam
ARM GAS  C:\Users\Administrator\AppData\Local\Temp\ccgju7tf.s 			page 3


  43 0010 00000000 		.word	.LANCHOR0
  44              		.cfi_endproc
  45              	.LFE1:
  46              		.size	key_touch_TuInitialize, .-key_touch_TuInitialize
  47              		.section	.text.key_touch_RunTuner,"ax",%progbits
  48              		.align	2
  49              		.global	key_touch_RunTuner
  50              		.code	16
  51              		.thumb_func
  52              		.type	key_touch_RunTuner, %function
  53              	key_touch_RunTuner:
  54              	.LFB2:
  73:Generated_Source\PSoC4/key_touch_Tuner.c **** 
  74:Generated_Source\PSoC4/key_touch_Tuner.c **** /*******************************************************************************
  75:Generated_Source\PSoC4/key_touch_Tuner.c **** * Function Name: key_touch_RunTuner
  76:Generated_Source\PSoC4/key_touch_Tuner.c **** ****************************************************************************//**
  77:Generated_Source\PSoC4/key_touch_Tuner.c **** *
  78:Generated_Source\PSoC4/key_touch_Tuner.c **** * \brief
  79:Generated_Source\PSoC4/key_touch_Tuner.c **** *  Establishes synchronized communication with the Tuner application.
  80:Generated_Source\PSoC4/key_touch_Tuner.c **** *
  81:Generated_Source\PSoC4/key_touch_Tuner.c **** * \details
  82:Generated_Source\PSoC4/key_touch_Tuner.c **** *  This function is used to establish synchronized communication between the 
  83:Generated_Source\PSoC4/key_touch_Tuner.c **** *  key_touch component and Tuner application (or other host controllers).
  84:Generated_Source\PSoC4/key_touch_Tuner.c **** *  This function should be called periodically in the application program loop 
  85:Generated_Source\PSoC4/key_touch_Tuner.c **** *  to serve the Tuner application (or host controller) requests and commands. 
  86:Generated_Source\PSoC4/key_touch_Tuner.c **** *  In most cases, the best place to call this function is after processing and 
  87:Generated_Source\PSoC4/key_touch_Tuner.c **** *  before next scanning. 
  88:Generated_Source\PSoC4/key_touch_Tuner.c **** *  
  89:Generated_Source\PSoC4/key_touch_Tuner.c **** *  If this function is absent in the application program, then communication is 
  90:Generated_Source\PSoC4/key_touch_Tuner.c **** *  asynchronous and the following disadvantages are applicable:
  91:Generated_Source\PSoC4/key_touch_Tuner.c **** *    - The raw counts displayed in the tuner may be filtered and/or unfiltered 
  92:Generated_Source\PSoC4/key_touch_Tuner.c **** *      firmware and as a result, noise and SNR measurements will not be 
  93:Generated_Source\PSoC4/key_touch_Tuner.c **** *      accurate.
  94:Generated_Source\PSoC4/key_touch_Tuner.c **** *    - The Tuner may read the sensor data such as raw counts from a scan 
  95:Generated_Source\PSoC4/key_touch_Tuner.c **** *      multiple times, as a result, noise and SNR measurement will not be 
  96:Generated_Source\PSoC4/key_touch_Tuner.c **** *      accurate.
  97:Generated_Source\PSoC4/key_touch_Tuner.c **** *    - The Tuner and host controller should not change the component parameters 
  98:Generated_Source\PSoC4/key_touch_Tuner.c **** *      via the tuner interface. Changing the component parameters via the tuner 
  99:Generated_Source\PSoC4/key_touch_Tuner.c **** *      interface in the async mode will result in abnormal behavior from the 
 100:Generated_Source\PSoC4/key_touch_Tuner.c **** *      component.
 101:Generated_Source\PSoC4/key_touch_Tuner.c **** *  
 102:Generated_Source\PSoC4/key_touch_Tuner.c **** *  Note that calling this function is not mandatory for the application, but 
 103:Generated_Source\PSoC4/key_touch_Tuner.c **** *  required only to synchronize the communication with the host controller or 
 104:Generated_Source\PSoC4/key_touch_Tuner.c **** *  tuner application.
 105:Generated_Source\PSoC4/key_touch_Tuner.c **** *
 106:Generated_Source\PSoC4/key_touch_Tuner.c **** * \return
 107:Generated_Source\PSoC4/key_touch_Tuner.c **** *  In some cases, the application program may need to know if the component was
 108:Generated_Source\PSoC4/key_touch_Tuner.c **** *  re-initialized. The return indicates if a restart command was executed or not: 
 109:Generated_Source\PSoC4/key_touch_Tuner.c **** *    - key_touch_STATUS_RESTART_DONE based on a received command, the 
 110:Generated_Source\PSoC4/key_touch_Tuner.c **** *      component was restarted.
 111:Generated_Source\PSoC4/key_touch_Tuner.c **** *    -  key_touch_STATUS_RESTART_NONE, no restart was executed by this 
 112:Generated_Source\PSoC4/key_touch_Tuner.c **** *      function.
 113:Generated_Source\PSoC4/key_touch_Tuner.c **** *
 114:Generated_Source\PSoC4/key_touch_Tuner.c **** *******************************************************************************/
 115:Generated_Source\PSoC4/key_touch_Tuner.c **** uint32 key_touch_RunTuner(void)
 116:Generated_Source\PSoC4/key_touch_Tuner.c **** {
  55              		.loc 1 116 0
ARM GAS  C:\Users\Administrator\AppData\Local\Temp\ccgju7tf.s 			page 4


  56              		.cfi_startproc
  57 0000 38B5     		push	{r3, r4, r5, lr}
  58              		.cfi_def_cfa_offset 16
  59              		.cfi_offset 3, -16
  60              		.cfi_offset 4, -12
  61              		.cfi_offset 5, -8
  62              		.cfi_offset 14, -4
  63              	.LVL1:
 117:Generated_Source\PSoC4/key_touch_Tuner.c ****     uint8  critSect;
 118:Generated_Source\PSoC4/key_touch_Tuner.c ****     uint32 widgetId;
 119:Generated_Source\PSoC4/key_touch_Tuner.c ****     uint32 sensorId;
 120:Generated_Source\PSoC4/key_touch_Tuner.c ****     uint32 updateFlag = 0Lu;
 121:Generated_Source\PSoC4/key_touch_Tuner.c ****     key_touch_TU_CMD_ENUM command;
 122:Generated_Source\PSoC4/key_touch_Tuner.c ****     uint32 tunerStatus = key_touch_STATUS_RESTART_NONE;
  64              		.loc 1 122 0
  65 0002 0025     		mov	r5, #0
 120:Generated_Source\PSoC4/key_touch_Tuner.c ****     key_touch_TU_CMD_ENUM command;
  66              		.loc 1 120 0
  67 0004 0022     		mov	r2, #0
  68              	.LVL2:
  69              	.L14:
 123:Generated_Source\PSoC4/key_touch_Tuner.c ****     
 124:Generated_Source\PSoC4/key_touch_Tuner.c ****     volatile key_touch_RAM_STRUCT *ptrDsRam;
 125:Generated_Source\PSoC4/key_touch_Tuner.c ****     volatile key_touch_RAM_SNS_STRUCT *ptrSns;
 126:Generated_Source\PSoC4/key_touch_Tuner.c ****     
 127:Generated_Source\PSoC4/key_touch_Tuner.c ****     ptrDsRam = &key_touch_dsRam;
 128:Generated_Source\PSoC4/key_touch_Tuner.c ****     
 129:Generated_Source\PSoC4/key_touch_Tuner.c ****     do 
 130:Generated_Source\PSoC4/key_touch_Tuner.c ****     {
 131:Generated_Source\PSoC4/key_touch_Tuner.c ****         command = (key_touch_TU_CMD_ENUM)ptrDsRam->tunerCmd;
  70              		.loc 1 131 0
  71 0006 344B     		ldr	r3, .L17
  72 0008 9C88     		ldrh	r4, [r3, #4]
  73 000a E4B2     		uxtb	r4, r4
  74              	.LVL3:
 132:Generated_Source\PSoC4/key_touch_Tuner.c ****         
 133:Generated_Source\PSoC4/key_touch_Tuner.c ****         /* Check command register */
 134:Generated_Source\PSoC4/key_touch_Tuner.c ****         switch (command)
  75              		.loc 1 134 0
  76 000c 052C     		cmp	r4, #5
  77 000e 1AD8     		bhi	.L11
  78 0010 A300     		lsl	r3, r4, #2
  79 0012 3249     		ldr	r1, .L17+4
  80 0014 CB58     		ldr	r3, [r1, r3]
  81 0016 9F46     		mov	pc, r3
  82              		.section	.rodata
  83              		.align	2
  84              	.L7:
  85 0000 46000000 		.word	.L11
  86 0004 18000000 		.word	.L6
  87 0008 20000000 		.word	.L8
  88 000c 2A000000 		.word	.L9
  89 0010 3A000000 		.word	.L10
  90 0014 44000000 		.word	.L16
  91              		.section	.text.key_touch_RunTuner
  92              	.L6:
 135:Generated_Source\PSoC4/key_touch_Tuner.c ****         {
ARM GAS  C:\Users\Administrator\AppData\Local\Temp\ccgju7tf.s 			page 5


 136:Generated_Source\PSoC4/key_touch_Tuner.c ****         case key_touch_TU_CMD_SUSPEND_E:
 137:Generated_Source\PSoC4/key_touch_Tuner.c ****             tunerFsm = TU_FSM_SUSPENDED;
  93              		.loc 1 137 0
  94 0018 0122     		mov	r2, #1
  95              	.LVL4:
  96 001a 314B     		ldr	r3, .L17+8
  97 001c 1A60     		str	r2, [r3]
  98              	.LVL5:
 138:Generated_Source\PSoC4/key_touch_Tuner.c ****             updateFlag = 1Lu;
 139:Generated_Source\PSoC4/key_touch_Tuner.c ****             break;
  99              		.loc 1 139 0
 100 001e 12E0     		b	.L11
 101              	.LVL6:
 102              	.L8:
 140:Generated_Source\PSoC4/key_touch_Tuner.c ****             
 141:Generated_Source\PSoC4/key_touch_Tuner.c ****         case key_touch_TU_CMD_RESUME_E:    
 142:Generated_Source\PSoC4/key_touch_Tuner.c ****             tunerFsm = TU_FSM_RUNNING;
 103              		.loc 1 142 0
 104 0020 0022     		mov	r2, #0
 105              	.LVL7:
 106 0022 2F4B     		ldr	r3, .L17+8
 107 0024 1A60     		str	r2, [r3]
 108              	.LVL8:
 143:Generated_Source\PSoC4/key_touch_Tuner.c ****             updateFlag = 1Lu;
 109              		.loc 1 143 0
 110 0026 0132     		add	r2, r2, #1
 144:Generated_Source\PSoC4/key_touch_Tuner.c ****             break;
 111              		.loc 1 144 0
 112 0028 0DE0     		b	.L11
 113              	.LVL9:
 114              	.L9:
 145:Generated_Source\PSoC4/key_touch_Tuner.c ****             
 146:Generated_Source\PSoC4/key_touch_Tuner.c ****         case key_touch_TU_CMD_RESTART_E:
 147:Generated_Source\PSoC4/key_touch_Tuner.c ****             (void)key_touch_Start();
 115              		.loc 1 147 0
 116 002a FFF7FEFF 		bl	key_touch_Start
 117              	.LVL10:
 148:Generated_Source\PSoC4/key_touch_Tuner.c ****             tunerStatus = key_touch_STATUS_RESTART_DONE;
 149:Generated_Source\PSoC4/key_touch_Tuner.c ****             tunerFsm = TU_FSM_RUNNING;
 118              		.loc 1 149 0
 119 002e 0022     		mov	r2, #0
 120 0030 2B4B     		ldr	r3, .L17+8
 121 0032 1A60     		str	r2, [r3]
 122              	.LVL11:
 148:Generated_Source\PSoC4/key_touch_Tuner.c ****             tunerStatus = key_touch_STATUS_RESTART_DONE;
 123              		.loc 1 148 0
 124 0034 0125     		mov	r5, #1
 150:Generated_Source\PSoC4/key_touch_Tuner.c ****             updateFlag = 1Lu;
 125              		.loc 1 150 0
 126 0036 0132     		add	r2, r2, #1
 151:Generated_Source\PSoC4/key_touch_Tuner.c ****             break;
 127              		.loc 1 151 0
 128 0038 05E0     		b	.L11
 129              	.LVL12:
 130              	.L10:
 152:Generated_Source\PSoC4/key_touch_Tuner.c ****             
 153:Generated_Source\PSoC4/key_touch_Tuner.c ****         case key_touch_TU_CMD_RUN_SNR_TEST_E:
ARM GAS  C:\Users\Administrator\AppData\Local\Temp\ccgju7tf.s 			page 6


 154:Generated_Source\PSoC4/key_touch_Tuner.c ****             tunerFsm = TU_FSM_SNR_TEST;
 131              		.loc 1 154 0
 132 003a 0222     		mov	r2, #2
 133              	.LVL13:
 134 003c 284B     		ldr	r3, .L17+8
 135 003e 1A60     		str	r2, [r3]
 136              	.LVL14:
 155:Generated_Source\PSoC4/key_touch_Tuner.c ****             updateFlag = 1Lu;
 137              		.loc 1 155 0
 138 0040 013A     		sub	r2, r2, #1
 156:Generated_Source\PSoC4/key_touch_Tuner.c ****             break;
 139              		.loc 1 156 0
 140 0042 00E0     		b	.L11
 141              	.LVL15:
 142              	.L16:
 157:Generated_Source\PSoC4/key_touch_Tuner.c ****             
 158:Generated_Source\PSoC4/key_touch_Tuner.c ****         case key_touch_TU_CMD_PING_E:
 159:Generated_Source\PSoC4/key_touch_Tuner.c ****             updateFlag = 1Lu;
 143              		.loc 1 159 0
 144 0044 0122     		mov	r2, #1
 145              	.LVL16:
 146              	.L11:
 160:Generated_Source\PSoC4/key_touch_Tuner.c ****             break;
 161:Generated_Source\PSoC4/key_touch_Tuner.c ****             
 162:Generated_Source\PSoC4/key_touch_Tuner.c ****         default:
 163:Generated_Source\PSoC4/key_touch_Tuner.c ****             break;
 164:Generated_Source\PSoC4/key_touch_Tuner.c ****         }
 165:Generated_Source\PSoC4/key_touch_Tuner.c ****         
 166:Generated_Source\PSoC4/key_touch_Tuner.c ****         /* Set Complete flag in command register if needed */
 167:Generated_Source\PSoC4/key_touch_Tuner.c ****         if (0Lu != updateFlag)
 147              		.loc 1 167 0
 148 0046 002A     		cmp	r2, #0
 149 0048 0FD0     		beq	.L12
 168:Generated_Source\PSoC4/key_touch_Tuner.c ****         {
 169:Generated_Source\PSoC4/key_touch_Tuner.c ****             critSect = CyEnterCriticalSection();
 150              		.loc 1 169 0
 151 004a FFF7FEFF 		bl	CyEnterCriticalSection
 152              	.LVL17:
 170:Generated_Source\PSoC4/key_touch_Tuner.c ****             
 171:Generated_Source\PSoC4/key_touch_Tuner.c ****             /* Check if command wasn't overwritten with new command */
 172:Generated_Source\PSoC4/key_touch_Tuner.c ****             if (command == (key_touch_TU_CMD_ENUM)ptrDsRam->tunerCmd)
 153              		.loc 1 172 0
 154 004e 224B     		ldr	r3, .L17
 155 0050 9B88     		ldrh	r3, [r3, #4]
 156 0052 DBB2     		uxtb	r3, r3
 157 0054 A342     		cmp	r3, r4
 158 0056 05D1     		bne	.L13
 173:Generated_Source\PSoC4/key_touch_Tuner.c ****             {
 174:Generated_Source\PSoC4/key_touch_Tuner.c ****                 ptrDsRam->tunerCmd |= key_touch_TU_CMD_COMPLETE_BIT;
 159              		.loc 1 174 0
 160 0058 1F4A     		ldr	r2, .L17
 161 005a 9188     		ldrh	r1, [r2, #4]
 162 005c 8023     		mov	r3, #128
 163 005e 1B02     		lsl	r3, r3, #8
 164 0060 0B43     		orr	r3, r1
 165 0062 9380     		strh	r3, [r2, #4]
 166              	.L13:
ARM GAS  C:\Users\Administrator\AppData\Local\Temp\ccgju7tf.s 			page 7


 175:Generated_Source\PSoC4/key_touch_Tuner.c ****             }
 176:Generated_Source\PSoC4/key_touch_Tuner.c ****             CyExitCriticalSection(critSect);
 167              		.loc 1 176 0
 168 0064 FFF7FEFF 		bl	CyExitCriticalSection
 169              	.LVL18:
 177:Generated_Source\PSoC4/key_touch_Tuner.c ****             
 178:Generated_Source\PSoC4/key_touch_Tuner.c ****             updateFlag = 0Lu;
 170              		.loc 1 178 0
 171 0068 0022     		mov	r2, #0
 172              	.LVL19:
 173              	.L12:
 179:Generated_Source\PSoC4/key_touch_Tuner.c ****         }
 180:Generated_Source\PSoC4/key_touch_Tuner.c ****     } while (TU_FSM_SUSPENDED == tunerFsm);
 174              		.loc 1 180 0
 175 006a 1D4B     		ldr	r3, .L17+8
 176 006c 1B68     		ldr	r3, [r3]
 177 006e 012B     		cmp	r3, #1
 178 0070 C9D0     		beq	.L14
 181:Generated_Source\PSoC4/key_touch_Tuner.c **** 
 182:Generated_Source\PSoC4/key_touch_Tuner.c ****     /* Check for SNR Test mode and do appropriate actions */
 183:Generated_Source\PSoC4/key_touch_Tuner.c ****     if (TU_FSM_SNR_TEST == tunerFsm)
 179              		.loc 1 183 0
 180 0072 022B     		cmp	r3, #2
 181 0074 2ED1     		bne	.L15
 184:Generated_Source\PSoC4/key_touch_Tuner.c ****     {
 185:Generated_Source\PSoC4/key_touch_Tuner.c ****         widgetId = ptrDsRam->snrTestWidgetId;
 182              		.loc 1 185 0
 183 0076 184A     		ldr	r2, .L17
 184              	.LVL20:
 185 0078 7333     		add	r3, r3, #115
 186 007a FF33     		add	r3, r3, #255
 187 007c D35C     		ldrb	r3, [r2, r3]
 188 007e DBB2     		uxtb	r3, r3
 189              	.LVL21:
 186:Generated_Source\PSoC4/key_touch_Tuner.c ****         sensorId = ptrDsRam->snrTestSensorId;
 190              		.loc 1 186 0
 191 0080 7621     		mov	r1, #118
 192 0082 FF31     		add	r1, r1, #255
 193 0084 525C     		ldrb	r2, [r2, r1]
 194 0086 D2B2     		uxtb	r2, r2
 195              	.LVL22:
 187:Generated_Source\PSoC4/key_touch_Tuner.c ****         
 188:Generated_Source\PSoC4/key_touch_Tuner.c ****         /* Check if widgetId and sensorId are in range, 
 189:Generated_Source\PSoC4/key_touch_Tuner.c ****          * and data was updated in RAM (scan counter changed) 
 190:Generated_Source\PSoC4/key_touch_Tuner.c ****          */
 191:Generated_Source\PSoC4/key_touch_Tuner.c ****         if ((widgetId < key_touch_TOTAL_WIDGETS)              && 
 196              		.loc 1 191 0
 197 0088 0B2B     		cmp	r3, #11
 198 008a 23D8     		bhi	.L15
 192:Generated_Source\PSoC4/key_touch_Tuner.c ****             (sensorId < key_touch_GET_SENSOR_COUNT(widgetId)) &&
 199              		.loc 1 192 0 discriminator 1
 200 008c 5901     		lsl	r1, r3, #5
 201 008e 1548     		ldr	r0, .L17+12
 202 0090 4118     		add	r1, r0, r1
 203 0092 C98A     		ldrh	r1, [r1, #22]
 191:Generated_Source\PSoC4/key_touch_Tuner.c ****             (sensorId < key_touch_GET_SENSOR_COUNT(widgetId)) &&
 204              		.loc 1 191 0 discriminator 1
ARM GAS  C:\Users\Administrator\AppData\Local\Temp\ccgju7tf.s 			page 8


 205 0094 9142     		cmp	r1, r2
 206 0096 1DD9     		bls	.L15
 193:Generated_Source\PSoC4/key_touch_Tuner.c ****             (ptrDsRam->scanCounter != ptrDsRam->snrTestScanCounter))
 207              		.loc 1 193 0
 208 0098 0F48     		ldr	r0, .L17
 209 009a C188     		ldrh	r1, [r0, #6]
 210 009c BB24     		mov	r4, #187
 211              	.LVL23:
 212 009e 6400     		lsl	r4, r4, #1
 213 00a0 005B     		ldrh	r0, [r0, r4]
 214 00a2 89B2     		uxth	r1, r1
 192:Generated_Source\PSoC4/key_touch_Tuner.c ****             (sensorId < key_touch_GET_SENSOR_COUNT(widgetId)) &&
 215              		.loc 1 192 0
 216 00a4 8142     		cmp	r1, r0
 217 00a6 15D0     		beq	.L15
 194:Generated_Source\PSoC4/key_touch_Tuner.c ****         {
 195:Generated_Source\PSoC4/key_touch_Tuner.c ****             /* Get access to the Sensor Object */
 196:Generated_Source\PSoC4/key_touch_Tuner.c ****             ptrSns = key_touch_dsFlash.wdgtArray[widgetId].ptr2SnsRam;
 218              		.loc 1 196 0
 219 00a8 5B01     		lsl	r3, r3, #5
 220              	.LVL24:
 221 00aa 0E49     		ldr	r1, .L17+12
 222 00ac CB18     		add	r3, r1, r3
 223 00ae 9C68     		ldr	r4, [r3, #8]
 224              	.LVL25:
 197:Generated_Source\PSoC4/key_touch_Tuner.c ****             ptrSns += sensorId;
 225              		.loc 1 197 0
 226 00b0 9300     		lsl	r3, r2, #2
 227 00b2 9A18     		add	r2, r3, r2
 228              	.LVL26:
 229 00b4 5200     		lsl	r2, r2, #1
 230 00b6 A418     		add	r4, r4, r2
 231              	.LVL27:
 198:Generated_Source\PSoC4/key_touch_Tuner.c ****             
 199:Generated_Source\PSoC4/key_touch_Tuner.c ****             /* Update data in SNR Test Object */
 200:Generated_Source\PSoC4/key_touch_Tuner.c ****             critSect = CyEnterCriticalSection();
 232              		.loc 1 200 0
 233 00b8 FFF7FEFF 		bl	CyEnterCriticalSection
 234              	.LVL28:
 201:Generated_Source\PSoC4/key_touch_Tuner.c ****             ptrDsRam->snrTestScanCounter = ptrDsRam->scanCounter;
 235              		.loc 1 201 0
 236 00bc 064B     		ldr	r3, .L17
 237 00be DA88     		ldrh	r2, [r3, #6]
 238 00c0 92B2     		uxth	r2, r2
 239 00c2 BB21     		mov	r1, #187
 240 00c4 4900     		lsl	r1, r1, #1
 241 00c6 5A52     		strh	r2, [r3, r1]
 202:Generated_Source\PSoC4/key_touch_Tuner.c ****             ptrDsRam->snrTestRawCount[0u] = ptrSns->raw[0u];
 242              		.loc 1 202 0
 243 00c8 2288     		ldrh	r2, [r4]
 244 00ca 92B2     		uxth	r2, r2
 245 00cc 0231     		add	r1, r1, #2
 246 00ce 5A52     		strh	r2, [r3, r1]
 203:Generated_Source\PSoC4/key_touch_Tuner.c ****             
 204:Generated_Source\PSoC4/key_touch_Tuner.c ****             #if (0u != key_touch_MULTI_FREQ_SCAN_EN)
 205:Generated_Source\PSoC4/key_touch_Tuner.c ****                 ptrDsRam->snrTestRawCount[1u] = ptrSns->raw[1u];
 206:Generated_Source\PSoC4/key_touch_Tuner.c ****                 ptrDsRam->snrTestRawCount[2u] = ptrSns->raw[2u];
ARM GAS  C:\Users\Administrator\AppData\Local\Temp\ccgju7tf.s 			page 9


 207:Generated_Source\PSoC4/key_touch_Tuner.c ****             #endif
 208:Generated_Source\PSoC4/key_touch_Tuner.c ****             
 209:Generated_Source\PSoC4/key_touch_Tuner.c ****             CyExitCriticalSection(critSect);
 247              		.loc 1 209 0
 248 00d0 FFF7FEFF 		bl	CyExitCriticalSection
 249              	.LVL29:
 250              	.L15:
 210:Generated_Source\PSoC4/key_touch_Tuner.c ****         } 
 211:Generated_Source\PSoC4/key_touch_Tuner.c ****     }
 212:Generated_Source\PSoC4/key_touch_Tuner.c ****     return tunerStatus;
 213:Generated_Source\PSoC4/key_touch_Tuner.c **** }
 251              		.loc 1 213 0
 252 00d4 281C     		mov	r0, r5
 253              		@ sp needed
 254              	.LVL30:
 255 00d6 38BD     		pop	{r3, r4, r5, pc}
 256              	.L18:
 257              		.align	2
 258              	.L17:
 259 00d8 00000000 		.word	key_touch_dsRam
 260 00dc 00000000 		.word	.L7
 261 00e0 00000000 		.word	.LANCHOR0
 262 00e4 00000000 		.word	key_touch_dsFlash
 263              		.cfi_endproc
 264              	.LFE2:
 265              		.size	key_touch_RunTuner, .-key_touch_RunTuner
 266              		.bss
 267              		.align	2
 268              		.set	.LANCHOR0,. + 0
 269              		.type	tunerFsm, %object
 270              		.size	tunerFsm, 4
 271              	tunerFsm:
 272 0000 00000000 		.space	4
 273              		.text
 274              	.Letext0:
 275              		.file 2 "Generated_Source\\PSoC4\\cytypes.h"
 276              		.file 3 "Generated_Source\\PSoC4\\key_touch_Configuration.h"
 277              		.file 4 "Generated_Source\\PSoC4\\key_touch_SmartSense_LL.h"
 278              		.file 5 "Generated_Source\\PSoC4\\key_touch_Structure.h"
 279              		.file 6 "Generated_Source\\PSoC4\\key_touch_Tuner.h"
 280              		.file 7 "Generated_Source\\PSoC4\\key_touch_Control.h"
 281              		.file 8 "Generated_Source\\PSoC4\\CyLib.h"
 282              		.section	.debug_info,"",%progbits
 283              	.Ldebug_info0:
 284 0000 5E070000 		.4byte	0x75e
 285 0004 0400     		.2byte	0x4
 286 0006 00000000 		.4byte	.Ldebug_abbrev0
 287 000a 04       		.byte	0x4
 288 000b 01       		.uleb128 0x1
 289 000c 35060000 		.4byte	.LASF111
 290 0010 01       		.byte	0x1
 291 0011 5C010000 		.4byte	.LASF112
 292 0015 07000000 		.4byte	.LASF113
 293 0019 00000000 		.4byte	.Ldebug_ranges0+0
 294 001d 00000000 		.4byte	0
 295 0021 00000000 		.4byte	.Ldebug_line0
 296 0025 02       		.uleb128 0x2
ARM GAS  C:\Users\Administrator\AppData\Local\Temp\ccgju7tf.s 			page 10


 297 0026 01       		.byte	0x1
 298 0027 06       		.byte	0x6
 299 0028 ED000000 		.4byte	.LASF0
 300 002c 02       		.uleb128 0x2
 301 002d 01       		.byte	0x1
 302 002e 08       		.byte	0x8
 303 002f 73040000 		.4byte	.LASF1
 304 0033 02       		.uleb128 0x2
 305 0034 02       		.byte	0x2
 306 0035 05       		.byte	0x5
 307 0036 AB040000 		.4byte	.LASF2
 308 003a 02       		.uleb128 0x2
 309 003b 02       		.byte	0x2
 310 003c 07       		.byte	0x7
 311 003d A0020000 		.4byte	.LASF3
 312 0041 02       		.uleb128 0x2
 313 0042 04       		.byte	0x4
 314 0043 05       		.byte	0x5
 315 0044 53010000 		.4byte	.LASF4
 316 0048 02       		.uleb128 0x2
 317 0049 04       		.byte	0x4
 318 004a 07       		.byte	0x7
 319 004b 5A020000 		.4byte	.LASF5
 320 004f 02       		.uleb128 0x2
 321 0050 08       		.byte	0x8
 322 0051 05       		.byte	0x5
 323 0052 DF000000 		.4byte	.LASF6
 324 0056 02       		.uleb128 0x2
 325 0057 08       		.byte	0x8
 326 0058 07       		.byte	0x7
 327 0059 83000000 		.4byte	.LASF7
 328 005d 03       		.uleb128 0x3
 329 005e 04       		.byte	0x4
 330 005f 05       		.byte	0x5
 331 0060 696E7400 		.ascii	"int\000"
 332 0064 02       		.uleb128 0x2
 333 0065 04       		.byte	0x4
 334 0066 07       		.byte	0x7
 335 0067 26020000 		.4byte	.LASF8
 336 006b 04       		.uleb128 0x4
 337 006c A3010000 		.4byte	.LASF9
 338 0070 02       		.byte	0x2
 339 0071 B901     		.2byte	0x1b9
 340 0073 2C000000 		.4byte	0x2c
 341 0077 04       		.uleb128 0x4
 342 0078 00000000 		.4byte	.LASF10
 343 007c 02       		.byte	0x2
 344 007d BA01     		.2byte	0x1ba
 345 007f 3A000000 		.4byte	0x3a
 346 0083 04       		.uleb128 0x4
 347 0084 DF010000 		.4byte	.LASF11
 348 0088 02       		.byte	0x2
 349 0089 BB01     		.2byte	0x1bb
 350 008b 48000000 		.4byte	0x48
 351 008f 02       		.uleb128 0x2
 352 0090 04       		.byte	0x4
 353 0091 04       		.byte	0x4
ARM GAS  C:\Users\Administrator\AppData\Local\Temp\ccgju7tf.s 			page 11


 354 0092 3E040000 		.4byte	.LASF12
 355 0096 02       		.uleb128 0x2
 356 0097 08       		.byte	0x8
 357 0098 04       		.byte	0x4
 358 0099 BF010000 		.4byte	.LASF13
 359 009d 02       		.uleb128 0x2
 360 009e 01       		.byte	0x1
 361 009f 08       		.byte	0x8
 362 00a0 2C050000 		.4byte	.LASF14
 363 00a4 04       		.uleb128 0x4
 364 00a5 E8050000 		.4byte	.LASF15
 365 00a9 02       		.byte	0x2
 366 00aa 5B02     		.2byte	0x25b
 367 00ac 48000000 		.4byte	0x48
 368 00b0 02       		.uleb128 0x2
 369 00b1 04       		.byte	0x4
 370 00b2 07       		.byte	0x7
 371 00b3 95030000 		.4byte	.LASF16
 372 00b7 05       		.uleb128 0x5
 373 00b8 04       		.byte	0x4
 374 00b9 04       		.uleb128 0x4
 375 00ba D9030000 		.4byte	.LASF17
 376 00be 03       		.byte	0x3
 377 00bf 0301     		.2byte	0x103
 378 00c1 77000000 		.4byte	0x77
 379 00c5 04       		.uleb128 0x4
 380 00c6 69030000 		.4byte	.LASF18
 381 00ca 03       		.byte	0x3
 382 00cb 0701     		.2byte	0x107
 383 00cd 6B000000 		.4byte	0x6b
 384 00d1 06       		.uleb128 0x6
 385 00d2 04       		.byte	0x4
 386 00d3 6B000000 		.4byte	0x6b
 387 00d7 07       		.uleb128 0x7
 388 00d8 0C       		.byte	0xc
 389 00d9 04       		.byte	0x4
 390 00da 6C       		.byte	0x6c
 391 00db 34010000 		.4byte	0x134
 392 00df 08       		.uleb128 0x8
 393 00e0 1B060000 		.4byte	.LASF19
 394 00e4 04       		.byte	0x4
 395 00e5 6E       		.byte	0x6e
 396 00e6 77000000 		.4byte	0x77
 397 00ea 00       		.byte	0
 398 00eb 08       		.uleb128 0x8
 399 00ec 81040000 		.4byte	.LASF20
 400 00f0 04       		.byte	0x4
 401 00f1 6F       		.byte	0x6f
 402 00f2 77000000 		.4byte	0x77
 403 00f6 02       		.byte	0x2
 404 00f7 08       		.uleb128 0x8
 405 00f8 88040000 		.4byte	.LASF21
 406 00fc 04       		.byte	0x4
 407 00fd 70       		.byte	0x70
 408 00fe 77000000 		.4byte	0x77
 409 0102 04       		.byte	0x4
 410 0103 08       		.uleb128 0x8
ARM GAS  C:\Users\Administrator\AppData\Local\Temp\ccgju7tf.s 			page 12


 411 0104 8F040000 		.4byte	.LASF22
 412 0108 04       		.byte	0x4
 413 0109 71       		.byte	0x71
 414 010a 77000000 		.4byte	0x77
 415 010e 06       		.byte	0x6
 416 010f 08       		.uleb128 0x8
 417 0110 96040000 		.4byte	.LASF23
 418 0114 04       		.byte	0x4
 419 0115 72       		.byte	0x72
 420 0116 77000000 		.4byte	0x77
 421 011a 08       		.byte	0x8
 422 011b 08       		.uleb128 0x8
 423 011c 9D040000 		.4byte	.LASF24
 424 0120 04       		.byte	0x4
 425 0121 73       		.byte	0x73
 426 0122 6B000000 		.4byte	0x6b
 427 0126 0A       		.byte	0xa
 428 0127 08       		.uleb128 0x8
 429 0128 A4040000 		.4byte	.LASF25
 430 012c 04       		.byte	0x4
 431 012d 74       		.byte	0x74
 432 012e 6B000000 		.4byte	0x6b
 433 0132 0B       		.byte	0xb
 434 0133 00       		.byte	0
 435 0134 09       		.uleb128 0x9
 436 0135 44040000 		.4byte	.LASF26
 437 0139 04       		.byte	0x4
 438 013a 75       		.byte	0x75
 439 013b D7000000 		.4byte	0xd7
 440 013f 0A       		.uleb128 0xa
 441 0140 6B000000 		.4byte	0x6b
 442 0144 4F010000 		.4byte	0x14f
 443 0148 0B       		.uleb128 0xb
 444 0149 B0000000 		.4byte	0xb0
 445 014d 00       		.byte	0
 446 014e 00       		.byte	0
 447 014f 07       		.uleb128 0x7
 448 0150 12       		.byte	0x12
 449 0151 05       		.byte	0x5
 450 0152 CA       		.byte	0xca
 451 0153 F8010000 		.4byte	0x1f8
 452 0157 08       		.uleb128 0x8
 453 0158 06050000 		.4byte	.LASF27
 454 015c 05       		.byte	0x5
 455 015d D0       		.byte	0xd0
 456 015e 77000000 		.4byte	0x77
 457 0162 00       		.byte	0
 458 0163 08       		.uleb128 0x8
 459 0164 12060000 		.4byte	.LASF28
 460 0168 05       		.byte	0x5
 461 0169 D5       		.byte	0xd5
 462 016a B9000000 		.4byte	0xb9
 463 016e 02       		.byte	0x2
 464 016f 08       		.uleb128 0x8
 465 0170 C7060000 		.4byte	.LASF29
 466 0174 05       		.byte	0x5
 467 0175 DA       		.byte	0xda
ARM GAS  C:\Users\Administrator\AppData\Local\Temp\ccgju7tf.s 			page 13


 468 0176 6B000000 		.4byte	0x6b
 469 017a 04       		.byte	0x4
 470 017b 08       		.uleb128 0x8
 471 017c AB030000 		.4byte	.LASF30
 472 0180 05       		.byte	0x5
 473 0181 DF       		.byte	0xdf
 474 0182 6B000000 		.4byte	0x6b
 475 0186 05       		.byte	0x5
 476 0187 08       		.uleb128 0x8
 477 0188 E6010000 		.4byte	.LASF31
 478 018c 05       		.byte	0x5
 479 018d E4       		.byte	0xe4
 480 018e 6B000000 		.4byte	0x6b
 481 0192 06       		.byte	0x6
 482 0193 08       		.uleb128 0x8
 483 0194 38050000 		.4byte	.LASF32
 484 0198 05       		.byte	0x5
 485 0199 E9       		.byte	0xe9
 486 019a 6B000000 		.4byte	0x6b
 487 019e 07       		.byte	0x7
 488 019f 08       		.uleb128 0x8
 489 01a0 8E020000 		.4byte	.LASF33
 490 01a4 05       		.byte	0x5
 491 01a5 EF       		.byte	0xef
 492 01a6 C5000000 		.4byte	0xc5
 493 01aa 08       		.byte	0x8
 494 01ab 08       		.uleb128 0x8
 495 01ac 69040000 		.4byte	.LASF34
 496 01b0 05       		.byte	0x5
 497 01b1 F4       		.byte	0xf4
 498 01b2 6B000000 		.4byte	0x6b
 499 01b6 09       		.byte	0x9
 500 01b7 08       		.uleb128 0x8
 501 01b8 85030000 		.4byte	.LASF35
 502 01bc 05       		.byte	0x5
 503 01bd FB       		.byte	0xfb
 504 01be 3F010000 		.4byte	0x13f
 505 01c2 0A       		.byte	0xa
 506 01c3 0C       		.uleb128 0xc
 507 01c4 31050000 		.4byte	.LASF36
 508 01c8 05       		.byte	0x5
 509 01c9 0201     		.2byte	0x102
 510 01cb 6B000000 		.4byte	0x6b
 511 01cf 0B       		.byte	0xb
 512 01d0 0C       		.uleb128 0xc
 513 01d1 DB050000 		.4byte	.LASF37
 514 01d5 05       		.byte	0x5
 515 01d6 0701     		.2byte	0x107
 516 01d8 6B000000 		.4byte	0x6b
 517 01dc 0C       		.byte	0xc
 518 01dd 0C       		.uleb128 0xc
 519 01de 79000000 		.4byte	.LASF38
 520 01e2 05       		.byte	0x5
 521 01e3 0D01     		.2byte	0x10d
 522 01e5 77000000 		.4byte	0x77
 523 01e9 0E       		.byte	0xe
 524 01ea 0C       		.uleb128 0xc
ARM GAS  C:\Users\Administrator\AppData\Local\Temp\ccgju7tf.s 			page 14


 525 01eb B4030000 		.4byte	.LASF39
 526 01ef 05       		.byte	0x5
 527 01f0 1201     		.2byte	0x112
 528 01f2 77000000 		.4byte	0x77
 529 01f6 10       		.byte	0x10
 530 01f7 00       		.byte	0
 531 01f8 04       		.uleb128 0x4
 532 01f9 C3020000 		.4byte	.LASF40
 533 01fd 05       		.byte	0x5
 534 01fe 1301     		.2byte	0x113
 535 0200 4F010000 		.4byte	0x14f
 536 0204 0D       		.uleb128 0xd
 537 0205 D8       		.byte	0xd8
 538 0206 05       		.byte	0x5
 539 0207 1901     		.2byte	0x119
 540 0209 AA020000 		.4byte	0x2aa
 541 020d 0C       		.uleb128 0xc
 542 020e F9000000 		.4byte	.LASF41
 543 0212 05       		.byte	0x5
 544 0213 1E01     		.2byte	0x11e
 545 0215 F8010000 		.4byte	0x1f8
 546 0219 00       		.byte	0
 547 021a 0C       		.uleb128 0xc
 548 021b 01010000 		.4byte	.LASF42
 549 021f 05       		.byte	0x5
 550 0220 2301     		.2byte	0x123
 551 0222 F8010000 		.4byte	0x1f8
 552 0226 12       		.byte	0x12
 553 0227 0C       		.uleb128 0xc
 554 0228 09010000 		.4byte	.LASF43
 555 022c 05       		.byte	0x5
 556 022d 2801     		.2byte	0x128
 557 022f F8010000 		.4byte	0x1f8
 558 0233 24       		.byte	0x24
 559 0234 0C       		.uleb128 0xc
 560 0235 11010000 		.4byte	.LASF44
 561 0239 05       		.byte	0x5
 562 023a 2D01     		.2byte	0x12d
 563 023c F8010000 		.4byte	0x1f8
 564 0240 36       		.byte	0x36
 565 0241 0C       		.uleb128 0xc
 566 0242 19010000 		.4byte	.LASF45
 567 0246 05       		.byte	0x5
 568 0247 3201     		.2byte	0x132
 569 0249 F8010000 		.4byte	0x1f8
 570 024d 48       		.byte	0x48
 571 024e 0C       		.uleb128 0xc
 572 024f 21010000 		.4byte	.LASF46
 573 0253 05       		.byte	0x5
 574 0254 3701     		.2byte	0x137
 575 0256 F8010000 		.4byte	0x1f8
 576 025a 5A       		.byte	0x5a
 577 025b 0C       		.uleb128 0xc
 578 025c 29010000 		.4byte	.LASF47
 579 0260 05       		.byte	0x5
 580 0261 3C01     		.2byte	0x13c
 581 0263 F8010000 		.4byte	0x1f8
ARM GAS  C:\Users\Administrator\AppData\Local\Temp\ccgju7tf.s 			page 15


 582 0267 6C       		.byte	0x6c
 583 0268 0C       		.uleb128 0xc
 584 0269 31010000 		.4byte	.LASF48
 585 026d 05       		.byte	0x5
 586 026e 4101     		.2byte	0x141
 587 0270 F8010000 		.4byte	0x1f8
 588 0274 7E       		.byte	0x7e
 589 0275 0C       		.uleb128 0xc
 590 0276 39010000 		.4byte	.LASF49
 591 027a 05       		.byte	0x5
 592 027b 4601     		.2byte	0x146
 593 027d F8010000 		.4byte	0x1f8
 594 0281 90       		.byte	0x90
 595 0282 0C       		.uleb128 0xc
 596 0283 41010000 		.4byte	.LASF50
 597 0287 05       		.byte	0x5
 598 0288 4B01     		.2byte	0x14b
 599 028a F8010000 		.4byte	0x1f8
 600 028e A2       		.byte	0xa2
 601 028f 0C       		.uleb128 0xc
 602 0290 1A050000 		.4byte	.LASF51
 603 0294 05       		.byte	0x5
 604 0295 5001     		.2byte	0x150
 605 0297 F8010000 		.4byte	0x1f8
 606 029b B4       		.byte	0xb4
 607 029c 0C       		.uleb128 0xc
 608 029d 23050000 		.4byte	.LASF52
 609 02a1 05       		.byte	0x5
 610 02a2 5501     		.2byte	0x155
 611 02a4 F8010000 		.4byte	0x1f8
 612 02a8 C6       		.byte	0xc6
 613 02a9 00       		.byte	0
 614 02aa 04       		.uleb128 0x4
 615 02ab FE030000 		.4byte	.LASF53
 616 02af 05       		.byte	0x5
 617 02b0 5601     		.2byte	0x156
 618 02b2 04020000 		.4byte	0x204
 619 02b6 0D       		.uleb128 0xd
 620 02b7 0A       		.byte	0xa
 621 02b8 05       		.byte	0x5
 622 02b9 5C01     		.2byte	0x15c
 623 02bb 0E030000 		.4byte	0x30e
 624 02bf 0E       		.uleb128 0xe
 625 02c0 72617700 		.ascii	"raw\000"
 626 02c4 05       		.byte	0x5
 627 02c5 6101     		.2byte	0x161
 628 02c7 0E030000 		.4byte	0x30e
 629 02cb 00       		.byte	0
 630 02cc 0C       		.uleb128 0xc
 631 02cd 21020000 		.4byte	.LASF54
 632 02d1 05       		.byte	0x5
 633 02d2 6601     		.2byte	0x166
 634 02d4 0E030000 		.4byte	0x30e
 635 02d8 02       		.byte	0x2
 636 02d9 0C       		.uleb128 0xc
 637 02da 03020000 		.4byte	.LASF55
 638 02de 05       		.byte	0x5
ARM GAS  C:\Users\Administrator\AppData\Local\Temp\ccgju7tf.s 			page 16


 639 02df 6C01     		.2byte	0x16c
 640 02e1 3F010000 		.4byte	0x13f
 641 02e5 04       		.byte	0x4
 642 02e6 0C       		.uleb128 0xc
 643 02e7 BA000000 		.4byte	.LASF56
 644 02eb 05       		.byte	0x5
 645 02ec 7101     		.2byte	0x171
 646 02ee B9000000 		.4byte	0xb9
 647 02f2 06       		.byte	0x6
 648 02f3 0C       		.uleb128 0xc
 649 02f4 65050000 		.4byte	.LASF57
 650 02f8 05       		.byte	0x5
 651 02f9 7601     		.2byte	0x176
 652 02fb 1E030000 		.4byte	0x31e
 653 02ff 08       		.byte	0x8
 654 0300 0C       		.uleb128 0xc
 655 0301 5C050000 		.4byte	.LASF58
 656 0305 05       		.byte	0x5
 657 0306 7C01     		.2byte	0x17c
 658 0308 3F010000 		.4byte	0x13f
 659 030c 09       		.byte	0x9
 660 030d 00       		.byte	0
 661 030e 0A       		.uleb128 0xa
 662 030f 77000000 		.4byte	0x77
 663 0313 1E030000 		.4byte	0x31e
 664 0317 0B       		.uleb128 0xb
 665 0318 B0000000 		.4byte	0xb0
 666 031c 00       		.byte	0
 667 031d 00       		.byte	0
 668 031e 0A       		.uleb128 0xa
 669 031f C5000000 		.4byte	0xc5
 670 0323 2E030000 		.4byte	0x32e
 671 0327 0B       		.uleb128 0xb
 672 0328 B0000000 		.4byte	0xb0
 673 032c 00       		.byte	0
 674 032d 00       		.byte	0
 675 032e 04       		.uleb128 0x4
 676 032f 43050000 		.4byte	.LASF59
 677 0333 05       		.byte	0x5
 678 0334 7D01     		.2byte	0x17d
 679 0336 B6020000 		.4byte	0x2b6
 680 033a 0D       		.uleb128 0xd
 681 033b 78       		.byte	0x78
 682 033c 05       		.byte	0x5
 683 033d 8301     		.2byte	0x183
 684 033f E0030000 		.4byte	0x3e0
 685 0343 0C       		.uleb128 0xc
 686 0344 F9000000 		.4byte	.LASF41
 687 0348 05       		.byte	0x5
 688 0349 8801     		.2byte	0x188
 689 034b E0030000 		.4byte	0x3e0
 690 034f 00       		.byte	0
 691 0350 0C       		.uleb128 0xc
 692 0351 01010000 		.4byte	.LASF42
 693 0355 05       		.byte	0x5
 694 0356 8D01     		.2byte	0x18d
 695 0358 E0030000 		.4byte	0x3e0
ARM GAS  C:\Users\Administrator\AppData\Local\Temp\ccgju7tf.s 			page 17


 696 035c 0A       		.byte	0xa
 697 035d 0C       		.uleb128 0xc
 698 035e 09010000 		.4byte	.LASF43
 699 0362 05       		.byte	0x5
 700 0363 9201     		.2byte	0x192
 701 0365 E0030000 		.4byte	0x3e0
 702 0369 14       		.byte	0x14
 703 036a 0C       		.uleb128 0xc
 704 036b 11010000 		.4byte	.LASF44
 705 036f 05       		.byte	0x5
 706 0370 9701     		.2byte	0x197
 707 0372 E0030000 		.4byte	0x3e0
 708 0376 1E       		.byte	0x1e
 709 0377 0C       		.uleb128 0xc
 710 0378 19010000 		.4byte	.LASF45
 711 037c 05       		.byte	0x5
 712 037d 9C01     		.2byte	0x19c
 713 037f E0030000 		.4byte	0x3e0
 714 0383 28       		.byte	0x28
 715 0384 0C       		.uleb128 0xc
 716 0385 21010000 		.4byte	.LASF46
 717 0389 05       		.byte	0x5
 718 038a A101     		.2byte	0x1a1
 719 038c E0030000 		.4byte	0x3e0
 720 0390 32       		.byte	0x32
 721 0391 0C       		.uleb128 0xc
 722 0392 29010000 		.4byte	.LASF47
 723 0396 05       		.byte	0x5
 724 0397 A601     		.2byte	0x1a6
 725 0399 E0030000 		.4byte	0x3e0
 726 039d 3C       		.byte	0x3c
 727 039e 0C       		.uleb128 0xc
 728 039f 31010000 		.4byte	.LASF48
 729 03a3 05       		.byte	0x5
 730 03a4 AB01     		.2byte	0x1ab
 731 03a6 E0030000 		.4byte	0x3e0
 732 03aa 46       		.byte	0x46
 733 03ab 0C       		.uleb128 0xc
 734 03ac 39010000 		.4byte	.LASF49
 735 03b0 05       		.byte	0x5
 736 03b1 B001     		.2byte	0x1b0
 737 03b3 E0030000 		.4byte	0x3e0
 738 03b7 50       		.byte	0x50
 739 03b8 0C       		.uleb128 0xc
 740 03b9 41010000 		.4byte	.LASF50
 741 03bd 05       		.byte	0x5
 742 03be B501     		.2byte	0x1b5
 743 03c0 E0030000 		.4byte	0x3e0
 744 03c4 5A       		.byte	0x5a
 745 03c5 0C       		.uleb128 0xc
 746 03c6 1A050000 		.4byte	.LASF51
 747 03ca 05       		.byte	0x5
 748 03cb BA01     		.2byte	0x1ba
 749 03cd E0030000 		.4byte	0x3e0
 750 03d1 64       		.byte	0x64
 751 03d2 0C       		.uleb128 0xc
 752 03d3 23050000 		.4byte	.LASF52
ARM GAS  C:\Users\Administrator\AppData\Local\Temp\ccgju7tf.s 			page 18


 753 03d7 05       		.byte	0x5
 754 03d8 BF01     		.2byte	0x1bf
 755 03da E0030000 		.4byte	0x3e0
 756 03de 6E       		.byte	0x6e
 757 03df 00       		.byte	0
 758 03e0 0A       		.uleb128 0xa
 759 03e1 2E030000 		.4byte	0x32e
 760 03e5 F0030000 		.4byte	0x3f0
 761 03e9 0B       		.uleb128 0xb
 762 03ea B0000000 		.4byte	0xb0
 763 03ee 00       		.byte	0
 764 03ef 00       		.byte	0
 765 03f0 04       		.uleb128 0x4
 766 03f1 C5040000 		.4byte	.LASF60
 767 03f5 05       		.byte	0x5
 768 03f6 C001     		.2byte	0x1c0
 769 03f8 3A030000 		.4byte	0x33a
 770 03fc 0F       		.uleb128 0xf
 771 03fd 7C01     		.2byte	0x17c
 772 03ff 05       		.byte	0x5
 773 0400 C701     		.2byte	0x1c7
 774 0402 DB040000 		.4byte	0x4db
 775 0406 0C       		.uleb128 0xc
 776 0407 EA020000 		.4byte	.LASF61
 777 040b 05       		.byte	0x5
 778 040c CD01     		.2byte	0x1cd
 779 040e 77000000 		.4byte	0x77
 780 0412 00       		.byte	0
 781 0413 0C       		.uleb128 0xc
 782 0414 25030000 		.4byte	.LASF62
 783 0418 05       		.byte	0x5
 784 0419 D201     		.2byte	0x1d2
 785 041b 77000000 		.4byte	0x77
 786 041f 02       		.byte	0x2
 787 0420 0C       		.uleb128 0xc
 788 0421 35040000 		.4byte	.LASF63
 789 0425 05       		.byte	0x5
 790 0426 D801     		.2byte	0x1d8
 791 0428 77000000 		.4byte	0x77
 792 042c 04       		.byte	0x4
 793 042d 0C       		.uleb128 0xc
 794 042e F2030000 		.4byte	.LASF64
 795 0432 05       		.byte	0x5
 796 0433 DD01     		.2byte	0x1dd
 797 0435 77000000 		.4byte	0x77
 798 0439 06       		.byte	0x6
 799 043a 0C       		.uleb128 0xc
 800 043b CA050000 		.4byte	.LASF65
 801 043f 05       		.byte	0x5
 802 0440 E201     		.2byte	0x1e2
 803 0442 83000000 		.4byte	0x83
 804 0446 08       		.byte	0x8
 805 0447 0C       		.uleb128 0xc
 806 0448 6C020000 		.4byte	.LASF66
 807 044c 05       		.byte	0x5
 808 044d E701     		.2byte	0x1e7
 809 044f DB040000 		.4byte	0x4db
ARM GAS  C:\Users\Administrator\AppData\Local\Temp\ccgju7tf.s 			page 19


 810 0453 0C       		.byte	0xc
 811 0454 0C       		.uleb128 0xc
 812 0455 16020000 		.4byte	.LASF67
 813 0459 05       		.byte	0x5
 814 045a EC01     		.2byte	0x1ec
 815 045c DB040000 		.4byte	0x4db
 816 0460 10       		.byte	0x10
 817 0461 0C       		.uleb128 0xc
 818 0462 49010000 		.4byte	.LASF68
 819 0466 05       		.byte	0x5
 820 0467 FA01     		.2byte	0x1fa
 821 0469 EB040000 		.4byte	0x4eb
 822 046d 14       		.byte	0x14
 823 046e 0C       		.uleb128 0xc
 824 046f 0E030000 		.4byte	.LASF69
 825 0473 05       		.byte	0x5
 826 0474 FF01     		.2byte	0x1ff
 827 0476 77000000 		.4byte	0x77
 828 047a 20       		.byte	0x20
 829 047b 0C       		.uleb128 0xc
 830 047c 85010000 		.4byte	.LASF70
 831 0480 05       		.byte	0x5
 832 0481 0402     		.2byte	0x204
 833 0483 6B000000 		.4byte	0x6b
 834 0487 22       		.byte	0x22
 835 0488 0C       		.uleb128 0xc
 836 0489 11050000 		.4byte	.LASF71
 837 048d 05       		.byte	0x5
 838 048e 0902     		.2byte	0x209
 839 0490 AA020000 		.4byte	0x2aa
 840 0494 24       		.byte	0x24
 841 0495 0C       		.uleb128 0xc
 842 0496 E2020000 		.4byte	.LASF72
 843 049a 05       		.byte	0x5
 844 049b 0E02     		.2byte	0x20e
 845 049d F0030000 		.4byte	0x3f0
 846 04a1 FC       		.byte	0xfc
 847 04a2 10       		.uleb128 0x10
 848 04a3 33020000 		.4byte	.LASF73
 849 04a7 05       		.byte	0x5
 850 04a8 1302     		.2byte	0x213
 851 04aa 6B000000 		.4byte	0x6b
 852 04ae 7401     		.2byte	0x174
 853 04b0 10       		.uleb128 0x10
 854 04b1 BF000000 		.4byte	.LASF74
 855 04b5 05       		.byte	0x5
 856 04b6 1802     		.2byte	0x218
 857 04b8 6B000000 		.4byte	0x6b
 858 04bc 7501     		.2byte	0x175
 859 04be 10       		.uleb128 0x10
 860 04bf 22060000 		.4byte	.LASF75
 861 04c3 05       		.byte	0x5
 862 04c4 1D02     		.2byte	0x21d
 863 04c6 77000000 		.4byte	0x77
 864 04ca 7601     		.2byte	0x176
 865 04cc 10       		.uleb128 0x10
 866 04cd C6010000 		.4byte	.LASF76
ARM GAS  C:\Users\Administrator\AppData\Local\Temp\ccgju7tf.s 			page 20


 867 04d1 05       		.byte	0x5
 868 04d2 2202     		.2byte	0x222
 869 04d4 0E030000 		.4byte	0x30e
 870 04d8 7801     		.2byte	0x178
 871 04da 00       		.byte	0
 872 04db 0A       		.uleb128 0xa
 873 04dc 83000000 		.4byte	0x83
 874 04e0 EB040000 		.4byte	0x4eb
 875 04e4 0B       		.uleb128 0xb
 876 04e5 B0000000 		.4byte	0xb0
 877 04e9 00       		.byte	0
 878 04ea 00       		.byte	0
 879 04eb 0A       		.uleb128 0xa
 880 04ec 6B000000 		.4byte	0x6b
 881 04f0 FB040000 		.4byte	0x4fb
 882 04f4 0B       		.uleb128 0xb
 883 04f5 B0000000 		.4byte	0xb0
 884 04f9 0B       		.byte	0xb
 885 04fa 00       		.byte	0
 886 04fb 04       		.uleb128 0x4
 887 04fc C4030000 		.4byte	.LASF77
 888 0500 05       		.byte	0x5
 889 0501 2302     		.2byte	0x223
 890 0503 FC030000 		.4byte	0x3fc
 891 0507 0D       		.uleb128 0xd
 892 0508 20       		.byte	0x20
 893 0509 05       		.byte	0x5
 894 050a 8202     		.2byte	0x282
 895 050c 93050000 		.4byte	0x593
 896 0510 0C       		.uleb128 0xc
 897 0511 9A000000 		.4byte	.LASF78
 898 0515 05       		.byte	0x5
 899 0516 8B02     		.2byte	0x28b
 900 0518 93050000 		.4byte	0x593
 901 051c 00       		.byte	0
 902 051d 0C       		.uleb128 0xc
 903 051e 19030000 		.4byte	.LASF79
 904 0522 05       		.byte	0x5
 905 0523 9102     		.2byte	0x291
 906 0525 B7000000 		.4byte	0xb7
 907 0529 04       		.byte	0x4
 908 052a 0C       		.uleb128 0xc
 909 052b 8F010000 		.4byte	.LASF80
 910 052f 05       		.byte	0x5
 911 0530 9702     		.2byte	0x297
 912 0532 9A050000 		.4byte	0x59a
 913 0536 08       		.byte	0x8
 914 0537 0C       		.uleb128 0xc
 915 0538 B5040000 		.4byte	.LASF81
 916 053c 05       		.byte	0x5
 917 053d 9C02     		.2byte	0x29c
 918 053f B7000000 		.4byte	0xb7
 919 0543 0C       		.byte	0xc
 920 0544 0C       		.uleb128 0xc
 921 0545 B1050000 		.4byte	.LASF82
 922 0549 05       		.byte	0x5
 923 054a A302     		.2byte	0x2a3
ARM GAS  C:\Users\Administrator\AppData\Local\Temp\ccgju7tf.s 			page 21


 924 054c D1000000 		.4byte	0xd1
 925 0550 10       		.byte	0x10
 926 0551 0C       		.uleb128 0xc
 927 0552 9E030000 		.4byte	.LASF83
 928 0556 05       		.byte	0x5
 929 0557 A802     		.2byte	0x2a8
 930 0559 77000000 		.4byte	0x77
 931 055d 14       		.byte	0x14
 932 055e 0C       		.uleb128 0xc
 933 055f 8D050000 		.4byte	.LASF84
 934 0563 05       		.byte	0x5
 935 0564 AF02     		.2byte	0x2af
 936 0566 77000000 		.4byte	0x77
 937 056a 16       		.byte	0x16
 938 056b 0C       		.uleb128 0xc
 939 056c BB030000 		.4byte	.LASF85
 940 0570 05       		.byte	0x5
 941 0571 BA02     		.2byte	0x2ba
 942 0573 6B000000 		.4byte	0x6b
 943 0577 18       		.byte	0x18
 944 0578 0C       		.uleb128 0xc
 945 0579 8D030000 		.4byte	.LASF86
 946 057d 05       		.byte	0x5
 947 057e C202     		.2byte	0x2c2
 948 0580 6B000000 		.4byte	0x6b
 949 0584 19       		.byte	0x19
 950 0585 0C       		.uleb128 0xc
 951 0586 4B020000 		.4byte	.LASF87
 952 058a 05       		.byte	0x5
 953 058b CA02     		.2byte	0x2ca
 954 058d A0050000 		.4byte	0x5a0
 955 0591 1C       		.byte	0x1c
 956 0592 00       		.byte	0
 957 0593 06       		.uleb128 0x6
 958 0594 04       		.byte	0x4
 959 0595 99050000 		.4byte	0x599
 960 0599 11       		.uleb128 0x11
 961 059a 06       		.uleb128 0x6
 962 059b 04       		.byte	0x4
 963 059c 2E030000 		.4byte	0x32e
 964 05a0 06       		.uleb128 0x6
 965 05a1 04       		.byte	0x4
 966 05a2 34010000 		.4byte	0x134
 967 05a6 04       		.uleb128 0x4
 968 05a7 1B040000 		.4byte	.LASF88
 969 05ab 05       		.byte	0x5
 970 05ac CB02     		.2byte	0x2cb
 971 05ae 07050000 		.4byte	0x507
 972 05b2 0F       		.uleb128 0xf
 973 05b3 8001     		.2byte	0x180
 974 05b5 05       		.byte	0x5
 975 05b6 D102     		.2byte	0x2d1
 976 05b8 CA050000 		.4byte	0x5ca
 977 05bc 0C       		.uleb128 0xc
 978 05bd D1050000 		.4byte	.LASF89
 979 05c1 05       		.byte	0x5
 980 05c2 D602     		.2byte	0x2d6
ARM GAS  C:\Users\Administrator\AppData\Local\Temp\ccgju7tf.s 			page 22


 981 05c4 CA050000 		.4byte	0x5ca
 982 05c8 00       		.byte	0
 983 05c9 00       		.byte	0
 984 05ca 0A       		.uleb128 0xa
 985 05cb A6050000 		.4byte	0x5a6
 986 05cf DA050000 		.4byte	0x5da
 987 05d3 0B       		.uleb128 0xb
 988 05d4 B0000000 		.4byte	0xb0
 989 05d8 0B       		.byte	0xb
 990 05d9 00       		.byte	0
 991 05da 04       		.uleb128 0x4
 992 05db E3040000 		.4byte	.LASF90
 993 05df 05       		.byte	0x5
 994 05e0 D702     		.2byte	0x2d7
 995 05e2 B2050000 		.4byte	0x5b2
 996 05e6 12       		.uleb128 0x12
 997 05e7 01       		.byte	0x1
 998 05e8 06       		.byte	0x6
 999 05e9 2E       		.byte	0x2e
 1000 05ea 13060000 		.4byte	0x613
 1001 05ee 13       		.uleb128 0x13
 1002 05ef 99050000 		.4byte	.LASF91
 1003 05f3 00       		.sleb128 0
 1004 05f4 13       		.uleb128 0x13
 1005 05f5 F3020000 		.4byte	.LASF92
 1006 05f9 01       		.sleb128 1
 1007 05fa 13       		.uleb128 0x13
 1008 05fb 73050000 		.4byte	.LASF93
 1009 05ff 02       		.sleb128 2
 1010 0600 13       		.uleb128 0x13
 1011 0601 2E030000 		.4byte	.LASF94
 1012 0605 03       		.sleb128 3
 1013 0606 13       		.uleb128 0x13
 1014 0607 59000000 		.4byte	.LASF95
 1015 060b 04       		.sleb128 4
 1016 060c 13       		.uleb128 0x13
 1017 060d FA050000 		.4byte	.LASF96
 1018 0611 05       		.sleb128 5
 1019 0612 00       		.byte	0
 1020 0613 09       		.uleb128 0x9
 1021 0614 A9010000 		.4byte	.LASF97
 1022 0618 06       		.byte	0x6
 1023 0619 35       		.byte	0x35
 1024 061a E6050000 		.4byte	0x5e6
 1025 061e 14       		.uleb128 0x14
 1026 061f 49030000 		.4byte	.LASF114
 1027 0623 01       		.byte	0x1
 1028 0624 42       		.byte	0x42
 1029 0625 00000000 		.4byte	.LFB1
 1030 0629 14000000 		.4byte	.LFE1-.LFB1
 1031 062d 01       		.uleb128 0x1
 1032 062e 9C       		.byte	0x9c
 1033 062f 3F060000 		.4byte	0x63f
 1034 0633 15       		.uleb128 0x15
 1035 0634 F1050000 		.4byte	.LASF104
 1036 0638 01       		.byte	0x1
 1037 0639 44       		.byte	0x44
ARM GAS  C:\Users\Administrator\AppData\Local\Temp\ccgju7tf.s 			page 23


 1038 063a 3F060000 		.4byte	0x63f
 1039 063e 00       		.byte	0
 1040 063f 06       		.uleb128 0x6
 1041 0640 04       		.byte	0x4
 1042 0641 45060000 		.4byte	0x645
 1043 0645 16       		.uleb128 0x16
 1044 0646 FB040000 		.4byte	0x4fb
 1045 064a 17       		.uleb128 0x17
 1046 064b A7000000 		.4byte	.LASF115
 1047 064f 01       		.byte	0x1
 1048 0650 73       		.byte	0x73
 1049 0651 83000000 		.4byte	0x83
 1050 0655 00000000 		.4byte	.LFB2
 1051 0659 E8000000 		.4byte	.LFE2-.LFB2
 1052 065d 01       		.uleb128 0x1
 1053 065e 9C       		.byte	0x9c
 1054 065f 05070000 		.4byte	0x705
 1055 0663 18       		.uleb128 0x18
 1056 0664 9A010000 		.4byte	.LASF98
 1057 0668 01       		.byte	0x1
 1058 0669 75       		.byte	0x75
 1059 066a 6B000000 		.4byte	0x6b
 1060 066e 00000000 		.4byte	.LLST0
 1061 0672 18       		.uleb128 0x18
 1062 0673 60030000 		.4byte	.LASF99
 1063 0677 01       		.byte	0x1
 1064 0678 76       		.byte	0x76
 1065 0679 83000000 		.4byte	0x83
 1066 067d 1E000000 		.4byte	.LLST1
 1067 0681 18       		.uleb128 0x18
 1068 0682 D6010000 		.4byte	.LASF100
 1069 0686 01       		.byte	0x1
 1070 0687 77       		.byte	0x77
 1071 0688 83000000 		.4byte	0x83
 1072 068c 31000000 		.4byte	.LLST2
 1073 0690 18       		.uleb128 0x18
 1074 0691 0B020000 		.4byte	.LASF101
 1075 0695 01       		.byte	0x1
 1076 0696 78       		.byte	0x78
 1077 0697 83000000 		.4byte	0x83
 1078 069b 44000000 		.4byte	.LLST3
 1079 069f 18       		.uleb128 0x18
 1080 06a0 43020000 		.4byte	.LASF102
 1081 06a4 01       		.byte	0x1
 1082 06a5 79       		.byte	0x79
 1083 06a6 13060000 		.4byte	0x613
 1084 06aa D6000000 		.4byte	.LLST4
 1085 06ae 18       		.uleb128 0x18
 1086 06af FA040000 		.4byte	.LASF103
 1087 06b3 01       		.byte	0x1
 1088 06b4 7A       		.byte	0x7a
 1089 06b5 83000000 		.4byte	0x83
 1090 06b9 E9000000 		.4byte	.LLST5
 1091 06bd 15       		.uleb128 0x15
 1092 06be F1050000 		.4byte	.LASF104
 1093 06c2 01       		.byte	0x1
 1094 06c3 7C       		.byte	0x7c
ARM GAS  C:\Users\Administrator\AppData\Local\Temp\ccgju7tf.s 			page 24


 1095 06c4 3F060000 		.4byte	0x63f
 1096 06c8 18       		.uleb128 0x18
 1097 06c9 99020000 		.4byte	.LASF105
 1098 06cd 01       		.byte	0x1
 1099 06ce 7D       		.byte	0x7d
 1100 06cf 05070000 		.4byte	0x705
 1101 06d3 2A010000 		.4byte	.LLST6
 1102 06d7 19       		.uleb128 0x19
 1103 06d8 2E000000 		.4byte	.LVL10
 1104 06dc 3E070000 		.4byte	0x73e
 1105 06e0 19       		.uleb128 0x19
 1106 06e1 4E000000 		.4byte	.LVL17
 1107 06e5 49070000 		.4byte	0x749
 1108 06e9 19       		.uleb128 0x19
 1109 06ea 68000000 		.4byte	.LVL18
 1110 06ee 54070000 		.4byte	0x754
 1111 06f2 19       		.uleb128 0x19
 1112 06f3 BC000000 		.4byte	.LVL28
 1113 06f7 49070000 		.4byte	0x749
 1114 06fb 19       		.uleb128 0x19
 1115 06fc D4000000 		.4byte	.LVL29
 1116 0700 54070000 		.4byte	0x754
 1117 0704 00       		.byte	0
 1118 0705 06       		.uleb128 0x6
 1119 0706 04       		.byte	0x4
 1120 0707 0B070000 		.4byte	0x70b
 1121 070b 16       		.uleb128 0x16
 1122 070c 2E030000 		.4byte	0x32e
 1123 0710 1A       		.uleb128 0x1a
 1124 0711 C1050000 		.4byte	.LASF106
 1125 0715 01       		.byte	0x1
 1126 0716 33       		.byte	0x33
 1127 0717 83000000 		.4byte	0x83
 1128 071b 05       		.uleb128 0x5
 1129 071c 03       		.byte	0x3
 1130 071d 00000000 		.4byte	tunerFsm
 1131 0721 1B       		.uleb128 0x1b
 1132 0722 B3020000 		.4byte	.LASF107
 1133 0726 05       		.byte	0x5
 1134 0727 2B04     		.2byte	0x42b
 1135 0729 FB040000 		.4byte	0x4fb
 1136 072d 1B       		.uleb128 0x1b
 1137 072e F1010000 		.4byte	.LASF108
 1138 0732 05       		.byte	0x5
 1139 0733 2C04     		.2byte	0x42c
 1140 0735 39070000 		.4byte	0x739
 1141 0739 1C       		.uleb128 0x1c
 1142 073a DA050000 		.4byte	0x5da
 1143 073e 1D       		.uleb128 0x1d
 1144 073f CF000000 		.4byte	.LASF109
 1145 0743 07       		.byte	0x7
 1146 0744 39       		.byte	0x39
 1147 0745 A4000000 		.4byte	0xa4
 1148 0749 1D       		.uleb128 0x1d
 1149 074a 77020000 		.4byte	.LASF110
 1150 074e 08       		.byte	0x8
 1151 074f E5       		.byte	0xe5
ARM GAS  C:\Users\Administrator\AppData\Local\Temp\ccgju7tf.s 			page 25


 1152 0750 6B000000 		.4byte	0x6b
 1153 0754 1E       		.uleb128 0x1e
 1154 0755 43000000 		.4byte	.LASF116
 1155 0759 08       		.byte	0x8
 1156 075a E6       		.byte	0xe6
 1157 075b 1F       		.uleb128 0x1f
 1158 075c 6B000000 		.4byte	0x6b
 1159 0760 00       		.byte	0
 1160 0761 00       		.byte	0
 1161              		.section	.debug_abbrev,"",%progbits
 1162              	.Ldebug_abbrev0:
 1163 0000 01       		.uleb128 0x1
 1164 0001 11       		.uleb128 0x11
 1165 0002 01       		.byte	0x1
 1166 0003 25       		.uleb128 0x25
 1167 0004 0E       		.uleb128 0xe
 1168 0005 13       		.uleb128 0x13
 1169 0006 0B       		.uleb128 0xb
 1170 0007 03       		.uleb128 0x3
 1171 0008 0E       		.uleb128 0xe
 1172 0009 1B       		.uleb128 0x1b
 1173 000a 0E       		.uleb128 0xe
 1174 000b 55       		.uleb128 0x55
 1175 000c 17       		.uleb128 0x17
 1176 000d 11       		.uleb128 0x11
 1177 000e 01       		.uleb128 0x1
 1178 000f 10       		.uleb128 0x10
 1179 0010 17       		.uleb128 0x17
 1180 0011 00       		.byte	0
 1181 0012 00       		.byte	0
 1182 0013 02       		.uleb128 0x2
 1183 0014 24       		.uleb128 0x24
 1184 0015 00       		.byte	0
 1185 0016 0B       		.uleb128 0xb
 1186 0017 0B       		.uleb128 0xb
 1187 0018 3E       		.uleb128 0x3e
 1188 0019 0B       		.uleb128 0xb
 1189 001a 03       		.uleb128 0x3
 1190 001b 0E       		.uleb128 0xe
 1191 001c 00       		.byte	0
 1192 001d 00       		.byte	0
 1193 001e 03       		.uleb128 0x3
 1194 001f 24       		.uleb128 0x24
 1195 0020 00       		.byte	0
 1196 0021 0B       		.uleb128 0xb
 1197 0022 0B       		.uleb128 0xb
 1198 0023 3E       		.uleb128 0x3e
 1199 0024 0B       		.uleb128 0xb
 1200 0025 03       		.uleb128 0x3
 1201 0026 08       		.uleb128 0x8
 1202 0027 00       		.byte	0
 1203 0028 00       		.byte	0
 1204 0029 04       		.uleb128 0x4
 1205 002a 16       		.uleb128 0x16
 1206 002b 00       		.byte	0
 1207 002c 03       		.uleb128 0x3
 1208 002d 0E       		.uleb128 0xe
ARM GAS  C:\Users\Administrator\AppData\Local\Temp\ccgju7tf.s 			page 26


 1209 002e 3A       		.uleb128 0x3a
 1210 002f 0B       		.uleb128 0xb
 1211 0030 3B       		.uleb128 0x3b
 1212 0031 05       		.uleb128 0x5
 1213 0032 49       		.uleb128 0x49
 1214 0033 13       		.uleb128 0x13
 1215 0034 00       		.byte	0
 1216 0035 00       		.byte	0
 1217 0036 05       		.uleb128 0x5
 1218 0037 0F       		.uleb128 0xf
 1219 0038 00       		.byte	0
 1220 0039 0B       		.uleb128 0xb
 1221 003a 0B       		.uleb128 0xb
 1222 003b 00       		.byte	0
 1223 003c 00       		.byte	0
 1224 003d 06       		.uleb128 0x6
 1225 003e 0F       		.uleb128 0xf
 1226 003f 00       		.byte	0
 1227 0040 0B       		.uleb128 0xb
 1228 0041 0B       		.uleb128 0xb
 1229 0042 49       		.uleb128 0x49
 1230 0043 13       		.uleb128 0x13
 1231 0044 00       		.byte	0
 1232 0045 00       		.byte	0
 1233 0046 07       		.uleb128 0x7
 1234 0047 13       		.uleb128 0x13
 1235 0048 01       		.byte	0x1
 1236 0049 0B       		.uleb128 0xb
 1237 004a 0B       		.uleb128 0xb
 1238 004b 3A       		.uleb128 0x3a
 1239 004c 0B       		.uleb128 0xb
 1240 004d 3B       		.uleb128 0x3b
 1241 004e 0B       		.uleb128 0xb
 1242 004f 01       		.uleb128 0x1
 1243 0050 13       		.uleb128 0x13
 1244 0051 00       		.byte	0
 1245 0052 00       		.byte	0
 1246 0053 08       		.uleb128 0x8
 1247 0054 0D       		.uleb128 0xd
 1248 0055 00       		.byte	0
 1249 0056 03       		.uleb128 0x3
 1250 0057 0E       		.uleb128 0xe
 1251 0058 3A       		.uleb128 0x3a
 1252 0059 0B       		.uleb128 0xb
 1253 005a 3B       		.uleb128 0x3b
 1254 005b 0B       		.uleb128 0xb
 1255 005c 49       		.uleb128 0x49
 1256 005d 13       		.uleb128 0x13
 1257 005e 38       		.uleb128 0x38
 1258 005f 0B       		.uleb128 0xb
 1259 0060 00       		.byte	0
 1260 0061 00       		.byte	0
 1261 0062 09       		.uleb128 0x9
 1262 0063 16       		.uleb128 0x16
 1263 0064 00       		.byte	0
 1264 0065 03       		.uleb128 0x3
 1265 0066 0E       		.uleb128 0xe
ARM GAS  C:\Users\Administrator\AppData\Local\Temp\ccgju7tf.s 			page 27


 1266 0067 3A       		.uleb128 0x3a
 1267 0068 0B       		.uleb128 0xb
 1268 0069 3B       		.uleb128 0x3b
 1269 006a 0B       		.uleb128 0xb
 1270 006b 49       		.uleb128 0x49
 1271 006c 13       		.uleb128 0x13
 1272 006d 00       		.byte	0
 1273 006e 00       		.byte	0
 1274 006f 0A       		.uleb128 0xa
 1275 0070 01       		.uleb128 0x1
 1276 0071 01       		.byte	0x1
 1277 0072 49       		.uleb128 0x49
 1278 0073 13       		.uleb128 0x13
 1279 0074 01       		.uleb128 0x1
 1280 0075 13       		.uleb128 0x13
 1281 0076 00       		.byte	0
 1282 0077 00       		.byte	0
 1283 0078 0B       		.uleb128 0xb
 1284 0079 21       		.uleb128 0x21
 1285 007a 00       		.byte	0
 1286 007b 49       		.uleb128 0x49
 1287 007c 13       		.uleb128 0x13
 1288 007d 2F       		.uleb128 0x2f
 1289 007e 0B       		.uleb128 0xb
 1290 007f 00       		.byte	0
 1291 0080 00       		.byte	0
 1292 0081 0C       		.uleb128 0xc
 1293 0082 0D       		.uleb128 0xd
 1294 0083 00       		.byte	0
 1295 0084 03       		.uleb128 0x3
 1296 0085 0E       		.uleb128 0xe
 1297 0086 3A       		.uleb128 0x3a
 1298 0087 0B       		.uleb128 0xb
 1299 0088 3B       		.uleb128 0x3b
 1300 0089 05       		.uleb128 0x5
 1301 008a 49       		.uleb128 0x49
 1302 008b 13       		.uleb128 0x13
 1303 008c 38       		.uleb128 0x38
 1304 008d 0B       		.uleb128 0xb
 1305 008e 00       		.byte	0
 1306 008f 00       		.byte	0
 1307 0090 0D       		.uleb128 0xd
 1308 0091 13       		.uleb128 0x13
 1309 0092 01       		.byte	0x1
 1310 0093 0B       		.uleb128 0xb
 1311 0094 0B       		.uleb128 0xb
 1312 0095 3A       		.uleb128 0x3a
 1313 0096 0B       		.uleb128 0xb
 1314 0097 3B       		.uleb128 0x3b
 1315 0098 05       		.uleb128 0x5
 1316 0099 01       		.uleb128 0x1
 1317 009a 13       		.uleb128 0x13
 1318 009b 00       		.byte	0
 1319 009c 00       		.byte	0
 1320 009d 0E       		.uleb128 0xe
 1321 009e 0D       		.uleb128 0xd
 1322 009f 00       		.byte	0
ARM GAS  C:\Users\Administrator\AppData\Local\Temp\ccgju7tf.s 			page 28


 1323 00a0 03       		.uleb128 0x3
 1324 00a1 08       		.uleb128 0x8
 1325 00a2 3A       		.uleb128 0x3a
 1326 00a3 0B       		.uleb128 0xb
 1327 00a4 3B       		.uleb128 0x3b
 1328 00a5 05       		.uleb128 0x5
 1329 00a6 49       		.uleb128 0x49
 1330 00a7 13       		.uleb128 0x13
 1331 00a8 38       		.uleb128 0x38
 1332 00a9 0B       		.uleb128 0xb
 1333 00aa 00       		.byte	0
 1334 00ab 00       		.byte	0
 1335 00ac 0F       		.uleb128 0xf
 1336 00ad 13       		.uleb128 0x13
 1337 00ae 01       		.byte	0x1
 1338 00af 0B       		.uleb128 0xb
 1339 00b0 05       		.uleb128 0x5
 1340 00b1 3A       		.uleb128 0x3a
 1341 00b2 0B       		.uleb128 0xb
 1342 00b3 3B       		.uleb128 0x3b
 1343 00b4 05       		.uleb128 0x5
 1344 00b5 01       		.uleb128 0x1
 1345 00b6 13       		.uleb128 0x13
 1346 00b7 00       		.byte	0
 1347 00b8 00       		.byte	0
 1348 00b9 10       		.uleb128 0x10
 1349 00ba 0D       		.uleb128 0xd
 1350 00bb 00       		.byte	0
 1351 00bc 03       		.uleb128 0x3
 1352 00bd 0E       		.uleb128 0xe
 1353 00be 3A       		.uleb128 0x3a
 1354 00bf 0B       		.uleb128 0xb
 1355 00c0 3B       		.uleb128 0x3b
 1356 00c1 05       		.uleb128 0x5
 1357 00c2 49       		.uleb128 0x49
 1358 00c3 13       		.uleb128 0x13
 1359 00c4 38       		.uleb128 0x38
 1360 00c5 05       		.uleb128 0x5
 1361 00c6 00       		.byte	0
 1362 00c7 00       		.byte	0
 1363 00c8 11       		.uleb128 0x11
 1364 00c9 26       		.uleb128 0x26
 1365 00ca 00       		.byte	0
 1366 00cb 00       		.byte	0
 1367 00cc 00       		.byte	0
 1368 00cd 12       		.uleb128 0x12
 1369 00ce 04       		.uleb128 0x4
 1370 00cf 01       		.byte	0x1
 1371 00d0 0B       		.uleb128 0xb
 1372 00d1 0B       		.uleb128 0xb
 1373 00d2 3A       		.uleb128 0x3a
 1374 00d3 0B       		.uleb128 0xb
 1375 00d4 3B       		.uleb128 0x3b
 1376 00d5 0B       		.uleb128 0xb
 1377 00d6 01       		.uleb128 0x1
 1378 00d7 13       		.uleb128 0x13
 1379 00d8 00       		.byte	0
ARM GAS  C:\Users\Administrator\AppData\Local\Temp\ccgju7tf.s 			page 29


 1380 00d9 00       		.byte	0
 1381 00da 13       		.uleb128 0x13
 1382 00db 28       		.uleb128 0x28
 1383 00dc 00       		.byte	0
 1384 00dd 03       		.uleb128 0x3
 1385 00de 0E       		.uleb128 0xe
 1386 00df 1C       		.uleb128 0x1c
 1387 00e0 0D       		.uleb128 0xd
 1388 00e1 00       		.byte	0
 1389 00e2 00       		.byte	0
 1390 00e3 14       		.uleb128 0x14
 1391 00e4 2E       		.uleb128 0x2e
 1392 00e5 01       		.byte	0x1
 1393 00e6 3F       		.uleb128 0x3f
 1394 00e7 19       		.uleb128 0x19
 1395 00e8 03       		.uleb128 0x3
 1396 00e9 0E       		.uleb128 0xe
 1397 00ea 3A       		.uleb128 0x3a
 1398 00eb 0B       		.uleb128 0xb
 1399 00ec 3B       		.uleb128 0x3b
 1400 00ed 0B       		.uleb128 0xb
 1401 00ee 27       		.uleb128 0x27
 1402 00ef 19       		.uleb128 0x19
 1403 00f0 11       		.uleb128 0x11
 1404 00f1 01       		.uleb128 0x1
 1405 00f2 12       		.uleb128 0x12
 1406 00f3 06       		.uleb128 0x6
 1407 00f4 40       		.uleb128 0x40
 1408 00f5 18       		.uleb128 0x18
 1409 00f6 9742     		.uleb128 0x2117
 1410 00f8 19       		.uleb128 0x19
 1411 00f9 01       		.uleb128 0x1
 1412 00fa 13       		.uleb128 0x13
 1413 00fb 00       		.byte	0
 1414 00fc 00       		.byte	0
 1415 00fd 15       		.uleb128 0x15
 1416 00fe 34       		.uleb128 0x34
 1417 00ff 00       		.byte	0
 1418 0100 03       		.uleb128 0x3
 1419 0101 0E       		.uleb128 0xe
 1420 0102 3A       		.uleb128 0x3a
 1421 0103 0B       		.uleb128 0xb
 1422 0104 3B       		.uleb128 0x3b
 1423 0105 0B       		.uleb128 0xb
 1424 0106 49       		.uleb128 0x49
 1425 0107 13       		.uleb128 0x13
 1426 0108 00       		.byte	0
 1427 0109 00       		.byte	0
 1428 010a 16       		.uleb128 0x16
 1429 010b 35       		.uleb128 0x35
 1430 010c 00       		.byte	0
 1431 010d 49       		.uleb128 0x49
 1432 010e 13       		.uleb128 0x13
 1433 010f 00       		.byte	0
 1434 0110 00       		.byte	0
 1435 0111 17       		.uleb128 0x17
 1436 0112 2E       		.uleb128 0x2e
ARM GAS  C:\Users\Administrator\AppData\Local\Temp\ccgju7tf.s 			page 30


 1437 0113 01       		.byte	0x1
 1438 0114 3F       		.uleb128 0x3f
 1439 0115 19       		.uleb128 0x19
 1440 0116 03       		.uleb128 0x3
 1441 0117 0E       		.uleb128 0xe
 1442 0118 3A       		.uleb128 0x3a
 1443 0119 0B       		.uleb128 0xb
 1444 011a 3B       		.uleb128 0x3b
 1445 011b 0B       		.uleb128 0xb
 1446 011c 27       		.uleb128 0x27
 1447 011d 19       		.uleb128 0x19
 1448 011e 49       		.uleb128 0x49
 1449 011f 13       		.uleb128 0x13
 1450 0120 11       		.uleb128 0x11
 1451 0121 01       		.uleb128 0x1
 1452 0122 12       		.uleb128 0x12
 1453 0123 06       		.uleb128 0x6
 1454 0124 40       		.uleb128 0x40
 1455 0125 18       		.uleb128 0x18
 1456 0126 9742     		.uleb128 0x2117
 1457 0128 19       		.uleb128 0x19
 1458 0129 01       		.uleb128 0x1
 1459 012a 13       		.uleb128 0x13
 1460 012b 00       		.byte	0
 1461 012c 00       		.byte	0
 1462 012d 18       		.uleb128 0x18
 1463 012e 34       		.uleb128 0x34
 1464 012f 00       		.byte	0
 1465 0130 03       		.uleb128 0x3
 1466 0131 0E       		.uleb128 0xe
 1467 0132 3A       		.uleb128 0x3a
 1468 0133 0B       		.uleb128 0xb
 1469 0134 3B       		.uleb128 0x3b
 1470 0135 0B       		.uleb128 0xb
 1471 0136 49       		.uleb128 0x49
 1472 0137 13       		.uleb128 0x13
 1473 0138 02       		.uleb128 0x2
 1474 0139 17       		.uleb128 0x17
 1475 013a 00       		.byte	0
 1476 013b 00       		.byte	0
 1477 013c 19       		.uleb128 0x19
 1478 013d 898201   		.uleb128 0x4109
 1479 0140 00       		.byte	0
 1480 0141 11       		.uleb128 0x11
 1481 0142 01       		.uleb128 0x1
 1482 0143 31       		.uleb128 0x31
 1483 0144 13       		.uleb128 0x13
 1484 0145 00       		.byte	0
 1485 0146 00       		.byte	0
 1486 0147 1A       		.uleb128 0x1a
 1487 0148 34       		.uleb128 0x34
 1488 0149 00       		.byte	0
 1489 014a 03       		.uleb128 0x3
 1490 014b 0E       		.uleb128 0xe
 1491 014c 3A       		.uleb128 0x3a
 1492 014d 0B       		.uleb128 0xb
 1493 014e 3B       		.uleb128 0x3b
ARM GAS  C:\Users\Administrator\AppData\Local\Temp\ccgju7tf.s 			page 31


 1494 014f 0B       		.uleb128 0xb
 1495 0150 49       		.uleb128 0x49
 1496 0151 13       		.uleb128 0x13
 1497 0152 02       		.uleb128 0x2
 1498 0153 18       		.uleb128 0x18
 1499 0154 00       		.byte	0
 1500 0155 00       		.byte	0
 1501 0156 1B       		.uleb128 0x1b
 1502 0157 34       		.uleb128 0x34
 1503 0158 00       		.byte	0
 1504 0159 03       		.uleb128 0x3
 1505 015a 0E       		.uleb128 0xe
 1506 015b 3A       		.uleb128 0x3a
 1507 015c 0B       		.uleb128 0xb
 1508 015d 3B       		.uleb128 0x3b
 1509 015e 05       		.uleb128 0x5
 1510 015f 49       		.uleb128 0x49
 1511 0160 13       		.uleb128 0x13
 1512 0161 3F       		.uleb128 0x3f
 1513 0162 19       		.uleb128 0x19
 1514 0163 3C       		.uleb128 0x3c
 1515 0164 19       		.uleb128 0x19
 1516 0165 00       		.byte	0
 1517 0166 00       		.byte	0
 1518 0167 1C       		.uleb128 0x1c
 1519 0168 26       		.uleb128 0x26
 1520 0169 00       		.byte	0
 1521 016a 49       		.uleb128 0x49
 1522 016b 13       		.uleb128 0x13
 1523 016c 00       		.byte	0
 1524 016d 00       		.byte	0
 1525 016e 1D       		.uleb128 0x1d
 1526 016f 2E       		.uleb128 0x2e
 1527 0170 00       		.byte	0
 1528 0171 3F       		.uleb128 0x3f
 1529 0172 19       		.uleb128 0x19
 1530 0173 03       		.uleb128 0x3
 1531 0174 0E       		.uleb128 0xe
 1532 0175 3A       		.uleb128 0x3a
 1533 0176 0B       		.uleb128 0xb
 1534 0177 3B       		.uleb128 0x3b
 1535 0178 0B       		.uleb128 0xb
 1536 0179 27       		.uleb128 0x27
 1537 017a 19       		.uleb128 0x19
 1538 017b 49       		.uleb128 0x49
 1539 017c 13       		.uleb128 0x13
 1540 017d 3C       		.uleb128 0x3c
 1541 017e 19       		.uleb128 0x19
 1542 017f 00       		.byte	0
 1543 0180 00       		.byte	0
 1544 0181 1E       		.uleb128 0x1e
 1545 0182 2E       		.uleb128 0x2e
 1546 0183 01       		.byte	0x1
 1547 0184 3F       		.uleb128 0x3f
 1548 0185 19       		.uleb128 0x19
 1549 0186 03       		.uleb128 0x3
 1550 0187 0E       		.uleb128 0xe
ARM GAS  C:\Users\Administrator\AppData\Local\Temp\ccgju7tf.s 			page 32


 1551 0188 3A       		.uleb128 0x3a
 1552 0189 0B       		.uleb128 0xb
 1553 018a 3B       		.uleb128 0x3b
 1554 018b 0B       		.uleb128 0xb
 1555 018c 27       		.uleb128 0x27
 1556 018d 19       		.uleb128 0x19
 1557 018e 3C       		.uleb128 0x3c
 1558 018f 19       		.uleb128 0x19
 1559 0190 00       		.byte	0
 1560 0191 00       		.byte	0
 1561 0192 1F       		.uleb128 0x1f
 1562 0193 05       		.uleb128 0x5
 1563 0194 00       		.byte	0
 1564 0195 49       		.uleb128 0x49
 1565 0196 13       		.uleb128 0x13
 1566 0197 00       		.byte	0
 1567 0198 00       		.byte	0
 1568 0199 00       		.byte	0
 1569              		.section	.debug_loc,"",%progbits
 1570              	.Ldebug_loc0:
 1571              	.LLST0:
 1572 0000 4E000000 		.4byte	.LVL17
 1573 0004 67000000 		.4byte	.LVL18-1
 1574 0008 0100     		.2byte	0x1
 1575 000a 50       		.byte	0x50
 1576 000b BC000000 		.4byte	.LVL28
 1577 000f D3000000 		.4byte	.LVL29-1
 1578 0013 0100     		.2byte	0x1
 1579 0015 50       		.byte	0x50
 1580 0016 00000000 		.4byte	0
 1581 001a 00000000 		.4byte	0
 1582              	.LLST1:
 1583 001e 80000000 		.4byte	.LVL21
 1584 0022 AA000000 		.4byte	.LVL24
 1585 0026 0100     		.2byte	0x1
 1586 0028 53       		.byte	0x53
 1587 0029 00000000 		.4byte	0
 1588 002d 00000000 		.4byte	0
 1589              	.LLST2:
 1590 0031 88000000 		.4byte	.LVL22
 1591 0035 B4000000 		.4byte	.LVL26
 1592 0039 0100     		.2byte	0x1
 1593 003b 52       		.byte	0x52
 1594 003c 00000000 		.4byte	0
 1595 0040 00000000 		.4byte	0
 1596              	.LLST3:
 1597 0044 02000000 		.4byte	.LVL1
 1598 0048 06000000 		.4byte	.LVL2
 1599 004c 0200     		.2byte	0x2
 1600 004e 30       		.byte	0x30
 1601 004f 9F       		.byte	0x9f
 1602 0050 06000000 		.4byte	.LVL2
 1603 0054 1A000000 		.4byte	.LVL4
 1604 0058 0100     		.2byte	0x1
 1605 005a 52       		.byte	0x52
 1606 005b 1E000000 		.4byte	.LVL5
 1607 005f 20000000 		.4byte	.LVL6
ARM GAS  C:\Users\Administrator\AppData\Local\Temp\ccgju7tf.s 			page 33


 1608 0063 0200     		.2byte	0x2
 1609 0065 31       		.byte	0x31
 1610 0066 9F       		.byte	0x9f
 1611 0067 20000000 		.4byte	.LVL6
 1612 006b 22000000 		.4byte	.LVL7
 1613 006f 0100     		.2byte	0x1
 1614 0071 52       		.byte	0x52
 1615 0072 26000000 		.4byte	.LVL8
 1616 0076 2A000000 		.4byte	.LVL9
 1617 007a 0200     		.2byte	0x2
 1618 007c 31       		.byte	0x31
 1619 007d 9F       		.byte	0x9f
 1620 007e 2A000000 		.4byte	.LVL9
 1621 0082 2D000000 		.4byte	.LVL10-1
 1622 0086 0100     		.2byte	0x1
 1623 0088 52       		.byte	0x52
 1624 0089 34000000 		.4byte	.LVL11
 1625 008d 3A000000 		.4byte	.LVL12
 1626 0091 0200     		.2byte	0x2
 1627 0093 31       		.byte	0x31
 1628 0094 9F       		.byte	0x9f
 1629 0095 3A000000 		.4byte	.LVL12
 1630 0099 3C000000 		.4byte	.LVL13
 1631 009d 0100     		.2byte	0x1
 1632 009f 52       		.byte	0x52
 1633 00a0 40000000 		.4byte	.LVL14
 1634 00a4 44000000 		.4byte	.LVL15
 1635 00a8 0200     		.2byte	0x2
 1636 00aa 31       		.byte	0x31
 1637 00ab 9F       		.byte	0x9f
 1638 00ac 44000000 		.4byte	.LVL15
 1639 00b0 4D000000 		.4byte	.LVL17-1
 1640 00b4 0100     		.2byte	0x1
 1641 00b6 52       		.byte	0x52
 1642 00b7 68000000 		.4byte	.LVL18
 1643 00bb 6A000000 		.4byte	.LVL19
 1644 00bf 0200     		.2byte	0x2
 1645 00c1 30       		.byte	0x30
 1646 00c2 9F       		.byte	0x9f
 1647 00c3 6A000000 		.4byte	.LVL19
 1648 00c7 78000000 		.4byte	.LVL20
 1649 00cb 0100     		.2byte	0x1
 1650 00cd 52       		.byte	0x52
 1651 00ce 00000000 		.4byte	0
 1652 00d2 00000000 		.4byte	0
 1653              	.LLST4:
 1654 00d6 0C000000 		.4byte	.LVL3
 1655 00da 9E000000 		.4byte	.LVL23
 1656 00de 0100     		.2byte	0x1
 1657 00e0 54       		.byte	0x54
 1658 00e1 00000000 		.4byte	0
 1659 00e5 00000000 		.4byte	0
 1660              	.LLST5:
 1661 00e9 02000000 		.4byte	.LVL1
 1662 00ed 06000000 		.4byte	.LVL2
 1663 00f1 0200     		.2byte	0x2
 1664 00f3 30       		.byte	0x30
ARM GAS  C:\Users\Administrator\AppData\Local\Temp\ccgju7tf.s 			page 34


 1665 00f4 9F       		.byte	0x9f
 1666 00f5 06000000 		.4byte	.LVL2
 1667 00f9 2E000000 		.4byte	.LVL10
 1668 00fd 0100     		.2byte	0x1
 1669 00ff 55       		.byte	0x55
 1670 0100 2E000000 		.4byte	.LVL10
 1671 0104 3A000000 		.4byte	.LVL12
 1672 0108 0200     		.2byte	0x2
 1673 010a 31       		.byte	0x31
 1674 010b 9F       		.byte	0x9f
 1675 010c 3A000000 		.4byte	.LVL12
 1676 0110 D6000000 		.4byte	.LVL30
 1677 0114 0100     		.2byte	0x1
 1678 0116 55       		.byte	0x55
 1679 0117 D6000000 		.4byte	.LVL30
 1680 011b E8000000 		.4byte	.LFE2
 1681 011f 0100     		.2byte	0x1
 1682 0121 50       		.byte	0x50
 1683 0122 00000000 		.4byte	0
 1684 0126 00000000 		.4byte	0
 1685              	.LLST6:
 1686 012a B0000000 		.4byte	.LVL25
 1687 012e D4000000 		.4byte	.LVL29
 1688 0132 0100     		.2byte	0x1
 1689 0134 54       		.byte	0x54
 1690 0135 00000000 		.4byte	0
 1691 0139 00000000 		.4byte	0
 1692              		.section	.debug_aranges,"",%progbits
 1693 0000 24000000 		.4byte	0x24
 1694 0004 0200     		.2byte	0x2
 1695 0006 00000000 		.4byte	.Ldebug_info0
 1696 000a 04       		.byte	0x4
 1697 000b 00       		.byte	0
 1698 000c 0000     		.2byte	0
 1699 000e 0000     		.2byte	0
 1700 0010 00000000 		.4byte	.LFB1
 1701 0014 14000000 		.4byte	.LFE1-.LFB1
 1702 0018 00000000 		.4byte	.LFB2
 1703 001c E8000000 		.4byte	.LFE2-.LFB2
 1704 0020 00000000 		.4byte	0
 1705 0024 00000000 		.4byte	0
 1706              		.section	.debug_ranges,"",%progbits
 1707              	.Ldebug_ranges0:
 1708 0000 00000000 		.4byte	.LFB1
 1709 0004 14000000 		.4byte	.LFE1
 1710 0008 00000000 		.4byte	.LFB2
 1711 000c E8000000 		.4byte	.LFE2
 1712 0010 00000000 		.4byte	0
 1713 0014 00000000 		.4byte	0
 1714              		.section	.debug_line,"",%progbits
 1715              	.Ldebug_line0:
 1716 0000 31010000 		.section	.debug_str,"MS",%progbits,1
 1716      0200D600 
 1716      00000201 
 1716      FB0E0D00 
 1716      01010101 
 1717              	.LASF10:
ARM GAS  C:\Users\Administrator\AppData\Local\Temp\ccgju7tf.s 			page 35


 1718 0000 75696E74 		.ascii	"uint16\000"
 1718      313600
 1719              	.LASF113:
 1720 0007 443A5C6C 		.ascii	"D:\\local_svn\\AYBR3000\\AYBR3000_V2.0\\AYBR3000\\A"
 1720      6F63616C 
 1720      5F73766E 
 1720      5C415942 
 1720      52333030 
 1721 0035 59425233 		.ascii	"YBR3000.cydsn\000"
 1721      3030302E 
 1721      63796473 
 1721      6E00
 1722              	.LASF116:
 1723 0043 43794578 		.ascii	"CyExitCriticalSection\000"
 1723      69744372 
 1723      69746963 
 1723      616C5365 
 1723      6374696F 
 1724              	.LASF95:
 1725 0059 6B65795F 		.ascii	"key_touch_TU_CMD_RUN_SNR_TEST_E\000"
 1725      746F7563 
 1725      685F5455 
 1725      5F434D44 
 1725      5F52554E 
 1726              	.LASF38:
 1727 0079 66696E67 		.ascii	"fingerCap\000"
 1727      65724361 
 1727      7000
 1728              	.LASF7:
 1729 0083 6C6F6E67 		.ascii	"long long unsigned int\000"
 1729      206C6F6E 
 1729      6720756E 
 1729      7369676E 
 1729      65642069 
 1730              	.LASF78:
 1731 009a 70747232 		.ascii	"ptr2SnsFlash\000"
 1731      536E7346 
 1731      6C617368 
 1731      00
 1732              	.LASF115:
 1733 00a7 6B65795F 		.ascii	"key_touch_RunTuner\000"
 1733      746F7563 
 1733      685F5275 
 1733      6E54756E 
 1733      657200
 1734              	.LASF56:
 1735 00ba 64696666 		.ascii	"diff\000"
 1735      00
 1736              	.LASF74:
 1737 00bf 736E7254 		.ascii	"snrTestSensorId\000"
 1737      65737453 
 1737      656E736F 
 1737      72496400 
 1738              	.LASF109:
 1739 00cf 6B65795F 		.ascii	"key_touch_Start\000"
 1739      746F7563 
 1739      685F5374 
ARM GAS  C:\Users\Administrator\AppData\Local\Temp\ccgju7tf.s 			page 36


 1739      61727400 
 1740              	.LASF6:
 1741 00df 6C6F6E67 		.ascii	"long long int\000"
 1741      206C6F6E 
 1741      6720696E 
 1741      7400
 1742              	.LASF0:
 1743 00ed 7369676E 		.ascii	"signed char\000"
 1743      65642063 
 1743      68617200 
 1744              	.LASF41:
 1745 00f9 62757474 		.ascii	"button0\000"
 1745      6F6E3000 
 1746              	.LASF42:
 1747 0101 62757474 		.ascii	"button1\000"
 1747      6F6E3100 
 1748              	.LASF43:
 1749 0109 62757474 		.ascii	"button2\000"
 1749      6F6E3200 
 1750              	.LASF44:
 1751 0111 62757474 		.ascii	"button3\000"
 1751      6F6E3300 
 1752              	.LASF45:
 1753 0119 62757474 		.ascii	"button4\000"
 1753      6F6E3400 
 1754              	.LASF46:
 1755 0121 62757474 		.ascii	"button5\000"
 1755      6F6E3500 
 1756              	.LASF47:
 1757 0129 62757474 		.ascii	"button6\000"
 1757      6F6E3600 
 1758              	.LASF48:
 1759 0131 62757474 		.ascii	"button7\000"
 1759      6F6E3700 
 1760              	.LASF49:
 1761 0139 62757474 		.ascii	"button8\000"
 1761      6F6E3800 
 1762              	.LASF50:
 1763 0141 62757474 		.ascii	"button9\000"
 1763      6F6E3900 
 1764              	.LASF68:
 1765 0149 736E7353 		.ascii	"snsStatus\000"
 1765      74617475 
 1765      7300
 1766              	.LASF4:
 1767 0153 6C6F6E67 		.ascii	"long int\000"
 1767      20696E74 
 1767      00
 1768              	.LASF112:
 1769 015c 47656E65 		.ascii	"Generated_Source\\PSoC4\\key_touch_Tuner.c\000"
 1769      72617465 
 1769      645F536F 
 1769      75726365 
 1769      5C50536F 
 1770              	.LASF70:
 1771 0185 6D6F6443 		.ascii	"modCsdClk\000"
 1771      7364436C 
ARM GAS  C:\Users\Administrator\AppData\Local\Temp\ccgju7tf.s 			page 37


 1771      6B00
 1772              	.LASF80:
 1773 018f 70747232 		.ascii	"ptr2SnsRam\000"
 1773      536E7352 
 1773      616D00
 1774              	.LASF98:
 1775 019a 63726974 		.ascii	"critSect\000"
 1775      53656374 
 1775      00
 1776              	.LASF9:
 1777 01a3 75696E74 		.ascii	"uint8\000"
 1777      3800
 1778              	.LASF97:
 1779 01a9 6B65795F 		.ascii	"key_touch_TU_CMD_ENUM\000"
 1779      746F7563 
 1779      685F5455 
 1779      5F434D44 
 1779      5F454E55 
 1780              	.LASF13:
 1781 01bf 646F7562 		.ascii	"double\000"
 1781      6C6500
 1782              	.LASF76:
 1783 01c6 736E7254 		.ascii	"snrTestRawCount\000"
 1783      65737452 
 1783      6177436F 
 1783      756E7400 
 1784              	.LASF100:
 1785 01d6 73656E73 		.ascii	"sensorId\000"
 1785      6F724964 
 1785      00
 1786              	.LASF11:
 1787 01df 75696E74 		.ascii	"uint32\000"
 1787      333200
 1788              	.LASF31:
 1789 01e6 68797374 		.ascii	"hysteresis\000"
 1789      65726573 
 1789      697300
 1790              	.LASF108:
 1791 01f1 6B65795F 		.ascii	"key_touch_dsFlash\000"
 1791      746F7563 
 1791      685F6473 
 1791      466C6173 
 1791      6800
 1792              	.LASF55:
 1793 0203 62736C6E 		.ascii	"bslnExt\000"
 1793      45787400 
 1794              	.LASF101:
 1795 020b 75706461 		.ascii	"updateFlag\000"
 1795      7465466C 
 1795      616700
 1796              	.LASF67:
 1797 0216 77646774 		.ascii	"wdgtStatus\000"
 1797      53746174 
 1797      757300
 1798              	.LASF54:
 1799 0221 62736C6E 		.ascii	"bsln\000"
 1799      00
ARM GAS  C:\Users\Administrator\AppData\Local\Temp\ccgju7tf.s 			page 38


 1800              	.LASF8:
 1801 0226 756E7369 		.ascii	"unsigned int\000"
 1801      676E6564 
 1801      20696E74 
 1801      00
 1802              	.LASF73:
 1803 0233 736E7254 		.ascii	"snrTestWidgetId\000"
 1803      65737457 
 1803      69646765 
 1803      74496400 
 1804              	.LASF102:
 1805 0243 636F6D6D 		.ascii	"command\000"
 1805      616E6400 
 1806              	.LASF87:
 1807 024b 70747232 		.ascii	"ptr2NoiseEnvlp\000"
 1807      4E6F6973 
 1807      65456E76 
 1807      6C7000
 1808              	.LASF5:
 1809 025a 6C6F6E67 		.ascii	"long unsigned int\000"
 1809      20756E73 
 1809      69676E65 
 1809      6420696E 
 1809      7400
 1810              	.LASF66:
 1811 026c 77646774 		.ascii	"wdgtEnable\000"
 1811      456E6162 
 1811      6C6500
 1812              	.LASF110:
 1813 0277 4379456E 		.ascii	"CyEnterCriticalSection\000"
 1813      74657243 
 1813      72697469 
 1813      63616C53 
 1813      65637469 
 1814              	.LASF33:
 1815 028e 6C6F7742 		.ascii	"lowBslnRst\000"
 1815      736C6E52 
 1815      737400
 1816              	.LASF105:
 1817 0299 70747253 		.ascii	"ptrSns\000"
 1817      6E7300
 1818              	.LASF3:
 1819 02a0 73686F72 		.ascii	"short unsigned int\000"
 1819      7420756E 
 1819      7369676E 
 1819      65642069 
 1819      6E7400
 1820              	.LASF107:
 1821 02b3 6B65795F 		.ascii	"key_touch_dsRam\000"
 1821      746F7563 
 1821      685F6473 
 1821      52616D00 
 1822              	.LASF40:
 1823 02c3 6B65795F 		.ascii	"key_touch_RAM_WD_BUTTON_STRUCT\000"
 1823      746F7563 
 1823      685F5241 
 1823      4D5F5744 
ARM GAS  C:\Users\Administrator\AppData\Local\Temp\ccgju7tf.s 			page 39


 1823      5F425554 
 1824              	.LASF72:
 1825 02e2 736E734C 		.ascii	"snsList\000"
 1825      69737400 
 1826              	.LASF61:
 1827 02ea 636F6E66 		.ascii	"configId\000"
 1827      69674964 
 1827      00
 1828              	.LASF92:
 1829 02f3 6B65795F 		.ascii	"key_touch_TU_CMD_SUSPEND_E\000"
 1829      746F7563 
 1829      685F5455 
 1829      5F434D44 
 1829      5F535553 
 1830              	.LASF69:
 1831 030e 63736430 		.ascii	"csd0Config\000"
 1831      436F6E66 
 1831      696700
 1832              	.LASF79:
 1833 0319 70747232 		.ascii	"ptr2WdgtRam\000"
 1833      57646774 
 1833      52616D00 
 1834              	.LASF62:
 1835 0325 64657669 		.ascii	"deviceId\000"
 1835      63654964 
 1835      00
 1836              	.LASF94:
 1837 032e 6B65795F 		.ascii	"key_touch_TU_CMD_RESTART_E\000"
 1837      746F7563 
 1837      685F5455 
 1837      5F434D44 
 1837      5F524553 
 1838              	.LASF114:
 1839 0349 6B65795F 		.ascii	"key_touch_TuInitialize\000"
 1839      746F7563 
 1839      685F5475 
 1839      496E6974 
 1839      69616C69 
 1840              	.LASF99:
 1841 0360 77696467 		.ascii	"widgetId\000"
 1841      65744964 
 1841      00
 1842              	.LASF18:
 1843 0369 6B65795F 		.ascii	"key_touch_LOW_BSLN_RST_TYPE\000"
 1843      746F7563 
 1843      685F4C4F 
 1843      575F4253 
 1843      4C4E5F52 
 1844              	.LASF35:
 1845 0385 69646163 		.ascii	"idacMod\000"
 1845      4D6F6400 
 1846              	.LASF86:
 1847 038d 6E756D43 		.ascii	"numCols\000"
 1847      6F6C7300 
 1848              	.LASF16:
 1849 0395 73697A65 		.ascii	"sizetype\000"
 1849      74797065 
ARM GAS  C:\Users\Administrator\AppData\Local\Temp\ccgju7tf.s 			page 40


 1849      00
 1850              	.LASF83:
 1851 039e 73746174 		.ascii	"staticConfig\000"
 1851      6963436F 
 1851      6E666967 
 1851      00
 1852              	.LASF30:
 1853 03ab 6E4E6F69 		.ascii	"nNoiseTh\000"
 1853      73655468 
 1853      00
 1854              	.LASF39:
 1855 03b4 73696750 		.ascii	"sigPFC\000"
 1855      464300
 1856              	.LASF85:
 1857 03bb 77646774 		.ascii	"wdgtType\000"
 1857      54797065 
 1857      00
 1858              	.LASF77:
 1859 03c4 6B65795F 		.ascii	"key_touch_RAM_STRUCT\000"
 1859      746F7563 
 1859      685F5241 
 1859      4D5F5354 
 1859      52554354 
 1860              	.LASF17:
 1861 03d9 6B65795F 		.ascii	"key_touch_THRESHOLD_TYPE\000"
 1861      746F7563 
 1861      685F5448 
 1861      52455348 
 1861      4F4C445F 
 1862              	.LASF64:
 1863 03f2 7363616E 		.ascii	"scanCounter\000"
 1863      436F756E 
 1863      74657200 
 1864              	.LASF53:
 1865 03fe 6B65795F 		.ascii	"key_touch_RAM_WD_LIST_STRUCT\000"
 1865      746F7563 
 1865      685F5241 
 1865      4D5F5744 
 1865      5F4C4953 
 1866              	.LASF88:
 1867 041b 6B65795F 		.ascii	"key_touch_FLASH_WD_STRUCT\000"
 1867      746F7563 
 1867      685F464C 
 1867      4153485F 
 1867      57445F53 
 1868              	.LASF63:
 1869 0435 74756E65 		.ascii	"tunerCmd\000"
 1869      72436D64 
 1869      00
 1870              	.LASF12:
 1871 043e 666C6F61 		.ascii	"float\000"
 1871      7400
 1872              	.LASF26:
 1873 0444 534D4152 		.ascii	"SMARTSENSE_CSD_NOISE_ENVELOPE_STRUCT\000"
 1873      5453454E 
 1873      53455F43 
 1873      53445F4E 
ARM GAS  C:\Users\Administrator\AppData\Local\Temp\ccgju7tf.s 			page 41


 1873      4F495345 
 1874              	.LASF34:
 1875 0469 62736C6E 		.ascii	"bslnCoeff\000"
 1875      436F6566 
 1875      6600
 1876              	.LASF1:
 1877 0473 756E7369 		.ascii	"unsigned char\000"
 1877      676E6564 
 1877      20636861 
 1877      7200
 1878              	.LASF20:
 1879 0481 70617261 		.ascii	"param1\000"
 1879      6D3100
 1880              	.LASF21:
 1881 0488 70617261 		.ascii	"param2\000"
 1881      6D3200
 1882              	.LASF22:
 1883 048f 70617261 		.ascii	"param3\000"
 1883      6D3300
 1884              	.LASF23:
 1885 0496 70617261 		.ascii	"param4\000"
 1885      6D3400
 1886              	.LASF24:
 1887 049d 70617261 		.ascii	"param5\000"
 1887      6D3500
 1888              	.LASF25:
 1889 04a4 70617261 		.ascii	"param6\000"
 1889      6D3600
 1890              	.LASF2:
 1891 04ab 73686F72 		.ascii	"short int\000"
 1891      7420696E 
 1891      7400
 1892              	.LASF81:
 1893 04b5 70747232 		.ascii	"ptr2FltrHistory\000"
 1893      466C7472 
 1893      48697374 
 1893      6F727900 
 1894              	.LASF60:
 1895 04c5 6B65795F 		.ascii	"key_touch_RAM_SNS_LIST_STRUCT\000"
 1895      746F7563 
 1895      685F5241 
 1895      4D5F534E 
 1895      535F4C49 
 1896              	.LASF90:
 1897 04e3 6B65795F 		.ascii	"key_touch_FLASH_STRUCT\000"
 1897      746F7563 
 1897      685F464C 
 1897      4153485F 
 1897      53545255 
 1898              	.LASF103:
 1899 04fa 74756E65 		.ascii	"tunerStatus\000"
 1899      72537461 
 1899      74757300 
 1900              	.LASF27:
 1901 0506 7265736F 		.ascii	"resolution\000"
 1901      6C757469 
 1901      6F6E00
ARM GAS  C:\Users\Administrator\AppData\Local\Temp\ccgju7tf.s 			page 42


 1902              	.LASF71:
 1903 0511 77646774 		.ascii	"wdgtList\000"
 1903      4C697374 
 1903      00
 1904              	.LASF51:
 1905 051a 62757474 		.ascii	"button10\000"
 1905      6F6E3130 
 1905      00
 1906              	.LASF52:
 1907 0523 62757474 		.ascii	"button11\000"
 1907      6F6E3131 
 1907      00
 1908              	.LASF14:
 1909 052c 63686172 		.ascii	"char\000"
 1909      00
 1910              	.LASF36:
 1911 0531 736E7343 		.ascii	"snsClk\000"
 1911      6C6B00
 1912              	.LASF32:
 1913 0538 6F6E4465 		.ascii	"onDebounce\000"
 1913      626F756E 
 1913      636500
 1914              	.LASF59:
 1915 0543 6B65795F 		.ascii	"key_touch_RAM_SNS_STRUCT\000"
 1915      746F7563 
 1915      685F5241 
 1915      4D5F534E 
 1915      535F5354 
 1916              	.LASF58:
 1917 055c 69646163 		.ascii	"idacComp\000"
 1917      436F6D70 
 1917      00
 1918              	.LASF57:
 1919 0565 6E656742 		.ascii	"negBslnRstCnt\000"
 1919      736C6E52 
 1919      7374436E 
 1919      7400
 1920              	.LASF93:
 1921 0573 6B65795F 		.ascii	"key_touch_TU_CMD_RESUME_E\000"
 1921      746F7563 
 1921      685F5455 
 1921      5F434D44 
 1921      5F524553 
 1922              	.LASF84:
 1923 058d 746F7461 		.ascii	"totalNumSns\000"
 1923      6C4E756D 
 1923      536E7300 
 1924              	.LASF91:
 1925 0599 6B65795F 		.ascii	"key_touch_TU_CMD_NONE_E\000"
 1925      746F7563 
 1925      685F5455 
 1925      5F434D44 
 1925      5F4E4F4E 
 1926              	.LASF82:
 1927 05b1 70747232 		.ascii	"ptr2DebounceArr\000"
 1927      4465626F 
 1927      756E6365 
ARM GAS  C:\Users\Administrator\AppData\Local\Temp\ccgju7tf.s 			page 43


 1927      41727200 
 1928              	.LASF106:
 1929 05c1 74756E65 		.ascii	"tunerFsm\000"
 1929      7246736D 
 1929      00
 1930              	.LASF65:
 1931 05ca 73746174 		.ascii	"status\000"
 1931      757300
 1932              	.LASF89:
 1933 05d1 77646774 		.ascii	"wdgtArray\000"
 1933      41727261 
 1933      7900
 1934              	.LASF37:
 1935 05db 736E7343 		.ascii	"snsClkSource\000"
 1935      6C6B536F 
 1935      75726365 
 1935      00
 1936              	.LASF15:
 1937 05e8 63797374 		.ascii	"cystatus\000"
 1937      61747573 
 1937      00
 1938              	.LASF104:
 1939 05f1 70747244 		.ascii	"ptrDsRam\000"
 1939      7352616D 
 1939      00
 1940              	.LASF96:
 1941 05fa 6B65795F 		.ascii	"key_touch_TU_CMD_PING_E\000"
 1941      746F7563 
 1941      685F5455 
 1941      5F434D44 
 1941      5F50494E 
 1942              	.LASF28:
 1943 0612 66696E67 		.ascii	"fingerTh\000"
 1943      65725468 
 1943      00
 1944              	.LASF19:
 1945 061b 70617261 		.ascii	"param0\000"
 1945      6D3000
 1946              	.LASF75:
 1947 0622 736E7254 		.ascii	"snrTestScanCounter\000"
 1947      65737453 
 1947      63616E43 
 1947      6F756E74 
 1947      657200
 1948              	.LASF111:
 1949 0635 474E5520 		.ascii	"GNU C 4.9.3 20150303 (release) [ARM/embedded-4_9-br"
 1949      4320342E 
 1949      392E3320 
 1949      32303135 
 1949      30333033 
 1950 0668 616E6368 		.ascii	"anch revision 221220] -mcpu=cortex-m0plus -mthumb -"
 1950      20726576 
 1950      6973696F 
 1950      6E203232 
 1950      31323230 
 1951 069b 67202D4F 		.ascii	"g -Og -ffunction-sections -ffat-lto-objects\000"
 1951      67202D66 
ARM GAS  C:\Users\Administrator\AppData\Local\Temp\ccgju7tf.s 			page 44


 1951      66756E63 
 1951      74696F6E 
 1951      2D736563 
 1952              	.LASF29:
 1953 06c7 6E6F6973 		.ascii	"noiseTh\000"
 1953      65546800 
 1954              		.ident	"GCC: (GNU Tools for ARM Embedded Processors) 4.9.3 20150303 (release) [ARM/embedded-4_9-br
