ARM GAS  C:\Users\Administrator\AppData\Local\Temp\cc2EMiSy.s 			page 1


   1              		.cpu cortex-m0plus
   2              		.fpu softvfp
   3              		.eabi_attribute 20, 1
   4              		.eabi_attribute 21, 1
   5              		.eabi_attribute 23, 3
   6              		.eabi_attribute 24, 1
   7              		.eabi_attribute 25, 1
   8              		.eabi_attribute 26, 1
   9              		.eabi_attribute 30, 1
  10              		.eabi_attribute 34, 0
  11              		.eabi_attribute 18, 4
  12              		.code	16
  13              		.file	"simple_protocol.c"
  14              		.text
  15              	.Ltext0:
  16              		.cfi_sections	.debug_frame
  17              		.section	.text.simple_protocol_init,"ax",%progbits
  18              		.align	2
  19              		.global	simple_protocol_init
  20              		.code	16
  21              		.thumb_func
  22              		.type	simple_protocol_init, %function
  23              	simple_protocol_init:
  24              	.LFB0:
  25              		.file 1 "simple_protocol.c"
   1:simple_protocol.c **** #include "simple_protocol.h"
   2:simple_protocol.c **** 
   3:simple_protocol.c **** static Timing_type header_time;
   4:simple_protocol.c **** static Simple_protocol_state send_state;
   5:simple_protocol.c **** static Bool flag_send = FALSE;
   6:simple_protocol.c **** static uint8 send_buffer[PACKET_MAX_LEN];
   7:simple_protocol.c **** 
   8:simple_protocol.c **** static inline void send_byte(uint8 data);
   9:simple_protocol.c **** static inline void delay_50_us(void);
  10:simple_protocol.c **** 
  11:simple_protocol.c **** 
  12:simple_protocol.c **** void simple_protocol_init(void)
  13:simple_protocol.c **** {
  26              		.loc 1 13 0
  27              		.cfi_startproc
  28              	.LVL0:
  14:simple_protocol.c ****     uint8 i;
  15:simple_protocol.c ****     uint8 *p = (uint8 *)&header_time;
  16:simple_protocol.c ****     
  17:simple_protocol.c ****     for (i = 0; i < sizeof (Timing_type); i++)
  29              		.loc 1 17 0
  30 0000 0023     		mov	r3, #0
  31 0002 05E0     		b	.L2
  32              	.LVL1:
  33              	.L3:
  18:simple_protocol.c ****         p[i] = 0;
  34              		.loc 1 18 0 discriminator 3
  35 0004 054A     		ldr	r2, .L4
  36 0006 D218     		add	r2, r2, r3
  37 0008 0021     		mov	r1, #0
  38 000a 1170     		strb	r1, [r2]
  17:simple_protocol.c ****         p[i] = 0;
ARM GAS  C:\Users\Administrator\AppData\Local\Temp\cc2EMiSy.s 			page 2


  39              		.loc 1 17 0 discriminator 3
  40 000c 0133     		add	r3, r3, #1
  41              	.LVL2:
  42 000e DBB2     		uxtb	r3, r3
  43              	.LVL3:
  44              	.L2:
  17:simple_protocol.c ****         p[i] = 0;
  45              		.loc 1 17 0 is_stmt 0 discriminator 1
  46 0010 052B     		cmp	r3, #5
  47 0012 F7D9     		bls	.L3
  19:simple_protocol.c ****     send_state.state = IDLE;
  48              		.loc 1 19 0 is_stmt 1
  49 0014 0022     		mov	r2, #0
  50 0016 014B     		ldr	r3, .L4
  51              	.LVL4:
  52 0018 1A72     		strb	r2, [r3, #8]
  20:simple_protocol.c **** }
  53              		.loc 1 20 0
  54              		@ sp needed
  55 001a 7047     		bx	lr
  56              	.L5:
  57              		.align	2
  58              	.L4:
  59 001c 00000000 		.word	.LANCHOR0
  60              		.cfi_endproc
  61              	.LFE0:
  62              		.size	simple_protocol_init, .-simple_protocol_init
  63              		.section	.text.simple_protocol_process,"ax",%progbits
  64              		.align	2
  65              		.global	simple_protocol_process
  66              		.code	16
  67              		.thumb_func
  68              		.type	simple_protocol_process, %function
  69              	simple_protocol_process:
  70              	.LFB1:
  21:simple_protocol.c **** 
  22:simple_protocol.c **** void simple_protocol_process(void)
  23:simple_protocol.c **** {
  71              		.loc 1 23 0
  72              		.cfi_startproc
  73 0000 70B5     		push	{r4, r5, r6, lr}
  74              		.cfi_def_cfa_offset 16
  75              		.cfi_offset 4, -16
  76              		.cfi_offset 5, -12
  77              		.cfi_offset 6, -8
  78              		.cfi_offset 14, -4
  79              	.LVL5:
  24:simple_protocol.c ****     
  25:simple_protocol.c ****     uint8 i = 0;
  26:simple_protocol.c ****     static Simple_protocol_format *pbuf = (Simple_protocol_format *)send_buffer;
  27:simple_protocol.c ****     
  28:simple_protocol.c ****     switch (send_state.state)
  80              		.loc 1 28 0
  81 0002 584B     		ldr	r3, .L35
  82 0004 1B7A     		ldrb	r3, [r3, #8]
  83 0006 012B     		cmp	r3, #1
  84 0008 12D0     		beq	.L8
ARM GAS  C:\Users\Administrator\AppData\Local\Temp\cc2EMiSy.s 			page 3


  85 000a 002B     		cmp	r3, #0
  86 000c 04D0     		beq	.L9
  87 000e 022B     		cmp	r3, #2
  88 0010 32D0     		beq	.L10
  89 0012 032B     		cmp	r3, #3
  90 0014 53D0     		beq	.L11
  91 0016 A3E0     		b	.L6
  92              	.L9:
  29:simple_protocol.c ****     {
  30:simple_protocol.c ****         case IDLE: 
  31:simple_protocol.c ****             if (flag_send)
  93              		.loc 1 31 0
  94 0018 524B     		ldr	r3, .L35
  95 001a 9B7A     		ldrb	r3, [r3, #10]
  96 001c 002B     		cmp	r3, #0
  97 001e 00D1     		bne	.LCB70
  98 0020 9EE0     		b	.L6	@long jump
  99              	.LCB70:
  32:simple_protocol.c ****             {
  33:simple_protocol.c ****                 flag_send = FALSE;
 100              		.loc 1 33 0
 101 0022 504B     		ldr	r3, .L35
 102 0024 0022     		mov	r2, #0
 103 0026 9A72     		strb	r2, [r3, #10]
  34:simple_protocol.c ****                 send_state.state = HEADER_HIGH;
 104              		.loc 1 34 0
 105 0028 0121     		mov	r1, #1
 106 002a 1972     		strb	r1, [r3, #8]
  35:simple_protocol.c ****                 send_state.action = ENTER;
 107              		.loc 1 35 0
 108 002c 5A72     		strb	r2, [r3, #9]
 109 002e 97E0     		b	.L6
 110              	.L8:
  36:simple_protocol.c ****             }
  37:simple_protocol.c ****             break;
  38:simple_protocol.c ****         case HEADER_HIGH: 
  39:simple_protocol.c ****             switch(send_state.action)
 111              		.loc 1 39 0
 112 0030 4C4B     		ldr	r3, .L35
 113 0032 5B7A     		ldrb	r3, [r3, #9]
 114 0034 012B     		cmp	r3, #1
 115 0036 0FD0     		beq	.L12
 116 0038 002B     		cmp	r3, #0
 117 003a 02D0     		beq	.L13
 118 003c 022B     		cmp	r3, #2
 119 003e 15D0     		beq	.L14
 120 0040 8EE0     		b	.L6
 121              	.L13:
  40:simple_protocol.c ****             {
  41:simple_protocol.c ****                 case ENTER: 
  42:simple_protocol.c ****                     simple_protocol_set_pin_clock(LEVEL_HIGH);
 122              		.loc 1 42 0
 123 0042 0120     		mov	r0, #1
 124 0044 FFF7FEFF 		bl	SIMPLE_CLOCK_Write
 125              	.LVL6:
  43:simple_protocol.c ****                     timing_set_counts(&header_time, 5);
 126              		.loc 1 43 0
ARM GAS  C:\Users\Administrator\AppData\Local\Temp\cc2EMiSy.s 			page 4


 127 0048 464C     		ldr	r4, .L35
 128 004a 201C     		mov	r0, r4
 129 004c 0521     		mov	r1, #5
 130 004e FFF7FEFF 		bl	timing_set_counts
 131              	.LVL7:
  44:simple_protocol.c ****                     send_state.action = IN; 
 132              		.loc 1 44 0
 133 0052 0123     		mov	r3, #1
 134 0054 6372     		strb	r3, [r4, #9]
  45:simple_protocol.c ****                     break;
 135              		.loc 1 45 0
 136 0056 83E0     		b	.L6
 137              	.L12:
  46:simple_protocol.c ****                 case IN: 
  47:simple_protocol.c ****                     if (timing_count_end(&header_time))
 138              		.loc 1 47 0
 139 0058 4248     		ldr	r0, .L35
 140 005a FFF7FEFF 		bl	timing_count_end
 141              	.LVL8:
 142 005e 0028     		cmp	r0, #0
 143 0060 00D1     		bne	.LCB111
 144 0062 7DE0     		b	.L6	@long jump
 145              	.LCB111:
  48:simple_protocol.c ****                         send_state.action = EXIT;
 146              		.loc 1 48 0
 147 0064 0222     		mov	r2, #2
 148 0066 3F4B     		ldr	r3, .L35
 149 0068 5A72     		strb	r2, [r3, #9]
 150 006a 79E0     		b	.L6
 151              	.L14:
  49:simple_protocol.c ****                     break;
  50:simple_protocol.c ****                 case EXIT: 
  51:simple_protocol.c ****                     send_state.state = HEADER_LOW;
 152              		.loc 1 51 0
 153 006c 3D4B     		ldr	r3, .L35
 154 006e 0222     		mov	r2, #2
 155 0070 1A72     		strb	r2, [r3, #8]
  52:simple_protocol.c ****                     send_state.action = ENTER;
 156              		.loc 1 52 0
 157 0072 0022     		mov	r2, #0
 158 0074 5A72     		strb	r2, [r3, #9]
  53:simple_protocol.c ****                     break;
 159              		.loc 1 53 0
 160 0076 73E0     		b	.L6
 161              	.L10:
  54:simple_protocol.c ****             }
  55:simple_protocol.c ****             break;
  56:simple_protocol.c ****         case HEADER_LOW: 
  57:simple_protocol.c ****             switch(send_state.action)
 162              		.loc 1 57 0
 163 0078 3A4B     		ldr	r3, .L35
 164 007a 5B7A     		ldrb	r3, [r3, #9]
 165 007c 012B     		cmp	r3, #1
 166 007e 0FD0     		beq	.L15
 167 0080 002B     		cmp	r3, #0
 168 0082 02D0     		beq	.L16
 169 0084 022B     		cmp	r3, #2
ARM GAS  C:\Users\Administrator\AppData\Local\Temp\cc2EMiSy.s 			page 5


 170 0086 14D0     		beq	.L17
 171 0088 6AE0     		b	.L6
 172              	.L16:
  58:simple_protocol.c ****             {
  59:simple_protocol.c ****                 case ENTER: 
  60:simple_protocol.c ****                     simple_protocol_set_pin_clock(LEVEL_LOW);
 173              		.loc 1 60 0
 174 008a 0020     		mov	r0, #0
 175 008c FFF7FEFF 		bl	SIMPLE_CLOCK_Write
 176              	.LVL9:
  61:simple_protocol.c ****                     timing_set_counts(&header_time, 5);
 177              		.loc 1 61 0
 178 0090 344C     		ldr	r4, .L35
 179 0092 201C     		mov	r0, r4
 180 0094 0521     		mov	r1, #5
 181 0096 FFF7FEFF 		bl	timing_set_counts
 182              	.LVL10:
  62:simple_protocol.c ****                     send_state.action = IN; 
 183              		.loc 1 62 0
 184 009a 0123     		mov	r3, #1
 185 009c 6372     		strb	r3, [r4, #9]
  63:simple_protocol.c ****                     break;
 186              		.loc 1 63 0
 187 009e 5FE0     		b	.L6
 188              	.L15:
  64:simple_protocol.c ****                 case IN: 
  65:simple_protocol.c ****                     if (timing_count_end(&header_time))
 189              		.loc 1 65 0
 190 00a0 3048     		ldr	r0, .L35
 191 00a2 FFF7FEFF 		bl	timing_count_end
 192              	.LVL11:
 193 00a6 0028     		cmp	r0, #0
 194 00a8 5AD0     		beq	.L6
  66:simple_protocol.c ****                         send_state.action = EXIT;
 195              		.loc 1 66 0
 196 00aa 0222     		mov	r2, #2
 197 00ac 2D4B     		ldr	r3, .L35
 198 00ae 5A72     		strb	r2, [r3, #9]
 199 00b0 56E0     		b	.L6
 200              	.L17:
  67:simple_protocol.c ****                     break;
  68:simple_protocol.c ****                 case EXIT: 
  69:simple_protocol.c ****                     send_state.state = DATA;
 201              		.loc 1 69 0
 202 00b2 2C4B     		ldr	r3, .L35
 203 00b4 0322     		mov	r2, #3
 204 00b6 1A72     		strb	r2, [r3, #8]
  70:simple_protocol.c ****                     send_state.action = ENTER;
 205              		.loc 1 70 0
 206 00b8 0022     		mov	r2, #0
 207 00ba 5A72     		strb	r2, [r3, #9]
  71:simple_protocol.c ****                     break;
 208              		.loc 1 71 0
 209 00bc 50E0     		b	.L6
 210              	.L11:
  72:simple_protocol.c ****             }
  73:simple_protocol.c ****             break;
ARM GAS  C:\Users\Administrator\AppData\Local\Temp\cc2EMiSy.s 			page 6


  74:simple_protocol.c ****         case DATA: 
  75:simple_protocol.c ****             switch (send_state.action)
 211              		.loc 1 75 0
 212 00be 294B     		ldr	r3, .L35
 213 00c0 5B7A     		ldrb	r3, [r3, #9]
 214 00c2 012B     		cmp	r3, #1
 215 00c4 40D0     		beq	.L34
 216 00c6 002B     		cmp	r3, #0
 217 00c8 02D0     		beq	.L19
 218 00ca 022B     		cmp	r3, #2
 219 00cc 45D0     		beq	.L20
 220 00ce 47E0     		b	.L6
 221              	.L19:
  76:simple_protocol.c ****             {
  77:simple_protocol.c ****                 case ENTER:
  78:simple_protocol.c ****                     send_state.action = IN; 
 222              		.loc 1 78 0
 223 00d0 0122     		mov	r2, #1
 224 00d2 244B     		ldr	r3, .L35
 225 00d4 5A72     		strb	r2, [r3, #9]
  79:simple_protocol.c ****                     break;
 226              		.loc 1 79 0
 227 00d6 43E0     		b	.L6
 228              	.LVL12:
 229              	.L33:
  80:simple_protocol.c ****                 case IN:
  81:simple_protocol.c ****                     for (i = 0; i < pbuf->length; i++)
  82:simple_protocol.c ****                         send_byte(send_buffer[i]);
 230              		.loc 1 82 0 discriminator 3
 231 00d8 224B     		ldr	r3, .L35
 232 00da 9B19     		add	r3, r3, r6
 233 00dc 1D7B     		ldrb	r5, [r3, #12]
 234              	.LVL13:
 235              	.LBB20:
 236              	.LBB21:
  83:simple_protocol.c ****                     send_state.action = EXIT;
  84:simple_protocol.c ****                     break;
  85:simple_protocol.c ****                 case EXIT:
  86:simple_protocol.c ****                     send_state.state = IDLE;
  87:simple_protocol.c ****                     break;
  88:simple_protocol.c ****             }
  89:simple_protocol.c ****             break;
  90:simple_protocol.c ****     }
  91:simple_protocol.c **** }
  92:simple_protocol.c **** 
  93:simple_protocol.c **** Bool simple_protocol_send(uint8 *buffer, uint8 len)
  94:simple_protocol.c **** {
  95:simple_protocol.c ****     Simple_protocol_format *pbuf = (Simple_protocol_format *)send_buffer;
  96:simple_protocol.c ****     uint8 i;
  97:simple_protocol.c ****     
  98:simple_protocol.c ****     if (send_state.state == IDLE)
  99:simple_protocol.c ****     {
 100:simple_protocol.c ****         pbuf->header = 0x5a;
 101:simple_protocol.c ****         pbuf->length = len - 2;
 102:simple_protocol.c ****         for (i = 0; i < pbuf->length; i++)
 103:simple_protocol.c ****             pbuf->buf[i] = buffer[i+2];
 104:simple_protocol.c ****         flag_send = TRUE;
ARM GAS  C:\Users\Administrator\AppData\Local\Temp\cc2EMiSy.s 			page 7


 105:simple_protocol.c ****         return TRUE;
 106:simple_protocol.c ****     }
 107:simple_protocol.c ****     else
 108:simple_protocol.c ****         return FALSE;
 109:simple_protocol.c **** }
 110:simple_protocol.c **** 
 111:simple_protocol.c **** 
 112:simple_protocol.c **** 
 113:simple_protocol.c **** static inline void send_byte(uint8 data)
 114:simple_protocol.c **** {
 115:simple_protocol.c ****     uint8 i = 0, temp;
 116:simple_protocol.c ****     temp = data;
 117:simple_protocol.c ****     for (i = 0; i < 8; i++)
 237              		.loc 1 117 0 discriminator 3
 238 00de 0024     		mov	r4, #0
 239 00e0 2DE0     		b	.L21
 240              	.LVL14:
 241              	.L32:
 118:simple_protocol.c ****     {
 119:simple_protocol.c ****         if (temp & 0x01)
 242              		.loc 1 119 0
 243 00e2 EB07     		lsl	r3, r5, #31
 244 00e4 03D5     		bpl	.L22
 120:simple_protocol.c ****             simple_protocol_set_pin_data(LEVEL_HIGH);
 245              		.loc 1 120 0
 246 00e6 0120     		mov	r0, #1
 247 00e8 FFF7FEFF 		bl	SIMPLE_DATA_Write
 248              	.LVL15:
 249 00ec 02E0     		b	.L23
 250              	.L22:
 121:simple_protocol.c ****         else
 122:simple_protocol.c ****             simple_protocol_set_pin_data(LEVEL_LOW);
 251              		.loc 1 122 0
 252 00ee 0020     		mov	r0, #0
 253 00f0 FFF7FEFF 		bl	SIMPLE_DATA_Write
 254              	.LVL16:
 255              	.L23:
 123:simple_protocol.c **** 
 124:simple_protocol.c ****         simple_protocol_set_pin_clock(LEVEL_HIGH);
 256              		.loc 1 124 0
 257 00f4 0120     		mov	r0, #1
 258 00f6 FFF7FEFF 		bl	SIMPLE_CLOCK_Write
 259              	.LVL17:
 260              	.LBB22:
 261              	.LBB23:
 125:simple_protocol.c ****         delay_50_us();
 126:simple_protocol.c ****         delay_50_us();
 127:simple_protocol.c ****         temp >>= 1u;
 128:simple_protocol.c ****         simple_protocol_set_pin_clock(LEVEL_LOW);
 129:simple_protocol.c ****         delay_50_us();
 130:simple_protocol.c ****         delay_50_us();
 131:simple_protocol.c ****     }
 132:simple_protocol.c **** }
 133:simple_protocol.c **** 
 134:simple_protocol.c **** static inline void delay_50_us(void)
 135:simple_protocol.c **** {
 136:simple_protocol.c ****     uint8 i = 0;
ARM GAS  C:\Users\Administrator\AppData\Local\Temp\cc2EMiSy.s 			page 8


 137:simple_protocol.c ****     
 138:simple_protocol.c ****     for (i = 0; i < 100; i++)
 262              		.loc 1 138 0
 263 00fa 0023     		mov	r3, #0
 264 00fc 02E0     		b	.L24
 265              	.LVL18:
 266              	.L25:
 139:simple_protocol.c ****         asm("nop");
 267              		.loc 1 139 0
 268              	@ 139 "simple_protocol.c" 1
 269 00fe C046     		nop
 270              	@ 0 "" 2
 138:simple_protocol.c ****         asm("nop");
 271              		.loc 1 138 0
 272              		.code	16
 273 0100 0133     		add	r3, r3, #1
 274              	.LVL19:
 275 0102 DBB2     		uxtb	r3, r3
 276              	.LVL20:
 277              	.L24:
 278 0104 632B     		cmp	r3, #99
 279 0106 FAD9     		bls	.L25
 280 0108 0023     		mov	r3, #0
 281              	.LVL21:
 282 010a 02E0     		b	.L26
 283              	.LVL22:
 284              	.L27:
 285              	.LBE23:
 286              	.LBE22:
 287              	.LBB24:
 288              	.LBB25:
 289              		.loc 1 139 0
 290              	@ 139 "simple_protocol.c" 1
 291 010c C046     		nop
 292              	@ 0 "" 2
 138:simple_protocol.c ****         asm("nop");
 293              		.loc 1 138 0
 294              		.code	16
 295 010e 0133     		add	r3, r3, #1
 296              	.LVL23:
 297 0110 DBB2     		uxtb	r3, r3
 298              	.LVL24:
 299              	.L26:
 300 0112 632B     		cmp	r3, #99
 301 0114 FAD9     		bls	.L27
 302              	.LBE25:
 303              	.LBE24:
 127:simple_protocol.c ****         simple_protocol_set_pin_clock(LEVEL_LOW);
 304              		.loc 1 127 0
 305 0116 6D08     		lsr	r5, r5, #1
 306              	.LVL25:
 128:simple_protocol.c ****         delay_50_us();
 307              		.loc 1 128 0
 308 0118 0020     		mov	r0, #0
 309 011a FFF7FEFF 		bl	SIMPLE_CLOCK_Write
 310              	.LVL26:
 311              	.LBB26:
ARM GAS  C:\Users\Administrator\AppData\Local\Temp\cc2EMiSy.s 			page 9


 312              	.LBB27:
 138:simple_protocol.c ****         asm("nop");
 313              		.loc 1 138 0
 314 011e 0023     		mov	r3, #0
 315 0120 02E0     		b	.L28
 316              	.LVL27:
 317              	.L29:
 318              		.loc 1 139 0
 319              	@ 139 "simple_protocol.c" 1
 320 0122 C046     		nop
 321              	@ 0 "" 2
 138:simple_protocol.c ****         asm("nop");
 322              		.loc 1 138 0
 323              		.code	16
 324 0124 0133     		add	r3, r3, #1
 325              	.LVL28:
 326 0126 DBB2     		uxtb	r3, r3
 327              	.LVL29:
 328              	.L28:
 329 0128 632B     		cmp	r3, #99
 330 012a FAD9     		bls	.L29
 331 012c 0023     		mov	r3, #0
 332              	.LVL30:
 333 012e 02E0     		b	.L30
 334              	.LVL31:
 335              	.L31:
 336              	.LBE27:
 337              	.LBE26:
 338              	.LBB28:
 339              	.LBB29:
 340              		.loc 1 139 0
 341              	@ 139 "simple_protocol.c" 1
 342 0130 C046     		nop
 343              	@ 0 "" 2
 138:simple_protocol.c ****         asm("nop");
 344              		.loc 1 138 0
 345              		.code	16
 346 0132 0133     		add	r3, r3, #1
 347              	.LVL32:
 348 0134 DBB2     		uxtb	r3, r3
 349              	.LVL33:
 350              	.L30:
 351 0136 632B     		cmp	r3, #99
 352 0138 FAD9     		bls	.L31
 353              	.LBE29:
 354              	.LBE28:
 117:simple_protocol.c ****     {
 355              		.loc 1 117 0
 356 013a 0134     		add	r4, r4, #1
 357              	.LVL34:
 358 013c E4B2     		uxtb	r4, r4
 359              	.LVL35:
 360              	.L21:
 361 013e 072C     		cmp	r4, #7
 362 0140 CFD9     		bls	.L32
 363              	.LBE21:
 364              	.LBE20:
ARM GAS  C:\Users\Administrator\AppData\Local\Temp\cc2EMiSy.s 			page 10


  81:simple_protocol.c ****                         send_byte(send_buffer[i]);
 365              		.loc 1 81 0 discriminator 3
 366 0142 0136     		add	r6, r6, #1
 367              	.LVL36:
 368 0144 F6B2     		uxtb	r6, r6
 369              	.LVL37:
 370 0146 00E0     		b	.L18
 371              	.LVL38:
 372              	.L34:
  75:simple_protocol.c ****             {
 373              		.loc 1 75 0
 374 0148 0026     		mov	r6, #0
 375              	.LVL39:
 376              	.L18:
  81:simple_protocol.c ****                         send_byte(send_buffer[i]);
 377              		.loc 1 81 0 discriminator 1
 378 014a 064B     		ldr	r3, .L35
 379 014c 5B7B     		ldrb	r3, [r3, #13]
 380 014e B342     		cmp	r3, r6
 381 0150 C2D8     		bhi	.L33
  83:simple_protocol.c ****                     break;
 382              		.loc 1 83 0
 383 0152 0222     		mov	r2, #2
 384 0154 034B     		ldr	r3, .L35
 385 0156 5A72     		strb	r2, [r3, #9]
  84:simple_protocol.c ****                 case EXIT:
 386              		.loc 1 84 0
 387 0158 02E0     		b	.L6
 388              	.LVL40:
 389              	.L20:
  86:simple_protocol.c ****                     break;
 390              		.loc 1 86 0
 391 015a 0022     		mov	r2, #0
 392 015c 014B     		ldr	r3, .L35
 393 015e 1A72     		strb	r2, [r3, #8]
 394              	.LVL41:
 395              	.L6:
  91:simple_protocol.c **** 
 396              		.loc 1 91 0
 397              		@ sp needed
 398 0160 70BD     		pop	{r4, r5, r6, pc}
 399              	.L36:
 400 0162 C046     		.align	2
 401              	.L35:
 402 0164 00000000 		.word	.LANCHOR0
 403              		.cfi_endproc
 404              	.LFE1:
 405              		.size	simple_protocol_process, .-simple_protocol_process
 406              		.section	.text.simple_protocol_send,"ax",%progbits
 407              		.align	2
 408              		.global	simple_protocol_send
 409              		.code	16
 410              		.thumb_func
 411              		.type	simple_protocol_send, %function
 412              	simple_protocol_send:
 413              	.LFB2:
  94:simple_protocol.c ****     Simple_protocol_format *pbuf = (Simple_protocol_format *)send_buffer;
ARM GAS  C:\Users\Administrator\AppData\Local\Temp\cc2EMiSy.s 			page 11


 414              		.loc 1 94 0
 415              		.cfi_startproc
 416              	.LVL42:
 417 0000 10B5     		push	{r4, lr}
 418              		.cfi_def_cfa_offset 8
 419              		.cfi_offset 4, -8
 420              		.cfi_offset 14, -4
 421              	.LVL43:
  98:simple_protocol.c ****     {
 422              		.loc 1 98 0
 423 0002 0E4B     		ldr	r3, .L42
 424 0004 1B7A     		ldrb	r3, [r3, #8]
 425 0006 002B     		cmp	r3, #0
 426 0008 15D1     		bne	.L41
 100:simple_protocol.c ****         pbuf->length = len - 2;
 427              		.loc 1 100 0
 428 000a 0C4B     		ldr	r3, .L42
 429 000c 5A22     		mov	r2, #90
 430 000e 1A73     		strb	r2, [r3, #12]
 101:simple_protocol.c ****         for (i = 0; i < pbuf->length; i++)
 431              		.loc 1 101 0
 432 0010 0239     		sub	r1, r1, #2
 433              	.LVL44:
 434 0012 C9B2     		uxtb	r1, r1
 435 0014 5973     		strb	r1, [r3, #13]
 436              	.LVL45:
 102:simple_protocol.c ****             pbuf->buf[i] = buffer[i+2];
 437              		.loc 1 102 0
 438 0016 0023     		mov	r3, #0
 439 0018 06E0     		b	.L39
 440              	.LVL46:
 441              	.L40:
 103:simple_protocol.c ****         flag_send = TRUE;
 442              		.loc 1 103 0 discriminator 3
 443 001a C218     		add	r2, r0, r3
 444 001c 9478     		ldrb	r4, [r2, #2]
 445 001e 074A     		ldr	r2, .L42
 446 0020 D218     		add	r2, r2, r3
 447 0022 9473     		strb	r4, [r2, #14]
 102:simple_protocol.c ****             pbuf->buf[i] = buffer[i+2];
 448              		.loc 1 102 0 discriminator 3
 449 0024 0133     		add	r3, r3, #1
 450              	.LVL47:
 451 0026 DBB2     		uxtb	r3, r3
 452              	.LVL48:
 453              	.L39:
 102:simple_protocol.c ****             pbuf->buf[i] = buffer[i+2];
 454              		.loc 1 102 0 is_stmt 0 discriminator 1
 455 0028 8B42     		cmp	r3, r1
 456 002a F6D3     		bcc	.L40
 104:simple_protocol.c ****         return TRUE;
 457              		.loc 1 104 0 is_stmt 1
 458 002c 0122     		mov	r2, #1
 459 002e 034B     		ldr	r3, .L42
 460              	.LVL49:
 461 0030 9A72     		strb	r2, [r3, #10]
 105:simple_protocol.c ****     }
ARM GAS  C:\Users\Administrator\AppData\Local\Temp\cc2EMiSy.s 			page 12


 462              		.loc 1 105 0
 463 0032 0120     		mov	r0, #1
 464              	.LVL50:
 465 0034 00E0     		b	.L38
 466              	.LVL51:
 467              	.L41:
 108:simple_protocol.c **** }
 468              		.loc 1 108 0
 469 0036 0020     		mov	r0, #0
 470              	.LVL52:
 471              	.L38:
 109:simple_protocol.c **** 
 472              		.loc 1 109 0
 473              		@ sp needed
 474 0038 10BD     		pop	{r4, pc}
 475              	.L43:
 476 003a C046     		.align	2
 477              	.L42:
 478 003c 00000000 		.word	.LANCHOR0
 479              		.cfi_endproc
 480              	.LFE2:
 481              		.size	simple_protocol_send, .-simple_protocol_send
 482              		.bss
 483              		.align	2
 484              		.set	.LANCHOR0,. + 0
 485              		.type	header_time, %object
 486              		.size	header_time, 6
 487              	header_time:
 488 0000 00000000 		.space	6
 488      0000
 489 0006 0000     		.space	2
 490              		.type	send_state, %object
 491              		.size	send_state, 2
 492              	send_state:
 493 0008 0000     		.space	2
 494              		.type	flag_send, %object
 495              		.size	flag_send, 1
 496              	flag_send:
 497 000a 00       		.space	1
 498 000b 00       		.space	1
 499              		.type	send_buffer, %object
 500              		.size	send_buffer, 10
 501              	send_buffer:
 502 000c 00000000 		.space	10
 502      00000000 
 502      0000
 503 0016 0000     		.text
 504              	.Letext0:
 505              		.file 2 "Generated_Source\\PSoC4/cytypes.h"
 506              		.file 3 "types.h"
 507              		.file 4 "timing.h"
 508              		.file 5 "simple_protocol.h"
 509              		.file 6 "Generated_Source\\PSoC4/SIMPLE_DATA.h"
 510              		.file 7 "Generated_Source\\PSoC4/SIMPLE_CLOCK.h"
 511              		.section	.debug_info,"",%progbits
 512              	.Ldebug_info0:
 513 0000 00050000 		.4byte	0x500
ARM GAS  C:\Users\Administrator\AppData\Local\Temp\cc2EMiSy.s 			page 13


 514 0004 0400     		.2byte	0x4
 515 0006 00000000 		.4byte	.Ldebug_abbrev0
 516 000a 04       		.byte	0x4
 517 000b 01       		.uleb128 0x1
 518 000c 30000000 		.4byte	.LASF50
 519 0010 01       		.byte	0x1
 520 0011 53010000 		.4byte	.LASF51
 521 0015 C2000000 		.4byte	.LASF52
 522 0019 00000000 		.4byte	.Ldebug_ranges0+0
 523 001d 00000000 		.4byte	0
 524 0021 00000000 		.4byte	.Ldebug_line0
 525 0025 02       		.uleb128 0x2
 526 0026 01       		.byte	0x1
 527 0027 06       		.byte	0x6
 528 0028 F0010000 		.4byte	.LASF0
 529 002c 02       		.uleb128 0x2
 530 002d 01       		.byte	0x1
 531 002e 08       		.byte	0x8
 532 002f CE010000 		.4byte	.LASF1
 533 0033 02       		.uleb128 0x2
 534 0034 02       		.byte	0x2
 535 0035 05       		.byte	0x5
 536 0036 1D000000 		.4byte	.LASF2
 537 003a 02       		.uleb128 0x2
 538 003b 02       		.byte	0x2
 539 003c 07       		.byte	0x7
 540 003d 34020000 		.4byte	.LASF3
 541 0041 02       		.uleb128 0x2
 542 0042 04       		.byte	0x4
 543 0043 05       		.byte	0x5
 544 0044 95010000 		.4byte	.LASF4
 545 0048 02       		.uleb128 0x2
 546 0049 04       		.byte	0x4
 547 004a 07       		.byte	0x7
 548 004b 69020000 		.4byte	.LASF5
 549 004f 02       		.uleb128 0x2
 550 0050 08       		.byte	0x8
 551 0051 05       		.byte	0x5
 552 0052 80010000 		.4byte	.LASF6
 553 0056 02       		.uleb128 0x2
 554 0057 08       		.byte	0x8
 555 0058 07       		.byte	0x7
 556 0059 FC010000 		.4byte	.LASF7
 557 005d 03       		.uleb128 0x3
 558 005e 04       		.byte	0x4
 559 005f 05       		.byte	0x5
 560 0060 696E7400 		.ascii	"int\000"
 561 0064 02       		.uleb128 0x2
 562 0065 04       		.byte	0x4
 563 0066 07       		.byte	0x7
 564 0067 1D020000 		.4byte	.LASF8
 565 006b 04       		.uleb128 0x4
 566 006c 3C010000 		.4byte	.LASF14
 567 0070 02       		.byte	0x2
 568 0071 B901     		.2byte	0x1b9
 569 0073 2C000000 		.4byte	0x2c
 570 0077 02       		.uleb128 0x2
ARM GAS  C:\Users\Administrator\AppData\Local\Temp\cc2EMiSy.s 			page 14


 571 0078 04       		.byte	0x4
 572 0079 04       		.byte	0x4
 573 007a 7A010000 		.4byte	.LASF9
 574 007e 02       		.uleb128 0x2
 575 007f 08       		.byte	0x8
 576 0080 04       		.byte	0x4
 577 0081 87020000 		.4byte	.LASF10
 578 0085 02       		.uleb128 0x2
 579 0086 01       		.byte	0x1
 580 0087 08       		.byte	0x8
 581 0088 47020000 		.4byte	.LASF11
 582 008c 05       		.uleb128 0x5
 583 008d 01       		.byte	0x1
 584 008e 03       		.byte	0x3
 585 008f 12       		.byte	0x12
 586 0090 A1000000 		.4byte	0xa1
 587 0094 06       		.uleb128 0x6
 588 0095 0C000000 		.4byte	.LASF12
 589 0099 00       		.sleb128 0
 590 009a 06       		.uleb128 0x6
 591 009b D0020000 		.4byte	.LASF13
 592 009f 01       		.sleb128 1
 593 00a0 00       		.byte	0
 594 00a1 07       		.uleb128 0x7
 595 00a2 26030000 		.4byte	.LASF15
 596 00a6 03       		.byte	0x3
 597 00a7 15       		.byte	0x15
 598 00a8 8C000000 		.4byte	0x8c
 599 00ac 05       		.uleb128 0x5
 600 00ad 01       		.byte	0x1
 601 00ae 03       		.byte	0x3
 602 00af 1E       		.byte	0x1e
 603 00b0 C1000000 		.4byte	0xc1
 604 00b4 06       		.uleb128 0x6
 605 00b5 FE000000 		.4byte	.LASF16
 606 00b9 00       		.sleb128 0
 607 00ba 06       		.uleb128 0x6
 608 00bb F6020000 		.4byte	.LASF17
 609 00bf 01       		.sleb128 1
 610 00c0 00       		.byte	0
 611 00c1 08       		.uleb128 0x8
 612 00c2 06       		.byte	0x6
 613 00c3 04       		.byte	0x4
 614 00c4 06       		.byte	0x6
 615 00c5 EE000000 		.4byte	0xee
 616 00c9 09       		.uleb128 0x9
 617 00ca D5020000 		.4byte	.LASF18
 618 00ce 04       		.byte	0x4
 619 00cf 08       		.byte	0x8
 620 00d0 A1000000 		.4byte	0xa1
 621 00d4 00       		.byte	0
 622 00d5 09       		.uleb128 0x9
 623 00d6 2A020000 		.4byte	.LASF19
 624 00da 04       		.byte	0x4
 625 00db 09       		.byte	0x9
 626 00dc 3A000000 		.4byte	0x3a
 627 00e0 02       		.byte	0x2
ARM GAS  C:\Users\Administrator\AppData\Local\Temp\cc2EMiSy.s 			page 15


 628 00e1 09       		.uleb128 0x9
 629 00e2 E6010000 		.4byte	.LASF20
 630 00e6 04       		.byte	0x4
 631 00e7 0A       		.byte	0xa
 632 00e8 3A000000 		.4byte	0x3a
 633 00ec 04       		.byte	0x4
 634 00ed 00       		.byte	0
 635 00ee 07       		.uleb128 0x7
 636 00ef 8E020000 		.4byte	.LASF21
 637 00f3 04       		.byte	0x4
 638 00f4 0B       		.byte	0xb
 639 00f5 C1000000 		.4byte	0xc1
 640 00f9 05       		.uleb128 0x5
 641 00fa 01       		.byte	0x1
 642 00fb 05       		.byte	0x5
 643 00fc 11       		.byte	0x11
 644 00fd 1A010000 		.4byte	0x11a
 645 0101 06       		.uleb128 0x6
 646 0102 4E010000 		.4byte	.LASF22
 647 0106 00       		.sleb128 0
 648 0107 06       		.uleb128 0x6
 649 0108 7B020000 		.4byte	.LASF23
 650 010c 01       		.sleb128 1
 651 010d 06       		.uleb128 0x6
 652 010e 9E010000 		.4byte	.LASF24
 653 0112 02       		.sleb128 2
 654 0113 06       		.uleb128 0x6
 655 0114 BC010000 		.4byte	.LASF25
 656 0118 03       		.sleb128 3
 657 0119 00       		.byte	0
 658 011a 05       		.uleb128 0x5
 659 011b 01       		.byte	0x1
 660 011c 05       		.byte	0x5
 661 011d 17       		.byte	0x17
 662 011e 34010000 		.4byte	0x134
 663 0122 06       		.uleb128 0x6
 664 0123 C8010000 		.4byte	.LASF26
 665 0127 00       		.sleb128 0
 666 0128 0A       		.uleb128 0xa
 667 0129 494E00   		.ascii	"IN\000"
 668 012c 01       		.sleb128 1
 669 012d 06       		.uleb128 0x6
 670 012e 08010000 		.4byte	.LASF27
 671 0132 02       		.sleb128 2
 672 0133 00       		.byte	0
 673 0134 08       		.uleb128 0x8
 674 0135 02       		.byte	0x2
 675 0136 05       		.byte	0x5
 676 0137 0F       		.byte	0xf
 677 0138 55010000 		.4byte	0x155
 678 013c 09       		.uleb128 0x9
 679 013d 12000000 		.4byte	.LASF28
 680 0141 05       		.byte	0x5
 681 0142 16       		.byte	0x16
 682 0143 F9000000 		.4byte	0xf9
 683 0147 00       		.byte	0
 684 0148 09       		.uleb128 0x9
ARM GAS  C:\Users\Administrator\AppData\Local\Temp\cc2EMiSy.s 			page 16


 685 0149 8E010000 		.4byte	.LASF29
 686 014d 05       		.byte	0x5
 687 014e 1B       		.byte	0x1b
 688 014f 1A010000 		.4byte	0x11a
 689 0153 01       		.byte	0x1
 690 0154 00       		.byte	0
 691 0155 07       		.uleb128 0x7
 692 0156 4C020000 		.4byte	.LASF30
 693 015a 05       		.byte	0x5
 694 015b 1C       		.byte	0x1c
 695 015c 34010000 		.4byte	0x134
 696 0160 08       		.uleb128 0x8
 697 0161 0A       		.byte	0xa
 698 0162 05       		.byte	0x5
 699 0163 1F       		.byte	0x1f
 700 0164 8D010000 		.4byte	0x18d
 701 0168 09       		.uleb128 0x9
 702 0169 00000000 		.4byte	.LASF31
 703 016d 05       		.byte	0x5
 704 016e 21       		.byte	0x21
 705 016f 2C000000 		.4byte	0x2c
 706 0173 00       		.byte	0
 707 0174 09       		.uleb128 0x9
 708 0175 C1010000 		.4byte	.LASF32
 709 0179 05       		.byte	0x5
 710 017a 22       		.byte	0x22
 711 017b 2C000000 		.4byte	0x2c
 712 017f 01       		.byte	0x1
 713 0180 0B       		.uleb128 0xb
 714 0181 62756600 		.ascii	"buf\000"
 715 0185 05       		.byte	0x5
 716 0186 23       		.byte	0x23
 717 0187 8D010000 		.4byte	0x18d
 718 018b 02       		.byte	0x2
 719 018c 00       		.byte	0
 720 018d 0C       		.uleb128 0xc
 721 018e 2C000000 		.4byte	0x2c
 722 0192 9D010000 		.4byte	0x19d
 723 0196 0D       		.uleb128 0xd
 724 0197 9D010000 		.4byte	0x19d
 725 019b 07       		.byte	0x7
 726 019c 00       		.byte	0
 727 019d 02       		.uleb128 0x2
 728 019e 04       		.byte	0x4
 729 019f 07       		.byte	0x7
 730 01a0 27000000 		.4byte	.LASF33
 731 01a4 07       		.uleb128 0x7
 732 01a5 DF020000 		.4byte	.LASF34
 733 01a9 05       		.byte	0x5
 734 01aa 24       		.byte	0x24
 735 01ab 60010000 		.4byte	0x160
 736 01af 0E       		.uleb128 0xe
 737 01b0 0D010000 		.4byte	.LASF35
 738 01b4 01       		.byte	0x1
 739 01b5 86       		.byte	0x86
 740 01b6 03       		.byte	0x3
 741 01b7 C5010000 		.4byte	0x1c5
ARM GAS  C:\Users\Administrator\AppData\Local\Temp\cc2EMiSy.s 			page 17


 742 01bb 0F       		.uleb128 0xf
 743 01bc 6900     		.ascii	"i\000"
 744 01be 01       		.byte	0x1
 745 01bf 88       		.byte	0x88
 746 01c0 2C000000 		.4byte	0x2c
 747 01c4 00       		.byte	0
 748 01c5 10       		.uleb128 0x10
 749 01c6 65010000 		.4byte	.LASF38
 750 01ca 01       		.byte	0x1
 751 01cb 0C       		.byte	0xc
 752 01cc 00000000 		.4byte	.LFB0
 753 01d0 20000000 		.4byte	.LFE0-.LFB0
 754 01d4 01       		.uleb128 0x1
 755 01d5 9C       		.byte	0x9c
 756 01d6 F8010000 		.4byte	0x1f8
 757 01da 11       		.uleb128 0x11
 758 01db 6900     		.ascii	"i\000"
 759 01dd 01       		.byte	0x1
 760 01de 0E       		.byte	0xe
 761 01df 2C000000 		.4byte	0x2c
 762 01e3 00000000 		.4byte	.LLST0
 763 01e7 12       		.uleb128 0x12
 764 01e8 7000     		.ascii	"p\000"
 765 01ea 01       		.byte	0x1
 766 01eb 0F       		.byte	0xf
 767 01ec F8010000 		.4byte	0x1f8
 768 01f0 06       		.uleb128 0x6
 769 01f1 03       		.byte	0x3
 770 01f2 00000000 		.4byte	header_time
 771 01f6 9F       		.byte	0x9f
 772 01f7 00       		.byte	0
 773 01f8 13       		.uleb128 0x13
 774 01f9 04       		.byte	0x4
 775 01fa 2C000000 		.4byte	0x2c
 776 01fe 0E       		.uleb128 0xe
 777 01ff 13020000 		.4byte	.LASF36
 778 0203 01       		.byte	0x1
 779 0204 71       		.byte	0x71
 780 0205 03       		.byte	0x3
 781 0206 2A020000 		.4byte	0x22a
 782 020a 14       		.uleb128 0x14
 783 020b 07000000 		.4byte	.LASF53
 784 020f 01       		.byte	0x1
 785 0210 71       		.byte	0x71
 786 0211 2C000000 		.4byte	0x2c
 787 0215 0F       		.uleb128 0xf
 788 0216 6900     		.ascii	"i\000"
 789 0218 01       		.byte	0x1
 790 0219 73       		.byte	0x73
 791 021a 2C000000 		.4byte	0x2c
 792 021e 15       		.uleb128 0x15
 793 021f 18000000 		.4byte	.LASF37
 794 0223 01       		.byte	0x1
 795 0224 73       		.byte	0x73
 796 0225 2C000000 		.4byte	0x2c
 797 0229 00       		.byte	0
 798 022a 10       		.uleb128 0x10
ARM GAS  C:\Users\Administrator\AppData\Local\Temp\cc2EMiSy.s 			page 18


 799 022b B8020000 		.4byte	.LASF39
 800 022f 01       		.byte	0x1
 801 0230 16       		.byte	0x16
 802 0231 00000000 		.4byte	.LFB1
 803 0235 68010000 		.4byte	.LFE1-.LFB1
 804 0239 01       		.uleb128 0x1
 805 023a 9C       		.byte	0x9c
 806 023b FE030000 		.4byte	0x3fe
 807 023f 11       		.uleb128 0x11
 808 0240 6900     		.ascii	"i\000"
 809 0242 01       		.byte	0x1
 810 0243 19       		.byte	0x19
 811 0244 2C000000 		.4byte	0x2c
 812 0248 2A000000 		.4byte	.LLST1
 813 024c 16       		.uleb128 0x16
 814 024d 16030000 		.4byte	.LASF40
 815 0251 01       		.byte	0x1
 816 0252 1A       		.byte	0x1a
 817 0253 FE030000 		.4byte	0x3fe
 818 0257 06       		.uleb128 0x6
 819 0258 03       		.byte	0x3
 820 0259 0C000000 		.4byte	send_buffer
 821 025d 9F       		.byte	0x9f
 822 025e 17       		.uleb128 0x17
 823 025f FE010000 		.4byte	0x1fe
 824 0263 DE000000 		.4byte	.LBB20
 825 0267 64000000 		.4byte	.LBE20-.LBB20
 826 026b 01       		.byte	0x1
 827 026c 52       		.byte	0x52
 828 026d 7B030000 		.4byte	0x37b
 829 0271 18       		.uleb128 0x18
 830 0272 0A020000 		.4byte	0x20a
 831 0276 77000000 		.4byte	.LLST2
 832 027a 19       		.uleb128 0x19
 833 027b DE000000 		.4byte	.LBB21
 834 027f 64000000 		.4byte	.LBE21-.LBB21
 835 0283 1A       		.uleb128 0x1a
 836 0284 15020000 		.4byte	0x215
 837 0288 8A000000 		.4byte	.LLST3
 838 028c 1A       		.uleb128 0x1a
 839 028d 1E020000 		.4byte	0x21e
 840 0291 B4000000 		.4byte	.LLST4
 841 0295 17       		.uleb128 0x17
 842 0296 AF010000 		.4byte	0x1af
 843 029a FA000000 		.4byte	.LBB22
 844 029e 12000000 		.4byte	.LBE22-.LBB22
 845 02a2 01       		.byte	0x1
 846 02a3 7D       		.byte	0x7d
 847 02a4 BC020000 		.4byte	0x2bc
 848 02a8 19       		.uleb128 0x19
 849 02a9 FA000000 		.4byte	.LBB23
 850 02ad 12000000 		.4byte	.LBE23-.LBB23
 851 02b1 1A       		.uleb128 0x1a
 852 02b2 BB010000 		.4byte	0x1bb
 853 02b6 C7000000 		.4byte	.LLST5
 854 02ba 00       		.byte	0
 855 02bb 00       		.byte	0
ARM GAS  C:\Users\Administrator\AppData\Local\Temp\cc2EMiSy.s 			page 19


 856 02bc 17       		.uleb128 0x17
 857 02bd AF010000 		.4byte	0x1af
 858 02c1 0C010000 		.4byte	.LBB24
 859 02c5 0A000000 		.4byte	.LBE24-.LBB24
 860 02c9 01       		.byte	0x1
 861 02ca 7E       		.byte	0x7e
 862 02cb E3020000 		.4byte	0x2e3
 863 02cf 19       		.uleb128 0x19
 864 02d0 0C010000 		.4byte	.LBB25
 865 02d4 0A000000 		.4byte	.LBE25-.LBB25
 866 02d8 1A       		.uleb128 0x1a
 867 02d9 BB010000 		.4byte	0x1bb
 868 02dd F1000000 		.4byte	.LLST6
 869 02e1 00       		.byte	0
 870 02e2 00       		.byte	0
 871 02e3 17       		.uleb128 0x17
 872 02e4 AF010000 		.4byte	0x1af
 873 02e8 1E010000 		.4byte	.LBB26
 874 02ec 12000000 		.4byte	.LBE26-.LBB26
 875 02f0 01       		.byte	0x1
 876 02f1 81       		.byte	0x81
 877 02f2 0A030000 		.4byte	0x30a
 878 02f6 19       		.uleb128 0x19
 879 02f7 1E010000 		.4byte	.LBB27
 880 02fb 12000000 		.4byte	.LBE27-.LBB27
 881 02ff 1A       		.uleb128 0x1a
 882 0300 BB010000 		.4byte	0x1bb
 883 0304 0F010000 		.4byte	.LLST7
 884 0308 00       		.byte	0
 885 0309 00       		.byte	0
 886 030a 17       		.uleb128 0x17
 887 030b AF010000 		.4byte	0x1af
 888 030f 30010000 		.4byte	.LBB28
 889 0313 0A000000 		.4byte	.LBE28-.LBB28
 890 0317 01       		.byte	0x1
 891 0318 82       		.byte	0x82
 892 0319 31030000 		.4byte	0x331
 893 031d 19       		.uleb128 0x19
 894 031e 30010000 		.4byte	.LBB29
 895 0322 0A000000 		.4byte	.LBE29-.LBB29
 896 0326 1A       		.uleb128 0x1a
 897 0327 BB010000 		.4byte	0x1bb
 898 032b 39010000 		.4byte	.LLST8
 899 032f 00       		.byte	0
 900 0330 00       		.byte	0
 901 0331 1B       		.uleb128 0x1b
 902 0332 EC000000 		.4byte	.LVL15
 903 0336 B4040000 		.4byte	0x4b4
 904 033a 44030000 		.4byte	0x344
 905 033e 1C       		.uleb128 0x1c
 906 033f 01       		.uleb128 0x1
 907 0340 50       		.byte	0x50
 908 0341 01       		.uleb128 0x1
 909 0342 31       		.byte	0x31
 910 0343 00       		.byte	0
 911 0344 1B       		.uleb128 0x1b
 912 0345 F4000000 		.4byte	.LVL16
ARM GAS  C:\Users\Administrator\AppData\Local\Temp\cc2EMiSy.s 			page 20


 913 0349 B4040000 		.4byte	0x4b4
 914 034d 57030000 		.4byte	0x357
 915 0351 1C       		.uleb128 0x1c
 916 0352 01       		.uleb128 0x1
 917 0353 50       		.byte	0x50
 918 0354 01       		.uleb128 0x1
 919 0355 30       		.byte	0x30
 920 0356 00       		.byte	0
 921 0357 1B       		.uleb128 0x1b
 922 0358 FA000000 		.4byte	.LVL17
 923 035c C5040000 		.4byte	0x4c5
 924 0360 6A030000 		.4byte	0x36a
 925 0364 1C       		.uleb128 0x1c
 926 0365 01       		.uleb128 0x1
 927 0366 50       		.byte	0x50
 928 0367 01       		.uleb128 0x1
 929 0368 31       		.byte	0x31
 930 0369 00       		.byte	0
 931 036a 1D       		.uleb128 0x1d
 932 036b 1E010000 		.4byte	.LVL26
 933 036f C5040000 		.4byte	0x4c5
 934 0373 1C       		.uleb128 0x1c
 935 0374 01       		.uleb128 0x1
 936 0375 50       		.byte	0x50
 937 0376 01       		.uleb128 0x1
 938 0377 30       		.byte	0x30
 939 0378 00       		.byte	0
 940 0379 00       		.byte	0
 941 037a 00       		.byte	0
 942 037b 1B       		.uleb128 0x1b
 943 037c 48000000 		.4byte	.LVL6
 944 0380 C5040000 		.4byte	0x4c5
 945 0384 8E030000 		.4byte	0x38e
 946 0388 1C       		.uleb128 0x1c
 947 0389 01       		.uleb128 0x1
 948 038a 50       		.byte	0x50
 949 038b 01       		.uleb128 0x1
 950 038c 31       		.byte	0x31
 951 038d 00       		.byte	0
 952 038e 1B       		.uleb128 0x1b
 953 038f 52000000 		.4byte	.LVL7
 954 0393 D6040000 		.4byte	0x4d6
 955 0397 A7030000 		.4byte	0x3a7
 956 039b 1C       		.uleb128 0x1c
 957 039c 01       		.uleb128 0x1
 958 039d 51       		.byte	0x51
 959 039e 01       		.uleb128 0x1
 960 039f 35       		.byte	0x35
 961 03a0 1C       		.uleb128 0x1c
 962 03a1 01       		.uleb128 0x1
 963 03a2 50       		.byte	0x50
 964 03a3 02       		.uleb128 0x2
 965 03a4 74       		.byte	0x74
 966 03a5 00       		.sleb128 0
 967 03a6 00       		.byte	0
 968 03a7 1B       		.uleb128 0x1b
 969 03a8 5E000000 		.4byte	.LVL8
ARM GAS  C:\Users\Administrator\AppData\Local\Temp\cc2EMiSy.s 			page 21


 970 03ac F2040000 		.4byte	0x4f2
 971 03b0 BE030000 		.4byte	0x3be
 972 03b4 1C       		.uleb128 0x1c
 973 03b5 01       		.uleb128 0x1
 974 03b6 50       		.byte	0x50
 975 03b7 05       		.uleb128 0x5
 976 03b8 03       		.byte	0x3
 977 03b9 00000000 		.4byte	.LANCHOR0
 978 03bd 00       		.byte	0
 979 03be 1B       		.uleb128 0x1b
 980 03bf 90000000 		.4byte	.LVL9
 981 03c3 C5040000 		.4byte	0x4c5
 982 03c7 D1030000 		.4byte	0x3d1
 983 03cb 1C       		.uleb128 0x1c
 984 03cc 01       		.uleb128 0x1
 985 03cd 50       		.byte	0x50
 986 03ce 01       		.uleb128 0x1
 987 03cf 30       		.byte	0x30
 988 03d0 00       		.byte	0
 989 03d1 1B       		.uleb128 0x1b
 990 03d2 9A000000 		.4byte	.LVL10
 991 03d6 D6040000 		.4byte	0x4d6
 992 03da EA030000 		.4byte	0x3ea
 993 03de 1C       		.uleb128 0x1c
 994 03df 01       		.uleb128 0x1
 995 03e0 51       		.byte	0x51
 996 03e1 01       		.uleb128 0x1
 997 03e2 35       		.byte	0x35
 998 03e3 1C       		.uleb128 0x1c
 999 03e4 01       		.uleb128 0x1
 1000 03e5 50       		.byte	0x50
 1001 03e6 02       		.uleb128 0x2
 1002 03e7 74       		.byte	0x74
 1003 03e8 00       		.sleb128 0
 1004 03e9 00       		.byte	0
 1005 03ea 1D       		.uleb128 0x1d
 1006 03eb A6000000 		.4byte	.LVL11
 1007 03ef F2040000 		.4byte	0x4f2
 1008 03f3 1C       		.uleb128 0x1c
 1009 03f4 01       		.uleb128 0x1
 1010 03f5 50       		.byte	0x50
 1011 03f6 05       		.uleb128 0x5
 1012 03f7 03       		.byte	0x3
 1013 03f8 00000000 		.4byte	.LANCHOR0
 1014 03fc 00       		.byte	0
 1015 03fd 00       		.byte	0
 1016 03fe 1E       		.uleb128 0x1e
 1017 03ff 03040000 		.4byte	0x403
 1018 0403 13       		.uleb128 0x13
 1019 0404 04       		.byte	0x4
 1020 0405 A4010000 		.4byte	0x1a4
 1021 0409 1F       		.uleb128 0x1f
 1022 040a 01030000 		.4byte	.LASF54
 1023 040e 01       		.byte	0x1
 1024 040f 5D       		.byte	0x5d
 1025 0410 A1000000 		.4byte	0xa1
 1026 0414 00000000 		.4byte	.LFB2
ARM GAS  C:\Users\Administrator\AppData\Local\Temp\cc2EMiSy.s 			page 22


 1027 0418 40000000 		.4byte	.LFE2-.LFB2
 1028 041c 01       		.uleb128 0x1
 1029 041d 9C       		.byte	0x9c
 1030 041e 60040000 		.4byte	0x460
 1031 0422 20       		.uleb128 0x20
 1032 0423 62020000 		.4byte	.LASF41
 1033 0427 01       		.byte	0x1
 1034 0428 5D       		.byte	0x5d
 1035 0429 F8010000 		.4byte	0x1f8
 1036 042d 57010000 		.4byte	.LLST9
 1037 0431 21       		.uleb128 0x21
 1038 0432 6C656E00 		.ascii	"len\000"
 1039 0436 01       		.byte	0x1
 1040 0437 5D       		.byte	0x5d
 1041 0438 2C000000 		.4byte	0x2c
 1042 043c 91010000 		.4byte	.LLST10
 1043 0440 16       		.uleb128 0x16
 1044 0441 16030000 		.4byte	.LASF40
 1045 0445 01       		.byte	0x1
 1046 0446 5F       		.byte	0x5f
 1047 0447 03040000 		.4byte	0x403
 1048 044b 06       		.uleb128 0x6
 1049 044c 03       		.byte	0x3
 1050 044d 0C000000 		.4byte	send_buffer
 1051 0451 9F       		.byte	0x9f
 1052 0452 11       		.uleb128 0x11
 1053 0453 6900     		.ascii	"i\000"
 1054 0455 01       		.byte	0x1
 1055 0456 60       		.byte	0x60
 1056 0457 2C000000 		.4byte	0x2c
 1057 045b CB010000 		.4byte	.LLST11
 1058 045f 00       		.byte	0
 1059 0460 16       		.uleb128 0x16
 1060 0461 42010000 		.4byte	.LASF42
 1061 0465 01       		.byte	0x1
 1062 0466 03       		.byte	0x3
 1063 0467 EE000000 		.4byte	0xee
 1064 046b 05       		.uleb128 0x5
 1065 046c 03       		.byte	0x3
 1066 046d 00000000 		.4byte	header_time
 1067 0471 16       		.uleb128 0x16
 1068 0472 1B030000 		.4byte	.LASF43
 1069 0476 01       		.byte	0x1
 1070 0477 04       		.byte	0x4
 1071 0478 55010000 		.4byte	0x155
 1072 047c 05       		.uleb128 0x5
 1073 047d 03       		.byte	0x3
 1074 047e 08000000 		.4byte	send_state
 1075 0482 16       		.uleb128 0x16
 1076 0483 DC010000 		.4byte	.LASF44
 1077 0487 01       		.byte	0x1
 1078 0488 05       		.byte	0x5
 1079 0489 A1000000 		.4byte	0xa1
 1080 048d 05       		.uleb128 0x5
 1081 048e 03       		.byte	0x3
 1082 048f 0A000000 		.4byte	flag_send
 1083 0493 0C       		.uleb128 0xc
ARM GAS  C:\Users\Administrator\AppData\Local\Temp\cc2EMiSy.s 			page 23


 1084 0494 2C000000 		.4byte	0x2c
 1085 0498 A3040000 		.4byte	0x4a3
 1086 049c 0D       		.uleb128 0xd
 1087 049d 9D010000 		.4byte	0x19d
 1088 04a1 09       		.byte	0x9
 1089 04a2 00       		.byte	0
 1090 04a3 16       		.uleb128 0x16
 1091 04a4 9A020000 		.4byte	.LASF45
 1092 04a8 01       		.byte	0x1
 1093 04a9 06       		.byte	0x6
 1094 04aa 93040000 		.4byte	0x493
 1095 04ae 05       		.uleb128 0x5
 1096 04af 03       		.byte	0x3
 1097 04b0 0C000000 		.4byte	send_buffer
 1098 04b4 22       		.uleb128 0x22
 1099 04b5 19010000 		.4byte	.LASF46
 1100 04b9 06       		.byte	0x6
 1101 04ba 33       		.byte	0x33
 1102 04bb C5040000 		.4byte	0x4c5
 1103 04bf 23       		.uleb128 0x23
 1104 04c0 6B000000 		.4byte	0x6b
 1105 04c4 00       		.byte	0
 1106 04c5 22       		.uleb128 0x22
 1107 04c6 A9010000 		.4byte	.LASF47
 1108 04ca 07       		.byte	0x7
 1109 04cb 33       		.byte	0x33
 1110 04cc D6040000 		.4byte	0x4d6
 1111 04d0 23       		.uleb128 0x23
 1112 04d1 6B000000 		.4byte	0x6b
 1113 04d5 00       		.byte	0
 1114 04d6 22       		.uleb128 0x22
 1115 04d7 A6020000 		.4byte	.LASF48
 1116 04db 04       		.byte	0x4
 1117 04dc 14       		.byte	0x14
 1118 04dd EC040000 		.4byte	0x4ec
 1119 04e1 23       		.uleb128 0x23
 1120 04e2 EC040000 		.4byte	0x4ec
 1121 04e6 23       		.uleb128 0x23
 1122 04e7 3A000000 		.4byte	0x3a
 1123 04eb 00       		.byte	0
 1124 04ec 13       		.uleb128 0x13
 1125 04ed 04       		.byte	0x4
 1126 04ee EE000000 		.4byte	0xee
 1127 04f2 24       		.uleb128 0x24
 1128 04f3 2B010000 		.4byte	.LASF49
 1129 04f7 04       		.byte	0x4
 1130 04f8 18       		.byte	0x18
 1131 04f9 A1000000 		.4byte	0xa1
 1132 04fd 23       		.uleb128 0x23
 1133 04fe EC040000 		.4byte	0x4ec
 1134 0502 00       		.byte	0
 1135 0503 00       		.byte	0
 1136              		.section	.debug_abbrev,"",%progbits
 1137              	.Ldebug_abbrev0:
 1138 0000 01       		.uleb128 0x1
 1139 0001 11       		.uleb128 0x11
 1140 0002 01       		.byte	0x1
ARM GAS  C:\Users\Administrator\AppData\Local\Temp\cc2EMiSy.s 			page 24


 1141 0003 25       		.uleb128 0x25
 1142 0004 0E       		.uleb128 0xe
 1143 0005 13       		.uleb128 0x13
 1144 0006 0B       		.uleb128 0xb
 1145 0007 03       		.uleb128 0x3
 1146 0008 0E       		.uleb128 0xe
 1147 0009 1B       		.uleb128 0x1b
 1148 000a 0E       		.uleb128 0xe
 1149 000b 55       		.uleb128 0x55
 1150 000c 17       		.uleb128 0x17
 1151 000d 11       		.uleb128 0x11
 1152 000e 01       		.uleb128 0x1
 1153 000f 10       		.uleb128 0x10
 1154 0010 17       		.uleb128 0x17
 1155 0011 00       		.byte	0
 1156 0012 00       		.byte	0
 1157 0013 02       		.uleb128 0x2
 1158 0014 24       		.uleb128 0x24
 1159 0015 00       		.byte	0
 1160 0016 0B       		.uleb128 0xb
 1161 0017 0B       		.uleb128 0xb
 1162 0018 3E       		.uleb128 0x3e
 1163 0019 0B       		.uleb128 0xb
 1164 001a 03       		.uleb128 0x3
 1165 001b 0E       		.uleb128 0xe
 1166 001c 00       		.byte	0
 1167 001d 00       		.byte	0
 1168 001e 03       		.uleb128 0x3
 1169 001f 24       		.uleb128 0x24
 1170 0020 00       		.byte	0
 1171 0021 0B       		.uleb128 0xb
 1172 0022 0B       		.uleb128 0xb
 1173 0023 3E       		.uleb128 0x3e
 1174 0024 0B       		.uleb128 0xb
 1175 0025 03       		.uleb128 0x3
 1176 0026 08       		.uleb128 0x8
 1177 0027 00       		.byte	0
 1178 0028 00       		.byte	0
 1179 0029 04       		.uleb128 0x4
 1180 002a 16       		.uleb128 0x16
 1181 002b 00       		.byte	0
 1182 002c 03       		.uleb128 0x3
 1183 002d 0E       		.uleb128 0xe
 1184 002e 3A       		.uleb128 0x3a
 1185 002f 0B       		.uleb128 0xb
 1186 0030 3B       		.uleb128 0x3b
 1187 0031 05       		.uleb128 0x5
 1188 0032 49       		.uleb128 0x49
 1189 0033 13       		.uleb128 0x13
 1190 0034 00       		.byte	0
 1191 0035 00       		.byte	0
 1192 0036 05       		.uleb128 0x5
 1193 0037 04       		.uleb128 0x4
 1194 0038 01       		.byte	0x1
 1195 0039 0B       		.uleb128 0xb
 1196 003a 0B       		.uleb128 0xb
 1197 003b 3A       		.uleb128 0x3a
ARM GAS  C:\Users\Administrator\AppData\Local\Temp\cc2EMiSy.s 			page 25


 1198 003c 0B       		.uleb128 0xb
 1199 003d 3B       		.uleb128 0x3b
 1200 003e 0B       		.uleb128 0xb
 1201 003f 01       		.uleb128 0x1
 1202 0040 13       		.uleb128 0x13
 1203 0041 00       		.byte	0
 1204 0042 00       		.byte	0
 1205 0043 06       		.uleb128 0x6
 1206 0044 28       		.uleb128 0x28
 1207 0045 00       		.byte	0
 1208 0046 03       		.uleb128 0x3
 1209 0047 0E       		.uleb128 0xe
 1210 0048 1C       		.uleb128 0x1c
 1211 0049 0D       		.uleb128 0xd
 1212 004a 00       		.byte	0
 1213 004b 00       		.byte	0
 1214 004c 07       		.uleb128 0x7
 1215 004d 16       		.uleb128 0x16
 1216 004e 00       		.byte	0
 1217 004f 03       		.uleb128 0x3
 1218 0050 0E       		.uleb128 0xe
 1219 0051 3A       		.uleb128 0x3a
 1220 0052 0B       		.uleb128 0xb
 1221 0053 3B       		.uleb128 0x3b
 1222 0054 0B       		.uleb128 0xb
 1223 0055 49       		.uleb128 0x49
 1224 0056 13       		.uleb128 0x13
 1225 0057 00       		.byte	0
 1226 0058 00       		.byte	0
 1227 0059 08       		.uleb128 0x8
 1228 005a 13       		.uleb128 0x13
 1229 005b 01       		.byte	0x1
 1230 005c 0B       		.uleb128 0xb
 1231 005d 0B       		.uleb128 0xb
 1232 005e 3A       		.uleb128 0x3a
 1233 005f 0B       		.uleb128 0xb
 1234 0060 3B       		.uleb128 0x3b
 1235 0061 0B       		.uleb128 0xb
 1236 0062 01       		.uleb128 0x1
 1237 0063 13       		.uleb128 0x13
 1238 0064 00       		.byte	0
 1239 0065 00       		.byte	0
 1240 0066 09       		.uleb128 0x9
 1241 0067 0D       		.uleb128 0xd
 1242 0068 00       		.byte	0
 1243 0069 03       		.uleb128 0x3
 1244 006a 0E       		.uleb128 0xe
 1245 006b 3A       		.uleb128 0x3a
 1246 006c 0B       		.uleb128 0xb
 1247 006d 3B       		.uleb128 0x3b
 1248 006e 0B       		.uleb128 0xb
 1249 006f 49       		.uleb128 0x49
 1250 0070 13       		.uleb128 0x13
 1251 0071 38       		.uleb128 0x38
 1252 0072 0B       		.uleb128 0xb
 1253 0073 00       		.byte	0
 1254 0074 00       		.byte	0
ARM GAS  C:\Users\Administrator\AppData\Local\Temp\cc2EMiSy.s 			page 26


 1255 0075 0A       		.uleb128 0xa
 1256 0076 28       		.uleb128 0x28
 1257 0077 00       		.byte	0
 1258 0078 03       		.uleb128 0x3
 1259 0079 08       		.uleb128 0x8
 1260 007a 1C       		.uleb128 0x1c
 1261 007b 0D       		.uleb128 0xd
 1262 007c 00       		.byte	0
 1263 007d 00       		.byte	0
 1264 007e 0B       		.uleb128 0xb
 1265 007f 0D       		.uleb128 0xd
 1266 0080 00       		.byte	0
 1267 0081 03       		.uleb128 0x3
 1268 0082 08       		.uleb128 0x8
 1269 0083 3A       		.uleb128 0x3a
 1270 0084 0B       		.uleb128 0xb
 1271 0085 3B       		.uleb128 0x3b
 1272 0086 0B       		.uleb128 0xb
 1273 0087 49       		.uleb128 0x49
 1274 0088 13       		.uleb128 0x13
 1275 0089 38       		.uleb128 0x38
 1276 008a 0B       		.uleb128 0xb
 1277 008b 00       		.byte	0
 1278 008c 00       		.byte	0
 1279 008d 0C       		.uleb128 0xc
 1280 008e 01       		.uleb128 0x1
 1281 008f 01       		.byte	0x1
 1282 0090 49       		.uleb128 0x49
 1283 0091 13       		.uleb128 0x13
 1284 0092 01       		.uleb128 0x1
 1285 0093 13       		.uleb128 0x13
 1286 0094 00       		.byte	0
 1287 0095 00       		.byte	0
 1288 0096 0D       		.uleb128 0xd
 1289 0097 21       		.uleb128 0x21
 1290 0098 00       		.byte	0
 1291 0099 49       		.uleb128 0x49
 1292 009a 13       		.uleb128 0x13
 1293 009b 2F       		.uleb128 0x2f
 1294 009c 0B       		.uleb128 0xb
 1295 009d 00       		.byte	0
 1296 009e 00       		.byte	0
 1297 009f 0E       		.uleb128 0xe
 1298 00a0 2E       		.uleb128 0x2e
 1299 00a1 01       		.byte	0x1
 1300 00a2 03       		.uleb128 0x3
 1301 00a3 0E       		.uleb128 0xe
 1302 00a4 3A       		.uleb128 0x3a
 1303 00a5 0B       		.uleb128 0xb
 1304 00a6 3B       		.uleb128 0x3b
 1305 00a7 0B       		.uleb128 0xb
 1306 00a8 27       		.uleb128 0x27
 1307 00a9 19       		.uleb128 0x19
 1308 00aa 20       		.uleb128 0x20
 1309 00ab 0B       		.uleb128 0xb
 1310 00ac 01       		.uleb128 0x1
 1311 00ad 13       		.uleb128 0x13
ARM GAS  C:\Users\Administrator\AppData\Local\Temp\cc2EMiSy.s 			page 27


 1312 00ae 00       		.byte	0
 1313 00af 00       		.byte	0
 1314 00b0 0F       		.uleb128 0xf
 1315 00b1 34       		.uleb128 0x34
 1316 00b2 00       		.byte	0
 1317 00b3 03       		.uleb128 0x3
 1318 00b4 08       		.uleb128 0x8
 1319 00b5 3A       		.uleb128 0x3a
 1320 00b6 0B       		.uleb128 0xb
 1321 00b7 3B       		.uleb128 0x3b
 1322 00b8 0B       		.uleb128 0xb
 1323 00b9 49       		.uleb128 0x49
 1324 00ba 13       		.uleb128 0x13
 1325 00bb 00       		.byte	0
 1326 00bc 00       		.byte	0
 1327 00bd 10       		.uleb128 0x10
 1328 00be 2E       		.uleb128 0x2e
 1329 00bf 01       		.byte	0x1
 1330 00c0 3F       		.uleb128 0x3f
 1331 00c1 19       		.uleb128 0x19
 1332 00c2 03       		.uleb128 0x3
 1333 00c3 0E       		.uleb128 0xe
 1334 00c4 3A       		.uleb128 0x3a
 1335 00c5 0B       		.uleb128 0xb
 1336 00c6 3B       		.uleb128 0x3b
 1337 00c7 0B       		.uleb128 0xb
 1338 00c8 27       		.uleb128 0x27
 1339 00c9 19       		.uleb128 0x19
 1340 00ca 11       		.uleb128 0x11
 1341 00cb 01       		.uleb128 0x1
 1342 00cc 12       		.uleb128 0x12
 1343 00cd 06       		.uleb128 0x6
 1344 00ce 40       		.uleb128 0x40
 1345 00cf 18       		.uleb128 0x18
 1346 00d0 9742     		.uleb128 0x2117
 1347 00d2 19       		.uleb128 0x19
 1348 00d3 01       		.uleb128 0x1
 1349 00d4 13       		.uleb128 0x13
 1350 00d5 00       		.byte	0
 1351 00d6 00       		.byte	0
 1352 00d7 11       		.uleb128 0x11
 1353 00d8 34       		.uleb128 0x34
 1354 00d9 00       		.byte	0
 1355 00da 03       		.uleb128 0x3
 1356 00db 08       		.uleb128 0x8
 1357 00dc 3A       		.uleb128 0x3a
 1358 00dd 0B       		.uleb128 0xb
 1359 00de 3B       		.uleb128 0x3b
 1360 00df 0B       		.uleb128 0xb
 1361 00e0 49       		.uleb128 0x49
 1362 00e1 13       		.uleb128 0x13
 1363 00e2 02       		.uleb128 0x2
 1364 00e3 17       		.uleb128 0x17
 1365 00e4 00       		.byte	0
 1366 00e5 00       		.byte	0
 1367 00e6 12       		.uleb128 0x12
 1368 00e7 34       		.uleb128 0x34
ARM GAS  C:\Users\Administrator\AppData\Local\Temp\cc2EMiSy.s 			page 28


 1369 00e8 00       		.byte	0
 1370 00e9 03       		.uleb128 0x3
 1371 00ea 08       		.uleb128 0x8
 1372 00eb 3A       		.uleb128 0x3a
 1373 00ec 0B       		.uleb128 0xb
 1374 00ed 3B       		.uleb128 0x3b
 1375 00ee 0B       		.uleb128 0xb
 1376 00ef 49       		.uleb128 0x49
 1377 00f0 13       		.uleb128 0x13
 1378 00f1 02       		.uleb128 0x2
 1379 00f2 18       		.uleb128 0x18
 1380 00f3 00       		.byte	0
 1381 00f4 00       		.byte	0
 1382 00f5 13       		.uleb128 0x13
 1383 00f6 0F       		.uleb128 0xf
 1384 00f7 00       		.byte	0
 1385 00f8 0B       		.uleb128 0xb
 1386 00f9 0B       		.uleb128 0xb
 1387 00fa 49       		.uleb128 0x49
 1388 00fb 13       		.uleb128 0x13
 1389 00fc 00       		.byte	0
 1390 00fd 00       		.byte	0
 1391 00fe 14       		.uleb128 0x14
 1392 00ff 05       		.uleb128 0x5
 1393 0100 00       		.byte	0
 1394 0101 03       		.uleb128 0x3
 1395 0102 0E       		.uleb128 0xe
 1396 0103 3A       		.uleb128 0x3a
 1397 0104 0B       		.uleb128 0xb
 1398 0105 3B       		.uleb128 0x3b
 1399 0106 0B       		.uleb128 0xb
 1400 0107 49       		.uleb128 0x49
 1401 0108 13       		.uleb128 0x13
 1402 0109 00       		.byte	0
 1403 010a 00       		.byte	0
 1404 010b 15       		.uleb128 0x15
 1405 010c 34       		.uleb128 0x34
 1406 010d 00       		.byte	0
 1407 010e 03       		.uleb128 0x3
 1408 010f 0E       		.uleb128 0xe
 1409 0110 3A       		.uleb128 0x3a
 1410 0111 0B       		.uleb128 0xb
 1411 0112 3B       		.uleb128 0x3b
 1412 0113 0B       		.uleb128 0xb
 1413 0114 49       		.uleb128 0x49
 1414 0115 13       		.uleb128 0x13
 1415 0116 00       		.byte	0
 1416 0117 00       		.byte	0
 1417 0118 16       		.uleb128 0x16
 1418 0119 34       		.uleb128 0x34
 1419 011a 00       		.byte	0
 1420 011b 03       		.uleb128 0x3
 1421 011c 0E       		.uleb128 0xe
 1422 011d 3A       		.uleb128 0x3a
 1423 011e 0B       		.uleb128 0xb
 1424 011f 3B       		.uleb128 0x3b
 1425 0120 0B       		.uleb128 0xb
ARM GAS  C:\Users\Administrator\AppData\Local\Temp\cc2EMiSy.s 			page 29


 1426 0121 49       		.uleb128 0x49
 1427 0122 13       		.uleb128 0x13
 1428 0123 02       		.uleb128 0x2
 1429 0124 18       		.uleb128 0x18
 1430 0125 00       		.byte	0
 1431 0126 00       		.byte	0
 1432 0127 17       		.uleb128 0x17
 1433 0128 1D       		.uleb128 0x1d
 1434 0129 01       		.byte	0x1
 1435 012a 31       		.uleb128 0x31
 1436 012b 13       		.uleb128 0x13
 1437 012c 11       		.uleb128 0x11
 1438 012d 01       		.uleb128 0x1
 1439 012e 12       		.uleb128 0x12
 1440 012f 06       		.uleb128 0x6
 1441 0130 58       		.uleb128 0x58
 1442 0131 0B       		.uleb128 0xb
 1443 0132 59       		.uleb128 0x59
 1444 0133 0B       		.uleb128 0xb
 1445 0134 01       		.uleb128 0x1
 1446 0135 13       		.uleb128 0x13
 1447 0136 00       		.byte	0
 1448 0137 00       		.byte	0
 1449 0138 18       		.uleb128 0x18
 1450 0139 05       		.uleb128 0x5
 1451 013a 00       		.byte	0
 1452 013b 31       		.uleb128 0x31
 1453 013c 13       		.uleb128 0x13
 1454 013d 02       		.uleb128 0x2
 1455 013e 17       		.uleb128 0x17
 1456 013f 00       		.byte	0
 1457 0140 00       		.byte	0
 1458 0141 19       		.uleb128 0x19
 1459 0142 0B       		.uleb128 0xb
 1460 0143 01       		.byte	0x1
 1461 0144 11       		.uleb128 0x11
 1462 0145 01       		.uleb128 0x1
 1463 0146 12       		.uleb128 0x12
 1464 0147 06       		.uleb128 0x6
 1465 0148 00       		.byte	0
 1466 0149 00       		.byte	0
 1467 014a 1A       		.uleb128 0x1a
 1468 014b 34       		.uleb128 0x34
 1469 014c 00       		.byte	0
 1470 014d 31       		.uleb128 0x31
 1471 014e 13       		.uleb128 0x13
 1472 014f 02       		.uleb128 0x2
 1473 0150 17       		.uleb128 0x17
 1474 0151 00       		.byte	0
 1475 0152 00       		.byte	0
 1476 0153 1B       		.uleb128 0x1b
 1477 0154 898201   		.uleb128 0x4109
 1478 0157 01       		.byte	0x1
 1479 0158 11       		.uleb128 0x11
 1480 0159 01       		.uleb128 0x1
 1481 015a 31       		.uleb128 0x31
 1482 015b 13       		.uleb128 0x13
ARM GAS  C:\Users\Administrator\AppData\Local\Temp\cc2EMiSy.s 			page 30


 1483 015c 01       		.uleb128 0x1
 1484 015d 13       		.uleb128 0x13
 1485 015e 00       		.byte	0
 1486 015f 00       		.byte	0
 1487 0160 1C       		.uleb128 0x1c
 1488 0161 8A8201   		.uleb128 0x410a
 1489 0164 00       		.byte	0
 1490 0165 02       		.uleb128 0x2
 1491 0166 18       		.uleb128 0x18
 1492 0167 9142     		.uleb128 0x2111
 1493 0169 18       		.uleb128 0x18
 1494 016a 00       		.byte	0
 1495 016b 00       		.byte	0
 1496 016c 1D       		.uleb128 0x1d
 1497 016d 898201   		.uleb128 0x4109
 1498 0170 01       		.byte	0x1
 1499 0171 11       		.uleb128 0x11
 1500 0172 01       		.uleb128 0x1
 1501 0173 31       		.uleb128 0x31
 1502 0174 13       		.uleb128 0x13
 1503 0175 00       		.byte	0
 1504 0176 00       		.byte	0
 1505 0177 1E       		.uleb128 0x1e
 1506 0178 26       		.uleb128 0x26
 1507 0179 00       		.byte	0
 1508 017a 49       		.uleb128 0x49
 1509 017b 13       		.uleb128 0x13
 1510 017c 00       		.byte	0
 1511 017d 00       		.byte	0
 1512 017e 1F       		.uleb128 0x1f
 1513 017f 2E       		.uleb128 0x2e
 1514 0180 01       		.byte	0x1
 1515 0181 3F       		.uleb128 0x3f
 1516 0182 19       		.uleb128 0x19
 1517 0183 03       		.uleb128 0x3
 1518 0184 0E       		.uleb128 0xe
 1519 0185 3A       		.uleb128 0x3a
 1520 0186 0B       		.uleb128 0xb
 1521 0187 3B       		.uleb128 0x3b
 1522 0188 0B       		.uleb128 0xb
 1523 0189 27       		.uleb128 0x27
 1524 018a 19       		.uleb128 0x19
 1525 018b 49       		.uleb128 0x49
 1526 018c 13       		.uleb128 0x13
 1527 018d 11       		.uleb128 0x11
 1528 018e 01       		.uleb128 0x1
 1529 018f 12       		.uleb128 0x12
 1530 0190 06       		.uleb128 0x6
 1531 0191 40       		.uleb128 0x40
 1532 0192 18       		.uleb128 0x18
 1533 0193 9742     		.uleb128 0x2117
 1534 0195 19       		.uleb128 0x19
 1535 0196 01       		.uleb128 0x1
 1536 0197 13       		.uleb128 0x13
 1537 0198 00       		.byte	0
 1538 0199 00       		.byte	0
 1539 019a 20       		.uleb128 0x20
ARM GAS  C:\Users\Administrator\AppData\Local\Temp\cc2EMiSy.s 			page 31


 1540 019b 05       		.uleb128 0x5
 1541 019c 00       		.byte	0
 1542 019d 03       		.uleb128 0x3
 1543 019e 0E       		.uleb128 0xe
 1544 019f 3A       		.uleb128 0x3a
 1545 01a0 0B       		.uleb128 0xb
 1546 01a1 3B       		.uleb128 0x3b
 1547 01a2 0B       		.uleb128 0xb
 1548 01a3 49       		.uleb128 0x49
 1549 01a4 13       		.uleb128 0x13
 1550 01a5 02       		.uleb128 0x2
 1551 01a6 17       		.uleb128 0x17
 1552 01a7 00       		.byte	0
 1553 01a8 00       		.byte	0
 1554 01a9 21       		.uleb128 0x21
 1555 01aa 05       		.uleb128 0x5
 1556 01ab 00       		.byte	0
 1557 01ac 03       		.uleb128 0x3
 1558 01ad 08       		.uleb128 0x8
 1559 01ae 3A       		.uleb128 0x3a
 1560 01af 0B       		.uleb128 0xb
 1561 01b0 3B       		.uleb128 0x3b
 1562 01b1 0B       		.uleb128 0xb
 1563 01b2 49       		.uleb128 0x49
 1564 01b3 13       		.uleb128 0x13
 1565 01b4 02       		.uleb128 0x2
 1566 01b5 17       		.uleb128 0x17
 1567 01b6 00       		.byte	0
 1568 01b7 00       		.byte	0
 1569 01b8 22       		.uleb128 0x22
 1570 01b9 2E       		.uleb128 0x2e
 1571 01ba 01       		.byte	0x1
 1572 01bb 3F       		.uleb128 0x3f
 1573 01bc 19       		.uleb128 0x19
 1574 01bd 03       		.uleb128 0x3
 1575 01be 0E       		.uleb128 0xe
 1576 01bf 3A       		.uleb128 0x3a
 1577 01c0 0B       		.uleb128 0xb
 1578 01c1 3B       		.uleb128 0x3b
 1579 01c2 0B       		.uleb128 0xb
 1580 01c3 27       		.uleb128 0x27
 1581 01c4 19       		.uleb128 0x19
 1582 01c5 3C       		.uleb128 0x3c
 1583 01c6 19       		.uleb128 0x19
 1584 01c7 01       		.uleb128 0x1
 1585 01c8 13       		.uleb128 0x13
 1586 01c9 00       		.byte	0
 1587 01ca 00       		.byte	0
 1588 01cb 23       		.uleb128 0x23
 1589 01cc 05       		.uleb128 0x5
 1590 01cd 00       		.byte	0
 1591 01ce 49       		.uleb128 0x49
 1592 01cf 13       		.uleb128 0x13
 1593 01d0 00       		.byte	0
 1594 01d1 00       		.byte	0
 1595 01d2 24       		.uleb128 0x24
 1596 01d3 2E       		.uleb128 0x2e
ARM GAS  C:\Users\Administrator\AppData\Local\Temp\cc2EMiSy.s 			page 32


 1597 01d4 01       		.byte	0x1
 1598 01d5 3F       		.uleb128 0x3f
 1599 01d6 19       		.uleb128 0x19
 1600 01d7 03       		.uleb128 0x3
 1601 01d8 0E       		.uleb128 0xe
 1602 01d9 3A       		.uleb128 0x3a
 1603 01da 0B       		.uleb128 0xb
 1604 01db 3B       		.uleb128 0x3b
 1605 01dc 0B       		.uleb128 0xb
 1606 01dd 27       		.uleb128 0x27
 1607 01de 19       		.uleb128 0x19
 1608 01df 49       		.uleb128 0x49
 1609 01e0 13       		.uleb128 0x13
 1610 01e1 3C       		.uleb128 0x3c
 1611 01e2 19       		.uleb128 0x19
 1612 01e3 00       		.byte	0
 1613 01e4 00       		.byte	0
 1614 01e5 00       		.byte	0
 1615              		.section	.debug_loc,"",%progbits
 1616              	.Ldebug_loc0:
 1617              	.LLST0:
 1618 0000 00000000 		.4byte	.LVL0
 1619 0004 04000000 		.4byte	.LVL1
 1620 0008 0200     		.2byte	0x2
 1621 000a 30       		.byte	0x30
 1622 000b 9F       		.byte	0x9f
 1623 000c 04000000 		.4byte	.LVL1
 1624 0010 0E000000 		.4byte	.LVL2
 1625 0014 0100     		.2byte	0x1
 1626 0016 53       		.byte	0x53
 1627 0017 10000000 		.4byte	.LVL3
 1628 001b 18000000 		.4byte	.LVL4
 1629 001f 0100     		.2byte	0x1
 1630 0021 53       		.byte	0x53
 1631 0022 00000000 		.4byte	0
 1632 0026 00000000 		.4byte	0
 1633              	.LLST1:
 1634 002a 02000000 		.4byte	.LVL5
 1635 002e D8000000 		.4byte	.LVL12
 1636 0032 0200     		.2byte	0x2
 1637 0034 30       		.byte	0x30
 1638 0035 9F       		.byte	0x9f
 1639 0036 D8000000 		.4byte	.LVL12
 1640 003a 44010000 		.4byte	.LVL36
 1641 003e 0100     		.2byte	0x1
 1642 0040 56       		.byte	0x56
 1643 0041 46010000 		.4byte	.LVL37
 1644 0045 48010000 		.4byte	.LVL38
 1645 0049 0100     		.2byte	0x1
 1646 004b 56       		.byte	0x56
 1647 004c 48010000 		.4byte	.LVL38
 1648 0050 4A010000 		.4byte	.LVL39
 1649 0054 0200     		.2byte	0x2
 1650 0056 30       		.byte	0x30
 1651 0057 9F       		.byte	0x9f
 1652 0058 4A010000 		.4byte	.LVL39
 1653 005c 5A010000 		.4byte	.LVL40
ARM GAS  C:\Users\Administrator\AppData\Local\Temp\cc2EMiSy.s 			page 33


 1654 0060 0100     		.2byte	0x1
 1655 0062 56       		.byte	0x56
 1656 0063 5A010000 		.4byte	.LVL40
 1657 0067 60010000 		.4byte	.LVL41
 1658 006b 0200     		.2byte	0x2
 1659 006d 30       		.byte	0x30
 1660 006e 9F       		.byte	0x9f
 1661 006f 00000000 		.4byte	0
 1662 0073 00000000 		.4byte	0
 1663              	.LLST2:
 1664 0077 DE000000 		.4byte	.LVL13
 1665 007b E2000000 		.4byte	.LVL14
 1666 007f 0100     		.2byte	0x1
 1667 0081 55       		.byte	0x55
 1668 0082 00000000 		.4byte	0
 1669 0086 00000000 		.4byte	0
 1670              	.LLST3:
 1671 008a DE000000 		.4byte	.LVL13
 1672 008e E2000000 		.4byte	.LVL14
 1673 0092 0200     		.2byte	0x2
 1674 0094 30       		.byte	0x30
 1675 0095 9F       		.byte	0x9f
 1676 0096 E2000000 		.4byte	.LVL14
 1677 009a 3C010000 		.4byte	.LVL34
 1678 009e 0100     		.2byte	0x1
 1679 00a0 54       		.byte	0x54
 1680 00a1 3E010000 		.4byte	.LVL35
 1681 00a5 48010000 		.4byte	.LVL38
 1682 00a9 0100     		.2byte	0x1
 1683 00ab 54       		.byte	0x54
 1684 00ac 00000000 		.4byte	0
 1685 00b0 00000000 		.4byte	0
 1686              	.LLST4:
 1687 00b4 DE000000 		.4byte	.LVL13
 1688 00b8 48010000 		.4byte	.LVL38
 1689 00bc 0100     		.2byte	0x1
 1690 00be 55       		.byte	0x55
 1691 00bf 00000000 		.4byte	0
 1692 00c3 00000000 		.4byte	0
 1693              	.LLST5:
 1694 00c7 FA000000 		.4byte	.LVL17
 1695 00cb FE000000 		.4byte	.LVL18
 1696 00cf 0200     		.2byte	0x2
 1697 00d1 30       		.byte	0x30
 1698 00d2 9F       		.byte	0x9f
 1699 00d3 FE000000 		.4byte	.LVL18
 1700 00d7 02010000 		.4byte	.LVL19
 1701 00db 0100     		.2byte	0x1
 1702 00dd 53       		.byte	0x53
 1703 00de 04010000 		.4byte	.LVL20
 1704 00e2 0A010000 		.4byte	.LVL21
 1705 00e6 0100     		.2byte	0x1
 1706 00e8 53       		.byte	0x53
 1707 00e9 00000000 		.4byte	0
 1708 00ed 00000000 		.4byte	0
 1709              	.LLST6:
 1710 00f1 0C010000 		.4byte	.LVL22
ARM GAS  C:\Users\Administrator\AppData\Local\Temp\cc2EMiSy.s 			page 34


 1711 00f5 10010000 		.4byte	.LVL23
 1712 00f9 0100     		.2byte	0x1
 1713 00fb 53       		.byte	0x53
 1714 00fc 12010000 		.4byte	.LVL24
 1715 0100 1D010000 		.4byte	.LVL26-1
 1716 0104 0100     		.2byte	0x1
 1717 0106 53       		.byte	0x53
 1718 0107 00000000 		.4byte	0
 1719 010b 00000000 		.4byte	0
 1720              	.LLST7:
 1721 010f 1E010000 		.4byte	.LVL26
 1722 0113 22010000 		.4byte	.LVL27
 1723 0117 0200     		.2byte	0x2
 1724 0119 30       		.byte	0x30
 1725 011a 9F       		.byte	0x9f
 1726 011b 22010000 		.4byte	.LVL27
 1727 011f 26010000 		.4byte	.LVL28
 1728 0123 0100     		.2byte	0x1
 1729 0125 53       		.byte	0x53
 1730 0126 28010000 		.4byte	.LVL29
 1731 012a 2E010000 		.4byte	.LVL30
 1732 012e 0100     		.2byte	0x1
 1733 0130 53       		.byte	0x53
 1734 0131 00000000 		.4byte	0
 1735 0135 00000000 		.4byte	0
 1736              	.LLST8:
 1737 0139 30010000 		.4byte	.LVL31
 1738 013d 34010000 		.4byte	.LVL32
 1739 0141 0100     		.2byte	0x1
 1740 0143 53       		.byte	0x53
 1741 0144 36010000 		.4byte	.LVL33
 1742 0148 3E010000 		.4byte	.LVL35
 1743 014c 0100     		.2byte	0x1
 1744 014e 53       		.byte	0x53
 1745 014f 00000000 		.4byte	0
 1746 0153 00000000 		.4byte	0
 1747              	.LLST9:
 1748 0157 00000000 		.4byte	.LVL42
 1749 015b 34000000 		.4byte	.LVL50
 1750 015f 0100     		.2byte	0x1
 1751 0161 50       		.byte	0x50
 1752 0162 34000000 		.4byte	.LVL50
 1753 0166 36000000 		.4byte	.LVL51
 1754 016a 0400     		.2byte	0x4
 1755 016c F3       		.byte	0xf3
 1756 016d 01       		.uleb128 0x1
 1757 016e 50       		.byte	0x50
 1758 016f 9F       		.byte	0x9f
 1759 0170 36000000 		.4byte	.LVL51
 1760 0174 38000000 		.4byte	.LVL52
 1761 0178 0100     		.2byte	0x1
 1762 017a 50       		.byte	0x50
 1763 017b 38000000 		.4byte	.LVL52
 1764 017f 40000000 		.4byte	.LFE2
 1765 0183 0400     		.2byte	0x4
 1766 0185 F3       		.byte	0xf3
 1767 0186 01       		.uleb128 0x1
ARM GAS  C:\Users\Administrator\AppData\Local\Temp\cc2EMiSy.s 			page 35


 1768 0187 50       		.byte	0x50
 1769 0188 9F       		.byte	0x9f
 1770 0189 00000000 		.4byte	0
 1771 018d 00000000 		.4byte	0
 1772              	.LLST10:
 1773 0191 00000000 		.4byte	.LVL42
 1774 0195 12000000 		.4byte	.LVL44
 1775 0199 0100     		.2byte	0x1
 1776 019b 51       		.byte	0x51
 1777 019c 12000000 		.4byte	.LVL44
 1778 01a0 36000000 		.4byte	.LVL51
 1779 01a4 0400     		.2byte	0x4
 1780 01a6 F3       		.byte	0xf3
 1781 01a7 01       		.uleb128 0x1
 1782 01a8 51       		.byte	0x51
 1783 01a9 9F       		.byte	0x9f
 1784 01aa 36000000 		.4byte	.LVL51
 1785 01ae 38000000 		.4byte	.LVL52
 1786 01b2 0100     		.2byte	0x1
 1787 01b4 51       		.byte	0x51
 1788 01b5 38000000 		.4byte	.LVL52
 1789 01b9 40000000 		.4byte	.LFE2
 1790 01bd 0400     		.2byte	0x4
 1791 01bf F3       		.byte	0xf3
 1792 01c0 01       		.uleb128 0x1
 1793 01c1 51       		.byte	0x51
 1794 01c2 9F       		.byte	0x9f
 1795 01c3 00000000 		.4byte	0
 1796 01c7 00000000 		.4byte	0
 1797              	.LLST11:
 1798 01cb 16000000 		.4byte	.LVL45
 1799 01cf 1A000000 		.4byte	.LVL46
 1800 01d3 0200     		.2byte	0x2
 1801 01d5 30       		.byte	0x30
 1802 01d6 9F       		.byte	0x9f
 1803 01d7 1A000000 		.4byte	.LVL46
 1804 01db 26000000 		.4byte	.LVL47
 1805 01df 0100     		.2byte	0x1
 1806 01e1 53       		.byte	0x53
 1807 01e2 28000000 		.4byte	.LVL48
 1808 01e6 30000000 		.4byte	.LVL49
 1809 01ea 0100     		.2byte	0x1
 1810 01ec 53       		.byte	0x53
 1811 01ed 00000000 		.4byte	0
 1812 01f1 00000000 		.4byte	0
 1813              		.section	.debug_aranges,"",%progbits
 1814 0000 2C000000 		.4byte	0x2c
 1815 0004 0200     		.2byte	0x2
 1816 0006 00000000 		.4byte	.Ldebug_info0
 1817 000a 04       		.byte	0x4
 1818 000b 00       		.byte	0
 1819 000c 0000     		.2byte	0
 1820 000e 0000     		.2byte	0
 1821 0010 00000000 		.4byte	.LFB0
 1822 0014 20000000 		.4byte	.LFE0-.LFB0
 1823 0018 00000000 		.4byte	.LFB1
 1824 001c 68010000 		.4byte	.LFE1-.LFB1
ARM GAS  C:\Users\Administrator\AppData\Local\Temp\cc2EMiSy.s 			page 36


 1825 0020 00000000 		.4byte	.LFB2
 1826 0024 40000000 		.4byte	.LFE2-.LFB2
 1827 0028 00000000 		.4byte	0
 1828 002c 00000000 		.4byte	0
 1829              		.section	.debug_ranges,"",%progbits
 1830              	.Ldebug_ranges0:
 1831 0000 00000000 		.4byte	.LFB0
 1832 0004 20000000 		.4byte	.LFE0
 1833 0008 00000000 		.4byte	.LFB1
 1834 000c 68010000 		.4byte	.LFE1
 1835 0010 00000000 		.4byte	.LFB2
 1836 0014 40000000 		.4byte	.LFE2
 1837 0018 00000000 		.4byte	0
 1838 001c 00000000 		.4byte	0
 1839              		.section	.debug_line,"",%progbits
 1840              	.Ldebug_line0:
 1841 0000 50010000 		.section	.debug_str,"MS",%progbits,1
 1841      02009B00 
 1841      00000201 
 1841      FB0E0D00 
 1841      01010101 
 1842              	.LASF31:
 1843 0000 68656164 		.ascii	"header\000"
 1843      657200
 1844              	.LASF53:
 1845 0007 64617461 		.ascii	"data\000"
 1845      00
 1846              	.LASF12:
 1847 000c 46414C53 		.ascii	"FALSE\000"
 1847      4500
 1848              	.LASF28:
 1849 0012 73746174 		.ascii	"state\000"
 1849      6500
 1850              	.LASF37:
 1851 0018 74656D70 		.ascii	"temp\000"
 1851      00
 1852              	.LASF2:
 1853 001d 73686F72 		.ascii	"short int\000"
 1853      7420696E 
 1853      7400
 1854              	.LASF33:
 1855 0027 73697A65 		.ascii	"sizetype\000"
 1855      74797065 
 1855      00
 1856              	.LASF50:
 1857 0030 474E5520 		.ascii	"GNU C 4.9.3 20150303 (release) [ARM/embedded-4_9-br"
 1857      4320342E 
 1857      392E3320 
 1857      32303135 
 1857      30333033 
 1858 0063 616E6368 		.ascii	"anch revision 221220] -mcpu=cortex-m0plus -mthumb -"
 1858      20726576 
 1858      6973696F 
 1858      6E203232 
 1858      31323230 
 1859 0096 67202D4F 		.ascii	"g -Og -ffunction-sections -ffat-lto-objects\000"
 1859      67202D66 
ARM GAS  C:\Users\Administrator\AppData\Local\Temp\cc2EMiSy.s 			page 37


 1859      66756E63 
 1859      74696F6E 
 1859      2D736563 
 1860              	.LASF52:
 1861 00c2 443A5C6C 		.ascii	"D:\\local_svn\\AYBR3000\\AYBR3000_V2.0\\AYBR3000\\A"
 1861      6F63616C 
 1861      5F73766E 
 1861      5C415942 
 1861      52333030 
 1862 00f0 59425233 		.ascii	"YBR3000.cydsn\000"
 1862      3030302E 
 1862      63796473 
 1862      6E00
 1863              	.LASF16:
 1864 00fe 4C455645 		.ascii	"LEVEL_LOW\000"
 1864      4C5F4C4F 
 1864      5700
 1865              	.LASF27:
 1866 0108 45584954 		.ascii	"EXIT\000"
 1866      00
 1867              	.LASF35:
 1868 010d 64656C61 		.ascii	"delay_50_us\000"
 1868      795F3530 
 1868      5F757300 
 1869              	.LASF46:
 1870 0119 53494D50 		.ascii	"SIMPLE_DATA_Write\000"
 1870      4C455F44 
 1870      4154415F 
 1870      57726974 
 1870      6500
 1871              	.LASF49:
 1872 012b 74696D69 		.ascii	"timing_count_end\000"
 1872      6E675F63 
 1872      6F756E74 
 1872      5F656E64 
 1872      00
 1873              	.LASF14:
 1874 013c 75696E74 		.ascii	"uint8\000"
 1874      3800
 1875              	.LASF42:
 1876 0142 68656164 		.ascii	"header_time\000"
 1876      65725F74 
 1876      696D6500 
 1877              	.LASF22:
 1878 014e 49444C45 		.ascii	"IDLE\000"
 1878      00
 1879              	.LASF51:
 1880 0153 73696D70 		.ascii	"simple_protocol.c\000"
 1880      6C655F70 
 1880      726F746F 
 1880      636F6C2E 
 1880      6300
 1881              	.LASF38:
 1882 0165 73696D70 		.ascii	"simple_protocol_init\000"
 1882      6C655F70 
 1882      726F746F 
 1882      636F6C5F 
ARM GAS  C:\Users\Administrator\AppData\Local\Temp\cc2EMiSy.s 			page 38


 1882      696E6974 
 1883              	.LASF9:
 1884 017a 666C6F61 		.ascii	"float\000"
 1884      7400
 1885              	.LASF6:
 1886 0180 6C6F6E67 		.ascii	"long long int\000"
 1886      206C6F6E 
 1886      6720696E 
 1886      7400
 1887              	.LASF29:
 1888 018e 61637469 		.ascii	"action\000"
 1888      6F6E00
 1889              	.LASF4:
 1890 0195 6C6F6E67 		.ascii	"long int\000"
 1890      20696E74 
 1890      00
 1891              	.LASF24:
 1892 019e 48454144 		.ascii	"HEADER_LOW\000"
 1892      45525F4C 
 1892      4F5700
 1893              	.LASF47:
 1894 01a9 53494D50 		.ascii	"SIMPLE_CLOCK_Write\000"
 1894      4C455F43 
 1894      4C4F434B 
 1894      5F577269 
 1894      746500
 1895              	.LASF25:
 1896 01bc 44415441 		.ascii	"DATA\000"
 1896      00
 1897              	.LASF32:
 1898 01c1 6C656E67 		.ascii	"length\000"
 1898      746800
 1899              	.LASF26:
 1900 01c8 454E5445 		.ascii	"ENTER\000"
 1900      5200
 1901              	.LASF1:
 1902 01ce 756E7369 		.ascii	"unsigned char\000"
 1902      676E6564 
 1902      20636861 
 1902      7200
 1903              	.LASF44:
 1904 01dc 666C6167 		.ascii	"flag_send\000"
 1904      5F73656E 
 1904      6400
 1905              	.LASF20:
 1906 01e6 7365745F 		.ascii	"set_count\000"
 1906      636F756E 
 1906      7400
 1907              	.LASF0:
 1908 01f0 7369676E 		.ascii	"signed char\000"
 1908      65642063 
 1908      68617200 
 1909              	.LASF7:
 1910 01fc 6C6F6E67 		.ascii	"long long unsigned int\000"
 1910      206C6F6E 
 1910      6720756E 
 1910      7369676E 
ARM GAS  C:\Users\Administrator\AppData\Local\Temp\cc2EMiSy.s 			page 39


 1910      65642069 
 1911              	.LASF36:
 1912 0213 73656E64 		.ascii	"send_byte\000"
 1912      5F627974 
 1912      6500
 1913              	.LASF8:
 1914 021d 756E7369 		.ascii	"unsigned int\000"
 1914      676E6564 
 1914      20696E74 
 1914      00
 1915              	.LASF19:
 1916 022a 6F6C645F 		.ascii	"old_count\000"
 1916      636F756E 
 1916      7400
 1917              	.LASF3:
 1918 0234 73686F72 		.ascii	"short unsigned int\000"
 1918      7420756E 
 1918      7369676E 
 1918      65642069 
 1918      6E7400
 1919              	.LASF11:
 1920 0247 63686172 		.ascii	"char\000"
 1920      00
 1921              	.LASF30:
 1922 024c 53696D70 		.ascii	"Simple_protocol_state\000"
 1922      6C655F70 
 1922      726F746F 
 1922      636F6C5F 
 1922      73746174 
 1923              	.LASF41:
 1924 0262 62756666 		.ascii	"buffer\000"
 1924      657200
 1925              	.LASF5:
 1926 0269 6C6F6E67 		.ascii	"long unsigned int\000"
 1926      20756E73 
 1926      69676E65 
 1926      6420696E 
 1926      7400
 1927              	.LASF23:
 1928 027b 48454144 		.ascii	"HEADER_HIGH\000"
 1928      45525F48 
 1928      49474800 
 1929              	.LASF10:
 1930 0287 646F7562 		.ascii	"double\000"
 1930      6C6500
 1931              	.LASF21:
 1932 028e 54696D69 		.ascii	"Timing_type\000"
 1932      6E675F74 
 1932      79706500 
 1933              	.LASF45:
 1934 029a 73656E64 		.ascii	"send_buffer\000"
 1934      5F627566 
 1934      66657200 
 1935              	.LASF48:
 1936 02a6 74696D69 		.ascii	"timing_set_counts\000"
 1936      6E675F73 
 1936      65745F63 
ARM GAS  C:\Users\Administrator\AppData\Local\Temp\cc2EMiSy.s 			page 40


 1936      6F756E74 
 1936      7300
 1937              	.LASF39:
 1938 02b8 73696D70 		.ascii	"simple_protocol_process\000"
 1938      6C655F70 
 1938      726F746F 
 1938      636F6C5F 
 1938      70726F63 
 1939              	.LASF13:
 1940 02d0 54525545 		.ascii	"TRUE\000"
 1940      00
 1941              	.LASF18:
 1942 02d5 636F756E 		.ascii	"count_end\000"
 1942      745F656E 
 1942      6400
 1943              	.LASF34:
 1944 02df 53696D70 		.ascii	"Simple_protocol_format\000"
 1944      6C655F70 
 1944      726F746F 
 1944      636F6C5F 
 1944      666F726D 
 1945              	.LASF17:
 1946 02f6 4C455645 		.ascii	"LEVEL_HIGH\000"
 1946      4C5F4849 
 1946      474800
 1947              	.LASF54:
 1948 0301 73696D70 		.ascii	"simple_protocol_send\000"
 1948      6C655F70 
 1948      726F746F 
 1948      636F6C5F 
 1948      73656E64 
 1949              	.LASF40:
 1950 0316 70627566 		.ascii	"pbuf\000"
 1950      00
 1951              	.LASF43:
 1952 031b 73656E64 		.ascii	"send_state\000"
 1952      5F737461 
 1952      746500
 1953              	.LASF15:
 1954 0326 426F6F6C 		.ascii	"Bool\000"
 1954      00
 1955              		.ident	"GCC: (GNU Tools for ARM Embedded Processors) 4.9.3 20150303 (release) [ARM/embedded-4_9-br
