ARM GAS  C:\Users\Administrator\AppData\Local\Temp\ccbSnUQ9.s 			page 1


   1              		.cpu cortex-m0plus
   2              		.fpu softvfp
   3              		.eabi_attribute 20, 1
   4              		.eabi_attribute 21, 1
   5              		.eabi_attribute 23, 3
   6              		.eabi_attribute 24, 1
   7              		.eabi_attribute 25, 1
   8              		.eabi_attribute 26, 1
   9              		.eabi_attribute 30, 1
  10              		.eabi_attribute 34, 0
  11              		.eabi_attribute 18, 4
  12              		.code	16
  13              		.file	"task_manager.c"
  14              		.text
  15              	.Ltext0:
  16              		.cfi_sections	.debug_frame
  17              		.section	.text.task_init,"ax",%progbits
  18              		.align	2
  19              		.global	task_init
  20              		.code	16
  21              		.thumb_func
  22              		.type	task_init, %function
  23              	task_init:
  24              	.LFB0:
  25              		.file 1 "task_manager.c"
   1:task_manager.c **** /* ========================================
   2:task_manager.c ****  *
   3:task_manager.c ****  * Copyright YOUR COMPANY, THE YEAR
   4:task_manager.c ****  * All Rights Reserved
   5:task_manager.c ****  * UNPUBLISHED, LICENSED SOFTWARE.
   6:task_manager.c ****  *
   7:task_manager.c ****  * CONFIDENTIAL AND PROPRIETARY INFORMATION
   8:task_manager.c ****  * WHICH IS THE PROPERTY OF your company.
   9:task_manager.c ****  *
  10:task_manager.c ****  * ========================================
  11:task_manager.c **** */
  12:task_manager.c **** #include "task_manager.h"
  13:task_manager.c **** #include "string.h"
  14:task_manager.c **** 
  15:task_manager.c **** typedef struct
  16:task_manager.c **** {
  17:task_manager.c ****     pfunc task;           
  18:task_manager.c ****     uint16 schedule_period;
  19:task_manager.c ****     uint16 old_time;
  20:task_manager.c **** }Task;
  21:task_manager.c **** #define TASK_MAX_NUMBER 20
  22:task_manager.c **** 
  23:task_manager.c **** typedef struct
  24:task_manager.c **** {
  25:task_manager.c ****     Task task_list[TASK_MAX_NUMBER];        
  26:task_manager.c ****     uint8 task_nunber;      
  27:task_manager.c ****     uint16 time_counter;
  28:task_manager.c ****     uint16 prev_time_counter;
  29:task_manager.c **** }Task_manager;
  30:task_manager.c **** 
  31:task_manager.c **** static Task_manager task_manager;
  32:task_manager.c **** 
ARM GAS  C:\Users\Administrator\AppData\Local\Temp\ccbSnUQ9.s 			page 2


  33:task_manager.c **** void task_init(void)
  34:task_manager.c **** {
  26              		.loc 1 34 0
  27              		.cfi_startproc
  28 0000 08B5     		push	{r3, lr}
  29              		.cfi_def_cfa_offset 8
  30              		.cfi_offset 3, -8
  31              		.cfi_offset 14, -4
  35:task_manager.c ****     memset(&task_manager, 0, sizeof(Task_manager));
  32              		.loc 1 35 0
  33 0002 0348     		ldr	r0, .L2
  34 0004 0021     		mov	r1, #0
  35 0006 A822     		mov	r2, #168
  36 0008 FFF7FEFF 		bl	memset
  37              	.LVL0:
  36:task_manager.c **** }
  38              		.loc 1 36 0
  39              		@ sp needed
  40 000c 08BD     		pop	{r3, pc}
  41              	.L3:
  42 000e C046     		.align	2
  43              	.L2:
  44 0010 00000000 		.word	.LANCHOR0
  45              		.cfi_endproc
  46              	.LFE0:
  47              		.size	task_init, .-task_init
  48              		.section	.text.task_main,"ax",%progbits
  49              		.align	2
  50              		.global	task_main
  51              		.code	16
  52              		.thumb_func
  53              		.type	task_main, %function
  54              	task_main:
  55              	.LFB1:
  37:task_manager.c **** 
  38:task_manager.c **** void task_main(void)
  39:task_manager.c **** {
  56              		.loc 1 39 0
  57              		.cfi_startproc
  58 0000 10B5     		push	{r4, lr}
  59              		.cfi_def_cfa_offset 8
  60              		.cfi_offset 4, -8
  61              		.cfi_offset 14, -4
  62              	.LVL1:
  40:task_manager.c ****     uint8 i = 0;
  41:task_manager.c ****     uint16 temp = 0;
  42:task_manager.c ****     
  43:task_manager.c ****     if (task_manager.time_counter == task_manager.prev_time_counter)
  63              		.loc 1 43 0
  64 0002 124B     		ldr	r3, .L9
  65 0004 A222     		mov	r2, #162
  66 0006 9A5A     		ldrh	r2, [r3, r2]
  67 0008 A421     		mov	r1, #164
  68 000a 5B5A     		ldrh	r3, [r3, r1]
  69 000c 9A42     		cmp	r2, r3
  70 000e 1CD0     		beq	.L4
  44:task_manager.c ****         return;
ARM GAS  C:\Users\Administrator\AppData\Local\Temp\ccbSnUQ9.s 			page 3


  45:task_manager.c ****     task_manager.prev_time_counter = task_manager.time_counter;
  71              		.loc 1 45 0
  72 0010 A423     		mov	r3, #164
  73 0012 0E49     		ldr	r1, .L9
  74 0014 CA52     		strh	r2, [r1, r3]
  46:task_manager.c ****     
  47:task_manager.c ****     for (i = 0; i < task_manager.task_nunber; i++)
  75              		.loc 1 47 0
  76 0016 0024     		mov	r4, #0
  77 0018 12E0     		b	.L6
  78              	.LVL2:
  79              	.L8:
  48:task_manager.c ****     {
  49:task_manager.c ****         temp = task_manager.time_counter - task_manager.task_list[i].old_time;
  80              		.loc 1 49 0
  81 001a 0C4A     		ldr	r2, .L9
  82 001c A223     		mov	r3, #162
  83 001e D15A     		ldrh	r1, [r2, r3]
  84 0020 E300     		lsl	r3, r4, #3
  85 0022 D218     		add	r2, r2, r3
  86 0024 D388     		ldrh	r3, [r2, #6]
  87 0026 CB1A     		sub	r3, r1, r3
  88 0028 9BB2     		uxth	r3, r3
  89              	.LVL3:
  50:task_manager.c ****         if (temp < task_manager.task_list[i].schedule_period)
  90              		.loc 1 50 0
  91 002a 9288     		ldrh	r2, [r2, #4]
  92 002c 9A42     		cmp	r2, r3
  93 002e 05D8     		bhi	.L7
  51:task_manager.c ****             continue;
  52:task_manager.c ****         else        //调用周期到
  53:task_manager.c ****         {
  54:task_manager.c ****             task_manager.task_list[i].old_time = task_manager.time_counter;
  94              		.loc 1 54 0
  95 0030 064B     		ldr	r3, .L9
  96              	.LVL4:
  97 0032 E200     		lsl	r2, r4, #3
  98              	.LVL5:
  99 0034 9818     		add	r0, r3, r2
 100              	.LVL6:
 101 0036 C180     		strh	r1, [r0, #6]
 102              	.LVL7:
  55:task_manager.c ****             task_manager.task_list[i].task();
 103              		.loc 1 55 0
 104 0038 D358     		ldr	r3, [r2, r3]
 105 003a 9847     		blx	r3
 106              	.LVL8:
 107              	.L7:
  47:task_manager.c ****     {
 108              		.loc 1 47 0 discriminator 2
 109 003c 0134     		add	r4, r4, #1
 110              	.LVL9:
 111 003e E4B2     		uxtb	r4, r4
 112              	.LVL10:
 113              	.L6:
  47:task_manager.c ****     {
 114              		.loc 1 47 0 is_stmt 0 discriminator 1
ARM GAS  C:\Users\Administrator\AppData\Local\Temp\ccbSnUQ9.s 			page 4


 115 0040 A023     		mov	r3, #160
 116 0042 024A     		ldr	r2, .L9
 117 0044 D35C     		ldrb	r3, [r2, r3]
 118 0046 A342     		cmp	r3, r4
 119 0048 E7D8     		bhi	.L8
 120              	.LVL11:
 121              	.L4:
  56:task_manager.c ****         }
  57:task_manager.c ****     }
  58:task_manager.c **** }
 122              		.loc 1 58 0 is_stmt 1
 123              		@ sp needed
 124 004a 10BD     		pop	{r4, pc}
 125              	.L10:
 126              		.align	2
 127              	.L9:
 128 004c 00000000 		.word	.LANCHOR0
 129              		.cfi_endproc
 130              	.LFE1:
 131              		.size	task_main, .-task_main
 132              		.section	.text.task_1ms_updater,"ax",%progbits
 133              		.align	2
 134              		.global	task_1ms_updater
 135              		.code	16
 136              		.thumb_func
 137              		.type	task_1ms_updater, %function
 138              	task_1ms_updater:
 139              	.LFB2:
  59:task_manager.c **** 
  60:task_manager.c **** /*在100us中断中调用这个函数*/
  61:task_manager.c **** void task_1ms_updater(void)
  62:task_manager.c **** {
 140              		.loc 1 62 0
 141              		.cfi_startproc
  63:task_manager.c ****     task_manager.time_counter++;
 142              		.loc 1 63 0
 143 0000 0249     		ldr	r1, .L12
 144 0002 A222     		mov	r2, #162
 145 0004 8B5A     		ldrh	r3, [r1, r2]
 146 0006 0133     		add	r3, r3, #1
 147 0008 8B52     		strh	r3, [r1, r2]
  64:task_manager.c **** }
 148              		.loc 1 64 0
 149              		@ sp needed
 150 000a 7047     		bx	lr
 151              	.L13:
 152              		.align	2
 153              	.L12:
 154 000c 00000000 		.word	.LANCHOR0
 155              		.cfi_endproc
 156              	.LFE2:
 157              		.size	task_1ms_updater, .-task_1ms_updater
 158              		.section	.text.task_add,"ax",%progbits
 159              		.align	2
 160              		.global	task_add
 161              		.code	16
 162              		.thumb_func
ARM GAS  C:\Users\Administrator\AppData\Local\Temp\ccbSnUQ9.s 			page 5


 163              		.type	task_add, %function
 164              	task_add:
 165              	.LFB3:
  65:task_manager.c **** 
  66:task_manager.c **** Bool task_add(pfunc task, uint16 schedule_period)
  67:task_manager.c **** {
 166              		.loc 1 67 0
 167              		.cfi_startproc
 168              	.LVL12:
 169 0000 10B5     		push	{r4, lr}
 170              		.cfi_def_cfa_offset 8
 171              		.cfi_offset 4, -8
 172              		.cfi_offset 14, -4
  68:task_manager.c ****     if (task == NULL || schedule_period == 0)
 173              		.loc 1 68 0
 174 0002 0028     		cmp	r0, #0
 175 0004 10D0     		beq	.L16
 176              		.loc 1 68 0 is_stmt 0 discriminator 1
 177 0006 0029     		cmp	r1, #0
 178 0008 10D0     		beq	.L17
  69:task_manager.c ****         return FALSE;
  70:task_manager.c ****     if (task_manager.task_nunber >= TASK_MAX_NUMBER - 1)
 179              		.loc 1 70 0 is_stmt 1
 180 000a A023     		mov	r3, #160
 181 000c 094A     		ldr	r2, .L19
 182 000e D35C     		ldrb	r3, [r2, r3]
 183 0010 122B     		cmp	r3, #18
 184 0012 0DD8     		bhi	.L18
  71:task_manager.c ****         return FALSE;
  72:task_manager.c ****     
  73:task_manager.c ****     task_manager.task_list[task_manager.task_nunber].task = task;
 185              		.loc 1 73 0
 186 0014 141C     		mov	r4, r2
 187 0016 DA00     		lsl	r2, r3, #3
 188 0018 1051     		str	r0, [r2, r4]
  74:task_manager.c ****     task_manager.task_list[task_manager.task_nunber].schedule_period = schedule_period;
 189              		.loc 1 74 0
 190 001a A218     		add	r2, r4, r2
 191 001c 9180     		strh	r1, [r2, #4]
  75:task_manager.c ****     task_manager.task_nunber++;
 192              		.loc 1 75 0
 193 001e 0133     		add	r3, r3, #1
 194 0020 A022     		mov	r2, #160
 195 0022 A354     		strb	r3, [r4, r2]
  76:task_manager.c ****     
  77:task_manager.c ****     return TRUE;
 196              		.loc 1 77 0
 197 0024 0120     		mov	r0, #1
 198              	.LVL13:
 199 0026 04E0     		b	.L15
 200              	.LVL14:
 201              	.L16:
  69:task_manager.c ****     if (task_manager.task_nunber >= TASK_MAX_NUMBER - 1)
 202              		.loc 1 69 0
 203 0028 0020     		mov	r0, #0
 204              	.LVL15:
 205 002a 02E0     		b	.L15
ARM GAS  C:\Users\Administrator\AppData\Local\Temp\ccbSnUQ9.s 			page 6


 206              	.LVL16:
 207              	.L17:
 208 002c 0020     		mov	r0, #0
 209              	.LVL17:
 210 002e 00E0     		b	.L15
 211              	.LVL18:
 212              	.L18:
  71:task_manager.c ****     
 213              		.loc 1 71 0
 214 0030 0020     		mov	r0, #0
 215              	.LVL19:
 216              	.L15:
  78:task_manager.c **** }
 217              		.loc 1 78 0
 218              		@ sp needed
 219 0032 10BD     		pop	{r4, pc}
 220              	.L20:
 221              		.align	2
 222              	.L19:
 223 0034 00000000 		.word	.LANCHOR0
 224              		.cfi_endproc
 225              	.LFE3:
 226              		.size	task_add, .-task_add
 227              		.bss
 228              		.align	2
 229              		.set	.LANCHOR0,. + 0
 230              		.type	task_manager, %object
 231              		.size	task_manager, 168
 232              	task_manager:
 233 0000 00000000 		.space	168
 233      00000000 
 233      00000000 
 233      00000000 
 233      00000000 
 234              		.text
 235              	.Letext0:
 236              		.file 2 "types.h"
 237              		.file 3 "task_manager.h"
 238              		.section	.debug_info,"",%progbits
 239              	.Ldebug_info0:
 240 0000 23020000 		.4byte	0x223
 241 0004 0400     		.2byte	0x4
 242 0006 00000000 		.4byte	.Ldebug_abbrev0
 243 000a 04       		.byte	0x4
 244 000b 01       		.uleb128 0x1
 245 000c 6C010000 		.4byte	.LASF30
 246 0010 01       		.byte	0x1
 247 0011 1B000000 		.4byte	.LASF31
 248 0015 6F000000 		.4byte	.LASF32
 249 0019 00000000 		.4byte	.Ldebug_ranges0+0
 250 001d 00000000 		.4byte	0
 251 0021 00000000 		.4byte	.Ldebug_line0
 252 0025 02       		.uleb128 0x2
 253 0026 04       		.byte	0x4
 254 0027 05       		.byte	0x5
 255 0028 696E7400 		.ascii	"int\000"
 256 002c 03       		.uleb128 0x3
ARM GAS  C:\Users\Administrator\AppData\Local\Temp\ccbSnUQ9.s 			page 7


 257 002d 04       		.byte	0x4
 258 002e 07       		.byte	0x7
 259 002f 20010000 		.4byte	.LASF0
 260 0033 04       		.uleb128 0x4
 261 0034 CC000000 		.4byte	.LASF2
 262 0038 02       		.byte	0x2
 263 0039 07       		.byte	0x7
 264 003a 3E000000 		.4byte	0x3e
 265 003e 03       		.uleb128 0x3
 266 003f 01       		.byte	0x1
 267 0040 08       		.byte	0x8
 268 0041 12010000 		.4byte	.LASF1
 269 0045 04       		.uleb128 0x4
 270 0046 0B010000 		.4byte	.LASF3
 271 004a 02       		.byte	0x2
 272 004b 08       		.byte	0x8
 273 004c 50000000 		.4byte	0x50
 274 0050 03       		.uleb128 0x3
 275 0051 02       		.byte	0x2
 276 0052 07       		.byte	0x7
 277 0053 2A000000 		.4byte	.LASF4
 278 0057 03       		.uleb128 0x3
 279 0058 04       		.byte	0x4
 280 0059 07       		.byte	0x7
 281 005a B5000000 		.4byte	.LASF5
 282 005e 05       		.uleb128 0x5
 283 005f 01       		.byte	0x1
 284 0060 02       		.byte	0x2
 285 0061 12       		.byte	0x12
 286 0062 73000000 		.4byte	0x73
 287 0066 06       		.uleb128 0x6
 288 0067 F4000000 		.4byte	.LASF6
 289 006b 00       		.sleb128 0
 290 006c 06       		.uleb128 0x6
 291 006d 16000000 		.4byte	.LASF7
 292 0071 01       		.sleb128 1
 293 0072 00       		.byte	0
 294 0073 04       		.uleb128 0x4
 295 0074 2D020000 		.4byte	.LASF8
 296 0078 02       		.byte	0x2
 297 0079 15       		.byte	0x15
 298 007a 5E000000 		.4byte	0x5e
 299 007e 04       		.uleb128 0x4
 300 007f 57000000 		.4byte	.LASF9
 301 0083 03       		.byte	0x3
 302 0084 11       		.byte	0x11
 303 0085 89000000 		.4byte	0x89
 304 0089 07       		.uleb128 0x7
 305 008a 04       		.byte	0x4
 306 008b 8F000000 		.4byte	0x8f
 307 008f 08       		.uleb128 0x8
 308 0090 03       		.uleb128 0x3
 309 0091 01       		.byte	0x1
 310 0092 06       		.byte	0x6
 311 0093 32020000 		.4byte	.LASF10
 312 0097 03       		.uleb128 0x3
 313 0098 02       		.byte	0x2
ARM GAS  C:\Users\Administrator\AppData\Local\Temp\ccbSnUQ9.s 			page 8


 314 0099 05       		.byte	0x5
 315 009a FE010000 		.4byte	.LASF11
 316 009e 03       		.uleb128 0x3
 317 009f 04       		.byte	0x4
 318 00a0 05       		.byte	0x5
 319 00a1 24020000 		.4byte	.LASF12
 320 00a5 03       		.uleb128 0x3
 321 00a6 08       		.byte	0x8
 322 00a7 05       		.byte	0x5
 323 00a8 59010000 		.4byte	.LASF13
 324 00ac 03       		.uleb128 0x3
 325 00ad 08       		.byte	0x8
 326 00ae 07       		.byte	0x7
 327 00af 39010000 		.4byte	.LASF14
 328 00b3 03       		.uleb128 0x3
 329 00b4 04       		.byte	0x4
 330 00b5 07       		.byte	0x7
 331 00b6 50010000 		.4byte	.LASF15
 332 00ba 09       		.uleb128 0x9
 333 00bb 04       		.byte	0x4
 334 00bc 03       		.uleb128 0x3
 335 00bd 01       		.byte	0x1
 336 00be 08       		.byte	0x8
 337 00bf 67010000 		.4byte	.LASF16
 338 00c3 0A       		.uleb128 0xa
 339 00c4 08       		.byte	0x8
 340 00c5 01       		.byte	0x1
 341 00c6 0F       		.byte	0xf
 342 00c7 F0000000 		.4byte	0xf0
 343 00cb 0B       		.uleb128 0xb
 344 00cc 1F020000 		.4byte	.LASF17
 345 00d0 01       		.byte	0x1
 346 00d1 11       		.byte	0x11
 347 00d2 7E000000 		.4byte	0x7e
 348 00d6 00       		.byte	0
 349 00d7 0B       		.uleb128 0xb
 350 00d8 D2000000 		.4byte	.LASF18
 351 00dc 01       		.byte	0x1
 352 00dd 12       		.byte	0x12
 353 00de 45000000 		.4byte	0x45
 354 00e2 04       		.byte	0x4
 355 00e3 0B       		.uleb128 0xb
 356 00e4 3D000000 		.4byte	.LASF19
 357 00e8 01       		.byte	0x1
 358 00e9 13       		.byte	0x13
 359 00ea 45000000 		.4byte	0x45
 360 00ee 06       		.byte	0x6
 361 00ef 00       		.byte	0
 362 00f0 04       		.uleb128 0x4
 363 00f1 EF000000 		.4byte	.LASF20
 364 00f5 01       		.byte	0x1
 365 00f6 14       		.byte	0x14
 366 00f7 C3000000 		.4byte	0xc3
 367 00fb 0A       		.uleb128 0xa
 368 00fc A8       		.byte	0xa8
 369 00fd 01       		.byte	0x1
 370 00fe 17       		.byte	0x17
ARM GAS  C:\Users\Administrator\AppData\Local\Temp\ccbSnUQ9.s 			page 9


 371 00ff 34010000 		.4byte	0x134
 372 0103 0B       		.uleb128 0xb
 373 0104 AB000000 		.4byte	.LASF21
 374 0108 01       		.byte	0x1
 375 0109 19       		.byte	0x19
 376 010a 34010000 		.4byte	0x134
 377 010e 00       		.byte	0
 378 010f 0B       		.uleb128 0xb
 379 0110 2D010000 		.4byte	.LASF22
 380 0114 01       		.byte	0x1
 381 0115 1A       		.byte	0x1a
 382 0116 33000000 		.4byte	0x33
 383 011a A0       		.byte	0xa0
 384 011b 0B       		.uleb128 0xb
 385 011c E2000000 		.4byte	.LASF23
 386 0120 01       		.byte	0x1
 387 0121 1B       		.byte	0x1b
 388 0122 45000000 		.4byte	0x45
 389 0126 A2       		.byte	0xa2
 390 0127 0B       		.uleb128 0xb
 391 0128 5D000000 		.4byte	.LASF24
 392 012c 01       		.byte	0x1
 393 012d 1C       		.byte	0x1c
 394 012e 45000000 		.4byte	0x45
 395 0132 A4       		.byte	0xa4
 396 0133 00       		.byte	0
 397 0134 0C       		.uleb128 0xc
 398 0135 F0000000 		.4byte	0xf0
 399 0139 44010000 		.4byte	0x144
 400 013d 0D       		.uleb128 0xd
 401 013e B3000000 		.4byte	0xb3
 402 0142 13       		.byte	0x13
 403 0143 00       		.byte	0
 404 0144 04       		.uleb128 0x4
 405 0145 00000000 		.4byte	.LASF25
 406 0149 01       		.byte	0x1
 407 014a 1D       		.byte	0x1d
 408 014b FB000000 		.4byte	0xfb
 409 014f 0E       		.uleb128 0xe
 410 0150 08020000 		.4byte	.LASF26
 411 0154 01       		.byte	0x1
 412 0155 21       		.byte	0x21
 413 0156 00000000 		.4byte	.LFB0
 414 015a 14000000 		.4byte	.LFE0-.LFB0
 415 015e 01       		.uleb128 0x1
 416 015f 9C       		.byte	0x9c
 417 0160 83010000 		.4byte	0x183
 418 0164 0F       		.uleb128 0xf
 419 0165 0C000000 		.4byte	.LVL0
 420 0169 0D020000 		.4byte	0x20d
 421 016d 10       		.uleb128 0x10
 422 016e 01       		.uleb128 0x1
 423 016f 52       		.byte	0x52
 424 0170 02       		.uleb128 0x2
 425 0171 08       		.byte	0x8
 426 0172 A8       		.byte	0xa8
 427 0173 10       		.uleb128 0x10
ARM GAS  C:\Users\Administrator\AppData\Local\Temp\ccbSnUQ9.s 			page 10


 428 0174 01       		.uleb128 0x1
 429 0175 51       		.byte	0x51
 430 0176 01       		.uleb128 0x1
 431 0177 30       		.byte	0x30
 432 0178 10       		.uleb128 0x10
 433 0179 01       		.uleb128 0x1
 434 017a 50       		.byte	0x50
 435 017b 05       		.uleb128 0x5
 436 017c 03       		.byte	0x3
 437 017d 00000000 		.4byte	.LANCHOR0
 438 0181 00       		.byte	0
 439 0182 00       		.byte	0
 440 0183 11       		.uleb128 0x11
 441 0184 01010000 		.4byte	.LASF27
 442 0188 01       		.byte	0x1
 443 0189 26       		.byte	0x26
 444 018a 00000000 		.4byte	.LFB1
 445 018e 50000000 		.4byte	.LFE1-.LFB1
 446 0192 01       		.uleb128 0x1
 447 0193 9C       		.byte	0x9c
 448 0194 B5010000 		.4byte	0x1b5
 449 0198 12       		.uleb128 0x12
 450 0199 6900     		.ascii	"i\000"
 451 019b 01       		.byte	0x1
 452 019c 28       		.byte	0x28
 453 019d 33000000 		.4byte	0x33
 454 01a1 00000000 		.4byte	.LLST0
 455 01a5 13       		.uleb128 0x13
 456 01a6 C7000000 		.4byte	.LASF28
 457 01aa 01       		.byte	0x1
 458 01ab 29       		.byte	0x29
 459 01ac 45000000 		.4byte	0x45
 460 01b0 2A000000 		.4byte	.LLST1
 461 01b4 00       		.byte	0
 462 01b5 14       		.uleb128 0x14
 463 01b6 46000000 		.4byte	.LASF33
 464 01ba 01       		.byte	0x1
 465 01bb 3D       		.byte	0x3d
 466 01bc 00000000 		.4byte	.LFB2
 467 01c0 10000000 		.4byte	.LFE2-.LFB2
 468 01c4 01       		.uleb128 0x1
 469 01c5 9C       		.byte	0x9c
 470 01c6 15       		.uleb128 0x15
 471 01c7 0D000000 		.4byte	.LASF34
 472 01cb 01       		.byte	0x1
 473 01cc 42       		.byte	0x42
 474 01cd 73000000 		.4byte	0x73
 475 01d1 00000000 		.4byte	.LFB3
 476 01d5 38000000 		.4byte	.LFE3-.LFB3
 477 01d9 01       		.uleb128 0x1
 478 01da 9C       		.byte	0x9c
 479 01db FC010000 		.4byte	0x1fc
 480 01df 16       		.uleb128 0x16
 481 01e0 1F020000 		.4byte	.LASF17
 482 01e4 01       		.byte	0x1
 483 01e5 42       		.byte	0x42
 484 01e6 7E000000 		.4byte	0x7e
ARM GAS  C:\Users\Administrator\AppData\Local\Temp\ccbSnUQ9.s 			page 11


 485 01ea 97000000 		.4byte	.LLST2
 486 01ee 17       		.uleb128 0x17
 487 01ef D2000000 		.4byte	.LASF18
 488 01f3 01       		.byte	0x1
 489 01f4 42       		.byte	0x42
 490 01f5 45000000 		.4byte	0x45
 491 01f9 01       		.uleb128 0x1
 492 01fa 51       		.byte	0x51
 493 01fb 00       		.byte	0
 494 01fc 18       		.uleb128 0x18
 495 01fd 12020000 		.4byte	.LASF29
 496 0201 01       		.byte	0x1
 497 0202 1F       		.byte	0x1f
 498 0203 44010000 		.4byte	0x144
 499 0207 05       		.uleb128 0x5
 500 0208 03       		.byte	0x3
 501 0209 00000000 		.4byte	task_manager
 502 020d 19       		.uleb128 0x19
 503 020e FA000000 		.4byte	.LASF35
 504 0212 BA000000 		.4byte	0xba
 505 0216 1A       		.uleb128 0x1a
 506 0217 BA000000 		.4byte	0xba
 507 021b 1A       		.uleb128 0x1a
 508 021c 25000000 		.4byte	0x25
 509 0220 1A       		.uleb128 0x1a
 510 0221 B3000000 		.4byte	0xb3
 511 0225 00       		.byte	0
 512 0226 00       		.byte	0
 513              		.section	.debug_abbrev,"",%progbits
 514              	.Ldebug_abbrev0:
 515 0000 01       		.uleb128 0x1
 516 0001 11       		.uleb128 0x11
 517 0002 01       		.byte	0x1
 518 0003 25       		.uleb128 0x25
 519 0004 0E       		.uleb128 0xe
 520 0005 13       		.uleb128 0x13
 521 0006 0B       		.uleb128 0xb
 522 0007 03       		.uleb128 0x3
 523 0008 0E       		.uleb128 0xe
 524 0009 1B       		.uleb128 0x1b
 525 000a 0E       		.uleb128 0xe
 526 000b 55       		.uleb128 0x55
 527 000c 17       		.uleb128 0x17
 528 000d 11       		.uleb128 0x11
 529 000e 01       		.uleb128 0x1
 530 000f 10       		.uleb128 0x10
 531 0010 17       		.uleb128 0x17
 532 0011 00       		.byte	0
 533 0012 00       		.byte	0
 534 0013 02       		.uleb128 0x2
 535 0014 24       		.uleb128 0x24
 536 0015 00       		.byte	0
 537 0016 0B       		.uleb128 0xb
 538 0017 0B       		.uleb128 0xb
 539 0018 3E       		.uleb128 0x3e
 540 0019 0B       		.uleb128 0xb
 541 001a 03       		.uleb128 0x3
ARM GAS  C:\Users\Administrator\AppData\Local\Temp\ccbSnUQ9.s 			page 12


 542 001b 08       		.uleb128 0x8
 543 001c 00       		.byte	0
 544 001d 00       		.byte	0
 545 001e 03       		.uleb128 0x3
 546 001f 24       		.uleb128 0x24
 547 0020 00       		.byte	0
 548 0021 0B       		.uleb128 0xb
 549 0022 0B       		.uleb128 0xb
 550 0023 3E       		.uleb128 0x3e
 551 0024 0B       		.uleb128 0xb
 552 0025 03       		.uleb128 0x3
 553 0026 0E       		.uleb128 0xe
 554 0027 00       		.byte	0
 555 0028 00       		.byte	0
 556 0029 04       		.uleb128 0x4
 557 002a 16       		.uleb128 0x16
 558 002b 00       		.byte	0
 559 002c 03       		.uleb128 0x3
 560 002d 0E       		.uleb128 0xe
 561 002e 3A       		.uleb128 0x3a
 562 002f 0B       		.uleb128 0xb
 563 0030 3B       		.uleb128 0x3b
 564 0031 0B       		.uleb128 0xb
 565 0032 49       		.uleb128 0x49
 566 0033 13       		.uleb128 0x13
 567 0034 00       		.byte	0
 568 0035 00       		.byte	0
 569 0036 05       		.uleb128 0x5
 570 0037 04       		.uleb128 0x4
 571 0038 01       		.byte	0x1
 572 0039 0B       		.uleb128 0xb
 573 003a 0B       		.uleb128 0xb
 574 003b 3A       		.uleb128 0x3a
 575 003c 0B       		.uleb128 0xb
 576 003d 3B       		.uleb128 0x3b
 577 003e 0B       		.uleb128 0xb
 578 003f 01       		.uleb128 0x1
 579 0040 13       		.uleb128 0x13
 580 0041 00       		.byte	0
 581 0042 00       		.byte	0
 582 0043 06       		.uleb128 0x6
 583 0044 28       		.uleb128 0x28
 584 0045 00       		.byte	0
 585 0046 03       		.uleb128 0x3
 586 0047 0E       		.uleb128 0xe
 587 0048 1C       		.uleb128 0x1c
 588 0049 0D       		.uleb128 0xd
 589 004a 00       		.byte	0
 590 004b 00       		.byte	0
 591 004c 07       		.uleb128 0x7
 592 004d 0F       		.uleb128 0xf
 593 004e 00       		.byte	0
 594 004f 0B       		.uleb128 0xb
 595 0050 0B       		.uleb128 0xb
 596 0051 49       		.uleb128 0x49
 597 0052 13       		.uleb128 0x13
 598 0053 00       		.byte	0
ARM GAS  C:\Users\Administrator\AppData\Local\Temp\ccbSnUQ9.s 			page 13


 599 0054 00       		.byte	0
 600 0055 08       		.uleb128 0x8
 601 0056 15       		.uleb128 0x15
 602 0057 00       		.byte	0
 603 0058 27       		.uleb128 0x27
 604 0059 19       		.uleb128 0x19
 605 005a 00       		.byte	0
 606 005b 00       		.byte	0
 607 005c 09       		.uleb128 0x9
 608 005d 0F       		.uleb128 0xf
 609 005e 00       		.byte	0
 610 005f 0B       		.uleb128 0xb
 611 0060 0B       		.uleb128 0xb
 612 0061 00       		.byte	0
 613 0062 00       		.byte	0
 614 0063 0A       		.uleb128 0xa
 615 0064 13       		.uleb128 0x13
 616 0065 01       		.byte	0x1
 617 0066 0B       		.uleb128 0xb
 618 0067 0B       		.uleb128 0xb
 619 0068 3A       		.uleb128 0x3a
 620 0069 0B       		.uleb128 0xb
 621 006a 3B       		.uleb128 0x3b
 622 006b 0B       		.uleb128 0xb
 623 006c 01       		.uleb128 0x1
 624 006d 13       		.uleb128 0x13
 625 006e 00       		.byte	0
 626 006f 00       		.byte	0
 627 0070 0B       		.uleb128 0xb
 628 0071 0D       		.uleb128 0xd
 629 0072 00       		.byte	0
 630 0073 03       		.uleb128 0x3
 631 0074 0E       		.uleb128 0xe
 632 0075 3A       		.uleb128 0x3a
 633 0076 0B       		.uleb128 0xb
 634 0077 3B       		.uleb128 0x3b
 635 0078 0B       		.uleb128 0xb
 636 0079 49       		.uleb128 0x49
 637 007a 13       		.uleb128 0x13
 638 007b 38       		.uleb128 0x38
 639 007c 0B       		.uleb128 0xb
 640 007d 00       		.byte	0
 641 007e 00       		.byte	0
 642 007f 0C       		.uleb128 0xc
 643 0080 01       		.uleb128 0x1
 644 0081 01       		.byte	0x1
 645 0082 49       		.uleb128 0x49
 646 0083 13       		.uleb128 0x13
 647 0084 01       		.uleb128 0x1
 648 0085 13       		.uleb128 0x13
 649 0086 00       		.byte	0
 650 0087 00       		.byte	0
 651 0088 0D       		.uleb128 0xd
 652 0089 21       		.uleb128 0x21
 653 008a 00       		.byte	0
 654 008b 49       		.uleb128 0x49
 655 008c 13       		.uleb128 0x13
ARM GAS  C:\Users\Administrator\AppData\Local\Temp\ccbSnUQ9.s 			page 14


 656 008d 2F       		.uleb128 0x2f
 657 008e 0B       		.uleb128 0xb
 658 008f 00       		.byte	0
 659 0090 00       		.byte	0
 660 0091 0E       		.uleb128 0xe
 661 0092 2E       		.uleb128 0x2e
 662 0093 01       		.byte	0x1
 663 0094 3F       		.uleb128 0x3f
 664 0095 19       		.uleb128 0x19
 665 0096 03       		.uleb128 0x3
 666 0097 0E       		.uleb128 0xe
 667 0098 3A       		.uleb128 0x3a
 668 0099 0B       		.uleb128 0xb
 669 009a 3B       		.uleb128 0x3b
 670 009b 0B       		.uleb128 0xb
 671 009c 27       		.uleb128 0x27
 672 009d 19       		.uleb128 0x19
 673 009e 11       		.uleb128 0x11
 674 009f 01       		.uleb128 0x1
 675 00a0 12       		.uleb128 0x12
 676 00a1 06       		.uleb128 0x6
 677 00a2 40       		.uleb128 0x40
 678 00a3 18       		.uleb128 0x18
 679 00a4 9742     		.uleb128 0x2117
 680 00a6 19       		.uleb128 0x19
 681 00a7 01       		.uleb128 0x1
 682 00a8 13       		.uleb128 0x13
 683 00a9 00       		.byte	0
 684 00aa 00       		.byte	0
 685 00ab 0F       		.uleb128 0xf
 686 00ac 898201   		.uleb128 0x4109
 687 00af 01       		.byte	0x1
 688 00b0 11       		.uleb128 0x11
 689 00b1 01       		.uleb128 0x1
 690 00b2 31       		.uleb128 0x31
 691 00b3 13       		.uleb128 0x13
 692 00b4 00       		.byte	0
 693 00b5 00       		.byte	0
 694 00b6 10       		.uleb128 0x10
 695 00b7 8A8201   		.uleb128 0x410a
 696 00ba 00       		.byte	0
 697 00bb 02       		.uleb128 0x2
 698 00bc 18       		.uleb128 0x18
 699 00bd 9142     		.uleb128 0x2111
 700 00bf 18       		.uleb128 0x18
 701 00c0 00       		.byte	0
 702 00c1 00       		.byte	0
 703 00c2 11       		.uleb128 0x11
 704 00c3 2E       		.uleb128 0x2e
 705 00c4 01       		.byte	0x1
 706 00c5 3F       		.uleb128 0x3f
 707 00c6 19       		.uleb128 0x19
 708 00c7 03       		.uleb128 0x3
 709 00c8 0E       		.uleb128 0xe
 710 00c9 3A       		.uleb128 0x3a
 711 00ca 0B       		.uleb128 0xb
 712 00cb 3B       		.uleb128 0x3b
ARM GAS  C:\Users\Administrator\AppData\Local\Temp\ccbSnUQ9.s 			page 15


 713 00cc 0B       		.uleb128 0xb
 714 00cd 27       		.uleb128 0x27
 715 00ce 19       		.uleb128 0x19
 716 00cf 11       		.uleb128 0x11
 717 00d0 01       		.uleb128 0x1
 718 00d1 12       		.uleb128 0x12
 719 00d2 06       		.uleb128 0x6
 720 00d3 40       		.uleb128 0x40
 721 00d4 18       		.uleb128 0x18
 722 00d5 9642     		.uleb128 0x2116
 723 00d7 19       		.uleb128 0x19
 724 00d8 01       		.uleb128 0x1
 725 00d9 13       		.uleb128 0x13
 726 00da 00       		.byte	0
 727 00db 00       		.byte	0
 728 00dc 12       		.uleb128 0x12
 729 00dd 34       		.uleb128 0x34
 730 00de 00       		.byte	0
 731 00df 03       		.uleb128 0x3
 732 00e0 08       		.uleb128 0x8
 733 00e1 3A       		.uleb128 0x3a
 734 00e2 0B       		.uleb128 0xb
 735 00e3 3B       		.uleb128 0x3b
 736 00e4 0B       		.uleb128 0xb
 737 00e5 49       		.uleb128 0x49
 738 00e6 13       		.uleb128 0x13
 739 00e7 02       		.uleb128 0x2
 740 00e8 17       		.uleb128 0x17
 741 00e9 00       		.byte	0
 742 00ea 00       		.byte	0
 743 00eb 13       		.uleb128 0x13
 744 00ec 34       		.uleb128 0x34
 745 00ed 00       		.byte	0
 746 00ee 03       		.uleb128 0x3
 747 00ef 0E       		.uleb128 0xe
 748 00f0 3A       		.uleb128 0x3a
 749 00f1 0B       		.uleb128 0xb
 750 00f2 3B       		.uleb128 0x3b
 751 00f3 0B       		.uleb128 0xb
 752 00f4 49       		.uleb128 0x49
 753 00f5 13       		.uleb128 0x13
 754 00f6 02       		.uleb128 0x2
 755 00f7 17       		.uleb128 0x17
 756 00f8 00       		.byte	0
 757 00f9 00       		.byte	0
 758 00fa 14       		.uleb128 0x14
 759 00fb 2E       		.uleb128 0x2e
 760 00fc 00       		.byte	0
 761 00fd 3F       		.uleb128 0x3f
 762 00fe 19       		.uleb128 0x19
 763 00ff 03       		.uleb128 0x3
 764 0100 0E       		.uleb128 0xe
 765 0101 3A       		.uleb128 0x3a
 766 0102 0B       		.uleb128 0xb
 767 0103 3B       		.uleb128 0x3b
 768 0104 0B       		.uleb128 0xb
 769 0105 27       		.uleb128 0x27
ARM GAS  C:\Users\Administrator\AppData\Local\Temp\ccbSnUQ9.s 			page 16


 770 0106 19       		.uleb128 0x19
 771 0107 11       		.uleb128 0x11
 772 0108 01       		.uleb128 0x1
 773 0109 12       		.uleb128 0x12
 774 010a 06       		.uleb128 0x6
 775 010b 40       		.uleb128 0x40
 776 010c 18       		.uleb128 0x18
 777 010d 9742     		.uleb128 0x2117
 778 010f 19       		.uleb128 0x19
 779 0110 00       		.byte	0
 780 0111 00       		.byte	0
 781 0112 15       		.uleb128 0x15
 782 0113 2E       		.uleb128 0x2e
 783 0114 01       		.byte	0x1
 784 0115 3F       		.uleb128 0x3f
 785 0116 19       		.uleb128 0x19
 786 0117 03       		.uleb128 0x3
 787 0118 0E       		.uleb128 0xe
 788 0119 3A       		.uleb128 0x3a
 789 011a 0B       		.uleb128 0xb
 790 011b 3B       		.uleb128 0x3b
 791 011c 0B       		.uleb128 0xb
 792 011d 27       		.uleb128 0x27
 793 011e 19       		.uleb128 0x19
 794 011f 49       		.uleb128 0x49
 795 0120 13       		.uleb128 0x13
 796 0121 11       		.uleb128 0x11
 797 0122 01       		.uleb128 0x1
 798 0123 12       		.uleb128 0x12
 799 0124 06       		.uleb128 0x6
 800 0125 40       		.uleb128 0x40
 801 0126 18       		.uleb128 0x18
 802 0127 9742     		.uleb128 0x2117
 803 0129 19       		.uleb128 0x19
 804 012a 01       		.uleb128 0x1
 805 012b 13       		.uleb128 0x13
 806 012c 00       		.byte	0
 807 012d 00       		.byte	0
 808 012e 16       		.uleb128 0x16
 809 012f 05       		.uleb128 0x5
 810 0130 00       		.byte	0
 811 0131 03       		.uleb128 0x3
 812 0132 0E       		.uleb128 0xe
 813 0133 3A       		.uleb128 0x3a
 814 0134 0B       		.uleb128 0xb
 815 0135 3B       		.uleb128 0x3b
 816 0136 0B       		.uleb128 0xb
 817 0137 49       		.uleb128 0x49
 818 0138 13       		.uleb128 0x13
 819 0139 02       		.uleb128 0x2
 820 013a 17       		.uleb128 0x17
 821 013b 00       		.byte	0
 822 013c 00       		.byte	0
 823 013d 17       		.uleb128 0x17
 824 013e 05       		.uleb128 0x5
 825 013f 00       		.byte	0
 826 0140 03       		.uleb128 0x3
ARM GAS  C:\Users\Administrator\AppData\Local\Temp\ccbSnUQ9.s 			page 17


 827 0141 0E       		.uleb128 0xe
 828 0142 3A       		.uleb128 0x3a
 829 0143 0B       		.uleb128 0xb
 830 0144 3B       		.uleb128 0x3b
 831 0145 0B       		.uleb128 0xb
 832 0146 49       		.uleb128 0x49
 833 0147 13       		.uleb128 0x13
 834 0148 02       		.uleb128 0x2
 835 0149 18       		.uleb128 0x18
 836 014a 00       		.byte	0
 837 014b 00       		.byte	0
 838 014c 18       		.uleb128 0x18
 839 014d 34       		.uleb128 0x34
 840 014e 00       		.byte	0
 841 014f 03       		.uleb128 0x3
 842 0150 0E       		.uleb128 0xe
 843 0151 3A       		.uleb128 0x3a
 844 0152 0B       		.uleb128 0xb
 845 0153 3B       		.uleb128 0x3b
 846 0154 0B       		.uleb128 0xb
 847 0155 49       		.uleb128 0x49
 848 0156 13       		.uleb128 0x13
 849 0157 02       		.uleb128 0x2
 850 0158 18       		.uleb128 0x18
 851 0159 00       		.byte	0
 852 015a 00       		.byte	0
 853 015b 19       		.uleb128 0x19
 854 015c 2E       		.uleb128 0x2e
 855 015d 01       		.byte	0x1
 856 015e 3F       		.uleb128 0x3f
 857 015f 19       		.uleb128 0x19
 858 0160 03       		.uleb128 0x3
 859 0161 0E       		.uleb128 0xe
 860 0162 27       		.uleb128 0x27
 861 0163 19       		.uleb128 0x19
 862 0164 49       		.uleb128 0x49
 863 0165 13       		.uleb128 0x13
 864 0166 34       		.uleb128 0x34
 865 0167 19       		.uleb128 0x19
 866 0168 3C       		.uleb128 0x3c
 867 0169 19       		.uleb128 0x19
 868 016a 00       		.byte	0
 869 016b 00       		.byte	0
 870 016c 1A       		.uleb128 0x1a
 871 016d 05       		.uleb128 0x5
 872 016e 00       		.byte	0
 873 016f 49       		.uleb128 0x49
 874 0170 13       		.uleb128 0x13
 875 0171 00       		.byte	0
 876 0172 00       		.byte	0
 877 0173 00       		.byte	0
 878              		.section	.debug_loc,"",%progbits
 879              	.Ldebug_loc0:
 880              	.LLST0:
 881 0000 02000000 		.4byte	.LVL1
 882 0004 1A000000 		.4byte	.LVL2
 883 0008 0200     		.2byte	0x2
ARM GAS  C:\Users\Administrator\AppData\Local\Temp\ccbSnUQ9.s 			page 18


 884 000a 30       		.byte	0x30
 885 000b 9F       		.byte	0x9f
 886 000c 1A000000 		.4byte	.LVL2
 887 0010 3E000000 		.4byte	.LVL9
 888 0014 0100     		.2byte	0x1
 889 0016 54       		.byte	0x54
 890 0017 40000000 		.4byte	.LVL10
 891 001b 4A000000 		.4byte	.LVL11
 892 001f 0100     		.2byte	0x1
 893 0021 54       		.byte	0x54
 894 0022 00000000 		.4byte	0
 895 0026 00000000 		.4byte	0
 896              	.LLST1:
 897 002a 02000000 		.4byte	.LVL1
 898 002e 1A000000 		.4byte	.LVL2
 899 0032 0200     		.2byte	0x2
 900 0034 30       		.byte	0x30
 901 0035 9F       		.byte	0x9f
 902 0036 2A000000 		.4byte	.LVL3
 903 003a 32000000 		.4byte	.LVL4
 904 003e 0100     		.2byte	0x1
 905 0040 53       		.byte	0x53
 906 0041 32000000 		.4byte	.LVL4
 907 0045 34000000 		.4byte	.LVL5
 908 0049 1300     		.2byte	0x13
 909 004b 71       		.byte	0x71
 910 004c 00       		.sleb128 0
 911 004d 74       		.byte	0x74
 912 004e 00       		.sleb128 0
 913 004f 33       		.byte	0x33
 914 0050 24       		.byte	0x24
 915 0051 73       		.byte	0x73
 916 0052 00       		.sleb128 0
 917 0053 22       		.byte	0x22
 918 0054 23       		.byte	0x23
 919 0055 06       		.uleb128 0x6
 920 0056 94       		.byte	0x94
 921 0057 02       		.byte	0x2
 922 0058 0A       		.byte	0xa
 923 0059 FFFF     		.2byte	0xffff
 924 005b 1A       		.byte	0x1a
 925 005c 1C       		.byte	0x1c
 926 005d 9F       		.byte	0x9f
 927 005e 34000000 		.4byte	.LVL5
 928 0062 36000000 		.4byte	.LVL6
 929 0066 1100     		.2byte	0x11
 930 0068 71       		.byte	0x71
 931 0069 00       		.sleb128 0
 932 006a 73       		.byte	0x73
 933 006b 00       		.sleb128 0
 934 006c 72       		.byte	0x72
 935 006d 00       		.sleb128 0
 936 006e 22       		.byte	0x22
 937 006f 23       		.byte	0x23
 938 0070 06       		.uleb128 0x6
 939 0071 94       		.byte	0x94
 940 0072 02       		.byte	0x2
ARM GAS  C:\Users\Administrator\AppData\Local\Temp\ccbSnUQ9.s 			page 19


 941 0073 0A       		.byte	0xa
 942 0074 FFFF     		.2byte	0xffff
 943 0076 1A       		.byte	0x1a
 944 0077 1C       		.byte	0x1c
 945 0078 9F       		.byte	0x9f
 946 0079 36000000 		.4byte	.LVL6
 947 007d 38000000 		.4byte	.LVL7
 948 0081 0C00     		.2byte	0xc
 949 0083 71       		.byte	0x71
 950 0084 00       		.sleb128 0
 951 0085 70       		.byte	0x70
 952 0086 06       		.sleb128 6
 953 0087 94       		.byte	0x94
 954 0088 02       		.byte	0x2
 955 0089 0A       		.byte	0xa
 956 008a FFFF     		.2byte	0xffff
 957 008c 1A       		.byte	0x1a
 958 008d 1C       		.byte	0x1c
 959 008e 9F       		.byte	0x9f
 960 008f 00000000 		.4byte	0
 961 0093 00000000 		.4byte	0
 962              	.LLST2:
 963 0097 00000000 		.4byte	.LVL12
 964 009b 26000000 		.4byte	.LVL13
 965 009f 0100     		.2byte	0x1
 966 00a1 50       		.byte	0x50
 967 00a2 26000000 		.4byte	.LVL13
 968 00a6 28000000 		.4byte	.LVL14
 969 00aa 0700     		.2byte	0x7
 970 00ac 73       		.byte	0x73
 971 00ad 7F       		.sleb128 -1
 972 00ae 33       		.byte	0x33
 973 00af 24       		.byte	0x24
 974 00b0 74       		.byte	0x74
 975 00b1 00       		.sleb128 0
 976 00b2 22       		.byte	0x22
 977 00b3 28000000 		.4byte	.LVL14
 978 00b7 2A000000 		.4byte	.LVL15
 979 00bb 0100     		.2byte	0x1
 980 00bd 50       		.byte	0x50
 981 00be 2A000000 		.4byte	.LVL15
 982 00c2 2C000000 		.4byte	.LVL16
 983 00c6 0400     		.2byte	0x4
 984 00c8 F3       		.byte	0xf3
 985 00c9 01       		.uleb128 0x1
 986 00ca 50       		.byte	0x50
 987 00cb 9F       		.byte	0x9f
 988 00cc 2C000000 		.4byte	.LVL16
 989 00d0 2E000000 		.4byte	.LVL17
 990 00d4 0100     		.2byte	0x1
 991 00d6 50       		.byte	0x50
 992 00d7 2E000000 		.4byte	.LVL17
 993 00db 30000000 		.4byte	.LVL18
 994 00df 0400     		.2byte	0x4
 995 00e1 F3       		.byte	0xf3
 996 00e2 01       		.uleb128 0x1
 997 00e3 50       		.byte	0x50
ARM GAS  C:\Users\Administrator\AppData\Local\Temp\ccbSnUQ9.s 			page 20


 998 00e4 9F       		.byte	0x9f
 999 00e5 30000000 		.4byte	.LVL18
 1000 00e9 32000000 		.4byte	.LVL19
 1001 00ed 0100     		.2byte	0x1
 1002 00ef 50       		.byte	0x50
 1003 00f0 32000000 		.4byte	.LVL19
 1004 00f4 38000000 		.4byte	.LFE3
 1005 00f8 0400     		.2byte	0x4
 1006 00fa F3       		.byte	0xf3
 1007 00fb 01       		.uleb128 0x1
 1008 00fc 50       		.byte	0x50
 1009 00fd 9F       		.byte	0x9f
 1010 00fe 00000000 		.4byte	0
 1011 0102 00000000 		.4byte	0
 1012              		.section	.debug_aranges,"",%progbits
 1013 0000 34000000 		.4byte	0x34
 1014 0004 0200     		.2byte	0x2
 1015 0006 00000000 		.4byte	.Ldebug_info0
 1016 000a 04       		.byte	0x4
 1017 000b 00       		.byte	0
 1018 000c 0000     		.2byte	0
 1019 000e 0000     		.2byte	0
 1020 0010 00000000 		.4byte	.LFB0
 1021 0014 14000000 		.4byte	.LFE0-.LFB0
 1022 0018 00000000 		.4byte	.LFB1
 1023 001c 50000000 		.4byte	.LFE1-.LFB1
 1024 0020 00000000 		.4byte	.LFB2
 1025 0024 10000000 		.4byte	.LFE2-.LFB2
 1026 0028 00000000 		.4byte	.LFB3
 1027 002c 38000000 		.4byte	.LFE3-.LFB3
 1028 0030 00000000 		.4byte	0
 1029 0034 00000000 		.4byte	0
 1030              		.section	.debug_ranges,"",%progbits
 1031              	.Ldebug_ranges0:
 1032 0000 00000000 		.4byte	.LFB0
 1033 0004 14000000 		.4byte	.LFE0
 1034 0008 00000000 		.4byte	.LFB1
 1035 000c 50000000 		.4byte	.LFE1
 1036 0010 00000000 		.4byte	.LFB2
 1037 0014 10000000 		.4byte	.LFE2
 1038 0018 00000000 		.4byte	.LFB3
 1039 001c 38000000 		.4byte	.LFE3
 1040 0020 00000000 		.4byte	0
 1041 0024 00000000 		.4byte	0
 1042              		.section	.debug_line,"",%progbits
 1043              	.Ldebug_line0:
 1044 0000 B3000000 		.section	.debug_str,"MS",%progbits,1
 1044      02004200 
 1044      00000201 
 1044      FB0E0D00 
 1044      01010101 
 1045              	.LASF25:
 1046 0000 5461736B 		.ascii	"Task_manager\000"
 1046      5F6D616E 
 1046      61676572 
 1046      00
 1047              	.LASF34:
ARM GAS  C:\Users\Administrator\AppData\Local\Temp\ccbSnUQ9.s 			page 21


 1048 000d 7461736B 		.ascii	"task_add\000"
 1048      5F616464 
 1048      00
 1049              	.LASF7:
 1050 0016 54525545 		.ascii	"TRUE\000"
 1050      00
 1051              	.LASF31:
 1052 001b 7461736B 		.ascii	"task_manager.c\000"
 1052      5F6D616E 
 1052      61676572 
 1052      2E6300
 1053              	.LASF4:
 1054 002a 73686F72 		.ascii	"short unsigned int\000"
 1054      7420756E 
 1054      7369676E 
 1054      65642069 
 1054      6E7400
 1055              	.LASF19:
 1056 003d 6F6C645F 		.ascii	"old_time\000"
 1056      74696D65 
 1056      00
 1057              	.LASF33:
 1058 0046 7461736B 		.ascii	"task_1ms_updater\000"
 1058      5F316D73 
 1058      5F757064 
 1058      61746572 
 1058      00
 1059              	.LASF9:
 1060 0057 7066756E 		.ascii	"pfunc\000"
 1060      6300
 1061              	.LASF24:
 1062 005d 70726576 		.ascii	"prev_time_counter\000"
 1062      5F74696D 
 1062      655F636F 
 1062      756E7465 
 1062      7200
 1063              	.LASF32:
 1064 006f 443A5C6C 		.ascii	"D:\\local_svn\\AYBR3000\\AYBR3000_V2.0\\AYBR3000\\A"
 1064      6F63616C 
 1064      5F73766E 
 1064      5C415942 
 1064      52333030 
 1065 009d 59425233 		.ascii	"YBR3000.cydsn\000"
 1065      3030302E 
 1065      63796473 
 1065      6E00
 1066              	.LASF21:
 1067 00ab 7461736B 		.ascii	"task_list\000"
 1067      5F6C6973 
 1067      7400
 1068              	.LASF5:
 1069 00b5 6C6F6E67 		.ascii	"long unsigned int\000"
 1069      20756E73 
 1069      69676E65 
 1069      6420696E 
 1069      7400
 1070              	.LASF28:
ARM GAS  C:\Users\Administrator\AppData\Local\Temp\ccbSnUQ9.s 			page 22


 1071 00c7 74656D70 		.ascii	"temp\000"
 1071      00
 1072              	.LASF2:
 1073 00cc 75696E74 		.ascii	"uint8\000"
 1073      3800
 1074              	.LASF18:
 1075 00d2 73636865 		.ascii	"schedule_period\000"
 1075      64756C65 
 1075      5F706572 
 1075      696F6400 
 1076              	.LASF23:
 1077 00e2 74696D65 		.ascii	"time_counter\000"
 1077      5F636F75 
 1077      6E746572 
 1077      00
 1078              	.LASF20:
 1079 00ef 5461736B 		.ascii	"Task\000"
 1079      00
 1080              	.LASF6:
 1081 00f4 46414C53 		.ascii	"FALSE\000"
 1081      4500
 1082              	.LASF35:
 1083 00fa 6D656D73 		.ascii	"memset\000"
 1083      657400
 1084              	.LASF27:
 1085 0101 7461736B 		.ascii	"task_main\000"
 1085      5F6D6169 
 1085      6E00
 1086              	.LASF3:
 1087 010b 75696E74 		.ascii	"uint16\000"
 1087      313600
 1088              	.LASF1:
 1089 0112 756E7369 		.ascii	"unsigned char\000"
 1089      676E6564 
 1089      20636861 
 1089      7200
 1090              	.LASF0:
 1091 0120 756E7369 		.ascii	"unsigned int\000"
 1091      676E6564 
 1091      20696E74 
 1091      00
 1092              	.LASF22:
 1093 012d 7461736B 		.ascii	"task_nunber\000"
 1093      5F6E756E 
 1093      62657200 
 1094              	.LASF14:
 1095 0139 6C6F6E67 		.ascii	"long long unsigned int\000"
 1095      206C6F6E 
 1095      6720756E 
 1095      7369676E 
 1095      65642069 
 1096              	.LASF15:
 1097 0150 73697A65 		.ascii	"sizetype\000"
 1097      74797065 
 1097      00
 1098              	.LASF13:
 1099 0159 6C6F6E67 		.ascii	"long long int\000"
ARM GAS  C:\Users\Administrator\AppData\Local\Temp\ccbSnUQ9.s 			page 23


 1099      206C6F6E 
 1099      6720696E 
 1099      7400
 1100              	.LASF16:
 1101 0167 63686172 		.ascii	"char\000"
 1101      00
 1102              	.LASF30:
 1103 016c 474E5520 		.ascii	"GNU C 4.9.3 20150303 (release) [ARM/embedded-4_9-br"
 1103      4320342E 
 1103      392E3320 
 1103      32303135 
 1103      30333033 
 1104 019f 616E6368 		.ascii	"anch revision 221220] -mcpu=cortex-m0plus -mthumb -"
 1104      20726576 
 1104      6973696F 
 1104      6E203232 
 1104      31323230 
 1105 01d2 67202D4F 		.ascii	"g -Og -ffunction-sections -ffat-lto-objects\000"
 1105      67202D66 
 1105      66756E63 
 1105      74696F6E 
 1105      2D736563 
 1106              	.LASF11:
 1107 01fe 73686F72 		.ascii	"short int\000"
 1107      7420696E 
 1107      7400
 1108              	.LASF26:
 1109 0208 7461736B 		.ascii	"task_init\000"
 1109      5F696E69 
 1109      7400
 1110              	.LASF29:
 1111 0212 7461736B 		.ascii	"task_manager\000"
 1111      5F6D616E 
 1111      61676572 
 1111      00
 1112              	.LASF17:
 1113 021f 7461736B 		.ascii	"task\000"
 1113      00
 1114              	.LASF12:
 1115 0224 6C6F6E67 		.ascii	"long int\000"
 1115      20696E74 
 1115      00
 1116              	.LASF8:
 1117 022d 426F6F6C 		.ascii	"Bool\000"
 1117      00
 1118              	.LASF10:
 1119 0232 7369676E 		.ascii	"signed char\000"
 1119      65642063 
 1119      68617200 
 1120              		.ident	"GCC: (GNU Tools for ARM Embedded Processors) 4.9.3 20150303 (release) [ARM/embedded-4_9-br
